Initializing document watcher...
mean-course/backend/controllers/user.js: {"insertSpaces":true,"tabSize":2}
mean-course/backend/controllers/user.js: {"insertSpaces":true,"tabSize":2}
mean-course/backend/controllers/user.js: {"insertSpaces":true,"tabSize":2}
mean-course/backend/controllers/user.js: {"insertSpaces":true,"tabSize":2}
mean-course/backend/controllers/user.js: {"insertSpaces":true,"tabSize":2}
mean-course/backend/controllers/user.js: {"insertSpaces":true,"tabSize":2}
mean-course/backend/controllers/user.js: {"insertSpaces":true,"tabSize":2}
mean-course/backend/controllers/user.js: {"insertSpaces":true,"tabSize":2}
mean-course/backend/controllers/user.js: {"insertSpaces":true,"tabSize":2}
mean-course/backend/controllers/user.js: {"insertSpaces":true,"tabSize":2}
mean-course/backend/routes/user.js: {"insertSpaces":true,"tabSize":2}
mean-course/backend/routes/user.js: {"insertSpaces":true,"tabSize":2}
mean-course/backend/controllers/user.js: {"insertSpaces":true,"tabSize":2}
mean-course/backend/routes/user.js: {"insertSpaces":true,"tabSize":2}
mean-course/backend/routes/user.js: {"insertSpaces":true,"tabSize":2}
mean-course/backend/controllers/user.js: {"insertSpaces":true,"tabSize":2}
mean-course/backend/controllers/user.js: {"insertSpaces":true,"tabSize":2}
mean-course/backend/routes/posts.js: {"insertSpaces":true,"tabSize":2}
mean-course/backend/routes/user.js: {"insertSpaces":true,"tabSize":2}
mean-course/backend/controllers/user.js: {"insertSpaces":true,"tabSize":2}
mean-course/backend/controllers/user.js: {"insertSpaces":true,"tabSize":2}
mean-course/backend/routes/user.js: {"insertSpaces":true,"tabSize":2}
mean-course/backend/controllers/user.js: {"insertSpaces":true,"tabSize":2}
mean-course/backend/controllers/user.js: {"insertSpaces":true,"tabSize":2}
mean-course/backend/routes/user.js: {"insertSpaces":true,"tabSize":2}
mean-course/backend/routes/user.js: {"insertSpaces":true,"tabSize":2}
mean-course/backend/routes/user.js: {"insertSpaces":true,"tabSize":2}
mean-course/backend/routes/user.js: {"insertSpaces":true,"tabSize":2}
mean-course/backend/routes/user.js: {"insertSpaces":true,"tabSize":2}
mean-course/backend/routes/user.js: {"insertSpaces":true,"tabSize":2}
mean-course/backend/routes/user.js: {"insertSpaces":true,"tabSize":2}
mean-course/backend/routes/user.js: {"insertSpaces":true,"tabSize":2}
mean-course/backend/routes/user.js: {"insertSpaces":true,"tabSize":2}
mean-course/backend/routes/user.js: {"insertSpaces":true,"tabSize":2}
mean-course/backend/routes/user.js: Using EditorConfig core...
backend/routes/user.js: editor.action.trimTrailingWhitespace
mean-course/backend/controllers/user.js: {"insertSpaces":true,"tabSize":2}
mean-course/backend/controllers/user.js: Using EditorConfig core...
backend/controllers/user.js: editor.action.trimTrailingWhitespace
backend/controllers/user.js: insertFinalNewline(LF)
mean-course/backend/controllers/user.js: {"insertSpaces":true,"tabSize":2}
mean-course/backend/controllers/posts.js: {"insertSpaces":true,"tabSize":2}
mean-course/backend/routes/posts.js: {"insertSpaces":true,"tabSize":2}
mean-course/backend/routes/posts.js: {"insertSpaces":true,"tabSize":2}
mean-course/backend/routes/posts.js: {"insertSpaces":true,"tabSize":2}
mean-course/backend/controllers/posts.js: {"insertSpaces":true,"tabSize":2}
mean-course/backend/controllers/posts.js: {"insertSpaces":true,"tabSize":2}
mean-course/backend/controllers/posts.js: {"insertSpaces":true,"tabSize":2}
mean-course/backend/routes/posts.js: {"insertSpaces":true,"tabSize":2}
mean-course/backend/controllers/posts.js: {"insertSpaces":true,"tabSize":2}
mean-course/backend/controllers/posts.js: {"insertSpaces":true,"tabSize":2}
mean-course/backend/routes/posts.js: {"insertSpaces":true,"tabSize":2}
mean-course/backend/controllers/posts.js: {"insertSpaces":true,"tabSize":2}
mean-course/backend/controllers/posts.js: {"insertSpaces":true,"tabSize":2}
mean-course/backend/controllers/posts.js: {"insertSpaces":true,"tabSize":2}
mean-course/backend/routes/posts.js: {"insertSpaces":true,"tabSize":2}
mean-course/backend/controllers/posts.js: {"insertSpaces":true,"tabSize":2}
mean-course/backend/controllers/posts.js: {"insertSpaces":true,"tabSize":2}
mean-course/backend/routes/posts.js: {"insertSpaces":true,"tabSize":2}
mean-course/backend/routes/posts.js: {"insertSpaces":true,"tabSize":2}
mean-course/backend/controllers/posts.js: {"insertSpaces":true,"tabSize":2}
mean-course/backend/controllers/posts.js: {"insertSpaces":true,"tabSize":2}
mean-course/backend/controllers/posts.js: {"insertSpaces":true,"tabSize":2}
mean-course/backend/controllers/posts.js: {"insertSpaces":true,"tabSize":2}
mean-course/backend/routes/posts.js: {"insertSpaces":true,"tabSize":2}
mean-course/backend/routes/posts.js: {"insertSpaces":true,"tabSize":2}
mean-course/backend/controllers/posts.js: {"insertSpaces":true,"tabSize":2}
mean-course/backend/controllers/posts.js: {"insertSpaces":true,"tabSize":2}
mean-course/backend/routes/posts.js: {"insertSpaces":true,"tabSize":2}
mean-course/backend/routes/posts.js: {"insertSpaces":true,"tabSize":2}
mean-course/backend/routes/posts.js: {"insertSpaces":true,"tabSize":2}
mean-course/backend/routes/posts.js: {"insertSpaces":true,"tabSize":2}
mean-course/backend/routes/posts.js: {"insertSpaces":true,"tabSize":2}
mean-course/backend/routes/posts.js: {"insertSpaces":true,"tabSize":2}
mean-course/backend/routes/posts.js: {"insertSpaces":true,"tabSize":2}
mean-course/backend/routes/posts.js: Using EditorConfig core...
backend/routes/posts.js: editor.action.trimTrailingWhitespace
mean-course/backend/controllers/posts.js: {"insertSpaces":true,"tabSize":2}
mean-course/backend/controllers/posts.js: Using EditorConfig core...
backend/controllers/posts.js: editor.action.trimTrailingWhitespace
backend/controllers/posts.js: insertFinalNewline(LF)
mean-course/backend/controllers/posts.js: {"insertSpaces":true,"tabSize":2}
mean-course/backend/middleware/file.js: {"insertSpaces":true,"tabSize":2}
mean-course/backend/middleware/file.js: {"insertSpaces":true,"tabSize":2}
mean-course/backend/routes/posts.js: {"insertSpaces":true,"tabSize":2}
mean-course/backend/routes/posts.js: {"insertSpaces":true,"tabSize":2}
mean-course/backend/middleware/file.js: {"insertSpaces":true,"tabSize":2}
mean-course/backend/middleware/file.js: {"insertSpaces":true,"tabSize":2}
mean-course/backend/routes/posts.js: {"insertSpaces":true,"tabSize":2}
mean-course/backend/routes/posts.js: {"insertSpaces":true,"tabSize":2}
mean-course/backend/middleware/file.js: {"insertSpaces":true,"tabSize":2}
mean-course/backend/middleware/file.js: {"insertSpaces":true,"tabSize":2}
mean-course/backend/routes/posts.js: {"insertSpaces":true,"tabSize":2}
mean-course/backend/routes/posts.js: {"insertSpaces":true,"tabSize":2}
mean-course/backend/routes/user.js: {"insertSpaces":true,"tabSize":2}
mean-course/backend/routes/posts.js: {"insertSpaces":true,"tabSize":2}
mean-course/backend/routes/posts.js: {"insertSpaces":true,"tabSize":2}
mean-course/backend/routes/posts.js: {"insertSpaces":true,"tabSize":2}
mean-course/backend/middleware/file.js: {"insertSpaces":true,"tabSize":2}
mean-course/backend/middleware/file.js: {"insertSpaces":true,"tabSize":2}
mean-course/backend/middleware/file.js: {"insertSpaces":true,"tabSize":2}
mean-course/backend/middleware/file.js: {"insertSpaces":true,"tabSize":2}
mean-course/backend/routes/posts.js: {"insertSpaces":true,"tabSize":2}
mean-course/backend/middleware/file.js: {"insertSpaces":true,"tabSize":2}
mean-course/backend/middleware/file.js: {"insertSpaces":true,"tabSize":2}
mean-course/backend/routes/posts.js: {"insertSpaces":true,"tabSize":2}
mean-course/backend/routes/posts.js: {"insertSpaces":true,"tabSize":2}
mean-course/backend/routes/posts.js: {"insertSpaces":true,"tabSize":2}
mean-course/backend/routes/posts.js: {"insertSpaces":true,"tabSize":2}
mean-course/backend/routes/posts.js: {"insertSpaces":true,"tabSize":2}
mean-course/backend/routes/posts.js: {"insertSpaces":true,"tabSize":2}
mean-course/backend/routes/posts.js: {"insertSpaces":true,"tabSize":2}
mean-course/backend/routes/posts.js: {"insertSpaces":true,"tabSize":2}
mean-course/backend/routes/posts.js: Using EditorConfig core...
backend/routes/posts.js: editor.action.trimTrailingWhitespace
mean-course/backend/middleware/file.js: {"insertSpaces":true,"tabSize":2}
mean-course/backend/middleware/file.js: Using EditorConfig core...
backend/middleware/file.js: editor.action.trimTrailingWhitespace
backend/middleware/file.js: insertFinalNewline(LF)
No more open editors.
mean-course/backend/middleware/file.js: {"insertSpaces":true,"tabSize":2}
No more open editors.
mean-course/backend/middleware/file.js: {"insertSpaces":true,"tabSize":2}
mean-course/backend/middleware/file.js: {"insertSpaces":true,"tabSize":2}
mean-course/backend/middleware/file.js: {"insertSpaces":true,"tabSize":2}
mean-course/backend/middleware/file.js: {"insertSpaces":true,"tabSize":2}
mean-course/src/app/angular-material.module.ts: {"insertSpaces":true,"tabSize":2}
mean-course/src/app/angular-material.module.ts: {"insertSpaces":true,"tabSize":2}
mean-course/src/app/angular-material.module.ts: {"insertSpaces":true,"tabSize":2}
mean-course/src/app/angular-material.module.ts: {"insertSpaces":true,"tabSize":2}
mean-course/src/app/angular-material.module.ts: {"insertSpaces":true,"tabSize":2}
mean-course/src/app/angular-material.module.ts: {"insertSpaces":true,"tabSize":2}
mean-course/src/app/angular-material.module.ts: {"insertSpaces":true,"tabSize":2}
mean-course/src/app/angular-material.module.ts: {"insertSpaces":true,"tabSize":2}
mean-course/src/app/angular-material.module.ts: {"insertSpaces":true,"tabSize":2}
mean-course/src/app/post/post.model.ts: {"insertSpaces":true,"tabSize":2}
mean-course/src/app/app-routing.module.ts: {"insertSpaces":true,"tabSize":2}
mean-course/src/app/app.module.ts: {"insertSpaces":true,"tabSize":2}
mean-course/src/app/angular-material.module.ts: {"insertSpaces":true,"tabSize":2}
mean-course/src/app/app.module.ts: {"insertSpaces":true,"tabSize":2}
mean-course/src/app/app.module.ts: {"insertSpaces":true,"tabSize":2}
mean-course/src/app/angular-material.module.ts: {"insertSpaces":true,"tabSize":2}
mean-course/src/app/app.module.ts: {"insertSpaces":true,"tabSize":2}
mean-course/src/app/angular-material.module.ts: {"insertSpaces":true,"tabSize":2}
mean-course/src/app/angular-material.module.ts: {"insertSpaces":true,"tabSize":2}
mean-course/src/app/angular-material.module.ts: {"insertSpaces":true,"tabSize":2}
mean-course/src/app/angular-material.module.ts: {"insertSpaces":true,"tabSize":2}
mean-course/src/app/angular-material.module.ts: {"insertSpaces":true,"tabSize":2}
mean-course/src/app/app.module.ts: {"insertSpaces":true,"tabSize":2}
mean-course/src/app/app.module.ts: {"insertSpaces":true,"tabSize":2}
mean-course/src/app/app.module.ts: {"insertSpaces":true,"tabSize":2}
mean-course/src/app/app.module.ts: Using EditorConfig core...
src/app/app.module.ts: editor.action.trimTrailingWhitespace
mean-course/src/app/angular-material.module.ts: {"insertSpaces":true,"tabSize":2}
mean-course/src/app/angular-material.module.ts: Using EditorConfig core...
src/app/angular-material.module.ts: editor.action.trimTrailingWhitespace
src/app/angular-material.module.ts: insertFinalNewline(LF)
mean-course/src/app/angular-material.module.ts: {"insertSpaces":true,"tabSize":2}
mean-course/src/app/angular-material.module.ts: Using EditorConfig core...
src/app/angular-material.module.ts: editor.action.trimTrailingWhitespace
mean-course/src/app/angular-material.module.ts: {"insertSpaces":true,"tabSize":2}
mean-course/src/app/post/post.module.ts: {"insertSpaces":true,"tabSize":2}
mean-course/src/app/post/post.module.ts: {"insertSpaces":true,"tabSize":2}
mean-course/src/app/post/post.module.ts: {"insertSpaces":true,"tabSize":2}
mean-course/src/app/post/post.module.ts: {"insertSpaces":true,"tabSize":2}
mean-course/src/app/post/post.module.ts: {"insertSpaces":true,"tabSize":2}
mean-course/src/app/app.module.ts: {"insertSpaces":true,"tabSize":2}
mean-course/src/app/post/post.model.ts: {"insertSpaces":true,"tabSize":2}
mean-course/src/app/post/post.module.ts: {"insertSpaces":true,"tabSize":2}
mean-course/src/app/app.module.ts: {"insertSpaces":true,"tabSize":2}
mean-course/src/app/post/post.model.ts: {"insertSpaces":true,"tabSize":2}
mean-course/src/app/post/post.module.ts: {"insertSpaces":true,"tabSize":2}
mean-course/src/app/app.module.ts: {"insertSpaces":true,"tabSize":2}
mean-course/src/app/post/post.module.ts: {"insertSpaces":true,"tabSize":2}
mean-course/src/app/post/post.module.ts: {"insertSpaces":true,"tabSize":2}
mean-course/src/app/post/post.module.ts: {"insertSpaces":true,"tabSize":2}
mean-course/src/app/app.module.ts: {"insertSpaces":true,"tabSize":2}
mean-course/src/app/post/post.module.ts: {"insertSpaces":true,"tabSize":2}
mean-course/src/app/app.module.ts: {"insertSpaces":true,"tabSize":2}
mean-course/src/app/post/post.module.ts: {"insertSpaces":true,"tabSize":2}
mean-course/src/app/app.module.ts: {"insertSpaces":true,"tabSize":2}
mean-course/src/app/app.module.ts: {"insertSpaces":true,"tabSize":2}
mean-course/src/app/post/post.module.ts: {"insertSpaces":true,"tabSize":2}
mean-course/src/app/app.module.ts: {"insertSpaces":true,"tabSize":2}
mean-course/src/app/app.module.ts: {"insertSpaces":true,"tabSize":2}
mean-course/src/app/app.module.ts: {"insertSpaces":true,"tabSize":2}
mean-course/src/app/app.module.ts: {"insertSpaces":true,"tabSize":2}
mean-course/src/app/app.module.ts: Using EditorConfig core...
src/app/app.module.ts: editor.action.trimTrailingWhitespace
mean-course/src/app/post/post.module.ts: {"insertSpaces":true,"tabSize":2}
mean-course/src/app/post/post.module.ts: Using EditorConfig core...
src/app/post/post.module.ts: editor.action.trimTrailingWhitespace
src/app/post/post.module.ts: insertFinalNewline(LF)
mean-course/src/app/post/post.module.ts: Using EditorConfig core...
src/app/post/post.module.ts: editor.action.trimTrailingWhitespace
mean-course/src/app/post/post.module.ts: {"insertSpaces":true,"tabSize":2}
mean-course/src/app/post/post.module.ts: {"insertSpaces":true,"tabSize":2}
mean-course/src/app/post/post.module.ts: {"insertSpaces":true,"tabSize":2}
mean-course/src/app/post/post.module.ts: {"insertSpaces":true,"tabSize":2}
mean-course/src/app/post/post.module.ts: Using EditorConfig core...
src/app/post/post.module.ts: editor.action.trimTrailingWhitespace
mean-course/src/app/post/post.module.ts: {"insertSpaces":true,"tabSize":2}
mean-course/src/app/post/post.module.ts: Using EditorConfig core...
src/app/post/post.module.ts: editor.action.trimTrailingWhitespace
mean-course/src/app/post/post.module.ts: {"insertSpaces":true,"tabSize":2}
mean-course/src/app/post/post.module.ts: Using EditorConfig core...
src/app/post/post.module.ts: editor.action.trimTrailingWhitespace
mean-course/src/app/post/post.module.ts: {"insertSpaces":true,"tabSize":2}
mean-course/backend/controllers/posts.js: {"insertSpaces":true,"tabSize":2}
mean-course/backend/controllers/posts.js: {"insertSpaces":true,"tabSize":2}
mean-course/backend/controllers/posts.js: {"insertSpaces":true,"tabSize":2}
mean-course/backend/controllers/posts.js: {"insertSpaces":true,"tabSize":2}
mean-course/backend/controllers/posts.js: {"insertSpaces":true,"tabSize":2}
mean-course/backend/controllers/posts.js: {"insertSpaces":true,"tabSize":2}
mean-course/backend/controllers/posts.js: Using EditorConfig core...
backend/controllers/posts.js: editor.action.trimTrailingWhitespace
mean-course/backend/controllers/posts.js: {"insertSpaces":true,"tabSize":2}
mean-course/backend/controllers/posts.js: {"insertSpaces":true,"tabSize":2}
mean-course/backend/controllers/posts.js: Using EditorConfig core...
backend/controllers/posts.js: editor.action.trimTrailingWhitespace
mean-course/backend/controllers/posts.js: {"insertSpaces":true,"tabSize":2}
mean-course/backend/controllers/posts.js: {"insertSpaces":true,"tabSize":2}
mean-course/backend/controllers/posts.js: Using EditorConfig core...
backend/controllers/posts.js: editor.action.trimTrailingWhitespace
mean-course/backend/controllers/posts.js: {"insertSpaces":true,"tabSize":2}
mean-course/src/app/auth/auth.module.ts: {"insertSpaces":true,"tabSize":2}
mean-course/src/app/auth/auth.module.ts: {"insertSpaces":true,"tabSize":2}
mean-course/src/app/auth/auth.module.ts: {"insertSpaces":true,"tabSize":2}
mean-course/src/app/auth/auth.module.ts: {"insertSpaces":true,"tabSize":2}
mean-course/src/app/app.module.ts: {"insertSpaces":true,"tabSize":2}
mean-course/src/app/auth/auth.module.ts: {"insertSpaces":true,"tabSize":2}
mean-course/src/app/auth/auth.module.ts: {"insertSpaces":true,"tabSize":2}
mean-course/src/app/app.module.ts: {"insertSpaces":true,"tabSize":2}
mean-course/src/app/app.module.ts: Using EditorConfig core...
mean-course/src/app/auth/auth.module.ts: Using EditorConfig core...
mean-course/src/app/app.module.ts: {"insertSpaces":true,"tabSize":2}
src/app/app.module.ts: editor.action.trimTrailingWhitespace
src/app/auth/auth.module.ts: trimTrailingWhitespace()
src/app/auth/auth.module.ts: insertFinalNewline(LF)
mean-course/src/app/auth/auth.module.ts: {"insertSpaces":true,"tabSize":2}
mean-course/src/app/auth/auth.module.ts: {"insertSpaces":true,"tabSize":2}
mean-course/src/app/auth/auth.module.ts: {"insertSpaces":true,"tabSize":2}
mean-course/src/app/auth/auth.module.ts: {"insertSpaces":true,"tabSize":2}
mean-course/src/app/auth/auth.module.ts: {"insertSpaces":true,"tabSize":2}
mean-course/src/app/auth/auth.module.ts: {"insertSpaces":true,"tabSize":2}
mean-course/src/app/auth/auth.module.ts: {"insertSpaces":true,"tabSize":2}
mean-course/src/app/app.module.ts: {"insertSpaces":true,"tabSize":2}
mean-course/src/app/app.module.ts: {"insertSpaces":true,"tabSize":2}
mean-course/src/app/auth/auth.module.ts: {"insertSpaces":true,"tabSize":2}
mean-course/src/app/app.module.ts: {"insertSpaces":true,"tabSize":2}
mean-course/src/app/auth/auth.module.ts: {"insertSpaces":true,"tabSize":2}
mean-course/src/app/auth/auth.module.ts: {"insertSpaces":true,"tabSize":2}
mean-course/src/app/auth/auth.module.ts: Using EditorConfig core...
src/app/auth/auth.module.ts: editor.action.trimTrailingWhitespace
mean-course/src/app/app.module.ts: {"insertSpaces":true,"tabSize":2}
mean-course/src/app/app.module.ts: Using EditorConfig core...
src/app/app.module.ts: editor.action.trimTrailingWhitespace
mean-course/src/app/app.module.ts: {"insertSpaces":true,"tabSize":2}
mean-course/src/app/app.module.ts: Using EditorConfig core...
src/app/app.module.ts: editor.action.trimTrailingWhitespace
mean-course/src/app/app.module.ts: {"insertSpaces":true,"tabSize":2}
mean-course/src/app/auth/auth.module.ts: {"insertSpaces":true,"tabSize":2}
mean-course/src/app/auth/auth.module.ts: Using EditorConfig core...
src/app/auth/auth.module.ts: editor.action.trimTrailingWhitespace
mean-course/src/app/auth/auth.module.ts: {"insertSpaces":true,"tabSize":2}
mean-course/src/app/app.module.ts: {"insertSpaces":true,"tabSize":2}
mean-course/src/app/app.module.ts: {"insertSpaces":true,"tabSize":2}
mean-course/src/app/auth/auth.module.ts: {"insertSpaces":true,"tabSize":2}
mean-course/src/app/auth/auth.module.ts: Using EditorConfig core...
src/app/auth/auth.module.ts: editor.action.trimTrailingWhitespace
mean-course/src/app/auth/auth.module.ts: {"insertSpaces":true,"tabSize":2}
mean-course/src/app/auth/auth.module.ts: {"insertSpaces":true,"tabSize":2}
mean-course/src/app/auth/auth.module.ts: Using EditorConfig core...
src/app/auth/auth.module.ts: editor.action.trimTrailingWhitespace
mean-course/src/app/auth/auth.module.ts: {"insertSpaces":true,"tabSize":2}
mean-course/src/app/auth/auth.module.ts: {"insertSpaces":true,"tabSize":2}
mean-course/src/app/auth/auth.module.ts: {"insertSpaces":true,"tabSize":2}
mean-course/src/app/auth/auth.module.ts: {"insertSpaces":true,"tabSize":2}
mean-course/src/app/auth/auth.module.ts: {"insertSpaces":true,"tabSize":2}
mean-course/src/app/auth/auth.module.ts: {"insertSpaces":true,"tabSize":2}
mean-course/src/app/auth/auth.module.ts: {"insertSpaces":true,"tabSize":2}
mean-course/src/app/auth/auth.module.ts: {"insertSpaces":true,"tabSize":2}
mean-course/src/app/auth/auth.module.ts: {"insertSpaces":true,"tabSize":2}
mean-course/src/app/app.module.ts: {"insertSpaces":true,"tabSize":2}
mean-course/src/app/app.module.ts: {"insertSpaces":true,"tabSize":2}
mean-course/src/app/auth/auth.module.ts: {"insertSpaces":true,"tabSize":2}
mean-course/src/app/auth/auth.module.ts: {"insertSpaces":true,"tabSize":2}
mean-course/src/app/auth/auth.module.ts: {"insertSpaces":true,"tabSize":2}
mean-course/src/app/auth/auth.module.ts: {"insertSpaces":true,"tabSize":2}
mean-course/src/app/auth/auth.module.ts: {"insertSpaces":true,"tabSize":2}
mean-course/src/app/auth/auth.module.ts: {"insertSpaces":true,"tabSize":2}
mean-course/src/app/auth/auth.module.ts: {"insertSpaces":true,"tabSize":2}
mean-course/src/app/auth/auth.module.ts: {"insertSpaces":true,"tabSize":2}
mean-course/src/app/auth/auth.module.ts: {"insertSpaces":true,"tabSize":2}
mean-course/src/app/app.module.ts: {"insertSpaces":true,"tabSize":2}
mean-course/src/app/app.module.ts: {"insertSpaces":true,"tabSize":2}
mean-course/src/app/app.module.ts: {"insertSpaces":true,"tabSize":2}
mean-course/src/app/app.module.ts: {"insertSpaces":true,"tabSize":2}
mean-course/src/app/app.module.ts: {"insertSpaces":true,"tabSize":2}
mean-course/src/app/auth/auth.module.ts: {"insertSpaces":true,"tabSize":2}
mean-course/src/app/auth/auth.module.ts: {"insertSpaces":true,"tabSize":2}
mean-course/src/app/auth/auth.module.ts: {"insertSpaces":true,"tabSize":2}
mean-course/src/app/app.module.ts: {"insertSpaces":true,"tabSize":2}
mean-course/src/app/app.module.ts: {"insertSpaces":true,"tabSize":2}
mean-course/src/app/auth/auth.module.ts: {"insertSpaces":true,"tabSize":2}
mean-course/src/app/auth/auth.module.ts: Using EditorConfig core...
src/app/auth/auth.module.ts: editor.action.trimTrailingWhitespace
mean-course/src/app/auth/auth.module.ts: {"insertSpaces":true,"tabSize":2}
