Looking for git in: git
Using git 2.20.1 from git
> git rev-parse --show-toplevel
> git rev-parse --git-dir
Open repository: /home/sanjay/mean-stack/mean-course
> git status -z -u
> git check-ignore -v -z --stdin
> git symbolic-ref --short HEAD
> git rev-parse master
> git rev-parse --symbolic-full-name master@{u}
> git rev-list --left-right master...refs/remotes/origin/master
> git check-ignore -v -z --stdin
> git for-each-ref --sort -committerdate --format %(refname) %(objectname)
> git remote --verbose
> git config --get commit.template
> git show --textconv :src/app/app-routing.module.ts
> git ls-files --stage -- /home/sanjay/mean-stack/mean-course/src/app/app-routing.module.ts
> git cat-file -s 0312db9aadd009ec070773fa3d9672f9906e9811
> git check-ignore -v -z --stdin
> git check-ignore -v -z --stdin
> git check-ignore -v -z --stdin
> git check-ignore -v -z --stdin
> git check-ignore -v -z --stdin
> git show --textconv :src/app/post/post.service.ts
> git ls-files --stage -- /home/sanjay/mean-stack/mean-course/src/app/post/post.service.ts
> git cat-file -s 79cd6652c02c40edb75c10d14bf37c5d7697f861
> git status -z -u
> git symbolic-ref --short HEAD
> git rev-parse master
> git rev-parse --symbolic-full-name master@{u}
> git rev-list --left-right master...refs/remotes/origin/master
> git for-each-ref --sort -committerdate --format %(refname) %(objectname)
> git remote --verbose
> git config --get commit.template
> git check-ignore -v -z --stdin
> git show --textconv :src/environments/environment.ts
> git ls-files --stage -- /home/sanjay/mean-stack/mean-course/src/environments/environment.ts
> git cat-file -s 7b4f817adb754769ca126a939d48ac4b0850489d
> git status -z -u
> git symbolic-ref --short HEAD
> git rev-parse master
> git rev-parse --symbolic-full-name master@{u}
> git rev-list --left-right master...refs/remotes/origin/master
> git for-each-ref --sort -committerdate --format %(refname) %(objectname)
> git remote --verbose
> git config --get commit.template
> git show --textconv :src/app/post/post.service.ts
> git ls-files --stage -- /home/sanjay/mean-stack/mean-course/src/app/post/post.service.ts
> git cat-file -s 79cd6652c02c40edb75c10d14bf37c5d7697f861
> git show --textconv :src/environments/environment.ts
> git ls-files --stage -- /home/sanjay/mean-stack/mean-course/src/environments/environment.ts
> git cat-file -s 7b4f817adb754769ca126a939d48ac4b0850489d
> git show --textconv :src/app/post/post.service.ts
> git ls-files --stage -- /home/sanjay/mean-stack/mean-course/src/app/post/post.service.ts
> git cat-file -s 79cd6652c02c40edb75c10d14bf37c5d7697f861
> git status -z -u
> git symbolic-ref --short HEAD
> git rev-parse master
> git rev-parse --symbolic-full-name master@{u}
> git rev-list --left-right master...refs/remotes/origin/master
> git for-each-ref --sort -committerdate --format %(refname) %(objectname)
> git remote --verbose
> git config --get commit.template
> git show --textconv :src/app/auth/auth.service.ts
> git ls-files --stage -- /home/sanjay/mean-stack/mean-course/src/app/auth/auth.service.ts
> git cat-file -s 65adf10152ed656445bbb6a5048eb81abdc216fb
> git status -z -u
> git symbolic-ref --short HEAD
> git rev-parse master
> git rev-parse --symbolic-full-name master@{u}
> git rev-list --left-right master...refs/remotes/origin/master
> git for-each-ref --sort -committerdate --format %(refname) %(objectname)
> git remote --verbose
> git config --get commit.template
> git status -z -u
> git symbolic-ref --short HEAD
> git rev-parse master
> git rev-parse --symbolic-full-name master@{u}
> git rev-list --left-right master...refs/remotes/origin/master
> git for-each-ref --sort -committerdate --format %(refname) %(objectname)
> git remote --verbose
> git config --get commit.template
> git show --textconv :src/app/post/post.service.ts
> git ls-files --stage -- /home/sanjay/mean-stack/mean-course/src/app/post/post.service.ts
> git cat-file -s 79cd6652c02c40edb75c10d14bf37c5d7697f861
> git status -z -u
> git symbolic-ref --short HEAD
> git rev-parse master
> git rev-parse --symbolic-full-name master@{u}
> git rev-list --left-right master...refs/remotes/origin/master
> git for-each-ref --sort -committerdate --format %(refname) %(objectname)
> git remote --verbose
> git config --get commit.template
> git show --textconv :src/app/auth/auth.service.ts
> git ls-files --stage -- /home/sanjay/mean-stack/mean-course/src/app/auth/auth.service.ts
> git cat-file -s 65adf10152ed656445bbb6a5048eb81abdc216fb
> git check-ignore -v -z --stdin
> git show --textconv :package-lock.json
> git ls-files --stage -- /home/sanjay/mean-stack/mean-course/package-lock.json
> git cat-file -s cecd11a175622fda322af0adc9ac07f2d40cdf40
> git show --textconv :package.json
> git ls-files --stage -- /home/sanjay/mean-stack/mean-course/package.json
> git cat-file -s dfc983930a5276775d77b5652ea92dcd6691580b
> git show --textconv :src/app/auth/auth.service.ts
> git ls-files --stage -- /home/sanjay/mean-stack/mean-course/src/app/auth/auth.service.ts
> git cat-file -s 65adf10152ed656445bbb6a5048eb81abdc216fb
> git check-ignore -v -z --stdin
> git show --textconv :package.json
> git ls-files --stage -- /home/sanjay/mean-stack/mean-course/package.json
> git cat-file -s dfc983930a5276775d77b5652ea92dcd6691580b
> git show --textconv :package.json
> git ls-files --stage -- /home/sanjay/mean-stack/mean-course/package.json
> git cat-file -s dfc983930a5276775d77b5652ea92dcd6691580b
> git show --textconv :src/app/auth/auth.service.ts
> git ls-files --stage -- /home/sanjay/mean-stack/mean-course/src/app/auth/auth.service.ts
> git cat-file -s 65adf10152ed656445bbb6a5048eb81abdc216fb
> git show --textconv :nodemon.json
> git ls-files --stage -- /home/sanjay/mean-stack/mean-course/nodemon.json
> git check-ignore -v -z --stdin
> git status -z -u
> git symbolic-ref --short HEAD
> git rev-parse master
> git rev-parse --symbolic-full-name master@{u}
> git rev-list --left-right master...refs/remotes/origin/master
> git for-each-ref --sort -committerdate --format %(refname) %(objectname)
> git remote --verbose
> git config --get commit.template
> git show --textconv :backend/app.js
> git ls-files --stage -- /home/sanjay/mean-stack/mean-course/backend/app.js
> git cat-file -s 0184cc678f2b0cb81227f98b4d6aa82152de6209
> git show --textconv :nodemon.json
> git ls-files --stage -- /home/sanjay/mean-stack/mean-course/nodemon.json
> git check-ignore -v -z --stdin
> git check-ignore -v -z --stdin
> git check-ignore -v -z --stdin
> git show --textconv :backend/models/user.js
> git ls-files --stage -- /home/sanjay/mean-stack/mean-course/backend/models/user.js
> git cat-file -s ac18f9a2e80e386fa6e5b58917149752935b060b
> git show --textconv :nodemon.json
> git ls-files --stage -- /home/sanjay/mean-stack/mean-course/nodemon.json
> git show --textconv :backend/app.js
> git ls-files --stage -- /home/sanjay/mean-stack/mean-course/backend/app.js
> git cat-file -s 0184cc678f2b0cb81227f98b4d6aa82152de6209
> git show --textconv :nodemon.json
> git ls-files --stage -- /home/sanjay/mean-stack/mean-course/nodemon.json
> git show --textconv :backend/controllers/user.js
> git ls-files --stage -- /home/sanjay/mean-stack/mean-course/backend/controllers/user.js
> git show --textconv :nodemon.json
> git ls-files --stage -- /home/sanjay/mean-stack/mean-course/nodemon.json
> git show --textconv :backend/controllers/user.js
> git ls-files --stage -- /home/sanjay/mean-stack/mean-course/backend/controllers/user.js
> git show --textconv :nodemon.json
> git ls-files --stage -- /home/sanjay/mean-stack/mean-course/nodemon.json
> git show --textconv :backend/controllers/user.js
> git ls-files --stage -- /home/sanjay/mean-stack/mean-course/backend/controllers/user.js
> git show --textconv :backend/middleware/check-auth.js
> git ls-files --stage -- /home/sanjay/mean-stack/mean-course/backend/middleware/check-auth.js
> git cat-file -s 87e0d57268eeeb25e5a5964d4927c6222288c328
> git show --textconv :backend/controllers/user.js
> git ls-files --stage -- /home/sanjay/mean-stack/mean-course/backend/controllers/user.js
> git show --textconv :backend/middleware/check-auth.js
> git ls-files --stage -- /home/sanjay/mean-stack/mean-course/backend/middleware/check-auth.js
> git cat-file -s 87e0d57268eeeb25e5a5964d4927c6222288c328
> git show --textconv :backend/controllers/user.js
> git ls-files --stage -- /home/sanjay/mean-stack/mean-course/backend/controllers/user.js
> git show --textconv :backend/middleware/check-auth.js
> git ls-files --stage -- /home/sanjay/mean-stack/mean-course/backend/middleware/check-auth.js
> git cat-file -s 87e0d57268eeeb25e5a5964d4927c6222288c328
> git show --textconv :backend/app.js
> git ls-files --stage -- /home/sanjay/mean-stack/mean-course/backend/app.js
> git cat-file -s 0184cc678f2b0cb81227f98b4d6aa82152de6209
> git show --textconv :nodemon.json
> git ls-files --stage -- /home/sanjay/mean-stack/mean-course/nodemon.json
> git show --textconv :backend/controllers/user.js
> git ls-files --stage -- /home/sanjay/mean-stack/mean-course/backend/controllers/user.js
> git show --textconv :backend/middleware/check-auth.js
> git ls-files --stage -- /home/sanjay/mean-stack/mean-course/backend/middleware/check-auth.js
> git cat-file -s 87e0d57268eeeb25e5a5964d4927c6222288c328
> git show --textconv :backend/app.js
> git ls-files --stage -- /home/sanjay/mean-stack/mean-course/backend/app.js
> git cat-file -s 0184cc678f2b0cb81227f98b4d6aa82152de6209
> git status -z -u
> git symbolic-ref --short HEAD
> git rev-parse master
> git rev-parse --symbolic-full-name master@{u}
> git rev-list --left-right master...refs/remotes/origin/master
> git for-each-ref --sort -committerdate --format %(refname) %(objectname)
> git remote --verbose
> git config --get commit.template
> git show --textconv :src/app/auth/auth.service.ts
> git ls-files --stage -- /home/sanjay/mean-stack/mean-course/src/app/auth/auth.service.ts
> git cat-file -s 65adf10152ed656445bbb6a5048eb81abdc216fb
> git status -z -u
> git symbolic-ref --short HEAD
> git rev-parse master
> git rev-parse --symbolic-full-name master@{u}
> git rev-list --left-right master...refs/remotes/origin/master
> git for-each-ref --sort -committerdate --format %(refname) %(objectname)
> git remote --verbose
> git config --get commit.template
> git status -z -u
> git symbolic-ref --short HEAD
> git rev-parse master
> git rev-parse --symbolic-full-name master@{u}
> git rev-list --left-right master...refs/remotes/origin/master
> git for-each-ref --sort -committerdate --format %(refname) %(objectname)
> git remote --verbose
> git config --get commit.template
> git status -z -u
> git symbolic-ref --short HEAD
> git rev-parse master
> git rev-parse --symbolic-full-name master@{u}
> git rev-list --left-right master...refs/remotes/origin/master
> git for-each-ref --sort -committerdate --format %(refname) %(objectname)
> git remote --verbose
> git config --get commit.template
> git show --textconv :src/app/app.component.ts
> git ls-files --stage -- /home/sanjay/mean-stack/mean-course/src/app/app.component.ts
> git cat-file -s e1d03925c62132224bffba35ca6cae013f67cf2a
> git show --textconv :src/app/auth/auth.service.ts
> git ls-files --stage -- /home/sanjay/mean-stack/mean-course/src/app/auth/auth.service.ts
> git cat-file -s 65adf10152ed656445bbb6a5048eb81abdc216fb
> git status -z -u
> git symbolic-ref --short HEAD
> git rev-parse master
> git rev-parse --symbolic-full-name master@{u}
> git rev-list --left-right master...refs/remotes/origin/master
> git for-each-ref --sort -committerdate --format %(refname) %(objectname)
> git remote --verbose
> git config --get commit.template
