Initializing document watcher...
mean-course/src/app/post/post.service.ts: {"insertSpaces":true,"tabSize":2}
mean-course/src/app/post/post.service.ts: {"insertSpaces":true,"tabSize":2}
mean-course/src/app/post/post.service.ts: {"insertSpaces":true,"tabSize":2}
mean-course/src/app/post/post.service.ts: {"insertSpaces":true,"tabSize":2}
mean-course/src/app/post/post.service.ts: {"insertSpaces":true,"tabSize":2}
mean-course/src/app/post/post.service.ts: {"insertSpaces":true,"tabSize":2}
mean-course/src/app/post/post.service.ts: {"insertSpaces":true,"tabSize":2}
mean-course/src/app/post/post.service.ts: Using EditorConfig core...
src/app/post/post.service.ts: editor.action.trimTrailingWhitespace
mean-course/src/app/post/post.service.ts: {"insertSpaces":true,"tabSize":2}
mean-course/src/app/post/post.service.ts: {"insertSpaces":true,"tabSize":2}
mean-course/src/environments/environment.ts: {"insertSpaces":true,"tabSize":2}
mean-course/src/environments/environment.ts: {"insertSpaces":true,"tabSize":2}
mean-course/src/environments/environment.ts: {"insertSpaces":true,"tabSize":2}
mean-course/src/environments/environment.ts: Using EditorConfig core...
src/environments/environment.ts: editor.action.trimTrailingWhitespace
mean-course/src/app/post/post.service.ts: {"insertSpaces":true,"tabSize":2}
mean-course/src/app/post/post.service.ts: {"insertSpaces":true,"tabSize":2}
mean-course/src/app/post/post.service.ts: {"insertSpaces":true,"tabSize":2}
mean-course/src/app/post/post.service.ts: {"insertSpaces":true,"tabSize":2}
mean-course/src/app/post/post.service.ts: {"insertSpaces":true,"tabSize":2}
mean-course/src/app/post/post.service.ts: {"insertSpaces":true,"tabSize":2}
mean-course/src/app/post/post.service.ts: {"insertSpaces":true,"tabSize":2}
mean-course/src/app/post/post.service.ts: {"insertSpaces":true,"tabSize":2}
mean-course/src/environments/environment.ts: {"insertSpaces":true,"tabSize":2}
mean-course/src/app/post/post.service.ts: {"insertSpaces":true,"tabSize":2}
mean-course/src/app/post/post.service.ts: {"insertSpaces":true,"tabSize":2}
mean-course/src/app/post/post.service.ts: {"insertSpaces":true,"tabSize":2}
mean-course/src/app/post/post.service.ts: {"insertSpaces":true,"tabSize":2}
mean-course/src/app/post/post.service.ts: Using EditorConfig core...
src/app/post/post.service.ts: editor.action.trimTrailingWhitespace
mean-course/src/app/post/post.service.ts: {"insertSpaces":true,"tabSize":2}
mean-course/src/app/auth/auth.service.ts: {"insertSpaces":true,"tabSize":2}
mean-course/src/app/auth/auth.service.ts: {"insertSpaces":true,"tabSize":2}
mean-course/src/app/auth/auth.service.ts: Using EditorConfig core...
src/app/auth/auth.service.ts: editor.action.trimTrailingWhitespace
mean-course/src/app/auth/auth.service.ts: {"insertSpaces":true,"tabSize":2}
mean-course/src/app/auth/auth.service.ts: Using EditorConfig core...
src/app/auth/auth.service.ts: editor.action.trimTrailingWhitespace
mean-course/src/app/post/post.service.ts: {"insertSpaces":true,"tabSize":2}
mean-course/src/app/post/post.service.ts: Using EditorConfig core...
src/app/post/post.service.ts: editor.action.trimTrailingWhitespace
mean-course/src/app/post/post.service.ts: {"insertSpaces":true,"tabSize":2}
mean-course/src/app/auth/auth.service.ts: {"insertSpaces":true,"tabSize":2}
mean-course/src/app/auth/auth.service.ts: {"insertSpaces":true,"tabSize":2}
mean-course/package-lock.json: {"insertSpaces":true,"tabSize":2}
mean-course/package.json: {"insertSpaces":true,"tabSize":2}
mean-course/src/app/auth/auth.service.ts: {"insertSpaces":true,"tabSize":2}
mean-course/src/app/auth/auth.service.ts: {"insertSpaces":true,"tabSize":2}
mean-course/package.json: {"insertSpaces":true,"tabSize":2}
undefined: {}
mean-course/package.json: {"insertSpaces":true,"tabSize":2}
mean-course/src/app/auth/auth.service.ts: {"insertSpaces":true,"tabSize":2}
mean-course/nodemon.json: {"insertSpaces":true,"tabSize":2}
mean-course/nodemon.json: {"insertSpaces":true,"tabSize":2}
mean-course/nodemon.json: {"insertSpaces":true,"tabSize":2}
mean-course/nodemon.json: {"insertSpaces":true,"tabSize":2}
mean-course/nodemon.json: {"insertSpaces":true,"tabSize":2}
mean-course/nodemon.json: {"insertSpaces":true,"tabSize":2}
mean-course/nodemon.json: {"insertSpaces":true,"tabSize":2}
mean-course/backend/app.js: {"insertSpaces":true,"tabSize":2}
mean-course/backend/app.js: {"insertSpaces":true,"tabSize":2}
mean-course/backend/app.js: {"insertSpaces":true,"tabSize":2}
mean-course/nodemon.json: {"insertSpaces":true,"tabSize":2}
mean-course/nodemon.json: {"insertSpaces":true,"tabSize":2}
mean-course/nodemon.json: {"insertSpaces":true,"tabSize":2}
mean-course/nodemon.json: {"insertSpaces":true,"tabSize":2}
mean-course/nodemon.json: {"insertSpaces":true,"tabSize":2}
mean-course/backend/models/user.js: {"insertSpaces":true,"tabSize":2}
mean-course/nodemon.json: {"insertSpaces":true,"tabSize":2}
mean-course/backend/app.js: {"insertSpaces":true,"tabSize":2}
mean-course/nodemon.json: {"insertSpaces":true,"tabSize":2}
mean-course/nodemon.json: {"insertSpaces":true,"tabSize":2}
mean-course/backend/controllers/user.js: {"insertSpaces":true,"tabSize":2}
mean-course/backend/controllers/user.js: {"insertSpaces":true,"tabSize":2}
mean-course/backend/controllers/user.js: {"insertSpaces":true,"tabSize":2}
mean-course/nodemon.json: {"insertSpaces":true,"tabSize":2}
mean-course/nodemon.json: {"insertSpaces":true,"tabSize":2}
mean-course/nodemon.json: {"insertSpaces":true,"tabSize":2}
mean-course/backend/controllers/user.js: {"insertSpaces":true,"tabSize":2}
mean-course/backend/controllers/user.js: {"insertSpaces":true,"tabSize":2}
mean-course/backend/controllers/user.js: {"insertSpaces":true,"tabSize":2}
mean-course/backend/controllers/user.js: {"insertSpaces":true,"tabSize":2}
mean-course/backend/controllers/user.js: {"insertSpaces":true,"tabSize":2}
mean-course/backend/controllers/user.js: {"insertSpaces":true,"tabSize":2}
mean-course/backend/controllers/user.js: {"insertSpaces":true,"tabSize":2}
mean-course/backend/controllers/user.js: {"insertSpaces":true,"tabSize":2}
mean-course/nodemon.json: {"insertSpaces":true,"tabSize":2}
mean-course/backend/controllers/user.js: {"insertSpaces":true,"tabSize":2}
mean-course/backend/controllers/user.js: {"insertSpaces":true,"tabSize":2}
mean-course/backend/middleware/check-auth.js: {"insertSpaces":true,"tabSize":2}
mean-course/backend/middleware/check-auth.js: {"insertSpaces":true,"tabSize":2}
mean-course/backend/controllers/user.js: {"insertSpaces":true,"tabSize":2}
mean-course/backend/middleware/check-auth.js: {"insertSpaces":true,"tabSize":2}
mean-course/backend/controllers/user.js: {"insertSpaces":true,"tabSize":2}
mean-course/backend/middleware/check-auth.js: {"insertSpaces":true,"tabSize":2}
mean-course/backend/middleware/check-auth.js: {"insertSpaces":true,"tabSize":2}
mean-course/backend/app.js: {"insertSpaces":true,"tabSize":2}
mean-course/nodemon.json: {"insertSpaces":true,"tabSize":2}
mean-course/backend/controllers/user.js: {"insertSpaces":true,"tabSize":2}
mean-course/backend/middleware/check-auth.js: {"insertSpaces":true,"tabSize":2}
mean-course/backend/app.js: {"insertSpaces":true,"tabSize":2}
mean-course/backend/app.js: {"insertSpaces":true,"tabSize":2}
mean-course/backend/app.js: Using EditorConfig core...
mean-course/backend/middleware/check-auth.js: Using EditorConfig core...
mean-course/backend/controllers/user.js: Using EditorConfig core...
mean-course/nodemon.json: Using EditorConfig core...
backend/app.js: editor.action.trimTrailingWhitespace
backend/middleware/check-auth.js: trimTrailingWhitespace()
backend/controllers/user.js: trimTrailingWhitespace()
nodemon.json: trimTrailingWhitespace()
nodemon.json: insertFinalNewline(LF)
mean-course/backend/app.js: {"insertSpaces":true,"tabSize":2}
mean-course/src/app/auth/auth.service.ts: {"insertSpaces":true,"tabSize":2}
mean-course/src/app/auth/auth.service.ts: {"insertSpaces":true,"tabSize":2}
mean-course/src/app/auth/auth.service.ts: {"insertSpaces":true,"tabSize":2}
mean-course/src/app/auth/auth.service.ts: {"insertSpaces":true,"tabSize":2}
mean-course/src/app/auth/auth.service.ts: {"insertSpaces":true,"tabSize":2}
mean-course/src/app/auth/auth.service.ts: Using EditorConfig core...
src/app/auth/auth.service.ts: editor.action.trimTrailingWhitespace
mean-course/src/app/auth/auth.service.ts: {"insertSpaces":true,"tabSize":2}
mean-course/src/app/auth/auth.service.ts: Using EditorConfig core...
src/app/auth/auth.service.ts: editor.action.trimTrailingWhitespace
mean-course/src/app/auth/auth.service.ts: {"insertSpaces":true,"tabSize":2}
mean-course/src/app/auth/auth.service.ts: Using EditorConfig core...
src/app/auth/auth.service.ts: editor.action.trimTrailingWhitespace
mean-course/src/app/auth/auth.service.ts: {"insertSpaces":true,"tabSize":2}
mean-course/src/app/auth/auth.service.ts: {"insertSpaces":true,"tabSize":2}
mean-course/src/app/auth/auth.service.ts: {"insertSpaces":true,"tabSize":2}
mean-course/src/app/auth/auth.service.ts: {"insertSpaces":true,"tabSize":2}
mean-course/src/app/auth/auth.service.ts: {"insertSpaces":true,"tabSize":2}
mean-course/src/app/auth/auth.service.ts: {"insertSpaces":true,"tabSize":2}
mean-course/src/app/auth/auth.service.ts: {"insertSpaces":true,"tabSize":2}
mean-course/src/app/auth/auth.service.ts: {"insertSpaces":true,"tabSize":2}
mean-course/src/app/app.component.ts: {"insertSpaces":true,"tabSize":2}
mean-course/src/app/app.component.ts: {"insertSpaces":true,"tabSize":2}
mean-course/src/app/app.component.ts: {"insertSpaces":true,"tabSize":2}
mean-course/src/app/app.component.ts: {"insertSpaces":true,"tabSize":2}
mean-course/src/app/app.component.ts: {"insertSpaces":true,"tabSize":2}
mean-course/src/app/app.component.ts: {"insertSpaces":true,"tabSize":2}
mean-course/src/app/auth/auth.service.ts: {"insertSpaces":true,"tabSize":2}
mean-course/src/app/auth/auth.service.ts: {"insertSpaces":true,"tabSize":2}
mean-course/src/app/auth/auth.service.ts: {"insertSpaces":true,"tabSize":2}
mean-course/src/app/auth/auth.service.ts: {"insertSpaces":true,"tabSize":2}
mean-course/src/app/auth/auth.service.ts: {"insertSpaces":true,"tabSize":2}
mean-course/src/app/auth/auth.service.ts: {"insertSpaces":true,"tabSize":2}
mean-course/src/app/auth/auth.service.ts: {"insertSpaces":true,"tabSize":2}
mean-course/src/app/auth/auth.service.ts: Using EditorConfig core...
src/app/auth/auth.service.ts: editor.action.trimTrailingWhitespace
mean-course/src/app/auth/auth.service.ts: {"insertSpaces":true,"tabSize":2}
