Looking for git in: git
Using git 2.20.1 from git
> git rev-parse --show-toplevel
> git rev-parse --git-dir
Open repository: /home/sanjay/mean-stack/mean-course
> git status -z -u
> git check-ignore -v -z --stdin
> git symbolic-ref --short HEAD
> git rev-parse master
> git rev-parse --symbolic-full-name master@{u}
fatal: no upstream configured for branch 'master'
> git for-each-ref --sort -committerdate --format %(refname) %(objectname)
> git remote --verbose
> git config --get commit.template
> git show --textconv :src/app/auth/auth-interceptor.ts
> git ls-files --stage -- /home/sanjay/mean-stack/mean-course/src/app/auth/auth-interceptor.ts
> git cat-file -s 0947eadbb9a1e1f2f805a929ab9ed78a66acab5b
> git status -z -u
> git symbolic-ref --short HEAD
> git rev-parse master
> git rev-parse --symbolic-full-name master@{u}
fatal: no upstream configured for branch 'master'
> git for-each-ref --sort -committerdate --format %(refname) %(objectname)
> git remote --verbose
> git config --get commit.template
> git status -z -u
> git symbolic-ref --short HEAD
> git rev-parse master
> git rev-parse --symbolic-full-name master@{u}
fatal: no upstream configured for branch 'master'
> git for-each-ref --sort -committerdate --format %(refname) %(objectname)
> git remote --verbose
> git config --get commit.template
> git status -z -u
> git symbolic-ref --short HEAD
> git rev-parse master
> git rev-parse --symbolic-full-name master@{u}
fatal: no upstream configured for branch 'master'
> git for-each-ref --sort -committerdate --format %(refname) %(objectname)
> git remote --verbose
> git config --get commit.template
> git check-ignore -v -z --stdin
> git status -z -u
> git symbolic-ref --short HEAD
> git rev-parse master
> git rev-parse --symbolic-full-name master@{u}
fatal: no upstream configured for branch 'master'
> git for-each-ref --sort -committerdate --format %(refname) %(objectname)
> git remote --verbose
> git config --get commit.template
> git check-ignore -v -z --stdin
> git show --textconv :backend/middleware/check-auth.js
> git ls-files --stage -- /home/sanjay/mean-stack/mean-course/backend/middleware/check-auth.js
> git cat-file -s 87e0d57268eeeb25e5a5964d4927c6222288c328
> git show --textconv :backend/models/post.js
> git ls-files --stage -- /home/sanjay/mean-stack/mean-course/backend/models/post.js
> git cat-file -s fa8415719aafdd07b2e27b81763477c469862a36
> git show --textconv :backend/models/user.js
> git ls-files --stage -- /home/sanjay/mean-stack/mean-course/backend/models/user.js
> git cat-file -s ac18f9a2e80e386fa6e5b58917149752935b060b
> git show --textconv :backend/routes/posts.js
> git ls-files --stage -- /home/sanjay/mean-stack/mean-course/backend/routes/posts.js
> git cat-file -s c09fd80de1fc7ec339d069e1e1f25de10f5f3e87
> git show --textconv :backend/routes/user.js
> git ls-files --stage -- /home/sanjay/mean-stack/mean-course/backend/routes/user.js
> git cat-file -s e523a00cdeab7e47444853a99213bd7aa2b684da
> git show --textconv :backend/app.js
> git ls-files --stage -- /home/sanjay/mean-stack/mean-course/backend/app.js
> git cat-file -s 0184cc678f2b0cb81227f98b4d6aa82152de6209
> git show --textconv :src/app/auth/login/login.component.css
> git ls-files --stage -- /home/sanjay/mean-stack/mean-course/src/app/auth/login/login.component.css
> git cat-file -s be0c813d003178ad43e9b753415fc514bf1c3bc2
> git show --textconv :src/app/auth/login/login.component.html
> git ls-files --stage -- /home/sanjay/mean-stack/mean-course/src/app/auth/login/login.component.html
> git cat-file -s 5f18e9d85b12ea1dbb5ca271d8f4b524544a8fb7
> git show --textconv :src/app/auth/login/login.component.ts
> git ls-files --stage -- /home/sanjay/mean-stack/mean-course/src/app/auth/login/login.component.ts
> git cat-file -s 9e4330947863161a5ad624c86202e739257494f5
> git show --textconv :src/app/auth/signup/signup.component.css
> git ls-files --stage -- /home/sanjay/mean-stack/mean-course/src/app/auth/signup/signup.component.css
> git cat-file -s be0c813d003178ad43e9b753415fc514bf1c3bc2
> git show --textconv :src/app/auth/signup/signup.component.html
> git ls-files --stage -- /home/sanjay/mean-stack/mean-course/src/app/auth/signup/signup.component.html
> git cat-file -s 09d2e3abf55ed9b0881a764ae81bf03c41bec1fc
> git show --textconv :src/app/auth/signup/signup.component.ts
> git ls-files --stage -- /home/sanjay/mean-stack/mean-course/src/app/auth/signup/signup.component.ts
> git cat-file -s ab45f8a14e50aa5fcf30cde6749f6860b9a9c02d
> git show --textconv :src/app/auth/auth-data.model.ts
> git ls-files --stage -- /home/sanjay/mean-stack/mean-course/src/app/auth/auth-data.model.ts
> git cat-file -s fbeaa9475fbd8c45b4b136446f0b58eca25582b9
> git show --textconv :src/app/auth/auth-interceptor.ts
> git ls-files --stage -- /home/sanjay/mean-stack/mean-course/src/app/auth/auth-interceptor.ts
> git cat-file -s 0947eadbb9a1e1f2f805a929ab9ed78a66acab5b
> git show --textconv :src/app/auth/auth.service.ts
> git ls-files --stage -- /home/sanjay/mean-stack/mean-course/src/app/auth/auth.service.ts
> git cat-file -s 4269852c9a14dec24119fcf85c0edc0c6409359b
> git show --textconv :src/app/header/header.component.css
> git ls-files --stage -- /home/sanjay/mean-stack/mean-course/src/app/header/header.component.css
> git cat-file -s 919a629d7b1ab622d75c7fddcdccb93fc7dc5814
> git show --textconv :src/app/header/header.component.ts
> git ls-files --stage -- /home/sanjay/mean-stack/mean-course/src/app/header/header.component.ts
> git cat-file -s 444f1cf41991aff5777f69ae6aa00a0ce803dbc6
> git show --textconv :src/app/post/post-create/mime-type.validator.ts
> git ls-files --stage -- /home/sanjay/mean-stack/mean-course/src/app/post/post-create/mime-type.validator.ts
> git cat-file -s 0ded6653173cc94710cb13fe214a22d9ddb26b7c
> git show --textconv :src/app/post/post-create/post-create.component.css
> git ls-files --stage -- /home/sanjay/mean-stack/mean-course/src/app/post/post-create/post-create.component.css
> git cat-file -s 6f8a3d4e9a5cc0ea2033211957d1fe606351e060
> git show --textconv :src/app/post/post-create/mime-type.validator.ts
> git ls-files --stage -- /home/sanjay/mean-stack/mean-course/src/app/post/post-create/mime-type.validator.ts
> git cat-file -s 0ded6653173cc94710cb13fe214a22d9ddb26b7c
> git show --textconv :src/app/post/post-list/post-list.component.html
> git ls-files --stage -- /home/sanjay/mean-stack/mean-course/src/app/post/post-list/post-list.component.html
> git cat-file -s e946885ee0d93f610371e4cd2639af86e457041c
> git show --textconv :src/app/header/header.component.html
> git ls-files --stage -- /home/sanjay/mean-stack/mean-course/src/app/header/header.component.html
> git cat-file -s 7c36c0abe2111899ec04bf16ca116f83f72d4d9c
> git status -z -u
> git symbolic-ref --short HEAD
> git rev-parse master
> git rev-parse --symbolic-full-name master@{u}
fatal: no upstream configured for branch 'master'
> git for-each-ref --sort -committerdate --format %(refname) %(objectname)
> git remote --verbose
> git config --get commit.template
> git show --textconv :src/app/header/header.component.ts
> git ls-files --stage -- /home/sanjay/mean-stack/mean-course/src/app/header/header.component.ts
> git cat-file -s 444f1cf41991aff5777f69ae6aa00a0ce803dbc6
> git show --textconv :src/app/auth/auth.service.ts
> git ls-files --stage -- /home/sanjay/mean-stack/mean-course/src/app/auth/auth.service.ts
> git cat-file -s 4269852c9a14dec24119fcf85c0edc0c6409359b
> git status -z -u
> git symbolic-ref --short HEAD
> git rev-parse master
> git rev-parse --symbolic-full-name master@{u}
fatal: no upstream configured for branch 'master'
> git for-each-ref --sort -committerdate --format %(refname) %(objectname)
> git remote --verbose
> git config --get commit.template
> git show --textconv :src/app/header/header.component.html
> git ls-files --stage -- /home/sanjay/mean-stack/mean-course/src/app/header/header.component.html
> git cat-file -s 7c36c0abe2111899ec04bf16ca116f83f72d4d9c
> git show --textconv :src/app/header/header.component.ts
> git ls-files --stage -- /home/sanjay/mean-stack/mean-course/src/app/header/header.component.ts
> git cat-file -s 444f1cf41991aff5777f69ae6aa00a0ce803dbc6
> git status -z -u
> git symbolic-ref --short HEAD
> git rev-parse master
> git rev-parse --symbolic-full-name master@{u}
fatal: no upstream configured for branch 'master'
> git for-each-ref --sort -committerdate --format %(refname) %(objectname)
> git remote --verbose
> git config --get commit.template
> git log --format=%H%n%aN%n%aE%n%at%n%ct%n%P%n%B -z -n21 -- /home/sanjay/mean-stack/mean-course/src/app/header/header.component.ts
> git show --textconv :src/app/auth/auth.service.ts
> git ls-files --stage -- /home/sanjay/mean-stack/mean-course/src/app/auth/auth.service.ts
> git cat-file -s 4269852c9a14dec24119fcf85c0edc0c6409359b
> git show --textconv :src/app/header/header.component.ts
> git ls-files --stage -- /home/sanjay/mean-stack/mean-course/src/app/header/header.component.ts
> git cat-file -s 444f1cf41991aff5777f69ae6aa00a0ce803dbc6
> git show --textconv :src/app/auth/auth.service.ts
> git ls-files --stage -- /home/sanjay/mean-stack/mean-course/src/app/auth/auth.service.ts
> git cat-file -s 4269852c9a14dec24119fcf85c0edc0c6409359b
> git status -z -u
> git symbolic-ref --short HEAD
> git rev-parse master
> git rev-parse --symbolic-full-name master@{u}
fatal: no upstream configured for branch 'master'
> git for-each-ref --sort -committerdate --format %(refname) %(objectname)
> git remote --verbose
> git config --get commit.template
> git show --textconv :src/app/header/header.component.ts
> git ls-files --stage -- /home/sanjay/mean-stack/mean-course/src/app/header/header.component.ts
> git cat-file -s 444f1cf41991aff5777f69ae6aa00a0ce803dbc6
> git status -z -u
> git symbolic-ref --short HEAD
> git rev-parse master
> git rev-parse --symbolic-full-name master@{u}
fatal: no upstream configured for branch 'master'
> git for-each-ref --sort -committerdate --format %(refname) %(objectname)
> git remote --verbose
> git config --get commit.template
> git status -z -u
> git symbolic-ref --short HEAD
> git rev-parse master
> git rev-parse --symbolic-full-name master@{u}
fatal: no upstream configured for branch 'master'
> git for-each-ref --sort -committerdate --format %(refname) %(objectname)
> git remote --verbose
> git config --get commit.template
> git show --textconv :src/app/header/header.component.html
> git ls-files --stage -- /home/sanjay/mean-stack/mean-course/src/app/header/header.component.html
> git cat-file -s 7c36c0abe2111899ec04bf16ca116f83f72d4d9c
> git status -z -u
> git symbolic-ref --short HEAD
> git rev-parse master
> git rev-parse --symbolic-full-name master@{u}
fatal: no upstream configured for branch 'master'
> git for-each-ref --sort -committerdate --format %(refname) %(objectname)
> git remote --verbose
> git config --get commit.template
> git show --textconv :src/app/header/header.component.ts
> git ls-files --stage -- /home/sanjay/mean-stack/mean-course/src/app/header/header.component.ts
> git cat-file -s 444f1cf41991aff5777f69ae6aa00a0ce803dbc6
> git show --textconv :src/app/auth/auth.service.ts
> git ls-files --stage -- /home/sanjay/mean-stack/mean-course/src/app/auth/auth.service.ts
> git cat-file -s 4269852c9a14dec24119fcf85c0edc0c6409359b
> git status -z -u
> git symbolic-ref --short HEAD
> git rev-parse master
> git rev-parse --symbolic-full-name master@{u}
fatal: no upstream configured for branch 'master'
> git for-each-ref --sort -committerdate --format %(refname) %(objectname)
> git remote --verbose
> git config --get commit.template
> git show --textconv :src/app/header/header.component.ts
> git ls-files --stage -- /home/sanjay/mean-stack/mean-course/src/app/header/header.component.ts
> git cat-file -s 444f1cf41991aff5777f69ae6aa00a0ce803dbc6
> git show --textconv :src/app/auth/auth.service.ts
> git ls-files --stage -- /home/sanjay/mean-stack/mean-course/src/app/auth/auth.service.ts
> git cat-file -s 4269852c9a14dec24119fcf85c0edc0c6409359b
> git show --textconv :src/app/header/header.component.ts
> git ls-files --stage -- /home/sanjay/mean-stack/mean-course/src/app/header/header.component.ts
> git cat-file -s 444f1cf41991aff5777f69ae6aa00a0ce803dbc6
> git show --textconv :src/app/auth/auth.service.ts
> git ls-files --stage -- /home/sanjay/mean-stack/mean-course/src/app/auth/auth.service.ts
> git cat-file -s 4269852c9a14dec24119fcf85c0edc0c6409359b
> git status -z -u
> git symbolic-ref --short HEAD
> git rev-parse master
> git rev-parse --symbolic-full-name master@{u}
fatal: no upstream configured for branch 'master'
> git for-each-ref --sort -committerdate --format %(refname) %(objectname)
> git remote --verbose
> git config --get commit.template
> git show --textconv :src/app/header/header.component.ts
> git ls-files --stage -- /home/sanjay/mean-stack/mean-course/src/app/header/header.component.ts
> git cat-file -s 444f1cf41991aff5777f69ae6aa00a0ce803dbc6
> git status -z -u
> git symbolic-ref --short HEAD
> git rev-parse master
> git rev-parse --symbolic-full-name master@{u}
fatal: no upstream configured for branch 'master'
> git for-each-ref --sort -committerdate --format %(refname) %(objectname)
> git remote --verbose
> git config --get commit.template
> git show --textconv :src/app/auth/auth.service.ts
> git ls-files --stage -- /home/sanjay/mean-stack/mean-course/src/app/auth/auth.service.ts
> git cat-file -s 4269852c9a14dec24119fcf85c0edc0c6409359b
> git status -z -u
> git symbolic-ref --short HEAD
> git rev-parse master
> git rev-parse --symbolic-full-name master@{u}
fatal: no upstream configured for branch 'master'
> git for-each-ref --sort -committerdate --format %(refname) %(objectname)
> git remote --verbose
> git config --get commit.template
> git show --textconv :src/app/header/header.component.ts
> git ls-files --stage -- /home/sanjay/mean-stack/mean-course/src/app/header/header.component.ts
> git cat-file -s 444f1cf41991aff5777f69ae6aa00a0ce803dbc6
> git show --textconv :src/app/auth/auth.service.ts
> git ls-files --stage -- /home/sanjay/mean-stack/mean-course/src/app/auth/auth.service.ts
> git cat-file -s 4269852c9a14dec24119fcf85c0edc0c6409359b
> git show --textconv :src/app/header/header.component.ts
> git ls-files --stage -- /home/sanjay/mean-stack/mean-course/src/app/header/header.component.ts
> git cat-file -s 444f1cf41991aff5777f69ae6aa00a0ce803dbc6
> git show --textconv :src/app/auth/auth.service.ts
> git ls-files --stage -- /home/sanjay/mean-stack/mean-course/src/app/auth/auth.service.ts
> git cat-file -s 4269852c9a14dec24119fcf85c0edc0c6409359b
> git show --textconv :src/app/header/header.component.ts
> git ls-files --stage -- /home/sanjay/mean-stack/mean-course/src/app/header/header.component.ts
> git cat-file -s 444f1cf41991aff5777f69ae6aa00a0ce803dbc6
> git show --textconv :src/app/auth/auth.service.ts
> git ls-files --stage -- /home/sanjay/mean-stack/mean-course/src/app/auth/auth.service.ts
> git cat-file -s 4269852c9a14dec24119fcf85c0edc0c6409359b
> git status -z -u
> git symbolic-ref --short HEAD
> git rev-parse master
> git rev-parse --symbolic-full-name master@{u}
fatal: no upstream configured for branch 'master'
> git for-each-ref --sort -committerdate --format %(refname) %(objectname)
> git remote --verbose
> git config --get commit.template
> git show --textconv :src/app/header/header.component.ts
> git ls-files --stage -- /home/sanjay/mean-stack/mean-course/src/app/header/header.component.ts
> git cat-file -s 444f1cf41991aff5777f69ae6aa00a0ce803dbc6
> git status -z -u
> git symbolic-ref --short HEAD
> git rev-parse master
> git rev-parse --symbolic-full-name master@{u}
fatal: no upstream configured for branch 'master'
> git for-each-ref --sort -committerdate --format %(refname) %(objectname)
> git remote --verbose
> git config --get commit.template
> git show --textconv :src/app/auth/auth.service.ts
> git ls-files --stage -- /home/sanjay/mean-stack/mean-course/src/app/auth/auth.service.ts
> git cat-file -s 4269852c9a14dec24119fcf85c0edc0c6409359b
> git status -z -u
> git symbolic-ref --short HEAD
> git rev-parse master
> git rev-parse --symbolic-full-name master@{u}
fatal: no upstream configured for branch 'master'
> git for-each-ref --sort -committerdate --format %(refname) %(objectname)
> git remote --verbose
> git config --get commit.template
> git status -z -u
> git symbolic-ref --short HEAD
> git rev-parse master
> git rev-parse --symbolic-full-name master@{u}
fatal: no upstream configured for branch 'master'
> git for-each-ref --sort -committerdate --format %(refname) %(objectname)
> git remote --verbose
> git config --get commit.template
> git show --textconv :src/app/header/header.component.ts
> git ls-files --stage -- /home/sanjay/mean-stack/mean-course/src/app/header/header.component.ts
> git cat-file -s 444f1cf41991aff5777f69ae6aa00a0ce803dbc6
> git status -z -u
> git symbolic-ref --short HEAD
> git rev-parse master
> git rev-parse --symbolic-full-name master@{u}
fatal: no upstream configured for branch 'master'
> git for-each-ref --sort -committerdate --format %(refname) %(objectname)
> git remote --verbose
> git config --get commit.template
> git show --textconv :src/app/header/header.component.html
> git ls-files --stage -- /home/sanjay/mean-stack/mean-course/src/app/header/header.component.html
> git cat-file -s 7c36c0abe2111899ec04bf16ca116f83f72d4d9c
> git status -z -u
> git symbolic-ref --short HEAD
> git rev-parse master
> git rev-parse --symbolic-full-name master@{u}
fatal: no upstream configured for branch 'master'
> git for-each-ref --sort -committerdate --format %(refname) %(objectname)
> git remote --verbose
> git config --get commit.template
