Initializing document watcher...
mean-course/src/app/auth/auth-interceptor.ts: Using EditorConfig core...
src/app/auth/auth-interceptor.ts: editor.action.trimTrailingWhitespace
mean-course/src/app/auth/auth-interceptor.ts: Using EditorConfig core...
src/app/auth/auth-interceptor.ts: editor.action.trimTrailingWhitespace
mean-course/backend/middleware/check-auth.js: {"insertSpaces":true,"tabSize":2}
mean-course/backend/models/post.js: {"insertSpaces":true,"tabSize":2}
mean-course/backend/models/user.js: {"insertSpaces":true,"tabSize":2}
mean-course/backend/routes/posts.js: {"insertSpaces":true,"tabSize":2}
mean-course/backend/routes/user.js: {"insertSpaces":true,"tabSize":2}
mean-course/backend/app.js: {"insertSpaces":true,"tabSize":2}
mean-course/src/app/auth/login/login.component.css: {"insertSpaces":true,"tabSize":2}
mean-course/src/app/auth/login/login.component.html: {"insertSpaces":true,"tabSize":2}
mean-course/src/app/auth/login/login.component.ts: {"insertSpaces":true,"tabSize":2}
mean-course/src/app/auth/signup/signup.component.css: {"insertSpaces":true,"tabSize":2}
mean-course/src/app/auth/signup/signup.component.html: {"insertSpaces":true,"tabSize":2}
mean-course/src/app/auth/signup/signup.component.ts: {"insertSpaces":true,"tabSize":2}
mean-course/src/app/auth/auth-data.model.ts: {"insertSpaces":true,"tabSize":2}
mean-course/src/app/auth/auth-interceptor.ts: {"insertSpaces":true,"tabSize":2}
mean-course/src/app/auth/auth.service.ts: {"insertSpaces":true,"tabSize":2}
mean-course/src/app/header/header.component.css: {"insertSpaces":true,"tabSize":2}
mean-course/src/app/header/header.component.ts: {"insertSpaces":true,"tabSize":2}
mean-course/src/app/post/post-create/mime-type.validator.ts: {"insertSpaces":true,"tabSize":2}
mean-course/src/app/post/post-create/post-create.component.css: {"insertSpaces":true,"tabSize":2}
mean-course/src/app/post/post-create/mime-type.validator.ts: {"insertSpaces":true,"tabSize":2}
mean-course/src/app/post/post-list/post-list.component.html: {"insertSpaces":true,"tabSize":2}
mean-course/src/app/post/post-list/post-list.component.html: {"insertSpaces":true,"tabSize":2}
mean-course/src/app/post/post-list/post-list.component.html: {"insertSpaces":true,"tabSize":2}
mean-course/src/app/header/header.component.html: {"insertSpaces":true,"tabSize":2}
mean-course/src/app/header/header.component.html: {"insertSpaces":true,"tabSize":2}
mean-course/src/app/header/header.component.html: {"insertSpaces":true,"tabSize":2}
mean-course/src/app/header/header.component.html: {"insertSpaces":true,"tabSize":2}
mean-course/src/app/header/header.component.html: {"insertSpaces":true,"tabSize":2}
mean-course/src/app/header/header.component.html: {"insertSpaces":true,"tabSize":2}
mean-course/src/app/header/header.component.html: {"insertSpaces":true,"tabSize":2}
mean-course/src/app/header/header.component.html: Using EditorConfig core...
src/app/header/header.component.html: editor.action.trimTrailingWhitespace
mean-course/src/app/header/header.component.html: {"insertSpaces":true,"tabSize":2}
mean-course/src/app/header/header.component.ts: {"insertSpaces":true,"tabSize":2}
mean-course/src/app/header/header.component.ts: {"insertSpaces":true,"tabSize":2}
mean-course/src/app/header/header.component.ts: {"insertSpaces":true,"tabSize":2}
mean-course/src/app/header/header.component.ts: {"insertSpaces":true,"tabSize":2}
mean-course/src/app/header/header.component.ts: {"insertSpaces":true,"tabSize":2}
mean-course/src/app/header/header.component.ts: {"insertSpaces":true,"tabSize":2}
mean-course/src/app/auth/auth.service.ts: {"insertSpaces":true,"tabSize":2}
mean-course/src/app/auth/auth.service.ts: {"insertSpaces":true,"tabSize":2}
mean-course/src/app/auth/auth.service.ts: {"insertSpaces":true,"tabSize":2}
mean-course/src/app/auth/auth.service.ts: {"insertSpaces":true,"tabSize":2}
mean-course/src/app/auth/auth.service.ts: {"insertSpaces":true,"tabSize":2}
mean-course/src/app/auth/auth.service.ts: {"insertSpaces":true,"tabSize":2}
mean-course/src/app/auth/auth.service.ts: {"insertSpaces":true,"tabSize":2}
mean-course/src/app/auth/auth.service.ts: {"insertSpaces":true,"tabSize":2}
mean-course/src/app/auth/auth.service.ts: {"insertSpaces":true,"tabSize":2}
mean-course/src/app/auth/auth.service.ts: {"insertSpaces":true,"tabSize":2}
mean-course/src/app/auth/auth.service.ts: {"insertSpaces":true,"tabSize":2}
mean-course/src/app/auth/auth.service.ts: {"insertSpaces":true,"tabSize":2}
mean-course/src/app/auth/auth.service.ts: {"insertSpaces":true,"tabSize":2}
mean-course/src/app/auth/auth.service.ts: {"insertSpaces":true,"tabSize":2}
mean-course/src/app/auth/auth.service.ts: {"insertSpaces":true,"tabSize":2}
mean-course/src/app/auth/auth.service.ts: {"insertSpaces":true,"tabSize":2}
mean-course/src/app/auth/auth.service.ts: {"insertSpaces":true,"tabSize":2}
mean-course/src/app/auth/auth.service.ts: {"insertSpaces":true,"tabSize":2}
mean-course/src/app/auth/auth.service.ts: {"insertSpaces":true,"tabSize":2}
mean-course/src/app/auth/auth.service.ts: Using EditorConfig core...
src/app/auth/auth.service.ts: editor.action.trimTrailingWhitespace
mean-course/src/app/header/header.component.html: {"insertSpaces":true,"tabSize":2}
mean-course/src/app/header/header.component.ts: {"insertSpaces":true,"tabSize":2}
mean-course/src/app/header/header.component.ts: {"insertSpaces":true,"tabSize":2}
mean-course/src/app/header/header.component.ts: {"insertSpaces":true,"tabSize":2}
mean-course/src/app/header/header.component.ts: {"insertSpaces":true,"tabSize":2}
mean-course/src/app/header/header.component.ts: {"insertSpaces":true,"tabSize":2}
mean-course/src/app/header/header.component.ts: {"insertSpaces":true,"tabSize":2}
mean-course/src/app/header/header.component.ts: {"insertSpaces":true,"tabSize":2}
mean-course/src/app/header/header.component.ts: {"insertSpaces":true,"tabSize":2}
mean-course/src/app/header/header.component.ts: {"insertSpaces":true,"tabSize":2}
mean-course/src/app/header/header.component.ts: {"insertSpaces":true,"tabSize":2}
mean-course/src/app/header/header.component.ts: {"insertSpaces":true,"tabSize":2}
mean-course/src/app/header/header.component.ts: {"insertSpaces":true,"tabSize":2}
mean-course/src/app/header/header.component.ts: {"insertSpaces":true,"tabSize":2}
mean-course/src/app/header/header.component.ts: {"insertSpaces":true,"tabSize":2}
mean-course/src/app/header/header.component.ts: {"insertSpaces":true,"tabSize":2}
mean-course/src/app/header/header.component.ts: {"insertSpaces":true,"tabSize":2}
mean-course/src/app/header/header.component.ts: {"insertSpaces":true,"tabSize":2}
mean-course/src/app/header/header.component.ts: {"insertSpaces":true,"tabSize":2}
mean-course/src/app/header/header.component.ts: {"insertSpaces":true,"tabSize":2}
mean-course/src/app/header/header.component.ts: {"insertSpaces":true,"tabSize":2}
mean-course/src/app/header/header.component.ts: {"insertSpaces":true,"tabSize":2}
mean-course/src/app/header/header.component.ts: {"insertSpaces":true,"tabSize":2}
mean-course/src/app/header/header.component.ts: {"insertSpaces":true,"tabSize":2}
mean-course/src/app/header/header.component.ts: {"insertSpaces":true,"tabSize":2}
mean-course/src/app/header/header.component.ts: {"insertSpaces":true,"tabSize":2}
mean-course/src/app/header/header.component.ts: {"insertSpaces":true,"tabSize":2}
mean-course/src/app/header/header.component.ts: {"insertSpaces":true,"tabSize":2}
mean-course/src/app/header/header.component.ts: {"insertSpaces":true,"tabSize":2}
mean-course/src/app/header/header.component.ts: {"insertSpaces":true,"tabSize":2}
mean-course/src/app/header/header.component.ts: {"insertSpaces":true,"tabSize":2}
mean-course/src/app/header/header.component.ts: {"insertSpaces":true,"tabSize":2}
mean-course/src/app/header/header.component.ts: {"insertSpaces":true,"tabSize":2}
mean-course/src/app/header/header.component.ts: {"insertSpaces":true,"tabSize":2}
mean-course/src/app/header/header.component.ts: {"insertSpaces":true,"tabSize":2}
mean-course/src/app/header/header.component.ts: {"insertSpaces":true,"tabSize":2}
mean-course/src/app/header/header.component.ts: {"insertSpaces":true,"tabSize":2}
mean-course/src/app/header/header.component.ts: {"insertSpaces":true,"tabSize":2}
mean-course/src/app/header/header.component.ts: {"insertSpaces":true,"tabSize":2}
mean-course/src/app/header/header.component.ts: {"insertSpaces":true,"tabSize":2}
mean-course/src/app/header/header.component.ts: {"insertSpaces":true,"tabSize":2}
mean-course/src/app/header/header.component.ts: {"insertSpaces":true,"tabSize":2}
mean-course/src/app/header/header.component.ts: {"insertSpaces":true,"tabSize":2}
mean-course/src/app/header/header.component.ts: {"insertSpaces":true,"tabSize":2}
mean-course/src/app/header/header.component.ts: {"insertSpaces":true,"tabSize":2}
mean-course/src/app/header/header.component.ts: {"insertSpaces":true,"tabSize":2}
mean-course/src/app/header/header.component.ts: {"insertSpaces":true,"tabSize":2}
mean-course/src/app/header/header.component.ts: {"insertSpaces":true,"tabSize":2}
mean-course/src/app/header/header.component.ts: {"insertSpaces":true,"tabSize":2}
mean-course/src/app/header/header.component.ts: {"insertSpaces":true,"tabSize":2}
mean-course/src/app/header/header.component.ts: {"insertSpaces":true,"tabSize":2}
mean-course/src/app/header/header.component.ts: {"insertSpaces":true,"tabSize":2}
mean-course/src/app/header/header.component.ts: Using EditorConfig core...
src/app/header/header.component.ts: editor.action.trimTrailingWhitespace
src/app/header/header.component.ts: insertFinalNewline(LF)
mean-course/src/app/header/header.component.ts: {"insertSpaces":true,"tabSize":2}
mean-course/src/app/header/header.component.ts: {"insertSpaces":true,"tabSize":2}
mean-course/src/app/header/header.component.ts: {"insertSpaces":true,"tabSize":2}
mean-course/src/app/header/header.component.ts: {"insertSpaces":true,"tabSize":2}
mean-course/src/app/header/header.component.ts: {"insertSpaces":true,"tabSize":2}
mean-course/src/app/auth/auth.service.ts: {"insertSpaces":true,"tabSize":2}
mean-course/src/app/auth/auth.service.ts: {"insertSpaces":true,"tabSize":2}
mean-course/src/app/auth/auth.service.ts: {"insertSpaces":true,"tabSize":2}
mean-course/src/app/header/header.component.ts: {"insertSpaces":true,"tabSize":2}
mean-course/src/app/auth/auth.service.ts: {"insertSpaces":true,"tabSize":2}
mean-course/src/app/auth/auth.service.ts: Using EditorConfig core...
src/app/auth/auth.service.ts: editor.action.trimTrailingWhitespace
mean-course/src/app/header/header.component.ts: {"insertSpaces":true,"tabSize":2}
mean-course/src/app/header/header.component.ts: Using EditorConfig core...
src/app/header/header.component.ts: editor.action.trimTrailingWhitespace
mean-course/src/app/header/header.component.ts: {"insertSpaces":true,"tabSize":2}
mean-course/src/app/header/header.component.ts: {"insertSpaces":true,"tabSize":2}
mean-course/src/app/header/header.component.ts: {"insertSpaces":true,"tabSize":2}
mean-course/src/app/header/header.component.ts: {"insertSpaces":true,"tabSize":2}
mean-course/src/app/header/header.component.ts: {"insertSpaces":true,"tabSize":2}
mean-course/src/app/header/header.component.ts: {"insertSpaces":true,"tabSize":2}
mean-course/src/app/header/header.component.ts: {"insertSpaces":true,"tabSize":2}
mean-course/src/app/header/header.component.ts: {"insertSpaces":true,"tabSize":2}
mean-course/src/app/header/header.component.ts: {"insertSpaces":true,"tabSize":2}
mean-course/src/app/header/header.component.ts: {"insertSpaces":true,"tabSize":2}
mean-course/src/app/header/header.component.ts: {"insertSpaces":true,"tabSize":2}
mean-course/src/app/header/header.component.ts: {"insertSpaces":true,"tabSize":2}
mean-course/src/app/header/header.component.ts: {"insertSpaces":true,"tabSize":2}
mean-course/src/app/header/header.component.ts: {"insertSpaces":true,"tabSize":2}
mean-course/src/app/header/header.component.ts: {"insertSpaces":true,"tabSize":2}
mean-course/src/app/header/header.component.ts: {"insertSpaces":true,"tabSize":2}
mean-course/src/app/header/header.component.ts: {"insertSpaces":true,"tabSize":2}
mean-course/src/app/header/header.component.ts: {"insertSpaces":true,"tabSize":2}
mean-course/src/app/header/header.component.ts: {"insertSpaces":true,"tabSize":2}
mean-course/src/app/header/header.component.ts: {"insertSpaces":true,"tabSize":2}
mean-course/src/app/header/header.component.ts: {"insertSpaces":true,"tabSize":2}
mean-course/src/app/header/header.component.ts: {"insertSpaces":true,"tabSize":2}
mean-course/src/app/header/header.component.ts: {"insertSpaces":true,"tabSize":2}
mean-course/src/app/header/header.component.ts: {"insertSpaces":true,"tabSize":2}
mean-course/src/app/header/header.component.ts: {"insertSpaces":true,"tabSize":2}
mean-course/src/app/header/header.component.ts: {"insertSpaces":true,"tabSize":2}
mean-course/src/app/header/header.component.ts: {"insertSpaces":true,"tabSize":2}
mean-course/src/app/header/header.component.ts: Using EditorConfig core...
src/app/header/header.component.ts: editor.action.trimTrailingWhitespace
mean-course/src/app/header/header.component.html: {"insertSpaces":true,"tabSize":2}
mean-course/src/app/header/header.component.html: {"insertSpaces":true,"tabSize":2}
mean-course/src/app/header/header.component.html: {"insertSpaces":true,"tabSize":2}
mean-course/src/app/header/header.component.html: {"insertSpaces":true,"tabSize":2}
mean-course/src/app/header/header.component.html: {"insertSpaces":true,"tabSize":2}
mean-course/src/app/header/header.component.html: {"insertSpaces":true,"tabSize":2}
mean-course/src/app/header/header.component.html: {"insertSpaces":true,"tabSize":2}
mean-course/src/app/header/header.component.html: Using EditorConfig core...
src/app/header/header.component.html: editor.action.trimTrailingWhitespace
mean-course/src/app/header/header.component.html: {"insertSpaces":true,"tabSize":2}
mean-course/src/app/header/header.component.html: {"insertSpaces":true,"tabSize":2}
mean-course/src/app/header/header.component.html: {"insertSpaces":true,"tabSize":2}
mean-course/src/app/header/header.component.ts: {"insertSpaces":true,"tabSize":2}
mean-course/src/app/auth/auth.service.ts: {"insertSpaces":true,"tabSize":2}
mean-course/src/app/auth/auth.service.ts: Using EditorConfig core...
src/app/auth/auth.service.ts: editor.action.trimTrailingWhitespace
mean-course/src/app/auth/auth.service.ts: {"insertSpaces":true,"tabSize":2}
mean-course/src/app/header/header.component.ts: {"insertSpaces":true,"tabSize":2}
mean-course/src/app/header/header.component.ts: {"insertSpaces":true,"tabSize":2}
mean-course/src/app/auth/auth.service.ts: {"insertSpaces":true,"tabSize":2}
mean-course/src/app/header/header.component.ts: {"insertSpaces":true,"tabSize":2}
mean-course/src/app/auth/auth.service.ts: {"insertSpaces":true,"tabSize":2}
mean-course/src/app/auth/auth.service.ts: Using EditorConfig core...
src/app/auth/auth.service.ts: editor.action.trimTrailingWhitespace
mean-course/src/app/header/header.component.ts: {"insertSpaces":true,"tabSize":2}
mean-course/src/app/header/header.component.ts: Using EditorConfig core...
src/app/header/header.component.ts: editor.action.trimTrailingWhitespace
mean-course/src/app/auth/auth.service.ts: {"insertSpaces":true,"tabSize":2}
mean-course/src/app/auth/auth.service.ts: Using EditorConfig core...
src/app/auth/auth.service.ts: editor.action.trimTrailingWhitespace
mean-course/src/app/header/header.component.ts: {"insertSpaces":true,"tabSize":2}
mean-course/src/app/header/header.component.ts: {"insertSpaces":true,"tabSize":2}
mean-course/src/app/header/header.component.ts: {"insertSpaces":true,"tabSize":2}
mean-course/src/app/header/header.component.ts: {"insertSpaces":true,"tabSize":2}
mean-course/src/app/header/header.component.ts: {"insertSpaces":true,"tabSize":2}
mean-course/src/app/header/header.component.ts: {"insertSpaces":true,"tabSize":2}
mean-course/src/app/auth/auth.service.ts: {"insertSpaces":true,"tabSize":2}
mean-course/src/app/auth/auth.service.ts: {"insertSpaces":true,"tabSize":2}
mean-course/src/app/header/header.component.ts: {"insertSpaces":true,"tabSize":2}
mean-course/src/app/header/header.component.ts: {"insertSpaces":true,"tabSize":2}
mean-course/src/app/header/header.component.ts: {"insertSpaces":true,"tabSize":2}
mean-course/src/app/header/header.component.ts: {"insertSpaces":true,"tabSize":2}
mean-course/src/app/auth/auth.service.ts: {"insertSpaces":true,"tabSize":2}
mean-course/src/app/auth/auth.service.ts: {"insertSpaces":true,"tabSize":2}
mean-course/src/app/header/header.component.ts: {"insertSpaces":true,"tabSize":2}
mean-course/src/app/auth/auth.service.ts: {"insertSpaces":true,"tabSize":2}
mean-course/src/app/auth/auth.service.ts: Using EditorConfig core...
src/app/auth/auth.service.ts: editor.action.trimTrailingWhitespace
mean-course/src/app/header/header.component.ts: {"insertSpaces":true,"tabSize":2}
mean-course/src/app/header/header.component.ts: Using EditorConfig core...
src/app/header/header.component.ts: editor.action.trimTrailingWhitespace
mean-course/src/app/auth/auth.service.ts: {"insertSpaces":true,"tabSize":2}
mean-course/src/app/auth/auth.service.ts: Using EditorConfig core...
src/app/auth/auth.service.ts: editor.action.trimTrailingWhitespace
mean-course/src/app/auth/auth.service.ts: {"insertSpaces":true,"tabSize":2}
mean-course/src/app/auth/auth.service.ts: {"insertSpaces":true,"tabSize":2}
mean-course/src/app/auth/auth.service.ts: Using EditorConfig core...
src/app/auth/auth.service.ts: editor.action.trimTrailingWhitespace
mean-course/src/app/header/header.component.ts: {"insertSpaces":true,"tabSize":2}
mean-course/src/app/header/header.component.ts: {"insertSpaces":true,"tabSize":2}
mean-course/src/app/header/header.component.ts: {"insertSpaces":true,"tabSize":2}
mean-course/src/app/header/header.component.html: {"insertSpaces":true,"tabSize":2}
mean-course/src/app/header/header.component.html: {"insertSpaces":true,"tabSize":2}
mean-course/src/app/header/header.component.html: Using EditorConfig core...
src/app/header/header.component.html: editor.action.trimTrailingWhitespace
mean-course/src/app/header/header.component.html: {"insertSpaces":true,"tabSize":2}
