[2020-07-25 21:15:57.837] [exthost] [info] extension host started
[2020-07-25 21:15:58.920] [exthost] [info] ExtensionService#_doActivateExtension vscode.emmet {"startup":false,"activationEvent":"onLanguage:html"}
[2020-07-25 21:15:58.920] [exthost] [info] ExtensionService#loadCommonJSModule /usr/share/code/resources/app/extensions/emmet/dist/extension
[2020-07-25 21:15:59.043] [exthost] [info] ExtensionService#_doActivateExtension vscode.html-language-features {"startup":false,"activationEvent":"onLanguage:html"}
[2020-07-25 21:15:59.043] [exthost] [info] ExtensionService#loadCommonJSModule /usr/share/code/resources/app/extensions/html-language-features/client/dist/htmlMain
[2020-07-25 21:15:59.288] [exthost] [info] ExtensionService#_doActivateExtension Angular.ng-template {"startup":false,"activationEvent":"onLanguage:html"}
[2020-07-25 21:15:59.288] [exthost] [info] ExtensionService#loadCommonJSModule /root/.vscode/extensions/angular.ng-template-0.900.5/client
[2020-07-25 21:16:00.526] [exthost] [info] ExtensionService#_doActivateExtension vscode.debug-auto-launch {"startup":true,"activationEvent":"*"}
[2020-07-25 21:16:00.526] [exthost] [info] ExtensionService#loadCommonJSModule /usr/share/code/resources/app/extensions/debug-auto-launch/dist/extension
[2020-07-25 21:16:00.571] [exthost] [info] ExtensionService#_doActivateExtension vscode.git {"startup":true,"activationEvent":"*"}
[2020-07-25 21:16:00.571] [exthost] [info] ExtensionService#loadCommonJSModule /usr/share/code/resources/app/extensions/git/dist/main
[2020-07-25 21:16:00.770] [exthost] [info] ExtensionService#_doActivateExtension vscode.merge-conflict {"startup":true,"activationEvent":"*"}
[2020-07-25 21:16:00.770] [exthost] [info] ExtensionService#loadCommonJSModule /usr/share/code/resources/app/extensions/merge-conflict/dist/extension
[2020-07-25 21:16:00.875] [exthost] [info] ExtensionService#_doActivateExtension dbaeumer.vscode-eslint {"startup":true,"activationEvent":"*"}
[2020-07-25 21:16:00.875] [exthost] [info] ExtensionService#loadCommonJSModule /root/.vscode/extensions/dbaeumer.vscode-eslint-1.9.1/client/out/extension
[2020-07-25 21:16:00.949] [exthost] [info] ExtensionService#_doActivateExtension EditorConfig.EditorConfig {"startup":true,"activationEvent":"*"}
[2020-07-25 21:16:00.949] [exthost] [info] ExtensionService#loadCommonJSModule /root/.vscode/extensions/editorconfig.editorconfig-0.13.0/out/src/editorConfigMain
[2020-07-25 21:16:02.138] [exthost] [info] ExtensionService#_doActivateExtension esbenp.prettier-vscode {"startup":true,"activationEvent":"*"}
[2020-07-25 21:16:02.138] [exthost] [info] ExtensionService#loadCommonJSModule /root/.vscode/extensions/esbenp.prettier-vscode-3.20.0/dist/extension
[2020-07-25 21:16:02.952] [exthost] [info] ExtensionService#_doActivateExtension HookyQR.beautify {"startup":true,"activationEvent":"*"}
[2020-07-25 21:16:02.952] [exthost] [info] ExtensionService#loadCommonJSModule /root/.vscode/extensions/hookyqr.beautify-1.5.0/extension
[2020-07-25 21:16:03.419] [exthost] [info] ExtensionService#_doActivateExtension johnpapa.vscode-peacock {"startup":true,"activationEvent":"*"}
[2020-07-25 21:16:03.419] [exthost] [info] ExtensionService#loadCommonJSModule /root/.vscode/extensions/johnpapa.vscode-peacock-3.7.2/dist/extension
[2020-07-25 21:16:03.467] [exthost] [info] ExtensionService#_doActivateExtension nrwl.angular-console {"startup":true,"activationEvent":"*"}
[2020-07-25 21:16:03.467] [exthost] [info] ExtensionService#loadCommonJSModule /root/.vscode/extensions/nrwl.angular-console-12.0.0/main.js
[2020-07-25 21:16:04.977] [exthost] [info] ExtensionService#_doActivateExtension PKief.material-icon-theme {"startup":true,"activationEvent":"*"}
[2020-07-25 21:16:04.977] [exthost] [info] ExtensionService#loadCommonJSModule /root/.vscode/extensions/pkief.material-icon-theme-4.2.0/dist/extension
[2020-07-25 21:16:05.017] [exthost] [info] eager extensions activated
[2020-07-25 21:40:31.831] [exthost] [info] ExtensionService#_doActivateExtension vscode.extension-editing {"startup":false,"activationEvent":"onLanguage:typescript"}
[2020-07-25 21:40:31.831] [exthost] [info] ExtensionService#loadCommonJSModule /usr/share/code/resources/app/extensions/extension-editing/dist/extension
[2020-07-25 21:40:31.994] [exthost] [info] ExtensionService#_doActivateExtension vscode.typescript-language-features {"startup":false,"activationEvent":"onLanguage:typescript"}
[2020-07-25 21:40:31.994] [exthost] [info] ExtensionService#loadCommonJSModule /usr/share/code/resources/app/extensions/typescript-language-features/dist/extension
[2020-07-25 21:51:01.295] [exthost] [info] ExtensionService#_doActivateExtension vscode.configuration-editing {"startup":false,"activationEvent":"onLanguage:jsonc"}
[2020-07-25 21:51:01.296] [exthost] [info] ExtensionService#loadCommonJSModule /usr/share/code/resources/app/extensions/configuration-editing/dist/extension
[2020-07-25 21:51:01.358] [exthost] [info] ExtensionService#_doActivateExtension vscode.json-language-features {"startup":false,"activationEvent":"onLanguage:jsonc"}
[2020-07-25 21:51:01.358] [exthost] [info] ExtensionService#loadCommonJSModule /usr/share/code/resources/app/extensions/json-language-features/client/dist/jsonMain
[2020-07-25 21:51:02.090] [exthost] [error] [vscode.typescript-language-features] provider FAILED
[2020-07-25 21:51:02.090] [exthost] [error] Error: DisposableStore is missing...
	at R._convertCompletionItem (/usr/share/code/resources/app/out/vs/workbench/services/extensions/node/extensionHostProcess.js:554:618)
	at define.resolveCompletionItem.o.asPromise.then.e (/usr/share/code/resources/app/out/vs/workbench/services/extensions/node/extensionHostProcess.js:554:248)
[2020-07-25 22:11:37.365] [exthost] [info] ExtensionService#_doActivateExtension vscode.css-language-features {"startup":false,"activationEvent":"onLanguage:css"}
[2020-07-25 22:11:37.365] [exthost] [info] ExtensionService#loadCommonJSModule /usr/share/code/resources/app/extensions/css-language-features/client/dist/cssMain
