[2020-07-27 20:02:49.621] [sharedprocess] [info] main {"machineId":"83e9ad45f8f107146454c40b808f7e1782b5384357b1f6831175507fe5f64dc2","windowId":2}
[2020-07-27 20:02:57.096] [sharedprocess] [info] Installing extension: angular.ng-template
[2020-07-27 20:02:57.096] [sharedprocess] [info] Installing extension: dbaeumer.vscode-eslint
[2020-07-27 20:02:57.096] [sharedprocess] [info] Installing extension: editorconfig.editorconfig
[2020-07-27 20:02:57.096] [sharedprocess] [info] Installing extension: eg2.vscode-npm-script
[2020-07-27 20:02:57.096] [sharedprocess] [info] Installing extension: esbenp.prettier-vscode
[2020-07-27 20:02:57.097] [sharedprocess] [info] Installing extension: johnpapa.angular2
[2020-07-27 20:02:57.097] [sharedprocess] [info] Installing extension: msjsdiag.debugger-for-chrome
[2020-07-27 20:02:59.422] [sharedprocess] [info] Downloaded extension: dbaeumer.vscode-eslint /home/sanjay/mean-stack/mean-course/~/.vscode-root/CachedExtensionVSIXs/dbaeumer.vscode-eslint-2.1.8
[2020-07-27 20:02:59.423] [sharedprocess] [info] Downloaded extension: editorconfig.editorconfig /home/sanjay/mean-stack/mean-course/~/.vscode-root/CachedExtensionVSIXs/editorconfig.editorconfig-0.15.1
[2020-07-27 20:02:59.423] [sharedprocess] [info] Downloaded extension: eg2.vscode-npm-script /home/sanjay/mean-stack/mean-course/~/.vscode-root/CachedExtensionVSIXs/eg2.vscode-npm-script-0.3.12
[2020-07-27 20:02:59.530] [sharedprocess] [info] Extracted extension to /root/.vscode/extensions/.dbaeumer.vscode-eslint-2.1.8: dbaeumer.vscode-eslint
[2020-07-27 20:02:59.530] [sharedprocess] [info] Renamed to /root/.vscode/extensions/dbaeumer.vscode-eslint-2.1.8
[2020-07-27 20:02:59.533] [sharedprocess] [info] Installation completed. dbaeumer.vscode-eslint
[2020-07-27 20:02:59.853] [sharedprocess] [info] Extracted extension to /root/.vscode/extensions/.eg2.vscode-npm-script-0.3.12: eg2.vscode-npm-script
[2020-07-27 20:02:59.853] [sharedprocess] [info] Renamed to /root/.vscode/extensions/eg2.vscode-npm-script-0.3.12
[2020-07-27 20:02:59.855] [sharedprocess] [info] Installation completed. eg2.vscode-npm-script
[2020-07-27 20:02:59.871] [sharedprocess] [info] Extracted extension to /root/.vscode/extensions/.editorconfig.editorconfig-0.15.1: editorconfig.editorconfig
[2020-07-27 20:02:59.872] [sharedprocess] [info] Renamed to /root/.vscode/extensions/editorconfig.editorconfig-0.15.1
[2020-07-27 20:02:59.873] [sharedprocess] [info] Installation completed. editorconfig.editorconfig
[2020-07-27 20:02:59.982] [sharedprocess] [info] Extensions installed successfully: dbaeumer.vscode-eslint
[2020-07-27 20:03:00.115] [sharedprocess] [info] Extensions installed successfully: editorconfig.editorconfig
[2020-07-27 20:03:00.182] [sharedprocess] [info] Extensions installed successfully: eg2.vscode-npm-script
[2020-07-27 20:03:05.606] [sharedprocess] [info] Downloaded extension: johnpapa.angular2 /home/sanjay/mean-stack/mean-course/~/.vscode-root/CachedExtensionVSIXs/johnpapa.angular2-9.1.2
[2020-07-27 20:03:06.135] [sharedprocess] [info] Extracted extension to /root/.vscode/extensions/.johnpapa.angular2-9.1.2: johnpapa.angular2
[2020-07-27 20:03:06.135] [sharedprocess] [info] Renamed to /root/.vscode/extensions/johnpapa.angular2-9.1.2
[2020-07-27 20:03:06.136] [sharedprocess] [info] Installation completed. johnpapa.angular2
[2020-07-27 20:03:06.182] [sharedprocess] [info] Downloaded extension: esbenp.prettier-vscode /home/sanjay/mean-stack/mean-course/~/.vscode-root/CachedExtensionVSIXs/esbenp.prettier-vscode-5.1.3
[2020-07-27 20:03:06.499] [sharedprocess] [info] Extensions installed successfully: johnpapa.angular2
[2020-07-27 20:03:06.864] [sharedprocess] [info] Extracted extension to /root/.vscode/extensions/.esbenp.prettier-vscode-5.1.3: esbenp.prettier-vscode
[2020-07-27 20:03:06.864] [sharedprocess] [info] Renamed to /root/.vscode/extensions/esbenp.prettier-vscode-5.1.3
[2020-07-27 20:03:06.865] [sharedprocess] [info] Installation completed. esbenp.prettier-vscode
[2020-07-27 20:03:07.461] [sharedprocess] [info] Extensions installed successfully: esbenp.prettier-vscode
[2020-07-27 20:03:10.049] [sharedprocess] [info] Downloaded extension: msjsdiag.debugger-for-chrome /home/sanjay/mean-stack/mean-course/~/.vscode-root/CachedExtensionVSIXs/msjsdiag.debugger-for-chrome-4.12.9
[2020-07-27 20:03:10.887] [sharedprocess] [info] Extracted extension to /root/.vscode/extensions/.msjsdiag.debugger-for-chrome-4.12.9: msjsdiag.debugger-for-chrome
[2020-07-27 20:03:10.888] [sharedprocess] [info] Renamed to /root/.vscode/extensions/msjsdiag.debugger-for-chrome-4.12.9
[2020-07-27 20:03:10.889] [sharedprocess] [info] Installation completed. msjsdiag.debugger-for-chrome
[2020-07-27 20:03:11.112] [sharedprocess] [info] Extensions installed successfully: msjsdiag.debugger-for-chrome
[2020-07-27 20:03:18.047] [sharedprocess] [info] Downloaded extension: angular.ng-template /home/sanjay/mean-stack/mean-course/~/.vscode-root/CachedExtensionVSIXs/angular.ng-template-0.1000.4
[2020-07-27 20:03:28.764] [sharedprocess] [info] Extracted extension to /root/.vscode/extensions/.angular.ng-template-0.1000.4: angular.ng-template
[2020-07-27 20:03:28.764] [sharedprocess] [info] Renamed to /root/.vscode/extensions/angular.ng-template-0.1000.4
[2020-07-27 20:03:28.765] [sharedprocess] [info] Installation completed. angular.ng-template
[2020-07-27 20:03:29.078] [sharedprocess] [info] Extensions installed successfully: angular.ng-template
[2020-07-27 20:03:29.647] [sharedprocess] [info] Starting to clean up unused language packs.
