Initializing document watcher...
mean-course/src/app/post/post.service.ts: Using EditorConfig core...
src/app/post/post.service.ts: editor.action.trimTrailingWhitespace
mean-course/backend/routes/posts.js: {"insertSpaces":true,"tabSize":2}
mean-course/backend/routes/posts.js: {"insertSpaces":true,"tabSize":2}
mean-course/backend/routes/posts.js: {"insertSpaces":true,"tabSize":2}
mean-course/backend/routes/posts.js: {"insertSpaces":true,"tabSize":2}
mean-course/backend/routes/posts.js: {"insertSpaces":true,"tabSize":2}
mean-course/backend/routes/posts.js: {"insertSpaces":true,"tabSize":2}
mean-course/backend/routes/posts.js: {"insertSpaces":true,"tabSize":2}
mean-course/backend/routes/posts.js: {"insertSpaces":true,"tabSize":2}
mean-course/backend/routes/posts.js: {"insertSpaces":true,"tabSize":2}
mean-course/backend/routes/posts.js: Using EditorConfig core...
backend/routes/posts.js: editor.action.trimTrailingWhitespace
mean-course/backend/routes/posts.js: {"insertSpaces":true,"tabSize":2}
mean-course/backend/routes/posts.js: {"insertSpaces":true,"tabSize":2}
mean-course/backend/routes/posts.js: {"insertSpaces":true,"tabSize":2}
mean-course/backend/routes/posts.js: {"insertSpaces":true,"tabSize":2}
mean-course/backend/routes/posts.js: {"insertSpaces":true,"tabSize":2}
mean-course/backend/routes/posts.js: {"insertSpaces":true,"tabSize":2}
mean-course/backend/routes/posts.js: {"insertSpaces":true,"tabSize":2}
mean-course/backend/routes/posts.js: {"insertSpaces":true,"tabSize":2}
mean-course/backend/routes/posts.js: {"insertSpaces":true,"tabSize":2}
mean-course/backend/routes/posts.js: {"insertSpaces":true,"tabSize":2}
mean-course/backend/routes/posts.js: {"insertSpaces":true,"tabSize":2}
mean-course/backend/routes/posts.js: {"insertSpaces":true,"tabSize":2}
mean-course/backend/routes/posts.js: {"insertSpaces":true,"tabSize":2}
mean-course/backend/routes/posts.js: Using EditorConfig core...
backend/routes/posts.js: editor.action.trimTrailingWhitespace
mean-course/backend/routes/posts.js: {"insertSpaces":true,"tabSize":2}
mean-course/backend/routes/posts.js: {"insertSpaces":true,"tabSize":2}
mean-course/backend/routes/posts.js: Using EditorConfig core...
backend/routes/posts.js: editor.action.trimTrailingWhitespace
mean-course/backend/routes/posts.js: {"insertSpaces":true,"tabSize":2}
mean-course/backend/routes/posts.js: {"insertSpaces":true,"tabSize":2}
mean-course/backend/routes/posts.js: {"insertSpaces":true,"tabSize":2}
mean-course/backend/routes/posts.js: {"insertSpaces":true,"tabSize":2}
mean-course/backend/routes/posts.js: Using EditorConfig core...
backend/routes/posts.js: editor.action.trimTrailingWhitespace
mean-course/backend/routes/posts.js: {"insertSpaces":true,"tabSize":2}
mean-course/backend/routes/posts.js: Using EditorConfig core...
backend/routes/posts.js: editor.action.trimTrailingWhitespace
mean-course/backend/routes/posts.js: {"insertSpaces":true,"tabSize":2}
mean-course/backend/routes/posts.js: {"insertSpaces":true,"tabSize":2}
mean-course/backend/routes/posts.js: Using EditorConfig core...
backend/routes/posts.js: editor.action.trimTrailingWhitespace
mean-course/backend/routes/posts.js: {"insertSpaces":true,"tabSize":2}
mean-course/backend/routes/posts.js: {"insertSpaces":true,"tabSize":2}
mean-course/backend/routes/posts.js: {"insertSpaces":true,"tabSize":2}
mean-course/backend/routes/posts.js: Using EditorConfig core...
backend/routes/posts.js: editor.action.trimTrailingWhitespace
mean-course/backend/routes/posts.js: {"insertSpaces":true,"tabSize":2}
mean-course/backend/routes/posts.js: {"insertSpaces":true,"tabSize":2}
mean-course/backend/models/user.js: {"insertSpaces":true,"tabSize":2}
mean-course/backend/routes/user.js: {"insertSpaces":true,"tabSize":2}
mean-course/backend/routes/user.js: {"insertSpaces":true,"tabSize":2}
mean-course/backend/models/user.js: {"insertSpaces":true,"tabSize":2}
mean-course/backend/routes/user.js: {"insertSpaces":true,"tabSize":2}
mean-course/backend/routes/user.js: {"insertSpaces":true,"tabSize":2}
mean-course/backend/models/user.js: {"insertSpaces":true,"tabSize":2}
mean-course/backend/routes/user.js: {"insertSpaces":true,"tabSize":2}
mean-course/backend/models/user.js: {"insertSpaces":true,"tabSize":2}
mean-course/backend/routes/user.js: {"insertSpaces":true,"tabSize":2}
mean-course/backend/models/user.js: {"insertSpaces":true,"tabSize":2}
mean-course/backend/routes/user.js: {"insertSpaces":true,"tabSize":2}
mean-course/backend/routes/user.js: {"insertSpaces":true,"tabSize":2}
mean-course/backend/routes/user.js: {"insertSpaces":true,"tabSize":2}
mean-course/backend/routes/user.js: {"insertSpaces":true,"tabSize":2}
mean-course/backend/routes/user.js: {"insertSpaces":true,"tabSize":2}
mean-course/backend/routes/user.js: {"insertSpaces":true,"tabSize":2}
mean-course/backend/routes/user.js: Using EditorConfig core...
backend/routes/user.js: editor.action.trimTrailingWhitespace
mean-course/backend/routes/user.js: {"insertSpaces":true,"tabSize":2}
mean-course/backend/routes/user.js: {"insertSpaces":true,"tabSize":2}
mean-course/src/app/auth/auth.service.ts: {"insertSpaces":true,"tabSize":2}
mean-course/src/app/auth/auth.service.ts: {"insertSpaces":true,"tabSize":2}
mean-course/src/app/auth/auth.service.ts: {"insertSpaces":true,"tabSize":2}
mean-course/src/app/auth/auth.service.ts: {"insertSpaces":true,"tabSize":2}
mean-course/src/app/auth/auth.service.ts: {"insertSpaces":true,"tabSize":2}
mean-course/src/app/auth/auth.service.ts: {"insertSpaces":true,"tabSize":2}
mean-course/src/app/auth/auth.service.ts: {"insertSpaces":true,"tabSize":2}
mean-course/src/app/auth/auth.service.ts: {"insertSpaces":true,"tabSize":2}
mean-course/src/app/auth/auth.service.ts: {"insertSpaces":true,"tabSize":2}
mean-course/src/app/auth/auth.service.ts: {"insertSpaces":true,"tabSize":2}
mean-course/src/app/auth/auth.service.ts: {"insertSpaces":true,"tabSize":2}
mean-course/src/app/auth/auth.service.ts: {"insertSpaces":true,"tabSize":2}
mean-course/src/app/auth/auth.service.ts: {"insertSpaces":true,"tabSize":2}
mean-course/src/app/auth/auth.service.ts: {"insertSpaces":true,"tabSize":2}
mean-course/src/app/auth/auth.service.ts: {"insertSpaces":true,"tabSize":2}
mean-course/src/app/auth/auth.service.ts: {"insertSpaces":true,"tabSize":2}
mean-course/src/app/auth/auth.service.ts: {"insertSpaces":true,"tabSize":2}
mean-course/src/app/auth/auth.service.ts: {"insertSpaces":true,"tabSize":2}
mean-course/src/app/auth/auth.service.ts: {"insertSpaces":true,"tabSize":2}
mean-course/src/app/auth/auth.service.ts: {"insertSpaces":true,"tabSize":2}
mean-course/src/app/auth/auth.service.ts: {"insertSpaces":true,"tabSize":2}
mean-course/src/app/auth/auth.service.ts: {"insertSpaces":true,"tabSize":2}
mean-course/src/app/auth/auth.service.ts: {"insertSpaces":true,"tabSize":2}
mean-course/src/app/auth/auth.service.ts: Using EditorConfig core...
src/app/auth/auth.service.ts: editor.action.trimTrailingWhitespace
mean-course/src/app/post/post-list/post-list.component.ts: {"insertSpaces":true,"tabSize":2}
mean-course/src/app/post/post-list/post-list.component.ts: {"insertSpaces":true,"tabSize":2}
mean-course/src/app/post/post-list/post-list.component.ts: {"insertSpaces":true,"tabSize":2}
mean-course/src/app/post/post-list/post-list.component.ts: {"insertSpaces":true,"tabSize":2}
mean-course/src/app/post/post-list/post-list.component.ts: {"insertSpaces":true,"tabSize":2}
mean-course/src/app/post/post-list/post-list.component.ts: {"insertSpaces":true,"tabSize":2}
mean-course/src/app/post/post-list/post-list.component.ts: {"insertSpaces":true,"tabSize":2}
mean-course/src/app/post/post-list/post-list.component.ts: {"insertSpaces":true,"tabSize":2}
mean-course/src/app/post/post-list/post-list.component.ts: {"insertSpaces":true,"tabSize":2}
mean-course/src/app/post/post-list/post-list.component.ts: {"insertSpaces":true,"tabSize":2}
mean-course/src/app/post/post-list/post-list.component.ts: {"insertSpaces":true,"tabSize":2}
mean-course/src/app/post/post-list/post-list.component.ts: {"insertSpaces":true,"tabSize":2}
mean-course/src/app/post/post-list/post-list.component.ts: {"insertSpaces":true,"tabSize":2}
mean-course/src/app/post/post-list/post-list.component.ts: {"insertSpaces":true,"tabSize":2}
mean-course/src/app/post/post-list/post-list.component.ts: {"insertSpaces":true,"tabSize":2}
mean-course/src/app/post/post-list/post-list.component.ts: {"insertSpaces":true,"tabSize":2}
mean-course/src/app/post/post-list/post-list.component.ts: {"insertSpaces":true,"tabSize":2}
mean-course/src/app/post/post-list/post-list.component.ts: {"insertSpaces":true,"tabSize":2}
mean-course/src/app/post/post-list/post-list.component.ts: {"insertSpaces":true,"tabSize":2}
mean-course/src/app/post/post-list/post-list.component.ts: {"insertSpaces":true,"tabSize":2}
mean-course/src/app/post/post-list/post-list.component.ts: {"insertSpaces":true,"tabSize":2}
mean-course/src/app/post/post-list/post-list.component.ts: {"insertSpaces":true,"tabSize":2}
mean-course/src/app/post/post-list/post-list.component.ts: Using EditorConfig core...
src/app/post/post-list/post-list.component.ts: editor.action.trimTrailingWhitespace
mean-course/src/app/post/post-list/post-list.component.ts: {"insertSpaces":true,"tabSize":2}
mean-course/src/app/post/post-list/post-list.component.ts: {"insertSpaces":true,"tabSize":2}
mean-course/src/app/post/post-list/post-list.component.ts: {"insertSpaces":true,"tabSize":2}
mean-course/src/app/post/post-list/post-list.component.ts: {"insertSpaces":true,"tabSize":2}
mean-course/src/app/post/post-list/post-list.component.ts: {"insertSpaces":true,"tabSize":2}
mean-course/src/app/post/post-list/post-list.component.ts: {"insertSpaces":true,"tabSize":2}
mean-course/src/app/post/post-list/post-list.component.ts: {"insertSpaces":true,"tabSize":2}
mean-course/src/app/post/post-list/post-list.component.ts: {"insertSpaces":true,"tabSize":2}
mean-course/src/app/post/post-list/post-list.component.ts: {"insertSpaces":true,"tabSize":2}
mean-course/src/app/post/post-list/post-list.component.ts: {"insertSpaces":true,"tabSize":2}
mean-course/src/app/post/post-list/post-list.component.ts: {"insertSpaces":true,"tabSize":2}
mean-course/src/app/post/post-list/post-list.component.ts: {"insertSpaces":true,"tabSize":2}
mean-course/src/app/post/post-list/post-list.component.ts: {"insertSpaces":true,"tabSize":2}
mean-course/src/app/post/post-list/post-list.component.ts: {"insertSpaces":true,"tabSize":2}
mean-course/src/app/post/post-list/post-list.component.ts: {"insertSpaces":true,"tabSize":2}
mean-course/src/app/post/post-list/post-list.component.ts: {"insertSpaces":true,"tabSize":2}
mean-course/src/app/post/post-list/post-list.component.ts: {"insertSpaces":true,"tabSize":2}
mean-course/src/app/post/post-list/post-list.component.ts: {"insertSpaces":true,"tabSize":2}
mean-course/src/app/post/post-list/post-list.component.ts: Using EditorConfig core...
src/app/post/post-list/post-list.component.ts: editor.action.trimTrailingWhitespace
mean-course/src/app/post/post-list/post-list.component.ts: Using EditorConfig core...
src/app/post/post-list/post-list.component.ts: editor.action.trimTrailingWhitespace
mean-course/src/app/post/post-list/post-list.component.ts: {"insertSpaces":true,"tabSize":2}
mean-course/src/app/auth/auth.service.ts: {"insertSpaces":true,"tabSize":2}
mean-course/src/app/auth/auth.service.ts: {"insertSpaces":true,"tabSize":2}
mean-course/src/app/auth/auth.service.ts: {"insertSpaces":true,"tabSize":2}
mean-course/src/app/auth/auth.service.ts: {"insertSpaces":true,"tabSize":2}
mean-course/src/app/auth/auth.service.ts: {"insertSpaces":true,"tabSize":2}
mean-course/src/app/auth/auth.service.ts: {"insertSpaces":true,"tabSize":2}
mean-course/src/app/auth/auth.service.ts: {"insertSpaces":true,"tabSize":2}
mean-course/src/app/auth/auth.service.ts: {"insertSpaces":true,"tabSize":2}
mean-course/src/app/auth/auth.service.ts: {"insertSpaces":true,"tabSize":2}
mean-course/src/app/auth/auth.service.ts: {"insertSpaces":true,"tabSize":2}
mean-course/src/app/auth/auth.service.ts: {"insertSpaces":true,"tabSize":2}
mean-course/src/app/auth/auth.service.ts: {"insertSpaces":true,"tabSize":2}
mean-course/src/app/auth/auth.service.ts: {"insertSpaces":true,"tabSize":2}
mean-course/src/app/auth/auth.service.ts: Using EditorConfig core...
src/app/auth/auth.service.ts: editor.action.trimTrailingWhitespace
mean-course/src/app/auth/auth.service.ts: {"insertSpaces":true,"tabSize":2}
mean-course/src/app/auth/auth.service.ts: {"insertSpaces":true,"tabSize":2}
mean-course/src/app/auth/auth.service.ts: {"insertSpaces":true,"tabSize":2}
mean-course/src/app/auth/auth.service.ts: {"insertSpaces":true,"tabSize":2}
mean-course/src/app/auth/auth.service.ts: {"insertSpaces":true,"tabSize":2}
mean-course/src/app/auth/auth.service.ts: {"insertSpaces":true,"tabSize":2}
mean-course/src/app/auth/auth.service.ts: {"insertSpaces":true,"tabSize":2}
mean-course/src/app/auth/auth.service.ts: {"insertSpaces":true,"tabSize":2}
mean-course/src/app/auth/auth.service.ts: {"insertSpaces":true,"tabSize":2}
mean-course/src/app/auth/auth.service.ts: {"insertSpaces":true,"tabSize":2}
mean-course/src/app/auth/auth.service.ts: {"insertSpaces":true,"tabSize":2}
mean-course/src/app/auth/auth.service.ts: {"insertSpaces":true,"tabSize":2}
mean-course/src/app/auth/auth.service.ts: {"insertSpaces":true,"tabSize":2}
mean-course/src/app/auth/auth.service.ts: {"insertSpaces":true,"tabSize":2}
mean-course/src/app/auth/auth.service.ts: {"insertSpaces":true,"tabSize":2}
mean-course/src/app/auth/auth.service.ts: {"insertSpaces":true,"tabSize":2}
mean-course/src/app/auth/auth.service.ts: {"insertSpaces":true,"tabSize":2}
mean-course/src/app/auth/auth.service.ts: Using EditorConfig core...
src/app/auth/auth.service.ts: editor.action.trimTrailingWhitespace
mean-course/src/app/post/post-list/post-list.component.ts: {"insertSpaces":true,"tabSize":2}
mean-course/src/app/auth/auth.service.ts: {"insertSpaces":true,"tabSize":2}
mean-course/src/app/auth/auth.service.ts: Using EditorConfig core...
src/app/auth/auth.service.ts: editor.action.trimTrailingWhitespace
mean-course/src/app/post/post-list/post-list.component.ts: {"insertSpaces":true,"tabSize":2}
mean-course/src/app/post/post-list/post-list.component.ts: {"insertSpaces":true,"tabSize":2}
mean-course/src/app/post/post.service.ts: {"insertSpaces":true,"tabSize":2}
mean-course/src/app/post/post.service.ts: {"insertSpaces":true,"tabSize":2}
mean-course/src/app/post/post-list/post-list.component.html: {"insertSpaces":true,"tabSize":2}
mean-course/src/app/post/post-list/post-list.component.html: {"insertSpaces":true,"tabSize":2}
mean-course/src/app/post/post-list/post-list.component.html: {"insertSpaces":true,"tabSize":2}
mean-course/src/app/post/post-list/post-list.component.html: {"insertSpaces":true,"tabSize":2}
mean-course/src/app/post/post-list/post-list.component.html: {"insertSpaces":true,"tabSize":2}
mean-course/src/app/post/post-list/post-list.component.html: {"insertSpaces":true,"tabSize":2}
mean-course/src/app/post/post-list/post-list.component.html: {"insertSpaces":true,"tabSize":2}
mean-course/src/app/post/post-list/post-list.component.html: {"insertSpaces":true,"tabSize":2}
mean-course/src/app/post/post-list/post-list.component.html: {"insertSpaces":true,"tabSize":2}
mean-course/src/app/post/post-list/post-list.component.html: {"insertSpaces":true,"tabSize":2}
mean-course/src/app/post/post-list/post-list.component.html: {"insertSpaces":true,"tabSize":2}
mean-course/src/app/post/post.model.ts: {"insertSpaces":true,"tabSize":2}
mean-course/src/app/post/post.model.ts: {"insertSpaces":true,"tabSize":2}
mean-course/src/app/post/post.model.ts: {"insertSpaces":true,"tabSize":2}
mean-course/src/app/post/post.model.ts: Using EditorConfig core...
src/app/post/post.model.ts: editor.action.trimTrailingWhitespace
mean-course/src/app/post/post.service.ts: {"insertSpaces":true,"tabSize":2}
mean-course/src/app/post/post.service.ts: {"insertSpaces":true,"tabSize":2}
mean-course/src/app/post/post.service.ts: {"insertSpaces":true,"tabSize":2}
mean-course/src/app/post/post.service.ts: {"insertSpaces":true,"tabSize":2}
mean-course/backend/routes/posts.js: {"insertSpaces":true,"tabSize":2}
mean-course/backend/routes/posts.js: {"insertSpaces":true,"tabSize":2}
mean-course/backend/routes/posts.js: {"insertSpaces":true,"tabSize":2}
mean-course/backend/routes/posts.js: {"insertSpaces":true,"tabSize":2}
mean-course/backend/routes/posts.js: {"insertSpaces":true,"tabSize":2}
mean-course/backend/routes/posts.js: {"insertSpaces":true,"tabSize":2}
mean-course/backend/routes/posts.js: {"insertSpaces":true,"tabSize":2}
mean-course/backend/routes/posts.js: Using EditorConfig core...
backend/routes/posts.js: editor.action.trimTrailingWhitespace
mean-course/backend/routes/posts.js: {"insertSpaces":true,"tabSize":2}
mean-course/src/app/auth/auth.service.ts: {"insertSpaces":true,"tabSize":2}
mean-course/src/app/post/post.service.ts: {"insertSpaces":true,"tabSize":2}
mean-course/src/app/post/post.service.ts: {"insertSpaces":true,"tabSize":2}
mean-course/src/app/post/post-list/post-list.component.html: {"insertSpaces":true,"tabSize":2}
mean-course/src/app/post/post-list/post-list.component.html: {"insertSpaces":true,"tabSize":2}
mean-course/src/app/post/post-list/post-list.component.html: {"insertSpaces":true,"tabSize":2}
mean-course/src/app/post/post-list/post-list.component.html: {"insertSpaces":true,"tabSize":2}
mean-course/src/app/post/post-list/post-list.component.html: {"insertSpaces":true,"tabSize":2}
mean-course/src/app/post/post-create/post-create.component.ts: {"insertSpaces":true,"tabSize":2}
mean-course/src/app/post/post-create/post-create.component.ts: {"insertSpaces":true,"tabSize":2}
mean-course/src/app/post/post-create/post-create.component.ts: {"insertSpaces":true,"tabSize":2}
mean-course/src/app/post/post.service.ts: {"insertSpaces":true,"tabSize":2}
mean-course/src/app/post/post.service.ts: {"insertSpaces":true,"tabSize":2}
mean-course/src/app/post/post.service.ts: {"insertSpaces":true,"tabSize":2}
mean-course/src/app/post/post.service.ts: {"insertSpaces":true,"tabSize":2}
mean-course/src/app/post/post.service.ts: {"insertSpaces":true,"tabSize":2}
mean-course/src/app/post/post.service.ts: {"insertSpaces":true,"tabSize":2}
mean-course/src/app/post/post.service.ts: {"insertSpaces":true,"tabSize":2}
mean-course/src/app/post/post.service.ts: {"insertSpaces":true,"tabSize":2}
mean-course/src/app/post/post.service.ts: {"insertSpaces":true,"tabSize":2}
mean-course/src/app/post/post.service.ts: {"insertSpaces":true,"tabSize":2}
mean-course/src/app/post/post.service.ts: {"insertSpaces":true,"tabSize":2}
mean-course/src/app/post/post.service.ts: {"insertSpaces":true,"tabSize":2}
mean-course/src/app/post/post.service.ts: Using EditorConfig core...
src/app/post/post.service.ts: editor.action.trimTrailingWhitespace
mean-course/src/app/post/post.service.ts: {"insertSpaces":true,"tabSize":2}
mean-course/src/app/post/post.service.ts: Using EditorConfig core...
src/app/post/post.service.ts: editor.action.trimTrailingWhitespace
mean-course/src/app/post/post-list/post-list.component.html: {"insertSpaces":true,"tabSize":2}
mean-course/src/app/post/post-list/post-list.component.html: Using EditorConfig core...
src/app/post/post-list/post-list.component.html: editor.action.trimTrailingWhitespace
mean-course/src/app/post/post-list/post-list.component.ts: {"insertSpaces":true,"tabSize":2}
mean-course/src/app/post/post-list/post-list.component.ts: Using EditorConfig core...
src/app/post/post-list/post-list.component.ts: editor.action.trimTrailingWhitespace
mean-course/src/app/post/post-list/post-list.component.ts: Using EditorConfig core...
src/app/post/post-list/post-list.component.ts: editor.action.trimTrailingWhitespace
mean-course/src/app/post/post-list/post-list.component.ts: Using EditorConfig core...
src/app/post/post-list/post-list.component.ts: editor.action.trimTrailingWhitespace
mean-course/src/app/post/post-list/post-list.component.ts: Using EditorConfig core...
src/app/post/post-list/post-list.component.ts: editor.action.trimTrailingWhitespace
mean-course/src/app/post/post.service.ts: {"insertSpaces":true,"tabSize":2}
mean-course/src/app/post/post.service.ts: Using EditorConfig core...
src/app/post/post.service.ts: editor.action.trimTrailingWhitespace
mean-course/src/app/auth/auth.service.ts: {"insertSpaces":true,"tabSize":2}
mean-course/src/app/auth/auth.service.ts: Using EditorConfig core...
src/app/auth/auth.service.ts: editor.action.trimTrailingWhitespace
mean-course/src/app/post/post-list/post-list.component.ts: {"insertSpaces":true,"tabSize":2}
mean-course/src/app/post/post-list/post-list.component.ts: Using EditorConfig core...
src/app/post/post-list/post-list.component.ts: editor.action.trimTrailingWhitespace
mean-course/src/app/post/post-create/post-create.component.ts: Using EditorConfig core...
src/app/post/post-create/post-create.component.ts: trimTrailingWhitespace()
