[Info  - 1:30:30 PM] ESLint server stopped.
[Info  - 1:30:31 PM] ESLint server running in node v10.11.0
[Info  - 1:30:31 PM] ESLint server is running.
[Info  - 1:30:51 PM] 
Failed to load the ESLint library for the document /home/sanjay/mean-stack/mean-course/backend/routes/user.js

To use ESLint please install eslint by running npm install eslint in the workspace folder mean-course
or globally using 'npm install -g eslint'. You need to reopen the workspace after installing eslint.

If you are using yarn or pnpm instead of npm set the setting `eslint.packageManager` to either `yarn` or `pnpm`
Alternatively you can disable ESLint for the workspace folder mean-course by executing the 'Disable ESLint' command.
[Info  - 2:09:23 PM] 
Failed to load the ESLint library for the document /home/sanjay/mean-stack/mean-course/backend/middleware/check-auth.js

To use ESLint please install eslint by running npm install eslint in the workspace folder mean-course
or globally using 'npm install -g eslint'. You need to reopen the workspace after installing eslint.

If you are using yarn or pnpm instead of npm set the setting `eslint.packageManager` to either `yarn` or `pnpm`
Alternatively you can disable ESLint for the workspace folder mean-course by executing the 'Disable ESLint' command.
[Info  - 2:19:38 PM] 
Failed to load the ESLint library for the document /home/sanjay/mean-stack/mean-course/backend/models/user.js

To use ESLint please install eslint by running npm install eslint in the workspace folder mean-course
or globally using 'npm install -g eslint'. You need to reopen the workspace after installing eslint.

If you are using yarn or pnpm instead of npm set the setting `eslint.packageManager` to either `yarn` or `pnpm`
Alternatively you can disable ESLint for the workspace folder mean-course by executing the 'Disable ESLint' command.
[Info  - 2:42:17 PM] 
Failed to load the ESLint library for the document /home/sanjay/mean-stack/mean-course/backend/routes/posts.js

To use ESLint please install eslint by running npm install eslint in the workspace folder mean-course
or globally using 'npm install -g eslint'. You need to reopen the workspace after installing eslint.

If you are using yarn or pnpm instead of npm set the setting `eslint.packageManager` to either `yarn` or `pnpm`
Alternatively you can disable ESLint for the workspace folder mean-course by executing the 'Disable ESLint' command.
[Info  - 2:59:50 PM] ESLint server stopped.
