Initializing document watcher...
Detected change in configuration: {}
mean-course/backend/middleware/check-auth.js: {"insertSpaces":true,"tabSize":2}
mean-course/backend/middleware/check-auth.js: {"insertSpaces":true,"tabSize":2}
mean-course/backend/middleware/check-auth.js: {"insertSpaces":true,"tabSize":2}
mean-course/backend/middleware/check-auth.js: {"insertSpaces":true,"tabSize":2}
mean-course/backend/middleware/check-auth.js: {"insertSpaces":true,"tabSize":2}
mean-course/backend/middleware/check-auth.js: {"insertSpaces":true,"tabSize":2}
mean-course/backend/middleware/check-auth.js: {"insertSpaces":true,"tabSize":2}
mean-course/backend/middleware/check-auth.js: {"insertSpaces":true,"tabSize":2}
mean-course/backend/middleware/check-auth.js: {"insertSpaces":true,"tabSize":2}
mean-course/backend/middleware/check-auth.js: {"insertSpaces":true,"tabSize":2}
mean-course/backend/middleware/check-auth.js: {"insertSpaces":true,"tabSize":2}
mean-course/backend/middleware/check-auth.js: {"insertSpaces":true,"tabSize":2}
mean-course/backend/middleware/check-auth.js: {"insertSpaces":true,"tabSize":2}
mean-course/backend/middleware/check-auth.js: {"insertSpaces":true,"tabSize":2}
mean-course/backend/middleware/check-auth.js: {"insertSpaces":true,"tabSize":2}
mean-course/backend/middleware/check-auth.js: {"insertSpaces":true,"tabSize":2}
mean-course/backend/middleware/check-auth.js: {"insertSpaces":true,"tabSize":2}
mean-course/backend/middleware/check-auth.js: {"insertSpaces":true,"tabSize":2}
mean-course/backend/middleware/check-auth.js: {"insertSpaces":true,"tabSize":2}
mean-course/backend/middleware/check-auth.js: {"insertSpaces":true,"tabSize":2}
mean-course/backend/middleware/check-auth.js: {"insertSpaces":true,"tabSize":2}
mean-course/backend/middleware/check-auth.js: {"insertSpaces":true,"tabSize":2}
mean-course/backend/middleware/check-auth.js: {"insertSpaces":true,"tabSize":2}
mean-course/backend/middleware/check-auth.js: {"insertSpaces":true,"tabSize":2}
mean-course/backend/middleware/check-auth.js: {"insertSpaces":true,"tabSize":2}
mean-course/backend/middleware/check-auth.js: {"insertSpaces":true,"tabSize":2}
mean-course/backend/middleware/check-auth.js: {"insertSpaces":true,"tabSize":2}
mean-course/backend/middleware/check-auth.js: {"insertSpaces":true,"tabSize":2}
mean-course/backend/middleware/check-auth.js: {"insertSpaces":true,"tabSize":2}
mean-course/backend/middleware/check-auth.js: {"insertSpaces":true,"tabSize":2}
mean-course/backend/middleware/check-auth.js: {"insertSpaces":true,"tabSize":2}
mean-course/backend/middleware/check-auth.js: {"insertSpaces":true,"tabSize":2}
mean-course/backend/middleware/check-auth.js: {"insertSpaces":true,"tabSize":2}
mean-course/backend/middleware/check-auth.js: {"insertSpaces":true,"tabSize":2}
mean-course/backend/middleware/check-auth.js: {"insertSpaces":true,"tabSize":2}
mean-course/backend/middleware/check-auth.js: {"insertSpaces":true,"tabSize":2}
mean-course/backend/middleware/check-auth.js: {"insertSpaces":true,"tabSize":2}
mean-course/backend/middleware/check-auth.js: {"insertSpaces":true,"tabSize":2}
mean-course/backend/routes/user.js: {"insertSpaces":true,"tabSize":2}
mean-course/backend/middleware/check-auth.js: {"insertSpaces":true,"tabSize":2}
mean-course/backend/models/user.js: {"insertSpaces":true,"tabSize":2}
mean-course/backend/middleware/check-auth.js: {"insertSpaces":true,"tabSize":2}
mean-course/backend/routes/user.js: {"insertSpaces":true,"tabSize":2}
mean-course/backend/middleware/check-auth.js: {"insertSpaces":true,"tabSize":2}
mean-course/backend/middleware/check-auth.js: {"insertSpaces":true,"tabSize":2}
mean-course/backend/middleware/check-auth.js: {"insertSpaces":true,"tabSize":2}
mean-course/backend/middleware/check-auth.js: {"insertSpaces":true,"tabSize":2}
mean-course/backend/middleware/check-auth.js: Using EditorConfig core...
backend/middleware/check-auth.js: editor.action.trimTrailingWhitespace
backend/middleware/check-auth.js: insertFinalNewline(LF)
mean-course/backend/routes/user.js: {"insertSpaces":true,"tabSize":2}
mean-course/backend/routes/user.js: {"insertSpaces":true,"tabSize":2}
mean-course/backend/routes/user.js: {"insertSpaces":true,"tabSize":2}
mean-course/backend/routes/user.js: {"insertSpaces":true,"tabSize":2}
mean-course/backend/routes/user.js: {"insertSpaces":true,"tabSize":2}
mean-course/backend/routes/user.js: {"insertSpaces":true,"tabSize":2}
mean-course/backend/routes/posts.js: {"insertSpaces":true,"tabSize":2}
mean-course/backend/routes/posts.js: {"insertSpaces":true,"tabSize":2}
mean-course/backend/routes/posts.js: {"insertSpaces":true,"tabSize":2}
mean-course/backend/routes/posts.js: {"insertSpaces":true,"tabSize":2}
mean-course/backend/routes/posts.js: {"insertSpaces":true,"tabSize":2}
mean-course/backend/routes/posts.js: {"insertSpaces":true,"tabSize":2}
mean-course/backend/routes/posts.js: {"insertSpaces":true,"tabSize":2}
mean-course/backend/routes/posts.js: {"insertSpaces":true,"tabSize":2}
mean-course/backend/routes/posts.js: {"insertSpaces":true,"tabSize":2}
mean-course/backend/routes/posts.js: Using EditorConfig core...
backend/routes/posts.js: editor.action.trimTrailingWhitespace
mean-course/backend/routes/posts.js: {"insertSpaces":true,"tabSize":2}
mean-course/backend/routes/posts.js: {"insertSpaces":true,"tabSize":2}
mean-course/backend/routes/posts.js: {"insertSpaces":true,"tabSize":2}
mean-course/backend/routes/posts.js: {"insertSpaces":true,"tabSize":2}
mean-course/backend/routes/posts.js: {"insertSpaces":true,"tabSize":2}
mean-course/backend/routes/posts.js: {"insertSpaces":true,"tabSize":2}
mean-course/backend/routes/posts.js: {"insertSpaces":true,"tabSize":2}
mean-course/backend/routes/posts.js: Using EditorConfig core...
backend/routes/posts.js: editor.action.trimTrailingWhitespace
mean-course/backend/routes/posts.js: {"insertSpaces":true,"tabSize":2}
mean-course/backend/routes/posts.js: {"insertSpaces":true,"tabSize":2}
