Initializing document watcher...
mean-course/src/app/error/error.component.ts: {"insertSpaces":true,"tabSize":2}
mean-course/src/app/error/error.component.ts: {"insertSpaces":true,"tabSize":2}
mean-course/src/app/error-interceptor.ts: {"insertSpaces":true,"tabSize":2}
mean-course/src/app/error-interceptor.ts: {"insertSpaces":true,"tabSize":2}
mean-course/src/app/error-interceptor.ts: {"insertSpaces":true,"tabSize":2}
mean-course/src/app/error-interceptor.ts: {"insertSpaces":true,"tabSize":2}
mean-course/src/app/error-interceptor.ts: {"insertSpaces":true,"tabSize":2}
mean-course/src/app/error-interceptor.ts: {"insertSpaces":true,"tabSize":2}
mean-course/src/app/error-interceptor.ts: {"insertSpaces":true,"tabSize":2}
mean-course/src/app/error-interceptor.ts: {"insertSpaces":true,"tabSize":2}
mean-course/src/app/error-interceptor.ts: {"insertSpaces":true,"tabSize":2}
mean-course/src/app/error-interceptor.ts: {"insertSpaces":true,"tabSize":2}
mean-course/src/app/error-interceptor.ts: {"insertSpaces":true,"tabSize":2}
mean-course/src/app/error-interceptor.ts: {"insertSpaces":true,"tabSize":2}
mean-course/src/app/error-interceptor.ts: {"insertSpaces":true,"tabSize":2}
mean-course/src/app/error-interceptor.ts: {"insertSpaces":true,"tabSize":2}
mean-course/src/app/error-interceptor.ts: {"insertSpaces":true,"tabSize":2}
mean-course/src/app/error-interceptor.ts: {"insertSpaces":true,"tabSize":2}
mean-course/src/app/error-interceptor.ts: {"insertSpaces":true,"tabSize":2}
mean-course/src/app/error-interceptor.ts: {"insertSpaces":true,"tabSize":2}
mean-course/src/app/error-interceptor.ts: {"insertSpaces":true,"tabSize":2}
mean-course/src/app/error-interceptor.ts: {"insertSpaces":true,"tabSize":2}
mean-course/src/app/error-interceptor.ts: {"insertSpaces":true,"tabSize":2}
mean-course/src/app/error/error.component.ts: {"insertSpaces":true,"tabSize":2}
mean-course/src/app/error/error.component.ts: {"insertSpaces":true,"tabSize":2}
mean-course/src/app/error/error.component.ts: {"insertSpaces":true,"tabSize":2}
mean-course/src/app/error/error.component.ts: {"insertSpaces":true,"tabSize":2}
mean-course/src/app/error/error.component.ts: {"insertSpaces":true,"tabSize":2}
mean-course/src/app/error/error.component.ts: {"insertSpaces":true,"tabSize":2}
mean-course/src/app/error/error.component.ts: {"insertSpaces":true,"tabSize":2}
mean-course/src/app/error/error.component.ts: {"insertSpaces":true,"tabSize":2}
mean-course/src/app/error/error.component.ts: {"insertSpaces":true,"tabSize":2}
mean-course/src/app/error/error.component.ts: {"insertSpaces":true,"tabSize":2}
mean-course/src/app/error/error.component.ts: {"insertSpaces":true,"tabSize":2}
mean-course/src/app/error-interceptor.ts: {"insertSpaces":true,"tabSize":2}
mean-course/src/app/error/error.component.ts: {"insertSpaces":true,"tabSize":2}
mean-course/src/app/error/error.component.html: {"insertSpaces":true,"tabSize":2}
mean-course/src/app/error/error.component.html: Using EditorConfig core...
src/app/error/error.component.html: editor.action.trimTrailingWhitespace
mean-course/src/app/error/error.component.ts: {"insertSpaces":true,"tabSize":2}
mean-course/src/app/error/error.component.ts: Using EditorConfig core...
src/app/error/error.component.ts: editor.action.trimTrailingWhitespace
mean-course/src/app/error-interceptor.ts: {"insertSpaces":true,"tabSize":2}
mean-course/src/app/error-interceptor.ts: Using EditorConfig core...
src/app/error-interceptor.ts: editor.action.trimTrailingWhitespace
mean-course/src/app/error-interceptor.ts: {"insertSpaces":true,"tabSize":2}
mean-course/src/app/error/error.component.ts: {"insertSpaces":true,"tabSize":2}
mean-course/src/app/error/error.component.html: {"insertSpaces":true,"tabSize":2}
mean-course/src/app/error/error.component.html: {"insertSpaces":true,"tabSize":2}
mean-course/src/app/error/error.component.html: {"insertSpaces":true,"tabSize":2}
mean-course/src/app/error/error.component.html: Using EditorConfig core...
src/app/error/error.component.html: editor.action.trimTrailingWhitespace
mean-course/src/app/error/error.component.html: {"insertSpaces":true,"tabSize":2}
mean-course/src/app/error/error.component.html: Using EditorConfig core...
src/app/error/error.component.html: editor.action.trimTrailingWhitespace
mean-course/src/app/error/error.component.html: {"insertSpaces":true,"tabSize":2}
mean-course/src/app/error/error.component.html: {"insertSpaces":true,"tabSize":2}
mean-course/src/app/error/error.component.html: Using EditorConfig core...
src/app/error/error.component.html: editor.action.trimTrailingWhitespace
mean-course/src/app/error/error.component.html: {"insertSpaces":true,"tabSize":2}
mean-course/src/app/error/error.component.html: {"insertSpaces":true,"tabSize":2}
mean-course/src/app/error/error.component.html: {"insertSpaces":true,"tabSize":2}
mean-course/src/app/error/error.component.html: {"insertSpaces":true,"tabSize":2}
mean-course/src/app/error/error.component.html: {"insertSpaces":true,"tabSize":2}
mean-course/src/app/error/error.component.html: {"insertSpaces":true,"tabSize":2}
mean-course/src/app/error/error.component.html: {"insertSpaces":true,"tabSize":2}
mean-course/src/app/error/error.component.html: {"insertSpaces":true,"tabSize":2}
mean-course/src/app/error/error.component.html: Using EditorConfig core...
src/app/error/error.component.html: editor.action.trimTrailingWhitespace
mean-course/src/app/error/error.component.html: {"insertSpaces":true,"tabSize":2}
mean-course/src/app/error-interceptor.ts: {"insertSpaces":true,"tabSize":2}
mean-course/src/app/error-interceptor.ts: {"insertSpaces":true,"tabSize":2}
mean-course/backend/routes/user.js: {"insertSpaces":true,"tabSize":2}
mean-course/backend/routes/user.js: {"insertSpaces":true,"tabSize":2}
mean-course/backend/routes/user.js: {"insertSpaces":true,"tabSize":2}
mean-course/backend/routes/user.js: {"insertSpaces":true,"tabSize":2}
mean-course/backend/routes/user.js: {"insertSpaces":true,"tabSize":2}
mean-course/backend/routes/user.js: {"insertSpaces":true,"tabSize":2}
mean-course/backend/routes/user.js: {"insertSpaces":true,"tabSize":2}
mean-course/backend/routes/user.js: {"insertSpaces":true,"tabSize":2}
mean-course/backend/routes/user.js: Using EditorConfig core...
backend/routes/user.js: editor.action.trimTrailingWhitespace
mean-course/backend/routes/user.js: {"insertSpaces":true,"tabSize":2}
mean-course/backend/routes/user.js: {"insertSpaces":true,"tabSize":2}
mean-course/backend/routes/user.js: {"insertSpaces":true,"tabSize":2}
mean-course/backend/routes/user.js: {"insertSpaces":true,"tabSize":2}
mean-course/backend/routes/user.js: Using EditorConfig core...
backend/routes/user.js: editor.action.trimTrailingWhitespace
mean-course/backend/middleware/check-auth.js: {"insertSpaces":true,"tabSize":2}
mean-course/backend/middleware/check-auth.js: {"insertSpaces":true,"tabSize":2}
mean-course/backend/middleware/check-auth.js: {"insertSpaces":true,"tabSize":2}
mean-course/backend/routes/posts.js: {"insertSpaces":true,"tabSize":2}
mean-course/backend/routes/posts.js: {"insertSpaces":true,"tabSize":2}
mean-course/backend/routes/posts.js: {"insertSpaces":true,"tabSize":2}
mean-course/backend/routes/posts.js: {"insertSpaces":true,"tabSize":2}
mean-course/backend/routes/posts.js: {"insertSpaces":true,"tabSize":2}
mean-course/backend/routes/posts.js: {"insertSpaces":true,"tabSize":2}
mean-course/backend/routes/posts.js: {"insertSpaces":true,"tabSize":2}
mean-course/backend/routes/posts.js: {"insertSpaces":true,"tabSize":2}
mean-course/backend/routes/posts.js: {"insertSpaces":true,"tabSize":2}
mean-course/backend/routes/posts.js: {"insertSpaces":true,"tabSize":2}
mean-course/backend/routes/posts.js: {"insertSpaces":true,"tabSize":2}
mean-course/backend/routes/posts.js: {"insertSpaces":true,"tabSize":2}
mean-course/backend/routes/posts.js: {"insertSpaces":true,"tabSize":2}
mean-course/backend/routes/posts.js: {"insertSpaces":true,"tabSize":2}
mean-course/backend/routes/posts.js: {"insertSpaces":true,"tabSize":2}
mean-course/backend/routes/posts.js: {"insertSpaces":true,"tabSize":2}
mean-course/backend/routes/posts.js: {"insertSpaces":true,"tabSize":2}
mean-course/backend/routes/posts.js: {"insertSpaces":true,"tabSize":2}
mean-course/backend/routes/posts.js: {"insertSpaces":true,"tabSize":2}
mean-course/backend/routes/posts.js: {"insertSpaces":true,"tabSize":2}
mean-course/backend/routes/posts.js: {"insertSpaces":true,"tabSize":2}
mean-course/backend/routes/posts.js: {"insertSpaces":true,"tabSize":2}
mean-course/backend/routes/posts.js: {"insertSpaces":true,"tabSize":2}
mean-course/backend/routes/posts.js: {"insertSpaces":true,"tabSize":2}
mean-course/backend/routes/posts.js: {"insertSpaces":true,"tabSize":2}
mean-course/backend/routes/posts.js: {"insertSpaces":true,"tabSize":2}
mean-course/backend/routes/posts.js: {"insertSpaces":true,"tabSize":2}
mean-course/backend/routes/posts.js: {"insertSpaces":true,"tabSize":2}
mean-course/backend/routes/posts.js: {"insertSpaces":true,"tabSize":2}
mean-course/backend/routes/posts.js: {"insertSpaces":true,"tabSize":2}
mean-course/backend/routes/posts.js: {"insertSpaces":true,"tabSize":2}
mean-course/backend/routes/posts.js: {"insertSpaces":true,"tabSize":2}
mean-course/backend/routes/posts.js: {"insertSpaces":true,"tabSize":2}
mean-course/backend/routes/posts.js: {"insertSpaces":true,"tabSize":2}
mean-course/backend/routes/posts.js: {"insertSpaces":true,"tabSize":2}
mean-course/backend/routes/posts.js: {"insertSpaces":true,"tabSize":2}
mean-course/backend/routes/posts.js: {"insertSpaces":true,"tabSize":2}
mean-course/backend/routes/posts.js: {"insertSpaces":true,"tabSize":2}
mean-course/backend/routes/posts.js: {"insertSpaces":true,"tabSize":2}
mean-course/backend/routes/posts.js: {"insertSpaces":true,"tabSize":2}
mean-course/backend/routes/posts.js: Using EditorConfig core...
backend/routes/posts.js: editor.action.trimTrailingWhitespace
mean-course/backend/routes/posts.js: Using EditorConfig core...
backend/routes/posts.js: editor.action.trimTrailingWhitespace
mean-course/backend/routes/posts.js: Using EditorConfig core...
backend/routes/posts.js: editor.action.trimTrailingWhitespace
mean-course/backend/routes/posts.js: Using EditorConfig core...
backend/routes/posts.js: editor.action.trimTrailingWhitespace
mean-course/backend/routes/posts.js: Using EditorConfig core...
backend/routes/posts.js: editor.action.trimTrailingWhitespace
mean-course/backend/routes/posts.js: Using EditorConfig core...
backend/routes/posts.js: editor.action.trimTrailingWhitespace
mean-course/backend/routes/posts.js: Using EditorConfig core...
backend/routes/posts.js: editor.action.trimTrailingWhitespace
mean-course/backend/models/user.js: {"insertSpaces":true,"tabSize":2}
mean-course/backend/routes/user.js: {"insertSpaces":true,"tabSize":2}
mean-course/backend/routes/posts.js: {"insertSpaces":true,"tabSize":2}
mean-course/backend/routes/posts.js: Using EditorConfig core...
backend/routes/posts.js: editor.action.trimTrailingWhitespace
mean-course/backend/routes/posts.js: Using EditorConfig core...
backend/routes/posts.js: editor.action.trimTrailingWhitespace
mean-course/backend/routes/user.js: {"insertSpaces":true,"tabSize":2}
mean-course/backend/routes/user.js: Using EditorConfig core...
backend/routes/user.js: editor.action.trimTrailingWhitespace
mean-course/backend/routes/user.js: {"insertSpaces":true,"tabSize":2}
mean-course/backend/routes/posts.js: {"insertSpaces":true,"tabSize":2}
mean-course/backend/routes/posts.js: Using EditorConfig core...
backend/routes/posts.js: editor.action.trimTrailingWhitespace
mean-course/backend/routes/posts.js: {"insertSpaces":true,"tabSize":2}
mean-course/backend/routes/posts.js: Using EditorConfig core...
backend/routes/posts.js: editor.action.trimTrailingWhitespace
mean-course/backend/routes/posts.js: Using EditorConfig core...
backend/routes/posts.js: editor.action.trimTrailingWhitespace
mean-course/backend/routes/posts.js: Using EditorConfig core...
backend/routes/posts.js: editor.action.trimTrailingWhitespace
mean-course/backend/routes/posts.js: Using EditorConfig core...
backend/routes/posts.js: editor.action.trimTrailingWhitespace
mean-course/backend/middleware/check-auth.js: Using EditorConfig core...
backend/middleware/check-auth.js: trimTrailingWhitespace()
mean-course/backend/routes/posts.js: {"insertSpaces":true,"tabSize":2}
mean-course/backend/routes/posts.js: {"insertSpaces":true,"tabSize":2}
mean-course/src/app/post/post-list/post-list.component.html: {"insertSpaces":true,"tabSize":2}
mean-course/src/app/post/post-list/post-list.component.html: {"insertSpaces":true,"tabSize":2}
mean-course/src/app/post/post-list/post-list.component.html: {"insertSpaces":true,"tabSize":2}
mean-course/src/app/post/post-list/post-list.component.html: {"insertSpaces":true,"tabSize":2}
mean-course/src/app/post/post-list/post-list.component.html: Using EditorConfig core...
src/app/post/post-list/post-list.component.html: editor.action.trimTrailingWhitespace
mean-course/src/app/post/post-list/post-list.component.html: {"insertSpaces":true,"tabSize":2}
mean-course/src/app/post/post-list/post-list.component.html: {"insertSpaces":true,"tabSize":2}
mean-course/src/app/post/post-list/post-list.component.html: {"insertSpaces":true,"tabSize":2}
mean-course/src/app/post/post-list/post-list.component.ts: {"insertSpaces":true,"tabSize":2}
mean-course/src/app/post/post-list/post-list.component.ts: {"insertSpaces":true,"tabSize":2}
mean-course/src/app/post/post-list/post-list.component.ts: {"insertSpaces":true,"tabSize":2}
mean-course/src/app/post/post-list/post-list.component.ts: {"insertSpaces":true,"tabSize":2}
mean-course/src/app/post/post-list/post-list.component.ts: {"insertSpaces":true,"tabSize":2}
mean-course/src/app/post/post-list/post-list.component.ts: Using EditorConfig core...
src/app/post/post-list/post-list.component.ts: editor.action.trimTrailingWhitespace
mean-course/src/app/post/post-list/post-list.component.ts: {"insertSpaces":true,"tabSize":2}
mean-course/src/app/post/post-list/post-list.component.ts: {"insertSpaces":true,"tabSize":2}
mean-course/src/app/post/post-list/post-list.component.ts: {"insertSpaces":true,"tabSize":2}
mean-course/src/app/post/post-list/post-list.component.ts: {"insertSpaces":true,"tabSize":2}
mean-course/src/app/post/post-list/post-list.component.ts: {"insertSpaces":true,"tabSize":2}
mean-course/src/app/post/post-list/post-list.component.html: {"insertSpaces":true,"tabSize":2}
mean-course/src/app/post/post-list/post-list.component.html: Using EditorConfig core...
src/app/post/post-list/post-list.component.html: editor.action.trimTrailingWhitespace
mean-course/src/app/post/post-list/post-list.component.html: {"insertSpaces":true,"tabSize":2}
mean-course/src/app/post/post-create/mime-type.validator.ts: {"insertSpaces":true,"tabSize":2}
mean-course/src/app/post/post-create/mime-type.validator.ts: {"insertSpaces":true,"tabSize":2}
mean-course/src/app/post/post-create/mime-type.validator.ts: {"insertSpaces":true,"tabSize":2}
mean-course/src/app/post/post-create/post-create.component.ts: {"insertSpaces":true,"tabSize":2}
mean-course/src/app/post/post-create/post-create.component.ts: {"insertSpaces":true,"tabSize":2}
mean-course/src/app/post/post-create/post-create.component.ts: {"insertSpaces":true,"tabSize":2}
mean-course/src/app/post/post-create/post-create.component.ts: {"insertSpaces":true,"tabSize":2}
mean-course/src/app/post/post-create/post-create.component.ts: {"insertSpaces":true,"tabSize":2}
mean-course/src/app/post/post-create/post-create.component.ts: {"insertSpaces":true,"tabSize":2}
mean-course/src/app/post/post-create/post-create.component.ts: {"insertSpaces":true,"tabSize":2}
mean-course/src/app/post/post-create/post-create.component.ts: {"insertSpaces":true,"tabSize":2}
mean-course/src/app/post/post-create/post-create.component.ts: {"insertSpaces":true,"tabSize":2}
mean-course/src/app/post/post-create/post-create.component.ts: {"insertSpaces":true,"tabSize":2}
mean-course/src/app/post/post-create/post-create.component.ts: {"insertSpaces":true,"tabSize":2}
mean-course/src/app/post/post-create/post-create.component.ts: {"insertSpaces":true,"tabSize":2}
mean-course/src/app/post/post-create/post-create.component.ts: {"insertSpaces":true,"tabSize":2}
mean-course/src/app/post/post-create/post-create.component.ts: {"insertSpaces":true,"tabSize":2}
mean-course/src/app/post/post-create/post-create.component.ts: {"insertSpaces":true,"tabSize":2}
mean-course/src/app/post/post-create/post-create.component.ts: {"insertSpaces":true,"tabSize":2}
mean-course/src/app/post/post-create/post-create.component.ts: {"insertSpaces":true,"tabSize":2}
mean-course/src/app/post/post-create/post-create.component.ts: {"insertSpaces":true,"tabSize":2}
mean-course/src/app/post/post-create/post-create.component.ts: Using EditorConfig core...
src/app/post/post-create/post-create.component.ts: editor.action.trimTrailingWhitespace
mean-course/src/app/post/post-create/post-create.component.ts: {"insertSpaces":true,"tabSize":2}
mean-course/src/app/post/post-create/post-create.component.ts: {"insertSpaces":true,"tabSize":2}
