Initializing document watcher...
Detected change in configuration: {}
mean-course/backend/routes/user.js: Using EditorConfig core...
backend/routes/user.js: editor.action.trimTrailingWhitespace
mean-course/src/app/post/post.service.ts: {"insertSpaces":true,"tabSize":2}
mean-course/src/app/post/post.service.ts: {"insertSpaces":true,"tabSize":2}
mean-course/src/app/post/post.service.ts: {"insertSpaces":true,"tabSize":2}
mean-course/backend/routes/user.js: {"insertSpaces":true,"tabSize":2}
mean-course/backend/routes/user.js: {"insertSpaces":true,"tabSize":2}
mean-course/backend/routes/user.js: {"insertSpaces":true,"tabSize":2}
mean-course/backend/routes/user.js: {"insertSpaces":true,"tabSize":2}
mean-course/src/app/auth/signup/signup.component.ts: {"insertSpaces":true,"tabSize":2}
mean-course/src/app/auth/signup/signup.component.ts: {"insertSpaces":true,"tabSize":2}
mean-course/src/app/auth/signup/signup.component.ts: {"insertSpaces":true,"tabSize":2}
mean-course/src/app/auth/signup/signup.component.ts: {"insertSpaces":true,"tabSize":2}
mean-course/src/app/auth/signup/signup.component.ts: {"insertSpaces":true,"tabSize":2}
mean-course/src/app/auth/signup/signup.component.ts: {"insertSpaces":true,"tabSize":2}
mean-course/src/app/auth/signup/signup.component.ts: {"insertSpaces":true,"tabSize":2}
mean-course/src/app/auth/signup/signup.component.ts: Using EditorConfig core...
src/app/auth/signup/signup.component.ts: editor.action.trimTrailingWhitespace
mean-course/src/app/auth/signup/signup.component.ts: {"insertSpaces":true,"tabSize":2}
mean-course/src/app/auth/signup/signup.component.ts: {"insertSpaces":true,"tabSize":2}
mean-course/src/app/auth/signup/signup.component.ts: {"insertSpaces":true,"tabSize":2}
mean-course/src/app/auth/signup/auth.service.ts: {"insertSpaces":true,"tabSize":2}
mean-course/src/app/auth/signup/auth.service.ts: {"insertSpaces":true,"tabSize":2}
No more open editors.
mean-course/src/app/auth/signup/signup.component.ts: {"insertSpaces":true,"tabSize":2}
mean-course/src/app/auth/auth.service.ts: {"insertSpaces":true,"tabSize":2}
mean-course/src/app/auth/auth.service.ts: {"insertSpaces":true,"tabSize":2}
mean-course/src/app/auth/auth.service.ts: {"insertSpaces":true,"tabSize":2}
mean-course/src/app/auth/auth.service.ts: {"insertSpaces":true,"tabSize":2}
mean-course/src/app/auth/auth.service.ts: {"insertSpaces":true,"tabSize":2}
mean-course/src/app/auth/auth.service.ts: {"insertSpaces":true,"tabSize":2}
mean-course/src/app/auth/auth.service.ts: {"insertSpaces":true,"tabSize":2}
mean-course/src/app/post/post.service.ts: {"insertSpaces":true,"tabSize":2}
mean-course/src/app/auth/auth.service.ts: {"insertSpaces":true,"tabSize":2}
mean-course/src/app/auth/auth.service.ts: {"insertSpaces":true,"tabSize":2}
mean-course/src/app/auth/auth.service.ts: {"insertSpaces":true,"tabSize":2}
mean-course/src/app/auth/auth.service.ts: {"insertSpaces":true,"tabSize":2}
mean-course/src/app/auth/auth.service.ts: {"insertSpaces":true,"tabSize":2}
mean-course/src/app/auth/auth.service.ts: {"insertSpaces":true,"tabSize":2}
mean-course/src/app/auth/auth.service.ts: {"insertSpaces":true,"tabSize":2}
mean-course/src/app/auth/auth.service.ts: {"insertSpaces":true,"tabSize":2}
mean-course/src/app/auth/auth.service.ts: {"insertSpaces":true,"tabSize":2}
mean-course/src/app/auth/auth.service.ts: {"insertSpaces":true,"tabSize":2}
mean-course/src/app/auth/auth.service.ts: {"insertSpaces":true,"tabSize":2}
mean-course/src/app/auth/auth.service.ts: {"insertSpaces":true,"tabSize":2}
mean-course/src/app/post/post.service.ts: {"insertSpaces":true,"tabSize":2}
mean-course/src/app/auth/auth.service.ts: {"insertSpaces":true,"tabSize":2}
mean-course/src/app/auth/auth.service.ts: {"insertSpaces":true,"tabSize":2}
mean-course/src/app/auth/auth.service.ts: {"insertSpaces":true,"tabSize":2}
mean-course/src/app/auth/auth.service.ts: {"insertSpaces":true,"tabSize":2}
mean-course/src/app/auth/auth.service.ts: {"insertSpaces":true,"tabSize":2}
mean-course/src/app/auth/auth.service.ts: {"insertSpaces":true,"tabSize":2}
mean-course/src/app/auth/auth.service.ts: {"insertSpaces":true,"tabSize":2}
mean-course/src/app/post/post.service.ts: {"insertSpaces":true,"tabSize":2}
mean-course/src/app/auth/auth.service.ts: {"insertSpaces":true,"tabSize":2}
mean-course/src/app/auth/auth.service.ts: {"insertSpaces":true,"tabSize":2}
mean-course/src/app/auth/auth.service.ts: {"insertSpaces":true,"tabSize":2}
mean-course/src/app/auth/auth.service.ts: {"insertSpaces":true,"tabSize":2}
mean-course/src/app/auth/auth.service.ts: {"insertSpaces":true,"tabSize":2}
mean-course/src/app/auth/auth.service.ts: {"insertSpaces":true,"tabSize":2}
mean-course/src/app/auth/auth-data: {"insertSpaces":true,"tabSize":2}
mean-course/src/app/auth/auth-data: {"insertSpaces":true,"tabSize":2}
mean-course/src/app/auth/auth-data.model: {"insertSpaces":true,"tabSize":2}
mean-course/src/app/auth/auth-data.model: {"insertSpaces":true,"tabSize":2}
mean-course/src/app/auth/auth-data.model.ts: {"insertSpaces":true,"tabSize":2}
mean-course/src/app/auth/auth-data.model.ts: {"insertSpaces":true,"tabSize":2}
mean-course/src/app/auth/auth-data.model.ts: {"insertSpaces":true,"tabSize":2}
mean-course/src/app/auth/auth-data.model.ts: {"insertSpaces":true,"tabSize":2}
mean-course/src/app/auth/auth-data.model.ts: {"insertSpaces":true,"tabSize":2}
mean-course/src/app/auth/auth-data.model.ts: {"insertSpaces":true,"tabSize":2}
mean-course/src/app/auth/auth-data.model.ts: {"insertSpaces":true,"tabSize":2}
mean-course/src/app/auth/auth-data.model.ts: {"insertSpaces":true,"tabSize":2}
mean-course/src/app/auth/auth-data.model.ts: {"insertSpaces":true,"tabSize":2}
mean-course/src/app/auth/auth-data.model.ts: Using EditorConfig core...
src/app/auth/auth-data.model.ts: editor.action.trimTrailingWhitespace
src/app/auth/auth-data.model.ts: insertFinalNewline(LF)
mean-course/src/app/auth/auth.service.ts: {"insertSpaces":true,"tabSize":2}
mean-course/src/app/auth/auth.service.ts: {"insertSpaces":true,"tabSize":2}
mean-course/src/app/auth/auth.service.ts: {"insertSpaces":true,"tabSize":2}
mean-course/src/app/auth/auth.service.ts: {"insertSpaces":true,"tabSize":2}
mean-course/src/app/auth/auth.service.ts: {"insertSpaces":true,"tabSize":2}
mean-course/src/app/auth/auth.service.ts: {"insertSpaces":true,"tabSize":2}
mean-course/src/app/auth/auth.service.ts: {"insertSpaces":true,"tabSize":2}
mean-course/src/app/auth/auth.service.ts: {"insertSpaces":true,"tabSize":2}
mean-course/src/app/auth/auth.service.ts: {"insertSpaces":true,"tabSize":2}
mean-course/src/app/auth/auth.service.ts: {"insertSpaces":true,"tabSize":2}
mean-course/src/app/auth/auth.service.ts: {"insertSpaces":true,"tabSize":2}
mean-course/src/app/auth/auth.service.ts: {"insertSpaces":true,"tabSize":2}
mean-course/src/app/auth/auth.service.ts: {"insertSpaces":true,"tabSize":2}
mean-course/src/app/auth/auth.service.ts: {"insertSpaces":true,"tabSize":2}
mean-course/src/app/auth/auth.service.ts: {"insertSpaces":true,"tabSize":2}
mean-course/src/app/auth/auth.service.ts: {"insertSpaces":true,"tabSize":2}
mean-course/src/app/auth/auth.service.ts: Using EditorConfig core...
src/app/auth/auth.service.ts: editor.action.trimTrailingWhitespace
src/app/auth/auth.service.ts: insertFinalNewline(LF)
mean-course/src/app/auth/signup/signup.component.ts: {"insertSpaces":true,"tabSize":2}
mean-course/src/app/auth/signup/signup.component.ts: {"insertSpaces":true,"tabSize":2}
mean-course/src/app/auth/signup/signup.component.ts: {"insertSpaces":true,"tabSize":2}
mean-course/src/app/auth/signup/signup.component.ts: {"insertSpaces":true,"tabSize":2}
mean-course/src/app/auth/signup/signup.component.ts: {"insertSpaces":true,"tabSize":2}
mean-course/src/app/auth/signup/signup.component.ts: {"insertSpaces":true,"tabSize":2}
mean-course/src/app/auth/signup/signup.component.ts: {"insertSpaces":true,"tabSize":2}
mean-course/src/app/auth/signup/signup.component.ts: {"insertSpaces":true,"tabSize":2}
mean-course/src/app/auth/signup/signup.component.ts: {"insertSpaces":true,"tabSize":2}
mean-course/src/app/auth/signup/signup.component.ts: {"insertSpaces":true,"tabSize":2}
mean-course/src/app/auth/signup/signup.component.ts: {"insertSpaces":true,"tabSize":2}
mean-course/src/app/auth/signup/signup.component.ts: {"insertSpaces":true,"tabSize":2}
mean-course/src/app/auth/signup/signup.component.ts: {"insertSpaces":true,"tabSize":2}
mean-course/src/app/auth/signup/signup.component.ts: {"insertSpaces":true,"tabSize":2}
mean-course/src/app/auth/signup/signup.component.ts: {"insertSpaces":true,"tabSize":2}
mean-course/src/app/auth/signup/signup.component.ts: {"insertSpaces":true,"tabSize":2}
mean-course/src/app/auth/signup/signup.component.ts: {"insertSpaces":true,"tabSize":2}
mean-course/src/app/auth/signup/signup.component.ts: {"insertSpaces":true,"tabSize":2}
mean-course/src/app/auth/signup/signup.component.ts: {"insertSpaces":true,"tabSize":2}
mean-course/src/app/auth/signup/signup.component.ts: Using EditorConfig core...
src/app/auth/signup/signup.component.ts: editor.action.trimTrailingWhitespace
mean-course/src/app/auth/signup/signup.component.ts: {"insertSpaces":true,"tabSize":2}
mean-course/backend/routes/user.js: {"insertSpaces":true,"tabSize":2}
mean-course/backend/routes/user.js: {"insertSpaces":true,"tabSize":2}
mean-course/backend/routes/user.js: {"insertSpaces":true,"tabSize":2}
mean-course/backend/routes/user.js: {"insertSpaces":true,"tabSize":2}
mean-course/backend/routes/user.js: {"insertSpaces":true,"tabSize":2}
mean-course/backend/routes/user.js: {"insertSpaces":true,"tabSize":2}
mean-course/backend/routes/user.js: {"insertSpaces":true,"tabSize":2}
mean-course/backend/routes/user.js: {"insertSpaces":true,"tabSize":2}
mean-course/backend/routes/user.js: {"insertSpaces":true,"tabSize":2}
mean-course/src/app/auth/auth.service.ts: {"insertSpaces":true,"tabSize":2}
mean-course/src/app/auth/auth.service.ts: {"insertSpaces":true,"tabSize":2}
mean-course/src/app/auth/auth.service.ts: {"insertSpaces":true,"tabSize":2}
mean-course/src/app/auth/auth.service.ts: {"insertSpaces":true,"tabSize":2}
mean-course/src/app/auth/auth.service.ts: {"insertSpaces":true,"tabSize":2}
mean-course/src/app/auth/auth.service.ts: {"insertSpaces":true,"tabSize":2}
mean-course/src/app/auth/auth.service.ts: {"insertSpaces":true,"tabSize":2}
mean-course/src/app/auth/auth.service.ts: {"insertSpaces":true,"tabSize":2}
mean-course/src/app/auth/auth.service.ts: {"insertSpaces":true,"tabSize":2}
mean-course/src/app/auth/auth.service.ts: {"insertSpaces":true,"tabSize":2}
mean-course/src/app/auth/auth.service.ts: {"insertSpaces":true,"tabSize":2}
mean-course/src/app/auth/auth.service.ts: {"insertSpaces":true,"tabSize":2}
mean-course/src/app/auth/auth.service.ts: {"insertSpaces":true,"tabSize":2}
mean-course/src/app/auth/auth.service.ts: {"insertSpaces":true,"tabSize":2}
mean-course/src/app/auth/auth.service.ts: Using EditorConfig core...
src/app/auth/auth.service.ts: editor.action.trimTrailingWhitespace
mean-course/src/app/auth/auth.service.ts: {"insertSpaces":true,"tabSize":2}
mean-course/src/app/auth/login/login.component.ts: {"insertSpaces":true,"tabSize":2}
mean-course/src/app/auth/login/login.component.ts: {"insertSpaces":true,"tabSize":2}
mean-course/src/app/auth/login/login.component.ts: {"insertSpaces":true,"tabSize":2}
mean-course/src/app/auth/login/login.component.ts: {"insertSpaces":true,"tabSize":2}
mean-course/src/app/auth/login/login.component.ts: {"insertSpaces":true,"tabSize":2}
mean-course/src/app/auth/login/login.component.ts: {"insertSpaces":true,"tabSize":2}
mean-course/src/app/auth/login/login.component.ts: {"insertSpaces":true,"tabSize":2}
mean-course/src/app/auth/login/login.component.ts: {"insertSpaces":true,"tabSize":2}
mean-course/src/app/auth/login/login.component.ts: {"insertSpaces":true,"tabSize":2}
mean-course/src/app/auth/login/login.component.ts: {"insertSpaces":true,"tabSize":2}
mean-course/src/app/auth/login/login.component.ts: Using EditorConfig core...
src/app/auth/login/login.component.ts: editor.action.trimTrailingWhitespace
mean-course/src/app/auth/login/login.component.ts: {"insertSpaces":true,"tabSize":2}
mean-course/src/app/auth/login/login.component.ts: Using EditorConfig core...
src/app/auth/login/login.component.ts: editor.action.trimTrailingWhitespace
mean-course/src/app/auth/login/login.component.ts: {"insertSpaces":true,"tabSize":2}
mean-course/src/app/auth/login/login.component.ts: {"insertSpaces":true,"tabSize":2}
mean-course/src/app/auth/login/login.component.ts: {"insertSpaces":true,"tabSize":2}
mean-course/src/app/auth/login/login.component.ts: {"insertSpaces":true,"tabSize":2}
mean-course/backend/routes/user.js: {"insertSpaces":true,"tabSize":2}
mean-course/backend/routes/user.js: {"insertSpaces":true,"tabSize":2}
mean-course/backend/models/user.js: {"insertSpaces":true,"tabSize":2}
mean-course/backend/routes/user.js: {"insertSpaces":true,"tabSize":2}
mean-course/backend/routes/user.js: {"insertSpaces":true,"tabSize":2}
mean-course/backend/routes/user.js: {"insertSpaces":true,"tabSize":2}
mean-course/backend/routes/user.js: {"insertSpaces":true,"tabSize":2}
mean-course/backend/routes/user.js: {"insertSpaces":true,"tabSize":2}
mean-course/backend/routes/user.js: {"insertSpaces":true,"tabSize":2}
mean-course/backend/routes/user.js: {"insertSpaces":true,"tabSize":2}
mean-course/backend/routes/user.js: {"insertSpaces":true,"tabSize":2}
mean-course/backend/routes/user.js: Using EditorConfig core...
backend/routes/user.js: editor.action.trimTrailingWhitespace
mean-course/backend/routes/user.js: {"insertSpaces":true,"tabSize":2}
