Initializing document watcher...
Detected change in configuration: {}
mean-course/src/app/auth/login/login.component.html: Using EditorConfig core...
src/app/auth/login/login.component.html: editor.action.trimTrailingWhitespace
mean-course/src/app/auth/login/login.component.html: Using EditorConfig core...
src/app/auth/login/login.component.html: editor.action.trimTrailingWhitespace
mean-course/src/app/auth/login/login.component.ts: {"insertSpaces":true,"tabSize":2}
mean-course/src/app/auth/login/login.component.ts: {"insertSpaces":true,"tabSize":2}
mean-course/src/app/auth/login/login.component.ts: {"insertSpaces":true,"tabSize":2}
mean-course/src/app/auth/login/login.component.ts: {"insertSpaces":true,"tabSize":2}
mean-course/src/app/auth/login/login.component.ts: {"insertSpaces":true,"tabSize":2}
mean-course/src/app/auth/login/login.component.ts: Using EditorConfig core...
src/app/auth/login/login.component.ts: editor.action.trimTrailingWhitespace
mean-course/src/app/auth/login/login.component.ts: {"insertSpaces":true,"tabSize":2}
mean-course/src/app/auth/login/login.component.ts: Using EditorConfig core...
src/app/auth/login/login.component.ts: editor.action.trimTrailingWhitespace
mean-course/src/app/auth/login/login.component.ts: Using EditorConfig core...
src/app/auth/login/login.component.ts: editor.action.trimTrailingWhitespace
mean-course/src/app/auth/login/login.component.ts: {"insertSpaces":true,"tabSize":2}
mean-course/src/app/auth/login/login.component.ts: Using EditorConfig core...
src/app/auth/login/login.component.ts: editor.action.trimTrailingWhitespace
mean-course/src/app/auth/login/login.component.ts: {"insertSpaces":true,"tabSize":2}
mean-course/src/app/auth/login/login.component.ts: {"insertSpaces":true,"tabSize":2}
mean-course/src/app/auth/login/login.component.html: {"insertSpaces":true,"tabSize":2}
mean-course/src/app/auth/login/login.component.css: {"insertSpaces":true,"tabSize":2}
mean-course/src/app/auth/login/login.component.html: {"insertSpaces":true,"tabSize":2}
mean-course/src/app/auth/login/login.component.css: {"insertSpaces":true,"tabSize":2}
mean-course/src/app/auth/signup/login.component.css: {"insertSpaces":true,"tabSize":2}
mean-course/src/app/auth/signup/signup.component.css: {"insertSpaces":true,"tabSize":2}
mean-course/src/app/auth/signup/login.component.ts: {"insertSpaces":true,"tabSize":2}
mean-course/src/app/auth/signup/signup.component.ts: {"insertSpaces":true,"tabSize":2}
mean-course/src/app/auth/signup/login.component.html: {"insertSpaces":true,"tabSize":2}
mean-course/src/app/auth/signup/signup.component.html: {"insertSpaces":true,"tabSize":2}
mean-course/src/app/auth/signup/signup.component.ts: {"insertSpaces":true,"tabSize":2}
mean-course/src/app/auth/signup/signup.component.html: {"insertSpaces":true,"tabSize":2}
mean-course/src/app/auth/signup/signup.component.html: Using EditorConfig core...
src/app/auth/signup/signup.component.html: editor.action.trimTrailingWhitespace
mean-course/src/app/auth/signup/signup.component.ts: {"insertSpaces":true,"tabSize":2}
mean-course/src/app/auth/signup/signup.component.html: {"insertSpaces":true,"tabSize":2}
mean-course/src/app/auth/signup/signup.component.ts: {"insertSpaces":true,"tabSize":2}
mean-course/src/app/auth/signup/signup.component.html: {"insertSpaces":true,"tabSize":2}
mean-course/src/app/auth/signup/signup.component.ts: {"insertSpaces":true,"tabSize":2}
mean-course/src/app/auth/signup/signup.component.css: {"insertSpaces":true,"tabSize":2}
mean-course/src/app/auth/signup/signup.component.ts: {"insertSpaces":true,"tabSize":2}
mean-course/src/app/auth/signup/signup.component.css: {"insertSpaces":true,"tabSize":2}
mean-course/src/app/app-routing.module.ts: {"insertSpaces":true,"tabSize":2}
mean-course/src/app/app.module.ts: {"insertSpaces":true,"tabSize":2}
mean-course/src/app/app.module.ts: Using EditorConfig core...
src/app/app.module.ts: editor.action.trimTrailingWhitespace
mean-course/src/app/app-routing.module.ts: {"insertSpaces":true,"tabSize":2}
mean-course/src/app/app-routing.module.ts: Using EditorConfig core...
src/app/app-routing.module.ts: editor.action.trimTrailingWhitespace
mean-course/src/app/auth/signup/signup.component.ts: {"insertSpaces":true,"tabSize":2}
mean-course/src/app/auth/signup/signup.component.ts: Using EditorConfig core...
src/app/auth/signup/signup.component.ts: editor.action.trimTrailingWhitespace
mean-course/src/app/auth/signup/signup.component.ts: Using EditorConfig core...
src/app/auth/signup/signup.component.ts: editor.action.trimTrailingWhitespace
mean-course/src/app/auth/signup/signup.component.html: {"insertSpaces":true,"tabSize":2}
mean-course/src/app/auth/signup/signup.component.css: {"insertSpaces":true,"tabSize":2}
mean-course/src/app/auth/signup/signup.component.html: {"insertSpaces":true,"tabSize":2}
mean-course/src/app/auth/signup/signup.component.ts: {"insertSpaces":true,"tabSize":2}
mean-course/src/app/auth/signup/signup.component.css: {"insertSpaces":true,"tabSize":2}
mean-course/src/app/auth/signup/signup.component.html: {"insertSpaces":true,"tabSize":2}
mean-course/src/app/app.module.ts: {"insertSpaces":true,"tabSize":2}
mean-course/src/app/app-routing.module.ts: {"insertSpaces":true,"tabSize":2}
mean-course/src/app/app-routing.module.ts: Using EditorConfig core...
src/app/app-routing.module.ts: editor.action.trimTrailingWhitespace
mean-course/src/app/app.module.ts: {"insertSpaces":true,"tabSize":2}
mean-course/src/app/app.module.ts: Using EditorConfig core...
src/app/app.module.ts: editor.action.trimTrailingWhitespace
mean-course/src/app/app.module.ts: {"insertSpaces":true,"tabSize":2}
mean-course/src/app/header/header.component.html: {"insertSpaces":true,"tabSize":2}
mean-course/src/app/header/header.component.html: Using EditorConfig core...
src/app/header/header.component.html: editor.action.trimTrailingWhitespace
mean-course/src/app/header/header.component.html: {"insertSpaces":true,"tabSize":2}
mean-course/src/app/auth/signup/signup.component.html: {"insertSpaces":true,"tabSize":2}
mean-course/src/app/auth/signup/signup.component.html: {"insertSpaces":true,"tabSize":2}
mean-course/src/app/auth/signup/signup.component.ts: {"insertSpaces":true,"tabSize":2}
mean-course/src/app/auth/signup/signup.component.html: {"insertSpaces":true,"tabSize":2}
mean-course/src/app/auth/signup/signup.component.html: {"insertSpaces":true,"tabSize":2}
mean-course/src/app/auth/signup/signup.component.html: {"insertSpaces":true,"tabSize":2}
mean-course/src/app/app-routing.module.ts: {"insertSpaces":true,"tabSize":2}
mean-course/src/app/app.module.ts: {"insertSpaces":true,"tabSize":2}
mean-course/src/app/header/header.component.html: {"insertSpaces":true,"tabSize":2}
mean-course/src/app/header/header.component.html: {"insertSpaces":true,"tabSize":2}
mean-course/src/app/auth/login/login.component.html: {"insertSpaces":true,"tabSize":2}
mean-course/src/app/auth/login/login.component.html: Using EditorConfig core...
src/app/auth/login/login.component.html: editor.action.trimTrailingWhitespace
mean-course/src/app/auth/login/login.component.html: {"insertSpaces":true,"tabSize":2}
mean-course/src/app/auth/login/login.component.html: Using EditorConfig core...
src/app/auth/login/login.component.html: editor.action.trimTrailingWhitespace
mean-course/src/app/auth/login/login.component.html: {"insertSpaces":true,"tabSize":2}
mean-course/src/app/auth/login/login.component.html: Using EditorConfig core...
src/app/auth/login/login.component.html: editor.action.trimTrailingWhitespace
mean-course/src/app/auth/login/login.component.html: {"insertSpaces":true,"tabSize":2}
mean-course/src/app/auth/login/login.component.html: Using EditorConfig core...
src/app/auth/login/login.component.html: editor.action.trimTrailingWhitespace
mean-course/src/app/auth/login/login.component.html: {"insertSpaces":true,"tabSize":2}
mean-course/src/app/auth/signup/signup.component.html: {"insertSpaces":true,"tabSize":2}
mean-course/src/app/auth/signup/signup.component.html: Using EditorConfig core...
src/app/auth/signup/signup.component.html: editor.action.trimTrailingWhitespace
mean-course/src/app/auth/signup/signup.component.html: {"insertSpaces":true,"tabSize":2}
mean-course/src/app/auth/signup/signup.component.html: {"insertSpaces":true,"tabSize":2}
mean-course/src/app/auth/signup/signup.component.html: Using EditorConfig core...
src/app/auth/signup/signup.component.html: editor.action.trimTrailingWhitespace
mean-course/src/app/auth/signup/signup.component.html: Using EditorConfig core...
src/app/auth/signup/signup.component.html: editor.action.trimTrailingWhitespace
mean-course/src/app/auth/signup/signup.component.html: {"insertSpaces":true,"tabSize":2}
mean-course/src/app/auth/signup/signup.component.ts: {"insertSpaces":true,"tabSize":2}
mean-course/src/app/auth/signup/signup.component.ts: {"insertSpaces":true,"tabSize":2}
mean-course/src/app/auth/signup/signup.component.ts: Using EditorConfig core...
src/app/auth/signup/signup.component.ts: editor.action.trimTrailingWhitespace
mean-course/src/app/auth/signup/signup.component.html: {"insertSpaces":true,"tabSize":2}
mean-course/src/app/auth/signup/signup.component.html: Using EditorConfig core...
src/app/auth/signup/signup.component.html: editor.action.trimTrailingWhitespace
mean-course/src/app/auth/signup/signup.component.html: {"insertSpaces":true,"tabSize":2}
mean-course/src/app/auth/signup/signup.component.html: {"insertSpaces":true,"tabSize":2}
mean-course/src/app/auth/signup/signup.component.html: {"insertSpaces":true,"tabSize":2}
