Info 0    [8:44:56.69] Format host information updated
Info 1    [8:44:56.69] reload projects.
Info 2    [8:44:56.70] Before ensureProjectForOpenFiles:
Info 3    [8:44:56.70] After ensureProjectForOpenFiles:
Info 4    [8:44:56.70] Host file extension mappings updated
Info 5    [8:44:56.80] Search path: /home/sanjay/mean-stack/mean-course/src/app/auth
Info 6    [8:44:56.81] For info: /home/sanjay/mean-stack/mean-course/src/app/auth/auth-interceptor.ts :: Config file name: /home/sanjay/mean-stack/mean-course/tsconfig.json
Info 7    [8:44:56.81] Opened configuration file /home/sanjay/mean-stack/mean-course/tsconfig.json
Info 8    [8:44:56.146] Config: /home/sanjay/mean-stack/mean-course/tsconfig.json : {
 "rootNames": [
  "/home/sanjay/mean-stack/mean-course/e2e/src/app.e2e-spec.ts",
  "/home/sanjay/mean-stack/mean-course/e2e/src/app.po.ts",
  "/home/sanjay/mean-stack/mean-course/src/main.ts",
  "/home/sanjay/mean-stack/mean-course/src/polyfills.ts",
  "/home/sanjay/mean-stack/mean-course/src/test.ts",
  "/home/sanjay/mean-stack/mean-course/src/app/app-routing.module.ts",
  "/home/sanjay/mean-stack/mean-course/src/app/app.component.spec.ts",
  "/home/sanjay/mean-stack/mean-course/src/app/app.component.ts",
  "/home/sanjay/mean-stack/mean-course/src/app/app.module.ts",
  "/home/sanjay/mean-stack/mean-course/src/app/auth/auth-data.model.ts",
  "/home/sanjay/mean-stack/mean-course/src/app/auth/auth-interceptor.ts",
  "/home/sanjay/mean-stack/mean-course/src/app/auth/auth.service.ts",
  "/home/sanjay/mean-stack/mean-course/src/app/auth/login/login.component.ts",
  "/home/sanjay/mean-stack/mean-course/src/app/auth/signup/signup.component.ts",
  "/home/sanjay/mean-stack/mean-course/src/app/header/header.component.ts",
  "/home/sanjay/mean-stack/mean-course/src/app/post/post.model.ts",
  "/home/sanjay/mean-stack/mean-course/src/app/post/post.service.ts",
  "/home/sanjay/mean-stack/mean-course/src/app/post/post-create/mime-type.validator.ts",
  "/home/sanjay/mean-stack/mean-course/src/app/post/post-create/post-create.component.ts",
  "/home/sanjay/mean-stack/mean-course/src/app/post/post-list/post-list.component.ts",
  "/home/sanjay/mean-stack/mean-course/src/environments/environment.prod.ts",
  "/home/sanjay/mean-stack/mean-course/src/environments/environment.ts"
 ],
 "options": {
  "baseUrl": "/home/sanjay/mean-stack/mean-course",
  "outDir": "/home/sanjay/mean-stack/mean-course/dist/out-tsc",
  "sourceMap": true,
  "declaration": false,
  "downlevelIteration": true,
  "experimentalDecorators": true,
  "module": 99,
  "moduleResolution": 2,
  "importHelpers": true,
  "target": 2,
  "typeRoots": [
   "/home/sanjay/mean-stack/mean-course/node_modules/@types"
  ],
  "lib": [
   "lib.es2018.d.ts",
   "lib.dom.d.ts"
  ],
  "configFilePath": "/home/sanjay/mean-stack/mean-course/tsconfig.json"
 }
}
Info 9    [8:45:26.697] Loading global plugin @angular/language-service
Info 10   [8:45:26.697] Enabling plugin @angular/language-service from candidate paths: /root/.vscode/extensions/angular.ng-template-0.1000.7/server/node_modules/@angular/language-service/bundles/language-service.js,/root/.vscode/extensions/angular.ng-template-0.1000.7/node_modules/typescript/lib/tsserverlibrary.js/../../..
Info 11   [8:45:26.698] Loading @angular/language-service from /root/.vscode/extensions/angular.ng-template-0.1000.7/server/node_modules/@angular/language-service/bundles/language-service.js (resolved to /root/.vscode/extensions/angular.ng-template-0.1000.7/server/node_modules/@angular/language-service/bundles/language-service.js/node_modules)
Info 12   [8:45:26.818] Plugin validation succeded
Info 13   [8:45:26.935] Starting updateGraphWorker: Project: /home/sanjay/mean-stack/mean-course/tsconfig.json
Info 14   [8:45:39.452] Finishing updateGraphWorker: Project: /home/sanjay/mean-stack/mean-course/tsconfig.json Version: 1 structureChanged: true Elapsed: 12517ms
Info 15   [8:45:39.453] Project '/home/sanjay/mean-stack/mean-course/tsconfig.json' (Configured)
Info 16   [8:45:39.453] 	Files (635)

Info 17   [8:45:39.453] -----------------------------------------------
Info 18   [8:45:39.457] Starting updateGraphWorker: Project: /home/sanjay/mean-stack/mean-course/tsconfig.json
Info 19   [8:45:39.461] Finishing updateGraphWorker: Project: /home/sanjay/mean-stack/mean-course/tsconfig.json Version: 2 structureChanged: false Elapsed: 4ms
Info 20   [8:45:40.475] DirectoryWatcher:: Triggered with /home/sanjay/mean-stack/mean-course :: WatchInfo: /home/sanjay/mean-stack/mean-course 1 undefined Project: /home/sanjay/mean-stack/mean-course/tsconfig.json WatchType: Wild card directory
Info 21   [8:45:40.477] Elapsed:: 1ms DirectoryWatcher:: Triggered with /home/sanjay/mean-stack/mean-course :: WatchInfo: /home/sanjay/mean-stack/mean-course 1 undefined Project: /home/sanjay/mean-stack/mean-course/tsconfig.json WatchType: Wild card directory
Info 22   [8:45:40.769] Starting updateGraphWorker: Project: /home/sanjay/mean-stack/mean-course/tsconfig.json
Info 23   [8:45:40.769] Finishing updateGraphWorker: Project: /home/sanjay/mean-stack/mean-course/tsconfig.json Version: 3 structureChanged: false Elapsed: 0ms
Info 24   [8:45:42.978] Before ensureProjectForOpenFiles:
Info 25   [8:45:42.978] After ensureProjectForOpenFiles:
Info 26   [8:47:27.899] DirectoryWatcher:: Triggered with /home/sanjay/mean-stack/mean-course :: WatchInfo: /home/sanjay/mean-stack/mean-course 1 undefined Project: /home/sanjay/mean-stack/mean-course/tsconfig.json WatchType: Wild card directory
Info 27   [8:47:27.900] Elapsed:: 0ms DirectoryWatcher:: Triggered with /home/sanjay/mean-stack/mean-course :: WatchInfo: /home/sanjay/mean-stack/mean-course 1 undefined Project: /home/sanjay/mean-stack/mean-course/tsconfig.json WatchType: Wild card directory
Info 28   [8:47:28.395] Starting updateGraphWorker: Project: /home/sanjay/mean-stack/mean-course/tsconfig.json
Info 29   [8:47:28.396] Finishing updateGraphWorker: Project: /home/sanjay/mean-stack/mean-course/tsconfig.json Version: 4 structureChanged: true Elapsed: 1ms
Info 30   [8:47:28.396] Different program with same set of files:: oldProgram.structureIsReused:: 0
Info 31   [8:47:30.401] Before ensureProjectForOpenFiles:
Info 32   [8:47:30.401] After ensureProjectForOpenFiles:
Info 33   [8:50:9.493] DirectoryWatcher:: Triggered with /home/sanjay/mean-stack/mean-course :: WatchInfo: /home/sanjay/mean-stack/mean-course 1 undefined Project: /home/sanjay/mean-stack/mean-course/tsconfig.json WatchType: Wild card directory
Info 34   [8:50:9.493] Elapsed:: 0ms DirectoryWatcher:: Triggered with /home/sanjay/mean-stack/mean-course :: WatchInfo: /home/sanjay/mean-stack/mean-course 1 undefined Project: /home/sanjay/mean-stack/mean-course/tsconfig.json WatchType: Wild card directory
Info 35   [8:50:9.796] Starting updateGraphWorker: Project: /home/sanjay/mean-stack/mean-course/tsconfig.json
Info 36   [8:50:9.796] Finishing updateGraphWorker: Project: /home/sanjay/mean-stack/mean-course/tsconfig.json Version: 5 structureChanged: false Elapsed: 0ms
Info 37   [8:50:11.993] Before ensureProjectForOpenFiles:
Info 38   [8:50:11.993] After ensureProjectForOpenFiles:
Info 39   [8:55:9.508] DirectoryWatcher:: Triggered with /home/sanjay/mean-stack/mean-course :: WatchInfo: /home/sanjay/mean-stack/mean-course 1 undefined Project: /home/sanjay/mean-stack/mean-course/tsconfig.json WatchType: Wild card directory
Info 40   [8:55:9.508] Elapsed:: 0ms DirectoryWatcher:: Triggered with /home/sanjay/mean-stack/mean-course :: WatchInfo: /home/sanjay/mean-stack/mean-course 1 undefined Project: /home/sanjay/mean-stack/mean-course/tsconfig.json WatchType: Wild card directory
Info 41   [8:55:9.806] Starting updateGraphWorker: Project: /home/sanjay/mean-stack/mean-course/tsconfig.json
Info 42   [8:55:9.807] Finishing updateGraphWorker: Project: /home/sanjay/mean-stack/mean-course/tsconfig.json Version: 6 structureChanged: false Elapsed: 0ms
Info 43   [8:55:12.8] Before ensureProjectForOpenFiles:
Info 44   [8:55:12.9] After ensureProjectForOpenFiles:
Info 45   [9:0:9.549] DirectoryWatcher:: Triggered with /home/sanjay/mean-stack/mean-course :: WatchInfo: /home/sanjay/mean-stack/mean-course 1 undefined Project: /home/sanjay/mean-stack/mean-course/tsconfig.json WatchType: Wild card directory
Info 46   [9:0:9.549] Elapsed:: 0ms DirectoryWatcher:: Triggered with /home/sanjay/mean-stack/mean-course :: WatchInfo: /home/sanjay/mean-stack/mean-course 1 undefined Project: /home/sanjay/mean-stack/mean-course/tsconfig.json WatchType: Wild card directory
Info 47   [9:0:9.841] Starting updateGraphWorker: Project: /home/sanjay/mean-stack/mean-course/tsconfig.json
Info 48   [9:0:9.841] Finishing updateGraphWorker: Project: /home/sanjay/mean-stack/mean-course/tsconfig.json Version: 7 structureChanged: false Elapsed: 0ms
Info 49   [9:0:12.49] Before ensureProjectForOpenFiles:
Info 50   [9:0:12.50] After ensureProjectForOpenFiles:
Info 51   [9:5:9.573] DirectoryWatcher:: Triggered with /home/sanjay/mean-stack/mean-course :: WatchInfo: /home/sanjay/mean-stack/mean-course 1 undefined Project: /home/sanjay/mean-stack/mean-course/tsconfig.json WatchType: Wild card directory
Info 52   [9:5:9.573] Elapsed:: 0ms DirectoryWatcher:: Triggered with /home/sanjay/mean-stack/mean-course :: WatchInfo: /home/sanjay/mean-stack/mean-course 1 undefined Project: /home/sanjay/mean-stack/mean-course/tsconfig.json WatchType: Wild card directory
Info 53   [9:5:9.855] Starting updateGraphWorker: Project: /home/sanjay/mean-stack/mean-course/tsconfig.json
Info 54   [9:5:9.855] Finishing updateGraphWorker: Project: /home/sanjay/mean-stack/mean-course/tsconfig.json Version: 8 structureChanged: false Elapsed: 0ms
Info 55   [9:5:12.73] Before ensureProjectForOpenFiles:
Info 56   [9:5:12.74] After ensureProjectForOpenFiles:
Info 57   [9:10:9.595] DirectoryWatcher:: Triggered with /home/sanjay/mean-stack/mean-course :: WatchInfo: /home/sanjay/mean-stack/mean-course 1 undefined Project: /home/sanjay/mean-stack/mean-course/tsconfig.json WatchType: Wild card directory
Info 58   [9:10:9.595] Elapsed:: 0ms DirectoryWatcher:: Triggered with /home/sanjay/mean-stack/mean-course :: WatchInfo: /home/sanjay/mean-stack/mean-course 1 undefined Project: /home/sanjay/mean-stack/mean-course/tsconfig.json WatchType: Wild card directory
Info 59   [9:10:9.891] Starting updateGraphWorker: Project: /home/sanjay/mean-stack/mean-course/tsconfig.json
Info 60   [9:10:9.892] Finishing updateGraphWorker: Project: /home/sanjay/mean-stack/mean-course/tsconfig.json Version: 9 structureChanged: false Elapsed: 0ms
Info 61   [9:10:12.95] Before ensureProjectForOpenFiles:
Info 62   [9:10:12.95] After ensureProjectForOpenFiles:
Info 63   [9:15:9.610] DirectoryWatcher:: Triggered with /home/sanjay/mean-stack/mean-course :: WatchInfo: /home/sanjay/mean-stack/mean-course 1 undefined Project: /home/sanjay/mean-stack/mean-course/tsconfig.json WatchType: Wild card directory
Info 64   [9:15:9.610] Elapsed:: 0ms DirectoryWatcher:: Triggered with /home/sanjay/mean-stack/mean-course :: WatchInfo: /home/sanjay/mean-stack/mean-course 1 undefined Project: /home/sanjay/mean-stack/mean-course/tsconfig.json WatchType: Wild card directory
Info 65   [9:15:9.891] Starting updateGraphWorker: Project: /home/sanjay/mean-stack/mean-course/tsconfig.json
Info 66   [9:15:9.891] Finishing updateGraphWorker: Project: /home/sanjay/mean-stack/mean-course/tsconfig.json Version: 10 structureChanged: false Elapsed: 0ms
Info 67   [9:15:12.111] Before ensureProjectForOpenFiles:
Info 68   [9:15:12.111] After ensureProjectForOpenFiles:
Info 69   [9:20:9.631] DirectoryWatcher:: Triggered with /home/sanjay/mean-stack/mean-course :: WatchInfo: /home/sanjay/mean-stack/mean-course 1 undefined Project: /home/sanjay/mean-stack/mean-course/tsconfig.json WatchType: Wild card directory
Info 70   [9:20:9.632] Elapsed:: 0ms DirectoryWatcher:: Triggered with /home/sanjay/mean-stack/mean-course :: WatchInfo: /home/sanjay/mean-stack/mean-course 1 undefined Project: /home/sanjay/mean-stack/mean-course/tsconfig.json WatchType: Wild card directory
Info 71   [9:20:9.932] Starting updateGraphWorker: Project: /home/sanjay/mean-stack/mean-course/tsconfig.json
Info 72   [9:20:9.932] Finishing updateGraphWorker: Project: /home/sanjay/mean-stack/mean-course/tsconfig.json Version: 11 structureChanged: false Elapsed: 0ms
Info 73   [9:20:12.132] Before ensureProjectForOpenFiles:
Info 74   [9:20:12.133] After ensureProjectForOpenFiles:
Info 75   [9:25:9.670] DirectoryWatcher:: Triggered with /home/sanjay/mean-stack/mean-course :: WatchInfo: /home/sanjay/mean-stack/mean-course 1 undefined Project: /home/sanjay/mean-stack/mean-course/tsconfig.json WatchType: Wild card directory
Info 76   [9:25:9.670] Elapsed:: 0ms DirectoryWatcher:: Triggered with /home/sanjay/mean-stack/mean-course :: WatchInfo: /home/sanjay/mean-stack/mean-course 1 undefined Project: /home/sanjay/mean-stack/mean-course/tsconfig.json WatchType: Wild card directory
Info 77   [9:25:9.945] Starting updateGraphWorker: Project: /home/sanjay/mean-stack/mean-course/tsconfig.json
Info 78   [9:25:9.946] Finishing updateGraphWorker: Project: /home/sanjay/mean-stack/mean-course/tsconfig.json Version: 12 structureChanged: false Elapsed: 0ms
Info 79   [9:25:12.170] Before ensureProjectForOpenFiles:
Info 80   [9:25:12.170] After ensureProjectForOpenFiles:
Info 81   [9:30:9.690] DirectoryWatcher:: Triggered with /home/sanjay/mean-stack/mean-course :: WatchInfo: /home/sanjay/mean-stack/mean-course 1 undefined Project: /home/sanjay/mean-stack/mean-course/tsconfig.json WatchType: Wild card directory
Info 82   [9:30:9.690] Elapsed:: 0ms DirectoryWatcher:: Triggered with /home/sanjay/mean-stack/mean-course :: WatchInfo: /home/sanjay/mean-stack/mean-course 1 undefined Project: /home/sanjay/mean-stack/mean-course/tsconfig.json WatchType: Wild card directory
Info 83   [9:30:9.983] Starting updateGraphWorker: Project: /home/sanjay/mean-stack/mean-course/tsconfig.json
Info 84   [9:30:9.983] Finishing updateGraphWorker: Project: /home/sanjay/mean-stack/mean-course/tsconfig.json Version: 13 structureChanged: false Elapsed: 0ms
Info 85   [9:30:12.190] Before ensureProjectForOpenFiles:
Info 86   [9:30:12.191] After ensureProjectForOpenFiles:
Info 87   [9:35:9.698] DirectoryWatcher:: Triggered with /home/sanjay/mean-stack/mean-course :: WatchInfo: /home/sanjay/mean-stack/mean-course 1 undefined Project: /home/sanjay/mean-stack/mean-course/tsconfig.json WatchType: Wild card directory
Info 88   [9:35:9.698] Elapsed:: 0ms DirectoryWatcher:: Triggered with /home/sanjay/mean-stack/mean-course :: WatchInfo: /home/sanjay/mean-stack/mean-course 1 undefined Project: /home/sanjay/mean-stack/mean-course/tsconfig.json WatchType: Wild card directory
Info 89   [9:35:9.975] Starting updateGraphWorker: Project: /home/sanjay/mean-stack/mean-course/tsconfig.json
Info 90   [9:35:9.975] Finishing updateGraphWorker: Project: /home/sanjay/mean-stack/mean-course/tsconfig.json Version: 14 structureChanged: false Elapsed: 0ms
Info 91   [9:35:12.198] Before ensureProjectForOpenFiles:
Info 92   [9:35:12.198] After ensureProjectForOpenFiles:
Info 93   [9:40:9.737] DirectoryWatcher:: Triggered with /home/sanjay/mean-stack/mean-course :: WatchInfo: /home/sanjay/mean-stack/mean-course 1 undefined Project: /home/sanjay/mean-stack/mean-course/tsconfig.json WatchType: Wild card directory
Info 94   [9:40:9.738] Elapsed:: 1ms DirectoryWatcher:: Triggered with /home/sanjay/mean-stack/mean-course :: WatchInfo: /home/sanjay/mean-stack/mean-course 1 undefined Project: /home/sanjay/mean-stack/mean-course/tsconfig.json WatchType: Wild card directory
Info 95   [9:40:10.22] Starting updateGraphWorker: Project: /home/sanjay/mean-stack/mean-course/tsconfig.json
Info 96   [9:40:10.23] Finishing updateGraphWorker: Project: /home/sanjay/mean-stack/mean-course/tsconfig.json Version: 15 structureChanged: false Elapsed: 1ms
Info 97   [9:40:12.238] Before ensureProjectForOpenFiles:
Info 98   [9:40:12.238] After ensureProjectForOpenFiles:
Info 99   [9:45:9.994] DirectoryWatcher:: Triggered with /home/sanjay/mean-stack/mean-course :: WatchInfo: /home/sanjay/mean-stack/mean-course 1 undefined Project: /home/sanjay/mean-stack/mean-course/tsconfig.json WatchType: Wild card directory
Info 100  [9:45:9.994] Elapsed:: 0ms DirectoryWatcher:: Triggered with /home/sanjay/mean-stack/mean-course :: WatchInfo: /home/sanjay/mean-stack/mean-course 1 undefined Project: /home/sanjay/mean-stack/mean-course/tsconfig.json WatchType: Wild card directory
Info 101  [9:45:10.269] Starting updateGraphWorker: Project: /home/sanjay/mean-stack/mean-course/tsconfig.json
Info 102  [9:45:10.269] Finishing updateGraphWorker: Project: /home/sanjay/mean-stack/mean-course/tsconfig.json Version: 16 structureChanged: false Elapsed: 0ms
Info 103  [9:45:12.494] Before ensureProjectForOpenFiles:
Info 104  [9:45:12.494] After ensureProjectForOpenFiles:
Info 105  [9:45:21.481] DirectoryWatcher:: Triggered with /home/sanjay/mean-stack/mean-course :: WatchInfo: /home/sanjay/mean-stack/mean-course 1 undefined Project: /home/sanjay/mean-stack/mean-course/tsconfig.json WatchType: Wild card directory
Info 106  [9:45:21.482] Elapsed:: 0ms DirectoryWatcher:: Triggered with /home/sanjay/mean-stack/mean-course :: WatchInfo: /home/sanjay/mean-stack/mean-course 1 undefined Project: /home/sanjay/mean-stack/mean-course/tsconfig.json WatchType: Wild card directory
Info 107  [9:45:21.761] Starting updateGraphWorker: Project: /home/sanjay/mean-stack/mean-course/tsconfig.json
Info 108  [9:45:21.761] Finishing updateGraphWorker: Project: /home/sanjay/mean-stack/mean-course/tsconfig.json Version: 17 structureChanged: false Elapsed: 0ms
Info 109  [9:45:23.982] Before ensureProjectForOpenFiles:
Info 110  [9:45:23.982] After ensureProjectForOpenFiles:
Info 111  [9:45:31.413] DirectoryWatcher:: Triggered with /home/sanjay/mean-stack/mean-course :: WatchInfo: /home/sanjay/mean-stack/mean-course 1 undefined Project: /home/sanjay/mean-stack/mean-course/tsconfig.json WatchType: Wild card directory
Info 112  [9:45:31.413] Elapsed:: 0ms DirectoryWatcher:: Triggered with /home/sanjay/mean-stack/mean-course :: WatchInfo: /home/sanjay/mean-stack/mean-course 1 undefined Project: /home/sanjay/mean-stack/mean-course/tsconfig.json WatchType: Wild card directory
Info 113  [9:45:31.692] Starting updateGraphWorker: Project: /home/sanjay/mean-stack/mean-course/tsconfig.json
Info 114  [9:45:31.692] Finishing updateGraphWorker: Project: /home/sanjay/mean-stack/mean-course/tsconfig.json Version: 18 structureChanged: false Elapsed: 0ms
Info 115  [9:45:33.913] Before ensureProjectForOpenFiles:
Info 116  [9:45:33.913] After ensureProjectForOpenFiles:
Info 117  [9:50:10.481] DirectoryWatcher:: Triggered with /home/sanjay/mean-stack/mean-course :: WatchInfo: /home/sanjay/mean-stack/mean-course 1 undefined Project: /home/sanjay/mean-stack/mean-course/tsconfig.json WatchType: Wild card directory
Info 118  [9:50:10.482] Elapsed:: 1ms DirectoryWatcher:: Triggered with /home/sanjay/mean-stack/mean-course :: WatchInfo: /home/sanjay/mean-stack/mean-course 1 undefined Project: /home/sanjay/mean-stack/mean-course/tsconfig.json WatchType: Wild card directory
Info 119  [9:50:10.761] Starting updateGraphWorker: Project: /home/sanjay/mean-stack/mean-course/tsconfig.json
Info 120  [9:50:10.761] Finishing updateGraphWorker: Project: /home/sanjay/mean-stack/mean-course/tsconfig.json Version: 19 structureChanged: false Elapsed: 0ms
Info 121  [9:50:12.982] Before ensureProjectForOpenFiles:
Info 122  [9:50:12.982] After ensureProjectForOpenFiles:
Info 123  [9:55:10.497] DirectoryWatcher:: Triggered with /home/sanjay/mean-stack/mean-course :: WatchInfo: /home/sanjay/mean-stack/mean-course 1 undefined Project: /home/sanjay/mean-stack/mean-course/tsconfig.json WatchType: Wild card directory
Info 124  [9:55:10.497] Elapsed:: 0ms DirectoryWatcher:: Triggered with /home/sanjay/mean-stack/mean-course :: WatchInfo: /home/sanjay/mean-stack/mean-course 1 undefined Project: /home/sanjay/mean-stack/mean-course/tsconfig.json WatchType: Wild card directory
Info 125  [9:55:10.767] Starting updateGraphWorker: Project: /home/sanjay/mean-stack/mean-course/tsconfig.json
Info 126  [9:55:10.767] Finishing updateGraphWorker: Project: /home/sanjay/mean-stack/mean-course/tsconfig.json Version: 20 structureChanged: false Elapsed: 0ms
Info 127  [9:55:12.997] Before ensureProjectForOpenFiles:
Info 128  [9:55:12.997] After ensureProjectForOpenFiles:
Info 129  [10:0:10.534] DirectoryWatcher:: Triggered with /home/sanjay/mean-stack/mean-course :: WatchInfo: /home/sanjay/mean-stack/mean-course 1 undefined Project: /home/sanjay/mean-stack/mean-course/tsconfig.json WatchType: Wild card directory
Info 130  [10:0:10.534] Elapsed:: 0ms DirectoryWatcher:: Triggered with /home/sanjay/mean-stack/mean-course :: WatchInfo: /home/sanjay/mean-stack/mean-course 1 undefined Project: /home/sanjay/mean-stack/mean-course/tsconfig.json WatchType: Wild card directory
Info 131  [10:0:10.811] Starting updateGraphWorker: Project: /home/sanjay/mean-stack/mean-course/tsconfig.json
Info 132  [10:0:10.811] Finishing updateGraphWorker: Project: /home/sanjay/mean-stack/mean-course/tsconfig.json Version: 21 structureChanged: false Elapsed: 0ms
Info 133  [10:0:13.35] Before ensureProjectForOpenFiles:
Info 134  [10:0:13.35] After ensureProjectForOpenFiles:
Info 135  [10:5:10.557] DirectoryWatcher:: Triggered with /home/sanjay/mean-stack/mean-course :: WatchInfo: /home/sanjay/mean-stack/mean-course 1 undefined Project: /home/sanjay/mean-stack/mean-course/tsconfig.json WatchType: Wild card directory
Info 136  [10:5:10.558] Elapsed:: 1ms DirectoryWatcher:: Triggered with /home/sanjay/mean-stack/mean-course :: WatchInfo: /home/sanjay/mean-stack/mean-course 1 undefined Project: /home/sanjay/mean-stack/mean-course/tsconfig.json WatchType: Wild card directory
Info 137  [10:5:10.835] Starting updateGraphWorker: Project: /home/sanjay/mean-stack/mean-course/tsconfig.json
Info 138  [10:5:10.835] Finishing updateGraphWorker: Project: /home/sanjay/mean-stack/mean-course/tsconfig.json Version: 22 structureChanged: false Elapsed: 0ms
Info 139  [10:5:13.58] Before ensureProjectForOpenFiles:
Info 140  [10:5:13.58] After ensureProjectForOpenFiles:
Info 141  [10:10:10.584] DirectoryWatcher:: Triggered with /home/sanjay/mean-stack/mean-course :: WatchInfo: /home/sanjay/mean-stack/mean-course 1 undefined Project: /home/sanjay/mean-stack/mean-course/tsconfig.json WatchType: Wild card directory
Info 142  [10:10:10.584] Elapsed:: 0ms DirectoryWatcher:: Triggered with /home/sanjay/mean-stack/mean-course :: WatchInfo: /home/sanjay/mean-stack/mean-course 1 undefined Project: /home/sanjay/mean-stack/mean-course/tsconfig.json WatchType: Wild card directory
Info 143  [10:10:10.867] Starting updateGraphWorker: Project: /home/sanjay/mean-stack/mean-course/tsconfig.json
Info 144  [10:10:10.867] Finishing updateGraphWorker: Project: /home/sanjay/mean-stack/mean-course/tsconfig.json Version: 23 structureChanged: false Elapsed: 0ms
Info 145  [10:10:13.84] Before ensureProjectForOpenFiles:
Info 146  [10:10:13.84] After ensureProjectForOpenFiles:
Info 147  [10:15:10.609] DirectoryWatcher:: Triggered with /home/sanjay/mean-stack/mean-course :: WatchInfo: /home/sanjay/mean-stack/mean-course 1 undefined Project: /home/sanjay/mean-stack/mean-course/tsconfig.json WatchType: Wild card directory
Info 148  [10:15:10.609] Elapsed:: 0ms DirectoryWatcher:: Triggered with /home/sanjay/mean-stack/mean-course :: WatchInfo: /home/sanjay/mean-stack/mean-course 1 undefined Project: /home/sanjay/mean-stack/mean-course/tsconfig.json WatchType: Wild card directory
Info 149  [10:15:10.887] Starting updateGraphWorker: Project: /home/sanjay/mean-stack/mean-course/tsconfig.json
Info 150  [10:15:10.887] Finishing updateGraphWorker: Project: /home/sanjay/mean-stack/mean-course/tsconfig.json Version: 24 structureChanged: false Elapsed: 0ms
Info 151  [10:15:13.110] Before ensureProjectForOpenFiles:
Info 152  [10:15:13.110] After ensureProjectForOpenFiles:
Info 153  [10:20:10.635] DirectoryWatcher:: Triggered with /home/sanjay/mean-stack/mean-course :: WatchInfo: /home/sanjay/mean-stack/mean-course 1 undefined Project: /home/sanjay/mean-stack/mean-course/tsconfig.json WatchType: Wild card directory
Info 154  [10:20:10.636] Elapsed:: 1ms DirectoryWatcher:: Triggered with /home/sanjay/mean-stack/mean-course :: WatchInfo: /home/sanjay/mean-stack/mean-course 1 undefined Project: /home/sanjay/mean-stack/mean-course/tsconfig.json WatchType: Wild card directory
Info 155  [10:20:10.922] Starting updateGraphWorker: Project: /home/sanjay/mean-stack/mean-course/tsconfig.json
Info 156  [10:20:10.923] Finishing updateGraphWorker: Project: /home/sanjay/mean-stack/mean-course/tsconfig.json Version: 25 structureChanged: false Elapsed: 1ms
Info 157  [10:20:13.136] Before ensureProjectForOpenFiles:
Info 158  [10:20:13.136] After ensureProjectForOpenFiles:
Info 159  [10:25:10.661] DirectoryWatcher:: Triggered with /home/sanjay/mean-stack/mean-course :: WatchInfo: /home/sanjay/mean-stack/mean-course 1 undefined Project: /home/sanjay/mean-stack/mean-course/tsconfig.json WatchType: Wild card directory
Info 160  [10:25:10.661] Elapsed:: 0ms DirectoryWatcher:: Triggered with /home/sanjay/mean-stack/mean-course :: WatchInfo: /home/sanjay/mean-stack/mean-course 1 undefined Project: /home/sanjay/mean-stack/mean-course/tsconfig.json WatchType: Wild card directory
Info 161  [10:25:10.941] Starting updateGraphWorker: Project: /home/sanjay/mean-stack/mean-course/tsconfig.json
Info 162  [10:25:10.941] Finishing updateGraphWorker: Project: /home/sanjay/mean-stack/mean-course/tsconfig.json Version: 26 structureChanged: false Elapsed: 0ms
Info 163  [10:25:13.162] Before ensureProjectForOpenFiles:
Info 164  [10:25:13.162] After ensureProjectForOpenFiles:
Info 165  [10:30:10.682] DirectoryWatcher:: Triggered with /home/sanjay/mean-stack/mean-course :: WatchInfo: /home/sanjay/mean-stack/mean-course 1 undefined Project: /home/sanjay/mean-stack/mean-course/tsconfig.json WatchType: Wild card directory
Info 166  [10:30:10.683] Elapsed:: 1ms DirectoryWatcher:: Triggered with /home/sanjay/mean-stack/mean-course :: WatchInfo: /home/sanjay/mean-stack/mean-course 1 undefined Project: /home/sanjay/mean-stack/mean-course/tsconfig.json WatchType: Wild card directory
Info 167  [10:30:10.961] Starting updateGraphWorker: Project: /home/sanjay/mean-stack/mean-course/tsconfig.json
Info 168  [10:30:10.962] Finishing updateGraphWorker: Project: /home/sanjay/mean-stack/mean-course/tsconfig.json Version: 27 structureChanged: false Elapsed: 0ms
Info 169  [10:30:13.183] Before ensureProjectForOpenFiles:
Info 170  [10:30:13.183] After ensureProjectForOpenFiles:
Info 171  [10:35:10.708] DirectoryWatcher:: Triggered with /home/sanjay/mean-stack/mean-course :: WatchInfo: /home/sanjay/mean-stack/mean-course 1 undefined Project: /home/sanjay/mean-stack/mean-course/tsconfig.json WatchType: Wild card directory
Info 172  [10:35:10.708] Elapsed:: 0ms DirectoryWatcher:: Triggered with /home/sanjay/mean-stack/mean-course :: WatchInfo: /home/sanjay/mean-stack/mean-course 1 undefined Project: /home/sanjay/mean-stack/mean-course/tsconfig.json WatchType: Wild card directory
Info 173  [10:35:10.996] Starting updateGraphWorker: Project: /home/sanjay/mean-stack/mean-course/tsconfig.json
Info 174  [10:35:10.996] Finishing updateGraphWorker: Project: /home/sanjay/mean-stack/mean-course/tsconfig.json Version: 28 structureChanged: false Elapsed: 0ms
Info 175  [10:35:13.208] Before ensureProjectForOpenFiles:
Info 176  [10:35:13.208] After ensureProjectForOpenFiles:
Info 177  [10:40:10.733] DirectoryWatcher:: Triggered with /home/sanjay/mean-stack/mean-course :: WatchInfo: /home/sanjay/mean-stack/mean-course 1 undefined Project: /home/sanjay/mean-stack/mean-course/tsconfig.json WatchType: Wild card directory
Info 178  [10:40:10.733] Elapsed:: 0ms DirectoryWatcher:: Triggered with /home/sanjay/mean-stack/mean-course :: WatchInfo: /home/sanjay/mean-stack/mean-course 1 undefined Project: /home/sanjay/mean-stack/mean-course/tsconfig.json WatchType: Wild card directory
Info 179  [10:40:11.23] Starting updateGraphWorker: Project: /home/sanjay/mean-stack/mean-course/tsconfig.json
Info 180  [10:40:11.23] Finishing updateGraphWorker: Project: /home/sanjay/mean-stack/mean-course/tsconfig.json Version: 29 structureChanged: false Elapsed: 0ms
Info 181  [10:40:13.234] Before ensureProjectForOpenFiles:
Info 182  [10:40:13.234] After ensureProjectForOpenFiles:
Info 183  [10:45:10.27] DirectoryWatcher:: Triggered with /home/sanjay/mean-stack/mean-course :: WatchInfo: /home/sanjay/mean-stack/mean-course 1 undefined Project: /home/sanjay/mean-stack/mean-course/tsconfig.json WatchType: Wild card directory
Info 184  [10:45:10.27] Elapsed:: 0ms DirectoryWatcher:: Triggered with /home/sanjay/mean-stack/mean-course :: WatchInfo: /home/sanjay/mean-stack/mean-course 1 undefined Project: /home/sanjay/mean-stack/mean-course/tsconfig.json WatchType: Wild card directory
Info 185  [10:45:10.301] Starting updateGraphWorker: Project: /home/sanjay/mean-stack/mean-course/tsconfig.json
Info 186  [10:45:10.301] Finishing updateGraphWorker: Project: /home/sanjay/mean-stack/mean-course/tsconfig.json Version: 30 structureChanged: false Elapsed: 0ms
Info 187  [10:45:12.527] Before ensureProjectForOpenFiles:
Info 188  [10:45:12.527] After ensureProjectForOpenFiles:
Info 189  [10:45:21.218] DirectoryWatcher:: Triggered with /home/sanjay/mean-stack/mean-course :: WatchInfo: /home/sanjay/mean-stack/mean-course 1 undefined Project: /home/sanjay/mean-stack/mean-course/tsconfig.json WatchType: Wild card directory
Info 190  [10:45:21.218] Elapsed:: 0ms DirectoryWatcher:: Triggered with /home/sanjay/mean-stack/mean-course :: WatchInfo: /home/sanjay/mean-stack/mean-course 1 undefined Project: /home/sanjay/mean-stack/mean-course/tsconfig.json WatchType: Wild card directory
Info 191  [10:45:21.506] Starting updateGraphWorker: Project: /home/sanjay/mean-stack/mean-course/tsconfig.json
Info 192  [10:45:21.506] Finishing updateGraphWorker: Project: /home/sanjay/mean-stack/mean-course/tsconfig.json Version: 31 structureChanged: false Elapsed: 0ms
Info 193  [10:45:23.719] Before ensureProjectForOpenFiles:
Info 194  [10:45:23.719] After ensureProjectForOpenFiles:
Info 195  [10:45:31.173] DirectoryWatcher:: Triggered with /home/sanjay/mean-stack/mean-course :: WatchInfo: /home/sanjay/mean-stack/mean-course 1 undefined Project: /home/sanjay/mean-stack/mean-course/tsconfig.json WatchType: Wild card directory
Info 196  [10:45:31.174] Elapsed:: 1ms DirectoryWatcher:: Triggered with /home/sanjay/mean-stack/mean-course :: WatchInfo: /home/sanjay/mean-stack/mean-course 1 undefined Project: /home/sanjay/mean-stack/mean-course/tsconfig.json WatchType: Wild card directory
Info 197  [10:45:31.449] Starting updateGraphWorker: Project: /home/sanjay/mean-stack/mean-course/tsconfig.json
Info 198  [10:45:31.449] Finishing updateGraphWorker: Project: /home/sanjay/mean-stack/mean-course/tsconfig.json Version: 32 structureChanged: false Elapsed: 0ms
Info 199  [10:45:33.674] Before ensureProjectForOpenFiles:
Info 200  [10:45:33.674] After ensureProjectForOpenFiles:
Info 201  [10:50:11.263] DirectoryWatcher:: Triggered with /home/sanjay/mean-stack/mean-course :: WatchInfo: /home/sanjay/mean-stack/mean-course 1 undefined Project: /home/sanjay/mean-stack/mean-course/tsconfig.json WatchType: Wild card directory
Info 202  [10:50:11.263] Elapsed:: 0ms DirectoryWatcher:: Triggered with /home/sanjay/mean-stack/mean-course :: WatchInfo: /home/sanjay/mean-stack/mean-course 1 undefined Project: /home/sanjay/mean-stack/mean-course/tsconfig.json WatchType: Wild card directory
Info 203  [10:50:11.532] Starting updateGraphWorker: Project: /home/sanjay/mean-stack/mean-course/tsconfig.json
Info 204  [10:50:11.533] Finishing updateGraphWorker: Project: /home/sanjay/mean-stack/mean-course/tsconfig.json Version: 33 structureChanged: false Elapsed: 0ms
Info 205  [10:50:13.763] Before ensureProjectForOpenFiles:
Info 206  [10:50:13.763] After ensureProjectForOpenFiles:
Info 207  [10:55:11.288] DirectoryWatcher:: Triggered with /home/sanjay/mean-stack/mean-course :: WatchInfo: /home/sanjay/mean-stack/mean-course 1 undefined Project: /home/sanjay/mean-stack/mean-course/tsconfig.json WatchType: Wild card directory
Info 208  [10:55:11.288] Elapsed:: 0ms DirectoryWatcher:: Triggered with /home/sanjay/mean-stack/mean-course :: WatchInfo: /home/sanjay/mean-stack/mean-course 1 undefined Project: /home/sanjay/mean-stack/mean-course/tsconfig.json WatchType: Wild card directory
Info 209  [10:55:11.578] Starting updateGraphWorker: Project: /home/sanjay/mean-stack/mean-course/tsconfig.json
Info 210  [10:55:11.578] Finishing updateGraphWorker: Project: /home/sanjay/mean-stack/mean-course/tsconfig.json Version: 34 structureChanged: false Elapsed: 0ms
Info 211  [10:55:13.789] Before ensureProjectForOpenFiles:
Info 212  [10:55:13.789] After ensureProjectForOpenFiles:
Info 213  [11:0:11.313] DirectoryWatcher:: Triggered with /home/sanjay/mean-stack/mean-course :: WatchInfo: /home/sanjay/mean-stack/mean-course 1 undefined Project: /home/sanjay/mean-stack/mean-course/tsconfig.json WatchType: Wild card directory
Info 214  [11:0:11.313] Elapsed:: 0ms DirectoryWatcher:: Triggered with /home/sanjay/mean-stack/mean-course :: WatchInfo: /home/sanjay/mean-stack/mean-course 1 undefined Project: /home/sanjay/mean-stack/mean-course/tsconfig.json WatchType: Wild card directory
Info 215  [11:0:11.593] Starting updateGraphWorker: Project: /home/sanjay/mean-stack/mean-course/tsconfig.json
Info 216  [11:0:11.593] Finishing updateGraphWorker: Project: /home/sanjay/mean-stack/mean-course/tsconfig.json Version: 35 structureChanged: false Elapsed: 0ms
Info 217  [11:0:13.814] Before ensureProjectForOpenFiles:
Info 218  [11:0:13.814] After ensureProjectForOpenFiles:
Info 219  [11:5:11.335] DirectoryWatcher:: Triggered with /home/sanjay/mean-stack/mean-course :: WatchInfo: /home/sanjay/mean-stack/mean-course 1 undefined Project: /home/sanjay/mean-stack/mean-course/tsconfig.json WatchType: Wild card directory
Info 220  [11:5:11.335] Elapsed:: 0ms DirectoryWatcher:: Triggered with /home/sanjay/mean-stack/mean-course :: WatchInfo: /home/sanjay/mean-stack/mean-course 1 undefined Project: /home/sanjay/mean-stack/mean-course/tsconfig.json WatchType: Wild card directory
Info 221  [11:5:11.628] Starting updateGraphWorker: Project: /home/sanjay/mean-stack/mean-course/tsconfig.json
Info 222  [11:5:11.628] Finishing updateGraphWorker: Project: /home/sanjay/mean-stack/mean-course/tsconfig.json Version: 36 structureChanged: false Elapsed: 0ms
Info 223  [11:5:13.835] Before ensureProjectForOpenFiles:
Info 224  [11:5:13.835] After ensureProjectForOpenFiles:
Info 225  [11:10:11.357] DirectoryWatcher:: Triggered with /home/sanjay/mean-stack/mean-course :: WatchInfo: /home/sanjay/mean-stack/mean-course 1 undefined Project: /home/sanjay/mean-stack/mean-course/tsconfig.json WatchType: Wild card directory
Info 226  [11:10:11.358] Elapsed:: 1ms DirectoryWatcher:: Triggered with /home/sanjay/mean-stack/mean-course :: WatchInfo: /home/sanjay/mean-stack/mean-course 1 undefined Project: /home/sanjay/mean-stack/mean-course/tsconfig.json WatchType: Wild card directory
Info 227  [11:10:11.646] Starting updateGraphWorker: Project: /home/sanjay/mean-stack/mean-course/tsconfig.json
Info 228  [11:10:11.646] Finishing updateGraphWorker: Project: /home/sanjay/mean-stack/mean-course/tsconfig.json Version: 37 structureChanged: false Elapsed: 0ms
Info 229  [11:10:13.858] Before ensureProjectForOpenFiles:
Info 230  [11:10:13.858] After ensureProjectForOpenFiles:
Info 231  [11:15:11.367] DirectoryWatcher:: Triggered with /home/sanjay/mean-stack/mean-course :: WatchInfo: /home/sanjay/mean-stack/mean-course 1 undefined Project: /home/sanjay/mean-stack/mean-course/tsconfig.json WatchType: Wild card directory
Info 232  [11:15:11.368] Elapsed:: 1ms DirectoryWatcher:: Triggered with /home/sanjay/mean-stack/mean-course :: WatchInfo: /home/sanjay/mean-stack/mean-course 1 undefined Project: /home/sanjay/mean-stack/mean-course/tsconfig.json WatchType: Wild card directory
Info 233  [11:15:11.643] Starting updateGraphWorker: Project: /home/sanjay/mean-stack/mean-course/tsconfig.json
Info 234  [11:15:11.643] Finishing updateGraphWorker: Project: /home/sanjay/mean-stack/mean-course/tsconfig.json Version: 38 structureChanged: false Elapsed: 0ms
Info 235  [11:15:13.868] Before ensureProjectForOpenFiles:
Info 236  [11:15:13.868] After ensureProjectForOpenFiles:
Info 237  [11:20:11.410] DirectoryWatcher:: Triggered with /home/sanjay/mean-stack/mean-course :: WatchInfo: /home/sanjay/mean-stack/mean-course 1 undefined Project: /home/sanjay/mean-stack/mean-course/tsconfig.json WatchType: Wild card directory
Info 238  [11:20:11.410] Elapsed:: 0ms DirectoryWatcher:: Triggered with /home/sanjay/mean-stack/mean-course :: WatchInfo: /home/sanjay/mean-stack/mean-course 1 undefined Project: /home/sanjay/mean-stack/mean-course/tsconfig.json WatchType: Wild card directory
Info 239  [11:20:11.681] Starting updateGraphWorker: Project: /home/sanjay/mean-stack/mean-course/tsconfig.json
Info 240  [11:20:11.681] Finishing updateGraphWorker: Project: /home/sanjay/mean-stack/mean-course/tsconfig.json Version: 39 structureChanged: false Elapsed: 0ms
Info 241  [11:20:13.911] Before ensureProjectForOpenFiles:
Info 242  [11:20:13.911] After ensureProjectForOpenFiles:
Info 243  [11:25:11.437] DirectoryWatcher:: Triggered with /home/sanjay/mean-stack/mean-course :: WatchInfo: /home/sanjay/mean-stack/mean-course 1 undefined Project: /home/sanjay/mean-stack/mean-course/tsconfig.json WatchType: Wild card directory
Info 244  [11:25:11.437] Elapsed:: 0ms DirectoryWatcher:: Triggered with /home/sanjay/mean-stack/mean-course :: WatchInfo: /home/sanjay/mean-stack/mean-course 1 undefined Project: /home/sanjay/mean-stack/mean-course/tsconfig.json WatchType: Wild card directory
Info 245  [11:25:11.725] Starting updateGraphWorker: Project: /home/sanjay/mean-stack/mean-course/tsconfig.json
Info 246  [11:25:11.725] Finishing updateGraphWorker: Project: /home/sanjay/mean-stack/mean-course/tsconfig.json Version: 40 structureChanged: false Elapsed: 0ms
Info 247  [11:25:13.938] Before ensureProjectForOpenFiles:
Info 248  [11:25:13.938] After ensureProjectForOpenFiles:
Info 249  [11:30:11.465] DirectoryWatcher:: Triggered with /home/sanjay/mean-stack/mean-course :: WatchInfo: /home/sanjay/mean-stack/mean-course 1 undefined Project: /home/sanjay/mean-stack/mean-course/tsconfig.json WatchType: Wild card directory
Info 250  [11:30:11.465] Elapsed:: 0ms DirectoryWatcher:: Triggered with /home/sanjay/mean-stack/mean-course :: WatchInfo: /home/sanjay/mean-stack/mean-course 1 undefined Project: /home/sanjay/mean-stack/mean-course/tsconfig.json WatchType: Wild card directory
Info 251  [11:30:11.756] Starting updateGraphWorker: Project: /home/sanjay/mean-stack/mean-course/tsconfig.json
Info 252  [11:30:11.756] Finishing updateGraphWorker: Project: /home/sanjay/mean-stack/mean-course/tsconfig.json Version: 41 structureChanged: false Elapsed: 0ms
Info 253  [11:30:13.966] Before ensureProjectForOpenFiles:
Info 254  [11:30:13.966] After ensureProjectForOpenFiles:
Info 255  [11:35:11.489] DirectoryWatcher:: Triggered with /home/sanjay/mean-stack/mean-course :: WatchInfo: /home/sanjay/mean-stack/mean-course 1 undefined Project: /home/sanjay/mean-stack/mean-course/tsconfig.json WatchType: Wild card directory
Info 256  [11:35:11.491] Elapsed:: 1ms DirectoryWatcher:: Triggered with /home/sanjay/mean-stack/mean-course :: WatchInfo: /home/sanjay/mean-stack/mean-course 1 undefined Project: /home/sanjay/mean-stack/mean-course/tsconfig.json WatchType: Wild card directory
Info 257  [11:35:11.770] Starting updateGraphWorker: Project: /home/sanjay/mean-stack/mean-course/tsconfig.json
Info 258  [11:35:11.770] Finishing updateGraphWorker: Project: /home/sanjay/mean-stack/mean-course/tsconfig.json Version: 42 structureChanged: false Elapsed: 0ms
Info 259  [11:35:13.992] Before ensureProjectForOpenFiles:
Info 260  [11:35:13.992] After ensureProjectForOpenFiles:
Info 261  [11:40:11.522] DirectoryWatcher:: Triggered with /home/sanjay/mean-stack/mean-course :: WatchInfo: /home/sanjay/mean-stack/mean-course 1 undefined Project: /home/sanjay/mean-stack/mean-course/tsconfig.json WatchType: Wild card directory
Info 262  [11:40:11.522] Elapsed:: 0ms DirectoryWatcher:: Triggered with /home/sanjay/mean-stack/mean-course :: WatchInfo: /home/sanjay/mean-stack/mean-course 1 undefined Project: /home/sanjay/mean-stack/mean-course/tsconfig.json WatchType: Wild card directory
Info 263  [11:40:11.811] Starting updateGraphWorker: Project: /home/sanjay/mean-stack/mean-course/tsconfig.json
Info 264  [11:40:11.812] Finishing updateGraphWorker: Project: /home/sanjay/mean-stack/mean-course/tsconfig.json Version: 43 structureChanged: false Elapsed: 1ms
Info 265  [11:40:14.23] Before ensureProjectForOpenFiles:
Info 266  [11:40:14.23] After ensureProjectForOpenFiles:
Info 267  [11:45:10.54] DirectoryWatcher:: Triggered with /home/sanjay/mean-stack/mean-course :: WatchInfo: /home/sanjay/mean-stack/mean-course 1 undefined Project: /home/sanjay/mean-stack/mean-course/tsconfig.json WatchType: Wild card directory
Info 268  [11:45:10.54] Elapsed:: 0ms DirectoryWatcher:: Triggered with /home/sanjay/mean-stack/mean-course :: WatchInfo: /home/sanjay/mean-stack/mean-course 1 undefined Project: /home/sanjay/mean-stack/mean-course/tsconfig.json WatchType: Wild card directory
Info 269  [11:45:10.331] Starting updateGraphWorker: Project: /home/sanjay/mean-stack/mean-course/tsconfig.json
Info 270  [11:45:10.331] Finishing updateGraphWorker: Project: /home/sanjay/mean-stack/mean-course/tsconfig.json Version: 44 structureChanged: false Elapsed: 0ms
Info 271  [11:45:12.555] Before ensureProjectForOpenFiles:
Info 272  [11:45:12.555] After ensureProjectForOpenFiles:
Info 273  [11:45:21.691] DirectoryWatcher:: Triggered with /home/sanjay/mean-stack/mean-course :: WatchInfo: /home/sanjay/mean-stack/mean-course 1 undefined Project: /home/sanjay/mean-stack/mean-course/tsconfig.json WatchType: Wild card directory
Info 274  [11:45:21.691] Elapsed:: 0ms DirectoryWatcher:: Triggered with /home/sanjay/mean-stack/mean-course :: WatchInfo: /home/sanjay/mean-stack/mean-course 1 undefined Project: /home/sanjay/mean-stack/mean-course/tsconfig.json WatchType: Wild card directory
Info 275  [11:45:21.966] Starting updateGraphWorker: Project: /home/sanjay/mean-stack/mean-course/tsconfig.json
Info 276  [11:45:21.966] Finishing updateGraphWorker: Project: /home/sanjay/mean-stack/mean-course/tsconfig.json Version: 45 structureChanged: false Elapsed: 0ms
Info 277  [11:45:24.192] Before ensureProjectForOpenFiles:
Info 278  [11:45:24.192] After ensureProjectForOpenFiles:
Info 279  [11:45:31.632] DirectoryWatcher:: Triggered with /home/sanjay/mean-stack/mean-course :: WatchInfo: /home/sanjay/mean-stack/mean-course 1 undefined Project: /home/sanjay/mean-stack/mean-course/tsconfig.json WatchType: Wild card directory
Info 280  [11:45:31.633] Elapsed:: 1ms DirectoryWatcher:: Triggered with /home/sanjay/mean-stack/mean-course :: WatchInfo: /home/sanjay/mean-stack/mean-course 1 undefined Project: /home/sanjay/mean-stack/mean-course/tsconfig.json WatchType: Wild card directory
Info 281  [11:45:31.922] Starting updateGraphWorker: Project: /home/sanjay/mean-stack/mean-course/tsconfig.json
Info 282  [11:45:31.922] Finishing updateGraphWorker: Project: /home/sanjay/mean-stack/mean-course/tsconfig.json Version: 46 structureChanged: false Elapsed: 0ms
Info 283  [11:45:34.133] Before ensureProjectForOpenFiles:
Info 284  [11:45:34.134] After ensureProjectForOpenFiles:
Info 285  [11:50:12.257] DirectoryWatcher:: Triggered with /home/sanjay/mean-stack/mean-course :: WatchInfo: /home/sanjay/mean-stack/mean-course 1 undefined Project: /home/sanjay/mean-stack/mean-course/tsconfig.json WatchType: Wild card directory
Info 286  [11:50:12.257] Elapsed:: 0ms DirectoryWatcher:: Triggered with /home/sanjay/mean-stack/mean-course :: WatchInfo: /home/sanjay/mean-stack/mean-course 1 undefined Project: /home/sanjay/mean-stack/mean-course/tsconfig.json WatchType: Wild card directory
Info 287  [11:50:12.533] Starting updateGraphWorker: Project: /home/sanjay/mean-stack/mean-course/tsconfig.json
Info 288  [11:50:12.533] Finishing updateGraphWorker: Project: /home/sanjay/mean-stack/mean-course/tsconfig.json Version: 47 structureChanged: false Elapsed: 0ms
Info 289  [11:50:14.757] Before ensureProjectForOpenFiles:
Info 290  [11:50:14.758] After ensureProjectForOpenFiles:
Info 291  [11:55:12.282] DirectoryWatcher:: Triggered with /home/sanjay/mean-stack/mean-course :: WatchInfo: /home/sanjay/mean-stack/mean-course 1 undefined Project: /home/sanjay/mean-stack/mean-course/tsconfig.json WatchType: Wild card directory
Info 292  [11:55:12.282] Elapsed:: 0ms DirectoryWatcher:: Triggered with /home/sanjay/mean-stack/mean-course :: WatchInfo: /home/sanjay/mean-stack/mean-course 1 undefined Project: /home/sanjay/mean-stack/mean-course/tsconfig.json WatchType: Wild card directory
Info 293  [11:55:12.559] Starting updateGraphWorker: Project: /home/sanjay/mean-stack/mean-course/tsconfig.json
Info 294  [11:55:12.559] Finishing updateGraphWorker: Project: /home/sanjay/mean-stack/mean-course/tsconfig.json Version: 48 structureChanged: false Elapsed: 0ms
Info 295  [11:55:14.783] Before ensureProjectForOpenFiles:
Info 296  [11:55:14.783] After ensureProjectForOpenFiles:
Info 297  [12:0:12.305] DirectoryWatcher:: Triggered with /home/sanjay/mean-stack/mean-course :: WatchInfo: /home/sanjay/mean-stack/mean-course 1 undefined Project: /home/sanjay/mean-stack/mean-course/tsconfig.json WatchType: Wild card directory
Info 298  [12:0:12.306] Elapsed:: 1ms DirectoryWatcher:: Triggered with /home/sanjay/mean-stack/mean-course :: WatchInfo: /home/sanjay/mean-stack/mean-course 1 undefined Project: /home/sanjay/mean-stack/mean-course/tsconfig.json WatchType: Wild card directory
Info 299  [12:0:12.582] Starting updateGraphWorker: Project: /home/sanjay/mean-stack/mean-course/tsconfig.json
Info 300  [12:0:12.582] Finishing updateGraphWorker: Project: /home/sanjay/mean-stack/mean-course/tsconfig.json Version: 49 structureChanged: false Elapsed: 0ms
Info 301  [12:0:14.806] Before ensureProjectForOpenFiles:
Info 302  [12:0:14.806] After ensureProjectForOpenFiles:
Info 303  [12:5:12.330] DirectoryWatcher:: Triggered with /home/sanjay/mean-stack/mean-course :: WatchInfo: /home/sanjay/mean-stack/mean-course 1 undefined Project: /home/sanjay/mean-stack/mean-course/tsconfig.json WatchType: Wild card directory
Info 304  [12:5:12.330] Elapsed:: 0ms DirectoryWatcher:: Triggered with /home/sanjay/mean-stack/mean-course :: WatchInfo: /home/sanjay/mean-stack/mean-course 1 undefined Project: /home/sanjay/mean-stack/mean-course/tsconfig.json WatchType: Wild card directory
Info 305  [12:5:12.606] Starting updateGraphWorker: Project: /home/sanjay/mean-stack/mean-course/tsconfig.json
Info 306  [12:5:12.606] Finishing updateGraphWorker: Project: /home/sanjay/mean-stack/mean-course/tsconfig.json Version: 50 structureChanged: false Elapsed: 0ms
Info 307  [12:5:14.830] Before ensureProjectForOpenFiles:
Info 308  [12:5:14.830] After ensureProjectForOpenFiles:
Info 309  [12:10:12.351] DirectoryWatcher:: Triggered with /home/sanjay/mean-stack/mean-course :: WatchInfo: /home/sanjay/mean-stack/mean-course 1 undefined Project: /home/sanjay/mean-stack/mean-course/tsconfig.json WatchType: Wild card directory
Info 310  [12:10:12.352] Elapsed:: 0ms DirectoryWatcher:: Triggered with /home/sanjay/mean-stack/mean-course :: WatchInfo: /home/sanjay/mean-stack/mean-course 1 undefined Project: /home/sanjay/mean-stack/mean-course/tsconfig.json WatchType: Wild card directory
Info 311  [12:10:12.630] Starting updateGraphWorker: Project: /home/sanjay/mean-stack/mean-course/tsconfig.json
Info 312  [12:10:12.630] Finishing updateGraphWorker: Project: /home/sanjay/mean-stack/mean-course/tsconfig.json Version: 51 structureChanged: false Elapsed: 0ms
Info 313  [12:10:14.852] Before ensureProjectForOpenFiles:
Info 314  [12:10:14.853] After ensureProjectForOpenFiles:
