Info 0    [13:54:9.368] Format host information updated
Info 1    [13:54:9.369] reload projects.
Info 2    [13:54:9.369] Before ensureProjectForOpenFiles:
Info 3    [13:54:9.369] After ensureProjectForOpenFiles:
Info 4    [13:54:9.369] Host file extension mappings updated
Info 5    [13:54:9.474] Search path: /home/sanjay/mean-stack/mean-course/src/app/auth
Info 6    [13:54:9.477] For info: /home/sanjay/mean-stack/mean-course/src/app/auth/auth.service.ts :: Config file name: /home/sanjay/mean-stack/mean-course/tsconfig.json
Info 7    [13:54:9.477] Opened configuration file /home/sanjay/mean-stack/mean-course/tsconfig.json
Info 8    [13:54:9.621] Config: /home/sanjay/mean-stack/mean-course/tsconfig.json : {
 "rootNames": [
  "/home/sanjay/mean-stack/mean-course/e2e/src/app.e2e-spec.ts",
  "/home/sanjay/mean-stack/mean-course/e2e/src/app.po.ts",
  "/home/sanjay/mean-stack/mean-course/src/main.ts",
  "/home/sanjay/mean-stack/mean-course/src/polyfills.ts",
  "/home/sanjay/mean-stack/mean-course/src/test.ts",
  "/home/sanjay/mean-stack/mean-course/src/app/app-routing.module.ts",
  "/home/sanjay/mean-stack/mean-course/src/app/app.component.spec.ts",
  "/home/sanjay/mean-stack/mean-course/src/app/app.component.ts",
  "/home/sanjay/mean-stack/mean-course/src/app/app.module.ts",
  "/home/sanjay/mean-stack/mean-course/src/app/auth/auth-data.model.ts",
  "/home/sanjay/mean-stack/mean-course/src/app/auth/auth-interceptor.ts",
  "/home/sanjay/mean-stack/mean-course/src/app/auth/auth.service.ts",
  "/home/sanjay/mean-stack/mean-course/src/app/auth/login/login.component.ts",
  "/home/sanjay/mean-stack/mean-course/src/app/auth/signup/signup.component.ts",
  "/home/sanjay/mean-stack/mean-course/src/app/header/header.component.ts",
  "/home/sanjay/mean-stack/mean-course/src/app/post/post.model.ts",
  "/home/sanjay/mean-stack/mean-course/src/app/post/post.service.ts",
  "/home/sanjay/mean-stack/mean-course/src/app/post/post-create/mime-type.validator.ts",
  "/home/sanjay/mean-stack/mean-course/src/app/post/post-create/post-create.component.ts",
  "/home/sanjay/mean-stack/mean-course/src/app/post/post-list/post-list.component.ts",
  "/home/sanjay/mean-stack/mean-course/src/environments/environment.prod.ts",
  "/home/sanjay/mean-stack/mean-course/src/environments/environment.ts"
 ],
 "options": {
  "baseUrl": "/home/sanjay/mean-stack/mean-course",
  "outDir": "/home/sanjay/mean-stack/mean-course/dist/out-tsc",
  "sourceMap": true,
  "declaration": false,
  "downlevelIteration": true,
  "experimentalDecorators": true,
  "module": 99,
  "moduleResolution": 2,
  "importHelpers": true,
  "target": 2,
  "typeRoots": [
   "/home/sanjay/mean-stack/mean-course/node_modules/@types"
  ],
  "lib": [
   "lib.es2018.d.ts",
   "lib.dom.d.ts"
  ],
  "configFilePath": "/home/sanjay/mean-stack/mean-course/tsconfig.json"
 }
}
Info 9    [13:54:10.863] Loading global plugin @angular/language-service
Info 10   [13:54:10.863] Enabling plugin @angular/language-service from candidate paths: /root/.vscode/extensions/angular.ng-template-0.1000.7/server/node_modules/@angular/language-service/bundles/language-service.js,/root/.vscode/extensions/angular.ng-template-0.1000.7/node_modules/typescript/lib/tsserverlibrary.js/../../..
Info 11   [13:54:10.864] Loading @angular/language-service from /root/.vscode/extensions/angular.ng-template-0.1000.7/server/node_modules/@angular/language-service/bundles/language-service.js (resolved to /root/.vscode/extensions/angular.ng-template-0.1000.7/server/node_modules/@angular/language-service/bundles/language-service.js/node_modules)
Info 12   [13:54:11.11] Plugin validation succeded
Info 13   [13:54:11.60] Starting updateGraphWorker: Project: /home/sanjay/mean-stack/mean-course/tsconfig.json
Info 14   [13:54:19.479] Finishing updateGraphWorker: Project: /home/sanjay/mean-stack/mean-course/tsconfig.json Version: 1 structureChanged: true Elapsed: 8417ms
Info 15   [13:54:19.479] Project '/home/sanjay/mean-stack/mean-course/tsconfig.json' (Configured)
Info 16   [13:54:19.479] 	Files (635)

Info 17   [13:54:19.479] -----------------------------------------------
Info 18   [13:54:19.483] Starting updateGraphWorker: Project: /home/sanjay/mean-stack/mean-course/tsconfig.json
Info 19   [13:54:19.495] Finishing updateGraphWorker: Project: /home/sanjay/mean-stack/mean-course/tsconfig.json Version: 2 structureChanged: false Elapsed: 12ms
Info 20   [13:54:37.142] DirectoryWatcher:: Triggered with /home/sanjay/mean-stack/mean-course :: WatchInfo: /home/sanjay/mean-stack/mean-course 1 undefined Project: /home/sanjay/mean-stack/mean-course/tsconfig.json WatchType: Wild card directory
Info 21   [13:54:37.144] Elapsed:: 2ms DirectoryWatcher:: Triggered with /home/sanjay/mean-stack/mean-course :: WatchInfo: /home/sanjay/mean-stack/mean-course 1 undefined Project: /home/sanjay/mean-stack/mean-course/tsconfig.json WatchType: Wild card directory
Info 22   [13:54:37.462] Starting updateGraphWorker: Project: /home/sanjay/mean-stack/mean-course/tsconfig.json
Info 23   [13:54:37.462] Finishing updateGraphWorker: Project: /home/sanjay/mean-stack/mean-course/tsconfig.json Version: 3 structureChanged: false Elapsed: 0ms
Info 24   [13:54:39.644] Before ensureProjectForOpenFiles:
Info 25   [13:54:39.644] After ensureProjectForOpenFiles:
Info 26   [13:55:36.905] Starting updateGraphWorker: Project: /home/sanjay/mean-stack/mean-course/tsconfig.json
Info 27   [13:55:37.269] Finishing updateGraphWorker: Project: /home/sanjay/mean-stack/mean-course/tsconfig.json Version: 4 structureChanged: true Elapsed: 364ms
Info 28   [13:55:37.269] Different program with same set of files:: oldProgram.structureIsReused:: 0
Info 29   [13:55:38.679] DirectoryWatcher:: Triggered with /home/sanjay/mean-stack/mean-course :: WatchInfo: /home/sanjay/mean-stack/mean-course 1 undefined Project: /home/sanjay/mean-stack/mean-course/tsconfig.json WatchType: Wild card directory
Info 30   [13:55:38.679] Elapsed:: 0ms DirectoryWatcher:: Triggered with /home/sanjay/mean-stack/mean-course :: WatchInfo: /home/sanjay/mean-stack/mean-course 1 undefined Project: /home/sanjay/mean-stack/mean-course/tsconfig.json WatchType: Wild card directory
Info 31   [13:55:39.553] Starting updateGraphWorker: Project: /home/sanjay/mean-stack/mean-course/tsconfig.json
Info 32   [13:55:39.553] Finishing updateGraphWorker: Project: /home/sanjay/mean-stack/mean-course/tsconfig.json Version: 5 structureChanged: false Elapsed: 0ms
Info 33   [13:55:39.553] Different program with same set of files:: oldProgram.structureIsReused:: 2
Info 34   [13:55:40.577] DirectoryWatcher:: Triggered with /home/sanjay/mean-stack/mean-course :: WatchInfo: /home/sanjay/mean-stack/mean-course 1 undefined Project: /home/sanjay/mean-stack/mean-course/tsconfig.json WatchType: Wild card directory
Info 35   [13:55:40.577] Elapsed:: 0ms DirectoryWatcher:: Triggered with /home/sanjay/mean-stack/mean-course :: WatchInfo: /home/sanjay/mean-stack/mean-course 1 undefined Project: /home/sanjay/mean-stack/mean-course/tsconfig.json WatchType: Wild card directory
Info 36   [13:55:40.943] Starting updateGraphWorker: Project: /home/sanjay/mean-stack/mean-course/tsconfig.json
Info 37   [13:55:40.943] Finishing updateGraphWorker: Project: /home/sanjay/mean-stack/mean-course/tsconfig.json Version: 6 structureChanged: false Elapsed: 0ms
Info 38   [13:55:43.77] Before ensureProjectForOpenFiles:
Info 39   [13:55:43.77] After ensureProjectForOpenFiles:
Info 40   [13:56:3.486] DirectoryWatcher:: Triggered with /home/sanjay/mean-stack/mean-course :: WatchInfo: /home/sanjay/mean-stack/mean-course 1 undefined Project: /home/sanjay/mean-stack/mean-course/tsconfig.json WatchType: Wild card directory
Info 41   [13:56:3.486] Elapsed:: 0ms DirectoryWatcher:: Triggered with /home/sanjay/mean-stack/mean-course :: WatchInfo: /home/sanjay/mean-stack/mean-course 1 undefined Project: /home/sanjay/mean-stack/mean-course/tsconfig.json WatchType: Wild card directory
Info 42   [13:56:3.803] Starting updateGraphWorker: Project: /home/sanjay/mean-stack/mean-course/tsconfig.json
Info 43   [13:56:3.804] Finishing updateGraphWorker: Project: /home/sanjay/mean-stack/mean-course/tsconfig.json Version: 7 structureChanged: false Elapsed: 0ms
Info 44   [13:56:5.986] Before ensureProjectForOpenFiles:
Info 45   [13:56:5.986] After ensureProjectForOpenFiles:
Info 46   [13:56:7.159] Starting updateGraphWorker: Project: /home/sanjay/mean-stack/mean-course/tsconfig.json
Info 47   [13:56:7.238] Finishing updateGraphWorker: Project: /home/sanjay/mean-stack/mean-course/tsconfig.json Version: 8 structureChanged: false Elapsed: 79ms
Info 48   [13:56:7.238] Different program with same set of files:: oldProgram.structureIsReused:: 2
Info 49   [13:56:8.958] DirectoryWatcher:: Triggered with /home/sanjay/mean-stack/mean-course :: WatchInfo: /home/sanjay/mean-stack/mean-course 1 undefined Project: /home/sanjay/mean-stack/mean-course/tsconfig.json WatchType: Wild card directory
Info 50   [13:56:8.959] Elapsed:: 1ms DirectoryWatcher:: Triggered with /home/sanjay/mean-stack/mean-course :: WatchInfo: /home/sanjay/mean-stack/mean-course 1 undefined Project: /home/sanjay/mean-stack/mean-course/tsconfig.json WatchType: Wild card directory
Info 51   [13:56:9.244] Starting updateGraphWorker: Project: /home/sanjay/mean-stack/mean-course/tsconfig.json
Info 52   [13:56:9.244] Finishing updateGraphWorker: Project: /home/sanjay/mean-stack/mean-course/tsconfig.json Version: 9 structureChanged: false Elapsed: 0ms
Info 53   [13:56:11.459] Before ensureProjectForOpenFiles:
Info 54   [13:56:11.460] After ensureProjectForOpenFiles:
Info 55   [13:56:14.871] Starting updateGraphWorker: Project: /home/sanjay/mean-stack/mean-course/tsconfig.json
Info 56   [13:56:14.956] Finishing updateGraphWorker: Project: /home/sanjay/mean-stack/mean-course/tsconfig.json Version: 10 structureChanged: false Elapsed: 85ms
Info 57   [13:56:14.956] Different program with same set of files:: oldProgram.structureIsReused:: 2
Info 58   [13:56:19.486] DirectoryWatcher:: Triggered with /home/sanjay/mean-stack/mean-course :: WatchInfo: /home/sanjay/mean-stack/mean-course 1 undefined Project: /home/sanjay/mean-stack/mean-course/tsconfig.json WatchType: Wild card directory
Info 59   [13:56:19.487] Elapsed:: 0ms DirectoryWatcher:: Triggered with /home/sanjay/mean-stack/mean-course :: WatchInfo: /home/sanjay/mean-stack/mean-course 1 undefined Project: /home/sanjay/mean-stack/mean-course/tsconfig.json WatchType: Wild card directory
Info 60   [13:56:19.797] Starting updateGraphWorker: Project: /home/sanjay/mean-stack/mean-course/tsconfig.json
Info 61   [13:56:19.797] Finishing updateGraphWorker: Project: /home/sanjay/mean-stack/mean-course/tsconfig.json Version: 11 structureChanged: false Elapsed: 0ms
Info 62   [13:56:21.987] Before ensureProjectForOpenFiles:
Info 63   [13:56:21.987] After ensureProjectForOpenFiles:
Info 64   [13:56:59.415] DirectoryWatcher:: Triggered with /home/sanjay/mean-stack/mean-course :: WatchInfo: /home/sanjay/mean-stack/mean-course 1 undefined Project: /home/sanjay/mean-stack/mean-course/tsconfig.json WatchType: Wild card directory
Info 65   [13:56:59.416] Elapsed:: 0ms DirectoryWatcher:: Triggered with /home/sanjay/mean-stack/mean-course :: WatchInfo: /home/sanjay/mean-stack/mean-course 1 undefined Project: /home/sanjay/mean-stack/mean-course/tsconfig.json WatchType: Wild card directory
Info 66   [13:56:59.699] Starting updateGraphWorker: Project: /home/sanjay/mean-stack/mean-course/tsconfig.json
Info 67   [13:56:59.699] Finishing updateGraphWorker: Project: /home/sanjay/mean-stack/mean-course/tsconfig.json Version: 12 structureChanged: false Elapsed: 0ms
Info 68   [13:57:1.916] Before ensureProjectForOpenFiles:
Info 69   [13:57:1.917] After ensureProjectForOpenFiles:
Info 70   [13:57:15.780] DirectoryWatcher:: Triggered with /home/sanjay/mean-stack/mean-course :: WatchInfo: /home/sanjay/mean-stack/mean-course 1 undefined Project: /home/sanjay/mean-stack/mean-course/tsconfig.json WatchType: Wild card directory
Info 71   [13:57:15.781] Elapsed:: 0ms DirectoryWatcher:: Triggered with /home/sanjay/mean-stack/mean-course :: WatchInfo: /home/sanjay/mean-stack/mean-course 1 undefined Project: /home/sanjay/mean-stack/mean-course/tsconfig.json WatchType: Wild card directory
Info 72   [13:57:16.64] Starting updateGraphWorker: Project: /home/sanjay/mean-stack/mean-course/tsconfig.json
Info 73   [13:57:16.64] Finishing updateGraphWorker: Project: /home/sanjay/mean-stack/mean-course/tsconfig.json Version: 13 structureChanged: false Elapsed: 0ms
Info 74   [13:57:18.281] Before ensureProjectForOpenFiles:
Info 75   [13:57:18.282] After ensureProjectForOpenFiles:
Info 76   [13:57:28.721] DirectoryWatcher:: Triggered with /home/sanjay/mean-stack/mean-course :: WatchInfo: /home/sanjay/mean-stack/mean-course 1 undefined Project: /home/sanjay/mean-stack/mean-course/tsconfig.json WatchType: Wild card directory
Info 77   [13:57:28.721] Elapsed:: 0ms DirectoryWatcher:: Triggered with /home/sanjay/mean-stack/mean-course :: WatchInfo: /home/sanjay/mean-stack/mean-course 1 undefined Project: /home/sanjay/mean-stack/mean-course/tsconfig.json WatchType: Wild card directory
Info 78   [13:57:29.29] Starting updateGraphWorker: Project: /home/sanjay/mean-stack/mean-course/tsconfig.json
Info 79   [13:57:29.29] Finishing updateGraphWorker: Project: /home/sanjay/mean-stack/mean-course/tsconfig.json Version: 14 structureChanged: false Elapsed: 0ms
Info 80   [13:57:31.222] Before ensureProjectForOpenFiles:
Info 81   [13:57:31.222] After ensureProjectForOpenFiles:
Info 82   [13:57:51.128] DirectoryWatcher:: Triggered with /home/sanjay/mean-stack/mean-course :: WatchInfo: /home/sanjay/mean-stack/mean-course 1 undefined Project: /home/sanjay/mean-stack/mean-course/tsconfig.json WatchType: Wild card directory
Info 83   [13:57:51.128] Elapsed:: 0ms DirectoryWatcher:: Triggered with /home/sanjay/mean-stack/mean-course :: WatchInfo: /home/sanjay/mean-stack/mean-course 1 undefined Project: /home/sanjay/mean-stack/mean-course/tsconfig.json WatchType: Wild card directory
Info 84   [13:57:51.408] Starting updateGraphWorker: Project: /home/sanjay/mean-stack/mean-course/tsconfig.json
Info 85   [13:57:51.409] Finishing updateGraphWorker: Project: /home/sanjay/mean-stack/mean-course/tsconfig.json Version: 15 structureChanged: false Elapsed: 1ms
Info 86   [13:57:53.629] Before ensureProjectForOpenFiles:
Info 87   [13:57:53.629] After ensureProjectForOpenFiles:
Info 88   [13:58:0.737] DirectoryWatcher:: Triggered with /home/sanjay/mean-stack/mean-course :: WatchInfo: /home/sanjay/mean-stack/mean-course 1 undefined Project: /home/sanjay/mean-stack/mean-course/tsconfig.json WatchType: Wild card directory
Info 89   [13:58:0.737] Elapsed:: 0ms DirectoryWatcher:: Triggered with /home/sanjay/mean-stack/mean-course :: WatchInfo: /home/sanjay/mean-stack/mean-course 1 undefined Project: /home/sanjay/mean-stack/mean-course/tsconfig.json WatchType: Wild card directory
Info 90   [13:58:1.16] Starting updateGraphWorker: Project: /home/sanjay/mean-stack/mean-course/tsconfig.json
Info 91   [13:58:1.16] Finishing updateGraphWorker: Project: /home/sanjay/mean-stack/mean-course/tsconfig.json Version: 16 structureChanged: false Elapsed: 0ms
Info 92   [13:58:3.238] Before ensureProjectForOpenFiles:
Info 93   [13:58:3.238] After ensureProjectForOpenFiles:
Info 94   [13:58:50.61] DirectoryWatcher:: Triggered with /home/sanjay/mean-stack/mean-course :: WatchInfo: /home/sanjay/mean-stack/mean-course 1 undefined Project: /home/sanjay/mean-stack/mean-course/tsconfig.json WatchType: Wild card directory
Info 95   [13:58:50.62] Elapsed:: 0ms DirectoryWatcher:: Triggered with /home/sanjay/mean-stack/mean-course :: WatchInfo: /home/sanjay/mean-stack/mean-course 1 undefined Project: /home/sanjay/mean-stack/mean-course/tsconfig.json WatchType: Wild card directory
Info 96   [13:58:50.349] Starting updateGraphWorker: Project: /home/sanjay/mean-stack/mean-course/tsconfig.json
Info 97   [13:58:50.349] Finishing updateGraphWorker: Project: /home/sanjay/mean-stack/mean-course/tsconfig.json Version: 17 structureChanged: false Elapsed: 0ms
Info 98   [13:58:52.562] Before ensureProjectForOpenFiles:
Info 99   [13:58:52.563] After ensureProjectForOpenFiles:
Info 100  [14:0:5.350] Search path: /home/sanjay/mean-stack/mean-course/src/app/auth
Info 101  [14:0:5.351] For info: /home/sanjay/mean-stack/mean-course/src/app/auth/auth-interceptor.ts :: Config file name: /home/sanjay/mean-stack/mean-course/tsconfig.json
Info 102  [14:0:7.541] DirectoryWatcher:: Triggered with /home/sanjay/mean-stack/mean-course :: WatchInfo: /home/sanjay/mean-stack/mean-course 1 undefined Project: /home/sanjay/mean-stack/mean-course/tsconfig.json WatchType: Wild card directory
Info 103  [14:0:7.542] Elapsed:: 1ms DirectoryWatcher:: Triggered with /home/sanjay/mean-stack/mean-course :: WatchInfo: /home/sanjay/mean-stack/mean-course 1 undefined Project: /home/sanjay/mean-stack/mean-course/tsconfig.json WatchType: Wild card directory
Info 104  [14:0:7.933] Starting updateGraphWorker: Project: /home/sanjay/mean-stack/mean-course/tsconfig.json
Info 105  [14:0:7.937] Finishing updateGraphWorker: Project: /home/sanjay/mean-stack/mean-course/tsconfig.json Version: 18 structureChanged: false Elapsed: 4ms
Info 106  [14:0:7.937] Different program with same set of files:: oldProgram.structureIsReused:: 2
Info 107  [14:0:10.42] Before ensureProjectForOpenFiles:
Info 108  [14:0:10.42] After ensureProjectForOpenFiles:
Info 109  [14:0:56.641] DirectoryWatcher:: Triggered with /home/sanjay/mean-stack/mean-course :: WatchInfo: /home/sanjay/mean-stack/mean-course 1 undefined Project: /home/sanjay/mean-stack/mean-course/tsconfig.json WatchType: Wild card directory
Info 110  [14:0:56.642] Elapsed:: 1ms DirectoryWatcher:: Triggered with /home/sanjay/mean-stack/mean-course :: WatchInfo: /home/sanjay/mean-stack/mean-course 1 undefined Project: /home/sanjay/mean-stack/mean-course/tsconfig.json WatchType: Wild card directory
Info 111  [14:0:56.931] Starting updateGraphWorker: Project: /home/sanjay/mean-stack/mean-course/tsconfig.json
Info 112  [14:0:56.931] Finishing updateGraphWorker: Project: /home/sanjay/mean-stack/mean-course/tsconfig.json Version: 19 structureChanged: false Elapsed: 0ms
Info 113  [14:0:59.142] Before ensureProjectForOpenFiles:
Info 114  [14:0:59.142] After ensureProjectForOpenFiles:
Info 115  [14:1:21.457] DirectoryWatcher:: Triggered with /home/sanjay/mean-stack/mean-course :: WatchInfo: /home/sanjay/mean-stack/mean-course 1 undefined Project: /home/sanjay/mean-stack/mean-course/tsconfig.json WatchType: Wild card directory
Info 116  [14:1:21.457] Elapsed:: 0ms DirectoryWatcher:: Triggered with /home/sanjay/mean-stack/mean-course :: WatchInfo: /home/sanjay/mean-stack/mean-course 1 undefined Project: /home/sanjay/mean-stack/mean-course/tsconfig.json WatchType: Wild card directory
Info 117  [14:1:21.745] Starting updateGraphWorker: Project: /home/sanjay/mean-stack/mean-course/tsconfig.json
Info 118  [14:1:21.745] Finishing updateGraphWorker: Project: /home/sanjay/mean-stack/mean-course/tsconfig.json Version: 20 structureChanged: false Elapsed: 0ms
Info 119  [14:1:23.957] Before ensureProjectForOpenFiles:
Info 120  [14:1:23.957] After ensureProjectForOpenFiles:
Info 121  [14:1:24.823] DirectoryWatcher:: Triggered with /home/sanjay/mean-stack/mean-course :: WatchInfo: /home/sanjay/mean-stack/mean-course 1 undefined Project: /home/sanjay/mean-stack/mean-course/tsconfig.json WatchType: Wild card directory
Info 122  [14:1:24.824] Elapsed:: 1ms DirectoryWatcher:: Triggered with /home/sanjay/mean-stack/mean-course :: WatchInfo: /home/sanjay/mean-stack/mean-course 1 undefined Project: /home/sanjay/mean-stack/mean-course/tsconfig.json WatchType: Wild card directory
Info 123  [14:1:25.107] Starting updateGraphWorker: Project: /home/sanjay/mean-stack/mean-course/tsconfig.json
Info 124  [14:1:25.107] Finishing updateGraphWorker: Project: /home/sanjay/mean-stack/mean-course/tsconfig.json Version: 21 structureChanged: false Elapsed: 0ms
Info 125  [14:1:27.324] Before ensureProjectForOpenFiles:
Info 126  [14:1:27.324] After ensureProjectForOpenFiles:
Info 127  [14:1:45.307] Starting updateGraphWorker: Project: /home/sanjay/mean-stack/mean-course/tsconfig.json
Info 128  [14:1:45.393] Finishing updateGraphWorker: Project: /home/sanjay/mean-stack/mean-course/tsconfig.json Version: 22 structureChanged: false Elapsed: 86ms
Info 129  [14:1:45.393] Different program with same set of files:: oldProgram.structureIsReused:: 2
Info 130  [14:1:47.28] Starting updateGraphWorker: Project: /home/sanjay/mean-stack/mean-course/tsconfig.json
Info 131  [14:1:47.107] Finishing updateGraphWorker: Project: /home/sanjay/mean-stack/mean-course/tsconfig.json Version: 23 structureChanged: false Elapsed: 79ms
Info 132  [14:1:47.107] Different program with same set of files:: oldProgram.structureIsReused:: 2
Info 133  [14:1:47.118] DirectoryWatcher:: Triggered with /home/sanjay/mean-stack/mean-course :: WatchInfo: /home/sanjay/mean-stack/mean-course 1 undefined Project: /home/sanjay/mean-stack/mean-course/tsconfig.json WatchType: Wild card directory
Info 134  [14:1:47.118] Elapsed:: 0ms DirectoryWatcher:: Triggered with /home/sanjay/mean-stack/mean-course :: WatchInfo: /home/sanjay/mean-stack/mean-course 1 undefined Project: /home/sanjay/mean-stack/mean-course/tsconfig.json WatchType: Wild card directory
Info 135  [14:1:47.391] Starting updateGraphWorker: Project: /home/sanjay/mean-stack/mean-course/tsconfig.json
Info 136  [14:1:47.391] Finishing updateGraphWorker: Project: /home/sanjay/mean-stack/mean-course/tsconfig.json Version: 24 structureChanged: false Elapsed: 0ms
Info 137  [14:1:48.903] Starting updateGraphWorker: Project: /home/sanjay/mean-stack/mean-course/tsconfig.json
Info 138  [14:1:48.956] Finishing updateGraphWorker: Project: /home/sanjay/mean-stack/mean-course/tsconfig.json Version: 25 structureChanged: false Elapsed: 53ms
Info 139  [14:1:48.956] Different program with same set of files:: oldProgram.structureIsReused:: 2
Info 140  [14:1:49.618] Before ensureProjectForOpenFiles:
Info 141  [14:1:49.618] After ensureProjectForOpenFiles:
Info 142  [14:1:51.170] DirectoryWatcher:: Triggered with /home/sanjay/mean-stack/mean-course :: WatchInfo: /home/sanjay/mean-stack/mean-course 1 undefined Project: /home/sanjay/mean-stack/mean-course/tsconfig.json WatchType: Wild card directory
Info 143  [14:1:51.171] Elapsed:: 0ms DirectoryWatcher:: Triggered with /home/sanjay/mean-stack/mean-course :: WatchInfo: /home/sanjay/mean-stack/mean-course 1 undefined Project: /home/sanjay/mean-stack/mean-course/tsconfig.json WatchType: Wild card directory
Info 144  [14:1:51.464] Starting updateGraphWorker: Project: /home/sanjay/mean-stack/mean-course/tsconfig.json
Info 145  [14:1:51.464] Finishing updateGraphWorker: Project: /home/sanjay/mean-stack/mean-course/tsconfig.json Version: 26 structureChanged: false Elapsed: 0ms
Info 146  [14:1:53.671] Before ensureProjectForOpenFiles:
Info 147  [14:1:53.671] After ensureProjectForOpenFiles:
Info 148  [14:1:54.90] Starting updateGraphWorker: Project: /home/sanjay/mean-stack/mean-course/tsconfig.json
Info 149  [14:1:54.164] Finishing updateGraphWorker: Project: /home/sanjay/mean-stack/mean-course/tsconfig.json Version: 27 structureChanged: false Elapsed: 74ms
Info 150  [14:1:54.164] Different program with same set of files:: oldProgram.structureIsReused:: 2
Info 151  [14:1:54.906] DirectoryWatcher:: Triggered with /home/sanjay/mean-stack/mean-course :: WatchInfo: /home/sanjay/mean-stack/mean-course 1 undefined Project: /home/sanjay/mean-stack/mean-course/tsconfig.json WatchType: Wild card directory
Info 152  [14:1:54.906] Elapsed:: 0ms DirectoryWatcher:: Triggered with /home/sanjay/mean-stack/mean-course :: WatchInfo: /home/sanjay/mean-stack/mean-course 1 undefined Project: /home/sanjay/mean-stack/mean-course/tsconfig.json WatchType: Wild card directory
Info 153  [14:1:55.184] Starting updateGraphWorker: Project: /home/sanjay/mean-stack/mean-course/tsconfig.json
Info 154  [14:1:55.184] Finishing updateGraphWorker: Project: /home/sanjay/mean-stack/mean-course/tsconfig.json Version: 28 structureChanged: false Elapsed: 0ms
Info 155  [14:1:57.406] Before ensureProjectForOpenFiles:
Info 156  [14:1:57.406] After ensureProjectForOpenFiles:
Info 157  [14:2:11.195] DirectoryWatcher:: Triggered with /home/sanjay/mean-stack/mean-course :: WatchInfo: /home/sanjay/mean-stack/mean-course 1 undefined Project: /home/sanjay/mean-stack/mean-course/tsconfig.json WatchType: Wild card directory
Info 158  [14:2:11.195] Elapsed:: 0ms DirectoryWatcher:: Triggered with /home/sanjay/mean-stack/mean-course :: WatchInfo: /home/sanjay/mean-stack/mean-course 1 undefined Project: /home/sanjay/mean-stack/mean-course/tsconfig.json WatchType: Wild card directory
Info 159  [14:2:11.545] Starting updateGraphWorker: Project: /home/sanjay/mean-stack/mean-course/tsconfig.json
Info 160  [14:2:11.545] Finishing updateGraphWorker: Project: /home/sanjay/mean-stack/mean-course/tsconfig.json Version: 29 structureChanged: false Elapsed: 0ms
Info 161  [14:2:11.545] Different program with same set of files:: oldProgram.structureIsReused:: 2
Info 162  [14:2:13.224] DirectoryWatcher:: Triggered with /home/sanjay/mean-stack/mean-course :: WatchInfo: /home/sanjay/mean-stack/mean-course 1 undefined Project: /home/sanjay/mean-stack/mean-course/tsconfig.json WatchType: Wild card directory
Info 163  [14:2:13.224] Elapsed:: 0ms DirectoryWatcher:: Triggered with /home/sanjay/mean-stack/mean-course :: WatchInfo: /home/sanjay/mean-stack/mean-course 1 undefined Project: /home/sanjay/mean-stack/mean-course/tsconfig.json WatchType: Wild card directory
Info 164  [14:2:13.499] Starting updateGraphWorker: Project: /home/sanjay/mean-stack/mean-course/tsconfig.json
Info 165  [14:2:13.499] Finishing updateGraphWorker: Project: /home/sanjay/mean-stack/mean-course/tsconfig.json Version: 30 structureChanged: false Elapsed: 0ms
Info 166  [14:2:15.724] Before ensureProjectForOpenFiles:
Info 167  [14:2:15.724] After ensureProjectForOpenFiles:
Info 168  [14:2:15.854] DirectoryWatcher:: Triggered with /home/sanjay/mean-stack/mean-course :: WatchInfo: /home/sanjay/mean-stack/mean-course 1 undefined Project: /home/sanjay/mean-stack/mean-course/tsconfig.json WatchType: Wild card directory
Info 169  [14:2:15.855] Elapsed:: 1ms DirectoryWatcher:: Triggered with /home/sanjay/mean-stack/mean-course :: WatchInfo: /home/sanjay/mean-stack/mean-course 1 undefined Project: /home/sanjay/mean-stack/mean-course/tsconfig.json WatchType: Wild card directory
Info 170  [14:2:15.950] Starting updateGraphWorker: Project: /home/sanjay/mean-stack/mean-course/tsconfig.json
Info 171  [14:2:15.950] Finishing updateGraphWorker: Project: /home/sanjay/mean-stack/mean-course/tsconfig.json Version: 31 structureChanged: false Elapsed: 0ms
Info 172  [14:2:18.355] Before ensureProjectForOpenFiles:
Info 173  [14:2:18.355] After ensureProjectForOpenFiles:
Info 174  [14:2:28.771] Starting updateGraphWorker: Project: /home/sanjay/mean-stack/mean-course/tsconfig.json
Info 175  [14:2:28.877] Finishing updateGraphWorker: Project: /home/sanjay/mean-stack/mean-course/tsconfig.json Version: 32 structureChanged: false Elapsed: 106ms
Info 176  [14:2:28.877] Different program with same set of files:: oldProgram.structureIsReused:: 2
Info 177  [14:2:30.746] DirectoryWatcher:: Triggered with /home/sanjay/mean-stack/mean-course :: WatchInfo: /home/sanjay/mean-stack/mean-course 1 undefined Project: /home/sanjay/mean-stack/mean-course/tsconfig.json WatchType: Wild card directory
Info 178  [14:2:30.747] Elapsed:: 1ms DirectoryWatcher:: Triggered with /home/sanjay/mean-stack/mean-course :: WatchInfo: /home/sanjay/mean-stack/mean-course 1 undefined Project: /home/sanjay/mean-stack/mean-course/tsconfig.json WatchType: Wild card directory
Info 179  [14:2:31.22] Starting updateGraphWorker: Project: /home/sanjay/mean-stack/mean-course/tsconfig.json
Info 180  [14:2:31.22] Finishing updateGraphWorker: Project: /home/sanjay/mean-stack/mean-course/tsconfig.json Version: 33 structureChanged: false Elapsed: 0ms
Info 181  [14:2:33.190] Starting updateGraphWorker: Project: /home/sanjay/mean-stack/mean-course/tsconfig.json
Info 182  [14:2:33.241] Finishing updateGraphWorker: Project: /home/sanjay/mean-stack/mean-course/tsconfig.json Version: 34 structureChanged: false Elapsed: 51ms
Info 183  [14:2:33.241] Different program with same set of files:: oldProgram.structureIsReused:: 2
Info 184  [14:2:33.247] Before ensureProjectForOpenFiles:
Info 185  [14:2:33.247] After ensureProjectForOpenFiles:
Info 186  [14:2:34.623] Starting updateGraphWorker: Project: /home/sanjay/mean-stack/mean-course/tsconfig.json
Info 187  [14:2:34.682] Finishing updateGraphWorker: Project: /home/sanjay/mean-stack/mean-course/tsconfig.json Version: 35 structureChanged: false Elapsed: 59ms
Info 188  [14:2:34.682] Different program with same set of files:: oldProgram.structureIsReused:: 2
Info 189  [14:2:36.624] Starting updateGraphWorker: Project: /home/sanjay/mean-stack/mean-course/tsconfig.json
Info 190  [14:2:36.698] Finishing updateGraphWorker: Project: /home/sanjay/mean-stack/mean-course/tsconfig.json Version: 36 structureChanged: false Elapsed: 74ms
Info 191  [14:2:36.698] Different program with same set of files:: oldProgram.structureIsReused:: 2
Info 192  [14:2:38.12] Starting updateGraphWorker: Project: /home/sanjay/mean-stack/mean-course/tsconfig.json
Info 193  [14:2:38.57] Finishing updateGraphWorker: Project: /home/sanjay/mean-stack/mean-course/tsconfig.json Version: 37 structureChanged: false Elapsed: 45ms
Info 194  [14:2:38.57] Different program with same set of files:: oldProgram.structureIsReused:: 2
Info 195  [14:2:38.826] DirectoryWatcher:: Triggered with /home/sanjay/mean-stack/mean-course :: WatchInfo: /home/sanjay/mean-stack/mean-course 1 undefined Project: /home/sanjay/mean-stack/mean-course/tsconfig.json WatchType: Wild card directory
Info 196  [14:2:38.827] Elapsed:: 1ms DirectoryWatcher:: Triggered with /home/sanjay/mean-stack/mean-course :: WatchInfo: /home/sanjay/mean-stack/mean-course 1 undefined Project: /home/sanjay/mean-stack/mean-course/tsconfig.json WatchType: Wild card directory
Info 197  [14:2:39.127] Starting updateGraphWorker: Project: /home/sanjay/mean-stack/mean-course/tsconfig.json
Info 198  [14:2:39.127] Finishing updateGraphWorker: Project: /home/sanjay/mean-stack/mean-course/tsconfig.json Version: 38 structureChanged: false Elapsed: 0ms
Info 199  [14:2:41.328] Before ensureProjectForOpenFiles:
Info 200  [14:2:41.328] After ensureProjectForOpenFiles:
Info 201  [14:2:46.913] Starting updateGraphWorker: Project: /home/sanjay/mean-stack/mean-course/tsconfig.json
Info 202  [14:2:46.953] Finishing updateGraphWorker: Project: /home/sanjay/mean-stack/mean-course/tsconfig.json Version: 39 structureChanged: false Elapsed: 40ms
Info 203  [14:2:46.953] Different program with same set of files:: oldProgram.structureIsReused:: 2
Info 204  [14:2:50.649] Starting updateGraphWorker: Project: /home/sanjay/mean-stack/mean-course/tsconfig.json
Info 205  [14:2:50.712] Finishing updateGraphWorker: Project: /home/sanjay/mean-stack/mean-course/tsconfig.json Version: 40 structureChanged: false Elapsed: 63ms
Info 206  [14:2:50.712] Different program with same set of files:: oldProgram.structureIsReused:: 2
Info 207  [14:2:51.229] DirectoryWatcher:: Triggered with /home/sanjay/mean-stack/mean-course :: WatchInfo: /home/sanjay/mean-stack/mean-course 1 undefined Project: /home/sanjay/mean-stack/mean-course/tsconfig.json WatchType: Wild card directory
Info 208  [14:2:51.229] Elapsed:: 0ms DirectoryWatcher:: Triggered with /home/sanjay/mean-stack/mean-course :: WatchInfo: /home/sanjay/mean-stack/mean-course 1 undefined Project: /home/sanjay/mean-stack/mean-course/tsconfig.json WatchType: Wild card directory
Info 209  [14:2:51.498] Starting updateGraphWorker: Project: /home/sanjay/mean-stack/mean-course/tsconfig.json
Info 210  [14:2:51.498] Finishing updateGraphWorker: Project: /home/sanjay/mean-stack/mean-course/tsconfig.json Version: 41 structureChanged: false Elapsed: 0ms
Info 211  [14:2:53.243] DirectoryWatcher:: Triggered with /home/sanjay/mean-stack/mean-course :: WatchInfo: /home/sanjay/mean-stack/mean-course 1 undefined Project: /home/sanjay/mean-stack/mean-course/tsconfig.json WatchType: Wild card directory
Info 212  [14:2:53.243] Elapsed:: 0ms DirectoryWatcher:: Triggered with /home/sanjay/mean-stack/mean-course :: WatchInfo: /home/sanjay/mean-stack/mean-course 1 undefined Project: /home/sanjay/mean-stack/mean-course/tsconfig.json WatchType: Wild card directory
Info 213  [14:2:53.766] Starting updateGraphWorker: Project: /home/sanjay/mean-stack/mean-course/tsconfig.json
Info 214  [14:2:53.766] Finishing updateGraphWorker: Project: /home/sanjay/mean-stack/mean-course/tsconfig.json Version: 42 structureChanged: false Elapsed: 0ms
Info 215  [14:2:53.766] Different program with same set of files:: oldProgram.structureIsReused:: 2
Info 216  [14:2:55.744] Before ensureProjectForOpenFiles:
Info 217  [14:2:55.745] After ensureProjectForOpenFiles:
Info 218  [14:2:57.106] Starting updateGraphWorker: Project: /home/sanjay/mean-stack/mean-course/tsconfig.json
Info 219  [14:2:57.215] Finishing updateGraphWorker: Project: /home/sanjay/mean-stack/mean-course/tsconfig.json Version: 43 structureChanged: false Elapsed: 108ms
Info 220  [14:2:57.215] Different program with same set of files:: oldProgram.structureIsReused:: 2
Info 221  [14:2:58.904] DirectoryWatcher:: Triggered with /home/sanjay/mean-stack/mean-course :: WatchInfo: /home/sanjay/mean-stack/mean-course 1 undefined Project: /home/sanjay/mean-stack/mean-course/tsconfig.json WatchType: Wild card directory
Info 222  [14:2:58.905] Elapsed:: 0ms DirectoryWatcher:: Triggered with /home/sanjay/mean-stack/mean-course :: WatchInfo: /home/sanjay/mean-stack/mean-course 1 undefined Project: /home/sanjay/mean-stack/mean-course/tsconfig.json WatchType: Wild card directory
Info 223  [14:2:59.177] Starting updateGraphWorker: Project: /home/sanjay/mean-stack/mean-course/tsconfig.json
Info 224  [14:2:59.177] Finishing updateGraphWorker: Project: /home/sanjay/mean-stack/mean-course/tsconfig.json Version: 44 structureChanged: false Elapsed: 0ms
Info 225  [14:2:59.957] Starting updateGraphWorker: Project: /home/sanjay/mean-stack/mean-course/tsconfig.json
Info 226  [14:3:0.180] Finishing updateGraphWorker: Project: /home/sanjay/mean-stack/mean-course/tsconfig.json Version: 45 structureChanged: false Elapsed: 223ms
Info 227  [14:3:0.180] Different program with same set of files:: oldProgram.structureIsReused:: 2
Info 228  [14:3:0.809] DirectoryWatcher:: Triggered with /home/sanjay/mean-stack/mean-course :: WatchInfo: /home/sanjay/mean-stack/mean-course 1 undefined Project: /home/sanjay/mean-stack/mean-course/tsconfig.json WatchType: Wild card directory
Info 229  [14:3:0.810] Elapsed:: 0ms DirectoryWatcher:: Triggered with /home/sanjay/mean-stack/mean-course :: WatchInfo: /home/sanjay/mean-stack/mean-course 1 undefined Project: /home/sanjay/mean-stack/mean-course/tsconfig.json WatchType: Wild card directory
Info 230  [14:3:1.175] Starting updateGraphWorker: Project: /home/sanjay/mean-stack/mean-course/tsconfig.json
Info 231  [14:3:1.175] Finishing updateGraphWorker: Project: /home/sanjay/mean-stack/mean-course/tsconfig.json Version: 46 structureChanged: false Elapsed: 0ms
Info 232  [14:3:3.310] Before ensureProjectForOpenFiles:
Info 233  [14:3:3.310] After ensureProjectForOpenFiles:
Info 234  [14:3:51.188] DirectoryWatcher:: Triggered with /home/sanjay/mean-stack/mean-course :: WatchInfo: /home/sanjay/mean-stack/mean-course 1 undefined Project: /home/sanjay/mean-stack/mean-course/tsconfig.json WatchType: Wild card directory
Info 235  [14:3:51.188] Elapsed:: 0ms DirectoryWatcher:: Triggered with /home/sanjay/mean-stack/mean-course :: WatchInfo: /home/sanjay/mean-stack/mean-course 1 undefined Project: /home/sanjay/mean-stack/mean-course/tsconfig.json WatchType: Wild card directory
Info 236  [14:3:51.467] Starting updateGraphWorker: Project: /home/sanjay/mean-stack/mean-course/tsconfig.json
Info 237  [14:3:51.467] Finishing updateGraphWorker: Project: /home/sanjay/mean-stack/mean-course/tsconfig.json Version: 47 structureChanged: false Elapsed: 0ms
Info 238  [14:3:53.688] Before ensureProjectForOpenFiles:
Info 239  [14:3:53.689] After ensureProjectForOpenFiles:
Info 240  [14:4:3.110] Starting updateGraphWorker: Project: /home/sanjay/mean-stack/mean-course/tsconfig.json
Info 241  [14:4:3.169] Finishing updateGraphWorker: Project: /home/sanjay/mean-stack/mean-course/tsconfig.json Version: 48 structureChanged: false Elapsed: 59ms
Info 242  [14:4:3.169] Different program with same set of files:: oldProgram.structureIsReused:: 2
Info 243  [14:4:6.774] DirectoryWatcher:: Triggered with /home/sanjay/mean-stack/mean-course :: WatchInfo: /home/sanjay/mean-stack/mean-course 1 undefined Project: /home/sanjay/mean-stack/mean-course/tsconfig.json WatchType: Wild card directory
Info 244  [14:4:6.774] Elapsed:: 0ms DirectoryWatcher:: Triggered with /home/sanjay/mean-stack/mean-course :: WatchInfo: /home/sanjay/mean-stack/mean-course 1 undefined Project: /home/sanjay/mean-stack/mean-course/tsconfig.json WatchType: Wild card directory
Info 245  [14:4:7.204] Starting updateGraphWorker: Project: /home/sanjay/mean-stack/mean-course/tsconfig.json
Info 246  [14:4:7.204] Finishing updateGraphWorker: Project: /home/sanjay/mean-stack/mean-course/tsconfig.json Version: 49 structureChanged: false Elapsed: 0ms
Info 247  [14:4:7.204] Different program with same set of files:: oldProgram.structureIsReused:: 2
Info 248  [14:4:9.274] Before ensureProjectForOpenFiles:
Info 249  [14:4:9.274] After ensureProjectForOpenFiles:
Info 250  [14:4:16.825] DirectoryWatcher:: Triggered with /home/sanjay/mean-stack/mean-course :: WatchInfo: /home/sanjay/mean-stack/mean-course 1 undefined Project: /home/sanjay/mean-stack/mean-course/tsconfig.json WatchType: Wild card directory
Info 251  [14:4:16.825] Elapsed:: 0ms DirectoryWatcher:: Triggered with /home/sanjay/mean-stack/mean-course :: WatchInfo: /home/sanjay/mean-stack/mean-course 1 undefined Project: /home/sanjay/mean-stack/mean-course/tsconfig.json WatchType: Wild card directory
Info 252  [14:4:17.120] Starting updateGraphWorker: Project: /home/sanjay/mean-stack/mean-course/tsconfig.json
Info 253  [14:4:17.120] Finishing updateGraphWorker: Project: /home/sanjay/mean-stack/mean-course/tsconfig.json Version: 50 structureChanged: false Elapsed: 0ms
Info 254  [14:4:19.326] Before ensureProjectForOpenFiles:
Info 255  [14:4:19.326] After ensureProjectForOpenFiles:
Info 256  [14:5:6.987] DirectoryWatcher:: Triggered with /home/sanjay/mean-stack/mean-course :: WatchInfo: /home/sanjay/mean-stack/mean-course 1 undefined Project: /home/sanjay/mean-stack/mean-course/tsconfig.json WatchType: Wild card directory
Info 257  [14:5:6.988] Elapsed:: 1ms DirectoryWatcher:: Triggered with /home/sanjay/mean-stack/mean-course :: WatchInfo: /home/sanjay/mean-stack/mean-course 1 undefined Project: /home/sanjay/mean-stack/mean-course/tsconfig.json WatchType: Wild card directory
Info 258  [14:5:7.279] Starting updateGraphWorker: Project: /home/sanjay/mean-stack/mean-course/tsconfig.json
Info 259  [14:5:7.279] Finishing updateGraphWorker: Project: /home/sanjay/mean-stack/mean-course/tsconfig.json Version: 51 structureChanged: false Elapsed: 0ms
Info 260  [14:5:9.488] Before ensureProjectForOpenFiles:
Info 261  [14:5:9.488] After ensureProjectForOpenFiles:
Info 262  [14:7:15.932] DirectoryWatcher:: Triggered with /home/sanjay/mean-stack/mean-course :: WatchInfo: /home/sanjay/mean-stack/mean-course 1 undefined Project: /home/sanjay/mean-stack/mean-course/tsconfig.json WatchType: Wild card directory
Info 263  [14:7:15.932] Elapsed:: 0ms DirectoryWatcher:: Triggered with /home/sanjay/mean-stack/mean-course :: WatchInfo: /home/sanjay/mean-stack/mean-course 1 undefined Project: /home/sanjay/mean-stack/mean-course/tsconfig.json WatchType: Wild card directory
Info 264  [14:7:16.227] Starting updateGraphWorker: Project: /home/sanjay/mean-stack/mean-course/tsconfig.json
Info 265  [14:7:16.227] Finishing updateGraphWorker: Project: /home/sanjay/mean-stack/mean-course/tsconfig.json Version: 52 structureChanged: false Elapsed: 0ms
Info 266  [14:7:18.433] Before ensureProjectForOpenFiles:
Info 267  [14:7:18.433] After ensureProjectForOpenFiles:
Info 268  [14:12:16.38] DirectoryWatcher:: Triggered with /home/sanjay/mean-stack/mean-course :: WatchInfo: /home/sanjay/mean-stack/mean-course 1 undefined Project: /home/sanjay/mean-stack/mean-course/tsconfig.json WatchType: Wild card directory
Info 269  [14:12:16.38] Elapsed:: 0ms DirectoryWatcher:: Triggered with /home/sanjay/mean-stack/mean-course :: WatchInfo: /home/sanjay/mean-stack/mean-course 1 undefined Project: /home/sanjay/mean-stack/mean-course/tsconfig.json WatchType: Wild card directory
Info 270  [14:12:16.322] Starting updateGraphWorker: Project: /home/sanjay/mean-stack/mean-course/tsconfig.json
Info 271  [14:12:16.322] Finishing updateGraphWorker: Project: /home/sanjay/mean-stack/mean-course/tsconfig.json Version: 53 structureChanged: false Elapsed: 0ms
Info 272  [14:12:18.539] Before ensureProjectForOpenFiles:
Info 273  [14:12:18.539] After ensureProjectForOpenFiles:
Info 274  [14:12:33.737] Starting updateGraphWorker: Project: /home/sanjay/mean-stack/mean-course/tsconfig.json
Info 275  [14:12:33.814] Finishing updateGraphWorker: Project: /home/sanjay/mean-stack/mean-course/tsconfig.json Version: 54 structureChanged: false Elapsed: 77ms
Info 276  [14:12:33.814] Different program with same set of files:: oldProgram.structureIsReused:: 2
Info 277  [14:12:36.272] DirectoryWatcher:: Triggered with /home/sanjay/mean-stack/mean-course :: WatchInfo: /home/sanjay/mean-stack/mean-course 1 undefined Project: /home/sanjay/mean-stack/mean-course/tsconfig.json WatchType: Wild card directory
Info 278  [14:12:36.273] Elapsed:: 1ms DirectoryWatcher:: Triggered with /home/sanjay/mean-stack/mean-course :: WatchInfo: /home/sanjay/mean-stack/mean-course 1 undefined Project: /home/sanjay/mean-stack/mean-course/tsconfig.json WatchType: Wild card directory
Info 279  [14:12:36.566] Starting updateGraphWorker: Project: /home/sanjay/mean-stack/mean-course/tsconfig.json
Info 280  [14:12:36.567] Finishing updateGraphWorker: Project: /home/sanjay/mean-stack/mean-course/tsconfig.json Version: 55 structureChanged: false Elapsed: 0ms
Info 281  [14:12:38.773] Before ensureProjectForOpenFiles:
Info 282  [14:12:38.773] After ensureProjectForOpenFiles:
Info 283  [14:12:51.436] DirectoryWatcher:: Triggered with /home/sanjay/mean-stack/mean-course :: WatchInfo: /home/sanjay/mean-stack/mean-course 1 undefined Project: /home/sanjay/mean-stack/mean-course/tsconfig.json WatchType: Wild card directory
Info 284  [14:12:51.436] Elapsed:: 0ms DirectoryWatcher:: Triggered with /home/sanjay/mean-stack/mean-course :: WatchInfo: /home/sanjay/mean-stack/mean-course 1 undefined Project: /home/sanjay/mean-stack/mean-course/tsconfig.json WatchType: Wild card directory
Info 285  [14:12:51.933] Starting updateGraphWorker: Project: /home/sanjay/mean-stack/mean-course/tsconfig.json
Info 286  [14:12:51.934] Finishing updateGraphWorker: Project: /home/sanjay/mean-stack/mean-course/tsconfig.json Version: 56 structureChanged: false Elapsed: 0ms
Info 287  [14:12:51.934] Different program with same set of files:: oldProgram.structureIsReused:: 2
Info 288  [14:12:53.938] Before ensureProjectForOpenFiles:
Info 289  [14:12:53.939] After ensureProjectForOpenFiles:
Info 290  [14:13:13.565] Search path: /home/sanjay/mean-stack/mean-course/src/app
Info 291  [14:13:13.565] For info: /home/sanjay/mean-stack/mean-course/src/app/app.module.ts :: Config file name: /home/sanjay/mean-stack/mean-course/tsconfig.json
Info 292  [14:13:18.200] DirectoryWatcher:: Triggered with /home/sanjay/mean-stack/mean-course :: WatchInfo: /home/sanjay/mean-stack/mean-course 1 undefined Project: /home/sanjay/mean-stack/mean-course/tsconfig.json WatchType: Wild card directory
Info 293  [14:13:18.200] Elapsed:: 0ms DirectoryWatcher:: Triggered with /home/sanjay/mean-stack/mean-course :: WatchInfo: /home/sanjay/mean-stack/mean-course 1 undefined Project: /home/sanjay/mean-stack/mean-course/tsconfig.json WatchType: Wild card directory
Info 294  [14:13:18.579] Starting updateGraphWorker: Project: /home/sanjay/mean-stack/mean-course/tsconfig.json
Info 295  [14:13:18.579] Finishing updateGraphWorker: Project: /home/sanjay/mean-stack/mean-course/tsconfig.json Version: 57 structureChanged: false Elapsed: 0ms
Info 296  [14:13:18.579] Different program with same set of files:: oldProgram.structureIsReused:: 2
Info 297  [14:13:20.700] Before ensureProjectForOpenFiles:
Info 298  [14:13:20.700] After ensureProjectForOpenFiles:
Info 299  [14:13:43.682] DirectoryWatcher:: Triggered with /home/sanjay/mean-stack/mean-course :: WatchInfo: /home/sanjay/mean-stack/mean-course 1 undefined Project: /home/sanjay/mean-stack/mean-course/tsconfig.json WatchType: Wild card directory
Info 300  [14:13:43.683] Elapsed:: 1ms DirectoryWatcher:: Triggered with /home/sanjay/mean-stack/mean-course :: WatchInfo: /home/sanjay/mean-stack/mean-course 1 undefined Project: /home/sanjay/mean-stack/mean-course/tsconfig.json WatchType: Wild card directory
Info 301  [14:13:43.961] Starting updateGraphWorker: Project: /home/sanjay/mean-stack/mean-course/tsconfig.json
Info 302  [14:13:43.961] Finishing updateGraphWorker: Project: /home/sanjay/mean-stack/mean-course/tsconfig.json Version: 58 structureChanged: false Elapsed: 0ms
Info 303  [14:13:46.183] Before ensureProjectForOpenFiles:
Info 304  [14:13:46.184] After ensureProjectForOpenFiles:
Info 305  [14:14:18.524] DirectoryWatcher:: Triggered with /home/sanjay/mean-stack/mean-course :: WatchInfo: /home/sanjay/mean-stack/mean-course 1 undefined Project: /home/sanjay/mean-stack/mean-course/tsconfig.json WatchType: Wild card directory
Info 306  [14:14:18.525] Elapsed:: 1ms DirectoryWatcher:: Triggered with /home/sanjay/mean-stack/mean-course :: WatchInfo: /home/sanjay/mean-stack/mean-course 1 undefined Project: /home/sanjay/mean-stack/mean-course/tsconfig.json WatchType: Wild card directory
Info 307  [14:14:18.813] Starting updateGraphWorker: Project: /home/sanjay/mean-stack/mean-course/tsconfig.json
Info 308  [14:14:18.813] Finishing updateGraphWorker: Project: /home/sanjay/mean-stack/mean-course/tsconfig.json Version: 59 structureChanged: false Elapsed: 0ms
Info 309  [14:14:21.25] Before ensureProjectForOpenFiles:
Info 310  [14:14:21.25] After ensureProjectForOpenFiles:
Info 311  [14:15:51.249] DirectoryWatcher:: Triggered with /home/sanjay/mean-stack/mean-course :: WatchInfo: /home/sanjay/mean-stack/mean-course 1 undefined Project: /home/sanjay/mean-stack/mean-course/tsconfig.json WatchType: Wild card directory
Info 312  [14:15:51.249] Elapsed:: 0ms DirectoryWatcher:: Triggered with /home/sanjay/mean-stack/mean-course :: WatchInfo: /home/sanjay/mean-stack/mean-course 1 undefined Project: /home/sanjay/mean-stack/mean-course/tsconfig.json WatchType: Wild card directory
Info 313  [14:15:51.535] Starting updateGraphWorker: Project: /home/sanjay/mean-stack/mean-course/tsconfig.json
Info 314  [14:15:51.535] Finishing updateGraphWorker: Project: /home/sanjay/mean-stack/mean-course/tsconfig.json Version: 60 structureChanged: false Elapsed: 0ms
Info 315  [14:15:53.750] Before ensureProjectForOpenFiles:
Info 316  [14:15:53.750] After ensureProjectForOpenFiles:
Info 317  [14:17:16.100] DirectoryWatcher:: Triggered with /home/sanjay/mean-stack/mean-course :: WatchInfo: /home/sanjay/mean-stack/mean-course 1 undefined Project: /home/sanjay/mean-stack/mean-course/tsconfig.json WatchType: Wild card directory
Info 318  [14:17:16.100] Elapsed:: 0ms DirectoryWatcher:: Triggered with /home/sanjay/mean-stack/mean-course :: WatchInfo: /home/sanjay/mean-stack/mean-course 1 undefined Project: /home/sanjay/mean-stack/mean-course/tsconfig.json WatchType: Wild card directory
Info 319  [14:17:16.386] Starting updateGraphWorker: Project: /home/sanjay/mean-stack/mean-course/tsconfig.json
Info 320  [14:17:16.386] Finishing updateGraphWorker: Project: /home/sanjay/mean-stack/mean-course/tsconfig.json Version: 61 structureChanged: false Elapsed: 0ms
Info 321  [14:17:18.601] Before ensureProjectForOpenFiles:
Info 322  [14:17:18.601] After ensureProjectForOpenFiles:
Info 323  [14:20:51.317] DirectoryWatcher:: Triggered with /home/sanjay/mean-stack/mean-course :: WatchInfo: /home/sanjay/mean-stack/mean-course 1 undefined Project: /home/sanjay/mean-stack/mean-course/tsconfig.json WatchType: Wild card directory
Info 324  [14:20:51.318] Elapsed:: 0ms DirectoryWatcher:: Triggered with /home/sanjay/mean-stack/mean-course :: WatchInfo: /home/sanjay/mean-stack/mean-course 1 undefined Project: /home/sanjay/mean-stack/mean-course/tsconfig.json WatchType: Wild card directory
Info 325  [14:20:51.593] Starting updateGraphWorker: Project: /home/sanjay/mean-stack/mean-course/tsconfig.json
Info 326  [14:20:51.593] Finishing updateGraphWorker: Project: /home/sanjay/mean-stack/mean-course/tsconfig.json Version: 62 structureChanged: false Elapsed: 0ms
Info 327  [14:20:53.818] Before ensureProjectForOpenFiles:
Info 328  [14:20:53.818] After ensureProjectForOpenFiles:
Info 329  [14:21:51.300] DirectoryWatcher:: Triggered with /home/sanjay/mean-stack/mean-course :: WatchInfo: /home/sanjay/mean-stack/mean-course 1 undefined Project: /home/sanjay/mean-stack/mean-course/tsconfig.json WatchType: Wild card directory
Info 330  [14:21:51.301] Elapsed:: 1ms DirectoryWatcher:: Triggered with /home/sanjay/mean-stack/mean-course :: WatchInfo: /home/sanjay/mean-stack/mean-course 1 undefined Project: /home/sanjay/mean-stack/mean-course/tsconfig.json WatchType: Wild card directory
Info 331  [14:21:51.591] Starting updateGraphWorker: Project: /home/sanjay/mean-stack/mean-course/tsconfig.json
Info 332  [14:21:51.591] Finishing updateGraphWorker: Project: /home/sanjay/mean-stack/mean-course/tsconfig.json Version: 63 structureChanged: false Elapsed: 0ms
Info 333  [14:21:53.801] Before ensureProjectForOpenFiles:
Info 334  [14:21:53.801] After ensureProjectForOpenFiles:
Info 335  [14:22:16.167] DirectoryWatcher:: Triggered with /home/sanjay/mean-stack/mean-course :: WatchInfo: /home/sanjay/mean-stack/mean-course 1 undefined Project: /home/sanjay/mean-stack/mean-course/tsconfig.json WatchType: Wild card directory
Info 336  [14:22:16.167] Elapsed:: 0ms DirectoryWatcher:: Triggered with /home/sanjay/mean-stack/mean-course :: WatchInfo: /home/sanjay/mean-stack/mean-course 1 undefined Project: /home/sanjay/mean-stack/mean-course/tsconfig.json WatchType: Wild card directory
Info 337  [14:22:16.447] Starting updateGraphWorker: Project: /home/sanjay/mean-stack/mean-course/tsconfig.json
Info 338  [14:22:16.447] Finishing updateGraphWorker: Project: /home/sanjay/mean-stack/mean-course/tsconfig.json Version: 64 structureChanged: false Elapsed: 0ms
Info 339  [14:22:18.667] Before ensureProjectForOpenFiles:
Info 340  [14:22:18.667] After ensureProjectForOpenFiles:
Info 341  [14:22:51.345] DirectoryWatcher:: Triggered with /home/sanjay/mean-stack/mean-course :: WatchInfo: /home/sanjay/mean-stack/mean-course 1 undefined Project: /home/sanjay/mean-stack/mean-course/tsconfig.json WatchType: Wild card directory
Info 342  [14:22:51.346] Elapsed:: 1ms DirectoryWatcher:: Triggered with /home/sanjay/mean-stack/mean-course :: WatchInfo: /home/sanjay/mean-stack/mean-course 1 undefined Project: /home/sanjay/mean-stack/mean-course/tsconfig.json WatchType: Wild card directory
Info 343  [14:22:51.625] Starting updateGraphWorker: Project: /home/sanjay/mean-stack/mean-course/tsconfig.json
Info 344  [14:22:51.625] Finishing updateGraphWorker: Project: /home/sanjay/mean-stack/mean-course/tsconfig.json Version: 65 structureChanged: false Elapsed: 0ms
Info 345  [14:22:53.846] Before ensureProjectForOpenFiles:
Info 346  [14:22:53.846] After ensureProjectForOpenFiles:
Info 347  [14:24:51.327] DirectoryWatcher:: Triggered with /home/sanjay/mean-stack/mean-course :: WatchInfo: /home/sanjay/mean-stack/mean-course 1 undefined Project: /home/sanjay/mean-stack/mean-course/tsconfig.json WatchType: Wild card directory
Info 348  [14:24:51.328] Elapsed:: 1ms DirectoryWatcher:: Triggered with /home/sanjay/mean-stack/mean-course :: WatchInfo: /home/sanjay/mean-stack/mean-course 1 undefined Project: /home/sanjay/mean-stack/mean-course/tsconfig.json WatchType: Wild card directory
Info 349  [14:24:51.604] Starting updateGraphWorker: Project: /home/sanjay/mean-stack/mean-course/tsconfig.json
Info 350  [14:24:51.604] Finishing updateGraphWorker: Project: /home/sanjay/mean-stack/mean-course/tsconfig.json Version: 66 structureChanged: false Elapsed: 0ms
Info 351  [14:24:53.827] Before ensureProjectForOpenFiles:
Info 352  [14:24:53.828] After ensureProjectForOpenFiles:
Info 353  [14:25:51.368] DirectoryWatcher:: Triggered with /home/sanjay/mean-stack/mean-course :: WatchInfo: /home/sanjay/mean-stack/mean-course 1 undefined Project: /home/sanjay/mean-stack/mean-course/tsconfig.json WatchType: Wild card directory
Info 354  [14:25:51.368] Elapsed:: 0ms DirectoryWatcher:: Triggered with /home/sanjay/mean-stack/mean-course :: WatchInfo: /home/sanjay/mean-stack/mean-course 1 undefined Project: /home/sanjay/mean-stack/mean-course/tsconfig.json WatchType: Wild card directory
Info 355  [14:25:51.647] Starting updateGraphWorker: Project: /home/sanjay/mean-stack/mean-course/tsconfig.json
Info 356  [14:25:51.647] Finishing updateGraphWorker: Project: /home/sanjay/mean-stack/mean-course/tsconfig.json Version: 67 structureChanged: false Elapsed: 0ms
Info 357  [14:25:53.869] Before ensureProjectForOpenFiles:
Info 358  [14:25:53.870] After ensureProjectForOpenFiles:
Info 359  [14:26:30.895] DirectoryWatcher:: Triggered with /home/sanjay/mean-stack/mean-course :: WatchInfo: /home/sanjay/mean-stack/mean-course 1 undefined Project: /home/sanjay/mean-stack/mean-course/tsconfig.json WatchType: Wild card directory
Info 360  [14:26:30.895] Elapsed:: 0ms DirectoryWatcher:: Triggered with /home/sanjay/mean-stack/mean-course :: WatchInfo: /home/sanjay/mean-stack/mean-course 1 undefined Project: /home/sanjay/mean-stack/mean-course/tsconfig.json WatchType: Wild card directory
Info 361  [14:26:31.171] Starting updateGraphWorker: Project: /home/sanjay/mean-stack/mean-course/tsconfig.json
Info 362  [14:26:31.172] Finishing updateGraphWorker: Project: /home/sanjay/mean-stack/mean-course/tsconfig.json Version: 68 structureChanged: false Elapsed: 0ms
Info 363  [14:26:33.395] Before ensureProjectForOpenFiles:
Info 364  [14:26:33.395] After ensureProjectForOpenFiles:
Info 365  [14:27:16.221] DirectoryWatcher:: Triggered with /home/sanjay/mean-stack/mean-course :: WatchInfo: /home/sanjay/mean-stack/mean-course 1 undefined Project: /home/sanjay/mean-stack/mean-course/tsconfig.json WatchType: Wild card directory
Info 366  [14:27:16.221] Elapsed:: 0ms DirectoryWatcher:: Triggered with /home/sanjay/mean-stack/mean-course :: WatchInfo: /home/sanjay/mean-stack/mean-course 1 undefined Project: /home/sanjay/mean-stack/mean-course/tsconfig.json WatchType: Wild card directory
Info 367  [14:27:16.499] Starting updateGraphWorker: Project: /home/sanjay/mean-stack/mean-course/tsconfig.json
Info 368  [14:27:16.499] Finishing updateGraphWorker: Project: /home/sanjay/mean-stack/mean-course/tsconfig.json Version: 69 structureChanged: false Elapsed: 0ms
Info 369  [14:27:18.721] Before ensureProjectForOpenFiles:
Info 370  [14:27:18.721] After ensureProjectForOpenFiles:
Info 371  [14:27:51.352] DirectoryWatcher:: Triggered with /home/sanjay/mean-stack/mean-course :: WatchInfo: /home/sanjay/mean-stack/mean-course 1 undefined Project: /home/sanjay/mean-stack/mean-course/tsconfig.json WatchType: Wild card directory
Info 372  [14:27:51.352] Elapsed:: 0ms DirectoryWatcher:: Triggered with /home/sanjay/mean-stack/mean-course :: WatchInfo: /home/sanjay/mean-stack/mean-course 1 undefined Project: /home/sanjay/mean-stack/mean-course/tsconfig.json WatchType: Wild card directory
Info 373  [14:27:51.638] Starting updateGraphWorker: Project: /home/sanjay/mean-stack/mean-course/tsconfig.json
Info 374  [14:27:51.638] Finishing updateGraphWorker: Project: /home/sanjay/mean-stack/mean-course/tsconfig.json Version: 70 structureChanged: false Elapsed: 0ms
Info 375  [14:27:53.853] Before ensureProjectForOpenFiles:
Info 376  [14:27:53.853] After ensureProjectForOpenFiles:
Info 377  [14:32:16.318] DirectoryWatcher:: Triggered with /home/sanjay/mean-stack/mean-course :: WatchInfo: /home/sanjay/mean-stack/mean-course 1 undefined Project: /home/sanjay/mean-stack/mean-course/tsconfig.json WatchType: Wild card directory
Info 378  [14:32:16.318] Elapsed:: 0ms DirectoryWatcher:: Triggered with /home/sanjay/mean-stack/mean-course :: WatchInfo: /home/sanjay/mean-stack/mean-course 1 undefined Project: /home/sanjay/mean-stack/mean-course/tsconfig.json WatchType: Wild card directory
Info 379  [14:32:16.594] Starting updateGraphWorker: Project: /home/sanjay/mean-stack/mean-course/tsconfig.json
Info 380  [14:32:16.594] Finishing updateGraphWorker: Project: /home/sanjay/mean-stack/mean-course/tsconfig.json Version: 71 structureChanged: false Elapsed: 0ms
Info 381  [14:32:18.819] Before ensureProjectForOpenFiles:
Info 382  [14:32:18.820] After ensureProjectForOpenFiles:
Info 383  [14:32:59.274] DirectoryWatcher:: Triggered with /home/sanjay/mean-stack/mean-course :: WatchInfo: /home/sanjay/mean-stack/mean-course 1 undefined Project: /home/sanjay/mean-stack/mean-course/tsconfig.json WatchType: Wild card directory
Info 384  [14:32:59.274] Elapsed:: 0ms DirectoryWatcher:: Triggered with /home/sanjay/mean-stack/mean-course :: WatchInfo: /home/sanjay/mean-stack/mean-course 1 undefined Project: /home/sanjay/mean-stack/mean-course/tsconfig.json WatchType: Wild card directory
Info 385  [14:32:59.558] Starting updateGraphWorker: Project: /home/sanjay/mean-stack/mean-course/tsconfig.json
Info 386  [14:32:59.558] Finishing updateGraphWorker: Project: /home/sanjay/mean-stack/mean-course/tsconfig.json Version: 72 structureChanged: false Elapsed: 0ms
Info 387  [14:33:1.775] Before ensureProjectForOpenFiles:
Info 388  [14:33:1.775] After ensureProjectForOpenFiles:
Info 389  [14:33:39.212] DirectoryWatcher:: Triggered with /home/sanjay/mean-stack/mean-course :: WatchInfo: /home/sanjay/mean-stack/mean-course 1 undefined Project: /home/sanjay/mean-stack/mean-course/tsconfig.json WatchType: Wild card directory
Info 390  [14:33:39.212] Elapsed:: 0ms DirectoryWatcher:: Triggered with /home/sanjay/mean-stack/mean-course :: WatchInfo: /home/sanjay/mean-stack/mean-course 1 undefined Project: /home/sanjay/mean-stack/mean-course/tsconfig.json WatchType: Wild card directory
Info 391  [14:33:39.500] Starting updateGraphWorker: Project: /home/sanjay/mean-stack/mean-course/tsconfig.json
Info 392  [14:33:39.500] Finishing updateGraphWorker: Project: /home/sanjay/mean-stack/mean-course/tsconfig.json Version: 73 structureChanged: false Elapsed: 0ms
Info 393  [14:33:41.712] Before ensureProjectForOpenFiles:
Info 394  [14:33:41.712] After ensureProjectForOpenFiles:
Info 395  [14:37:16.352] DirectoryWatcher:: Triggered with /home/sanjay/mean-stack/mean-course :: WatchInfo: /home/sanjay/mean-stack/mean-course 1 undefined Project: /home/sanjay/mean-stack/mean-course/tsconfig.json WatchType: Wild card directory
Info 396  [14:37:16.353] Elapsed:: 0ms DirectoryWatcher:: Triggered with /home/sanjay/mean-stack/mean-course :: WatchInfo: /home/sanjay/mean-stack/mean-course 1 undefined Project: /home/sanjay/mean-stack/mean-course/tsconfig.json WatchType: Wild card directory
Info 397  [14:37:16.647] Starting updateGraphWorker: Project: /home/sanjay/mean-stack/mean-course/tsconfig.json
Info 398  [14:37:16.647] Finishing updateGraphWorker: Project: /home/sanjay/mean-stack/mean-course/tsconfig.json Version: 74 structureChanged: false Elapsed: 0ms
Info 399  [14:37:18.853] Before ensureProjectForOpenFiles:
Info 400  [14:37:18.853] After ensureProjectForOpenFiles:
Info 401  [14:38:20.626] DirectoryWatcher:: Triggered with /home/sanjay/mean-stack/mean-course :: WatchInfo: /home/sanjay/mean-stack/mean-course 1 undefined Project: /home/sanjay/mean-stack/mean-course/tsconfig.json WatchType: Wild card directory
Info 402  [14:38:20.626] Elapsed:: 0ms DirectoryWatcher:: Triggered with /home/sanjay/mean-stack/mean-course :: WatchInfo: /home/sanjay/mean-stack/mean-course 1 undefined Project: /home/sanjay/mean-stack/mean-course/tsconfig.json WatchType: Wild card directory
Info 403  [14:38:20.918] Starting updateGraphWorker: Project: /home/sanjay/mean-stack/mean-course/tsconfig.json
Info 404  [14:38:20.918] Finishing updateGraphWorker: Project: /home/sanjay/mean-stack/mean-course/tsconfig.json Version: 75 structureChanged: false Elapsed: 0ms
Info 405  [14:38:23.127] Before ensureProjectForOpenFiles:
Info 406  [14:38:23.128] After ensureProjectForOpenFiles:
Info 407  [14:42:16.421] DirectoryWatcher:: Triggered with /home/sanjay/mean-stack/mean-course :: WatchInfo: /home/sanjay/mean-stack/mean-course 1 undefined Project: /home/sanjay/mean-stack/mean-course/tsconfig.json WatchType: Wild card directory
Info 408  [14:42:16.421] Elapsed:: 0ms DirectoryWatcher:: Triggered with /home/sanjay/mean-stack/mean-course :: WatchInfo: /home/sanjay/mean-stack/mean-course 1 undefined Project: /home/sanjay/mean-stack/mean-course/tsconfig.json WatchType: Wild card directory
Info 409  [14:42:16.720] Starting updateGraphWorker: Project: /home/sanjay/mean-stack/mean-course/tsconfig.json
Info 410  [14:42:16.720] Finishing updateGraphWorker: Project: /home/sanjay/mean-stack/mean-course/tsconfig.json Version: 76 structureChanged: false Elapsed: 0ms
Info 411  [14:42:18.921] Before ensureProjectForOpenFiles:
Info 412  [14:42:18.921] After ensureProjectForOpenFiles:
Info 413  [14:47:15.379] DirectoryWatcher:: Triggered with /home/sanjay/mean-stack/mean-course :: WatchInfo: /home/sanjay/mean-stack/mean-course 1 undefined Project: /home/sanjay/mean-stack/mean-course/tsconfig.json WatchType: Wild card directory
Info 414  [14:47:15.379] Elapsed:: 0ms DirectoryWatcher:: Triggered with /home/sanjay/mean-stack/mean-course :: WatchInfo: /home/sanjay/mean-stack/mean-course 1 undefined Project: /home/sanjay/mean-stack/mean-course/tsconfig.json WatchType: Wild card directory
Info 415  [14:47:15.680] Starting updateGraphWorker: Project: /home/sanjay/mean-stack/mean-course/tsconfig.json
Info 416  [14:47:15.680] Finishing updateGraphWorker: Project: /home/sanjay/mean-stack/mean-course/tsconfig.json Version: 77 structureChanged: false Elapsed: 0ms
Info 417  [14:47:17.880] Before ensureProjectForOpenFiles:
Info 418  [14:47:17.880] After ensureProjectForOpenFiles:
Info 419  [14:47:26.719] DirectoryWatcher:: Triggered with /home/sanjay/mean-stack/mean-course :: WatchInfo: /home/sanjay/mean-stack/mean-course 1 undefined Project: /home/sanjay/mean-stack/mean-course/tsconfig.json WatchType: Wild card directory
Info 420  [14:47:26.719] Elapsed:: 0ms DirectoryWatcher:: Triggered with /home/sanjay/mean-stack/mean-course :: WatchInfo: /home/sanjay/mean-stack/mean-course 1 undefined Project: /home/sanjay/mean-stack/mean-course/tsconfig.json WatchType: Wild card directory
Info 421  [14:47:27.7] Starting updateGraphWorker: Project: /home/sanjay/mean-stack/mean-course/tsconfig.json
Info 422  [14:47:27.7] Finishing updateGraphWorker: Project: /home/sanjay/mean-stack/mean-course/tsconfig.json Version: 78 structureChanged: false Elapsed: 0ms
Info 423  [14:47:29.219] Before ensureProjectForOpenFiles:
Info 424  [14:47:29.220] After ensureProjectForOpenFiles:
Info 425  [14:47:36.659] DirectoryWatcher:: Triggered with /home/sanjay/mean-stack/mean-course :: WatchInfo: /home/sanjay/mean-stack/mean-course 1 undefined Project: /home/sanjay/mean-stack/mean-course/tsconfig.json WatchType: Wild card directory
Info 426  [14:47:36.659] Elapsed:: 0ms DirectoryWatcher:: Triggered with /home/sanjay/mean-stack/mean-course :: WatchInfo: /home/sanjay/mean-stack/mean-course 1 undefined Project: /home/sanjay/mean-stack/mean-course/tsconfig.json WatchType: Wild card directory
Info 427  [14:47:36.947] Starting updateGraphWorker: Project: /home/sanjay/mean-stack/mean-course/tsconfig.json
Info 428  [14:47:36.947] Finishing updateGraphWorker: Project: /home/sanjay/mean-stack/mean-course/tsconfig.json Version: 79 structureChanged: false Elapsed: 0ms
Info 429  [14:47:39.159] Before ensureProjectForOpenFiles:
Info 430  [14:47:39.159] After ensureProjectForOpenFiles:
Info 431  [14:49:34.784] DirectoryWatcher:: Triggered with /home/sanjay/mean-stack/mean-course :: WatchInfo: /home/sanjay/mean-stack/mean-course 1 undefined Project: /home/sanjay/mean-stack/mean-course/tsconfig.json WatchType: Wild card directory
Info 432  [14:49:34.784] Elapsed:: 0ms DirectoryWatcher:: Triggered with /home/sanjay/mean-stack/mean-course :: WatchInfo: /home/sanjay/mean-stack/mean-course 1 undefined Project: /home/sanjay/mean-stack/mean-course/tsconfig.json WatchType: Wild card directory
Info 433  [14:49:35.67] Starting updateGraphWorker: Project: /home/sanjay/mean-stack/mean-course/tsconfig.json
Info 434  [14:49:35.67] Finishing updateGraphWorker: Project: /home/sanjay/mean-stack/mean-course/tsconfig.json Version: 80 structureChanged: false Elapsed: 0ms
Info 435  [14:49:37.285] Before ensureProjectForOpenFiles:
Info 436  [14:49:37.285] After ensureProjectForOpenFiles:
Info 437  [14:51:51.407] DirectoryWatcher:: Triggered with /home/sanjay/mean-stack/mean-course :: WatchInfo: /home/sanjay/mean-stack/mean-course 1 undefined Project: /home/sanjay/mean-stack/mean-course/tsconfig.json WatchType: Wild card directory
Info 438  [14:51:51.407] Elapsed:: 0ms DirectoryWatcher:: Triggered with /home/sanjay/mean-stack/mean-course :: WatchInfo: /home/sanjay/mean-stack/mean-course 1 undefined Project: /home/sanjay/mean-stack/mean-course/tsconfig.json WatchType: Wild card directory
Info 439  [14:51:51.694] Starting updateGraphWorker: Project: /home/sanjay/mean-stack/mean-course/tsconfig.json
Info 440  [14:51:51.695] Finishing updateGraphWorker: Project: /home/sanjay/mean-stack/mean-course/tsconfig.json Version: 81 structureChanged: false Elapsed: 0ms
Info 441  [14:51:53.907] Before ensureProjectForOpenFiles:
Info 442  [14:51:53.908] After ensureProjectForOpenFiles:
Info 443  [14:52:11.375] Starting updateGraphWorker: Project: /home/sanjay/mean-stack/mean-course/tsconfig.json
Info 444  [14:52:11.449] Finishing updateGraphWorker: Project: /home/sanjay/mean-stack/mean-course/tsconfig.json Version: 82 structureChanged: false Elapsed: 74ms
Info 445  [14:52:11.449] Different program with same set of files:: oldProgram.structureIsReused:: 2
Info 446  [14:52:13.581] DirectoryWatcher:: Triggered with /home/sanjay/mean-stack/mean-course :: WatchInfo: /home/sanjay/mean-stack/mean-course 1 undefined Project: /home/sanjay/mean-stack/mean-course/tsconfig.json WatchType: Wild card directory
Info 447  [14:52:13.581] Elapsed:: 0ms DirectoryWatcher:: Triggered with /home/sanjay/mean-stack/mean-course :: WatchInfo: /home/sanjay/mean-stack/mean-course 1 undefined Project: /home/sanjay/mean-stack/mean-course/tsconfig.json WatchType: Wild card directory
Info 448  [14:52:14.64] Starting updateGraphWorker: Project: /home/sanjay/mean-stack/mean-course/tsconfig.json
Info 449  [14:52:14.65] Finishing updateGraphWorker: Project: /home/sanjay/mean-stack/mean-course/tsconfig.json Version: 83 structureChanged: false Elapsed: 0ms
Info 450  [14:52:14.65] Different program with same set of files:: oldProgram.structureIsReused:: 2
Info 451  [14:52:16.81] Before ensureProjectForOpenFiles:
Info 452  [14:52:16.81] After ensureProjectForOpenFiles:
Info 453  [14:52:17.237] DirectoryWatcher:: Triggered with /home/sanjay/mean-stack/mean-course :: WatchInfo: /home/sanjay/mean-stack/mean-course 1 undefined Project: /home/sanjay/mean-stack/mean-course/tsconfig.json WatchType: Wild card directory
Info 454  [14:52:17.237] Elapsed:: 0ms DirectoryWatcher:: Triggered with /home/sanjay/mean-stack/mean-course :: WatchInfo: /home/sanjay/mean-stack/mean-course 1 undefined Project: /home/sanjay/mean-stack/mean-course/tsconfig.json WatchType: Wild card directory
Info 455  [14:52:17.523] Starting updateGraphWorker: Project: /home/sanjay/mean-stack/mean-course/tsconfig.json
Info 456  [14:52:17.523] Finishing updateGraphWorker: Project: /home/sanjay/mean-stack/mean-course/tsconfig.json Version: 84 structureChanged: false Elapsed: 0ms
Info 457  [14:52:19.738] Before ensureProjectForOpenFiles:
Info 458  [14:52:19.738] After ensureProjectForOpenFiles:
Info 459  [14:54:10.428] Starting updateGraphWorker: Project: /home/sanjay/mean-stack/mean-course/tsconfig.json
Info 460  [14:54:10.535] Finishing updateGraphWorker: Project: /home/sanjay/mean-stack/mean-course/tsconfig.json Version: 85 structureChanged: false Elapsed: 107ms
Info 461  [14:54:10.535] Different program with same set of files:: oldProgram.structureIsReused:: 2
Info 462  [14:54:12.433] DirectoryWatcher:: Triggered with /home/sanjay/mean-stack/mean-course :: WatchInfo: /home/sanjay/mean-stack/mean-course 1 undefined Project: /home/sanjay/mean-stack/mean-course/tsconfig.json WatchType: Wild card directory
Info 463  [14:54:12.433] Elapsed:: 0ms DirectoryWatcher:: Triggered with /home/sanjay/mean-stack/mean-course :: WatchInfo: /home/sanjay/mean-stack/mean-course 1 undefined Project: /home/sanjay/mean-stack/mean-course/tsconfig.json WatchType: Wild card directory
Info 464  [14:54:13.35] Starting updateGraphWorker: Project: /home/sanjay/mean-stack/mean-course/tsconfig.json
Info 465  [14:54:13.52] Finishing updateGraphWorker: Project: /home/sanjay/mean-stack/mean-course/tsconfig.json Version: 86 structureChanged: false Elapsed: 17ms
Info 466  [14:54:13.52] Different program with same set of files:: oldProgram.structureIsReused:: 2
Info 467  [14:54:14.933] Before ensureProjectForOpenFiles:
Info 468  [14:54:14.933] After ensureProjectForOpenFiles:
Info 469  [14:54:15.21] DirectoryWatcher:: Triggered with /home/sanjay/mean-stack/mean-course :: WatchInfo: /home/sanjay/mean-stack/mean-course 1 undefined Project: /home/sanjay/mean-stack/mean-course/tsconfig.json WatchType: Wild card directory
Info 470  [14:54:15.21] Elapsed:: 0ms DirectoryWatcher:: Triggered with /home/sanjay/mean-stack/mean-course :: WatchInfo: /home/sanjay/mean-stack/mean-course 1 undefined Project: /home/sanjay/mean-stack/mean-course/tsconfig.json WatchType: Wild card directory
Info 471  [14:54:15.170] Starting updateGraphWorker: Project: /home/sanjay/mean-stack/mean-course/tsconfig.json
Info 472  [14:54:15.170] Finishing updateGraphWorker: Project: /home/sanjay/mean-stack/mean-course/tsconfig.json Version: 87 structureChanged: false Elapsed: 0ms
Info 473  [14:54:17.521] Before ensureProjectForOpenFiles:
Info 474  [14:54:17.521] After ensureProjectForOpenFiles:
Info 475  [14:55:24.945] DirectoryWatcher:: Triggered with /home/sanjay/mean-stack/mean-course :: WatchInfo: /home/sanjay/mean-stack/mean-course 1 undefined Project: /home/sanjay/mean-stack/mean-course/tsconfig.json WatchType: Wild card directory
Info 476  [14:55:24.945] Elapsed:: 0ms DirectoryWatcher:: Triggered with /home/sanjay/mean-stack/mean-course :: WatchInfo: /home/sanjay/mean-stack/mean-course 1 undefined Project: /home/sanjay/mean-stack/mean-course/tsconfig.json WatchType: Wild card directory
Info 477  [14:55:25.249] Starting updateGraphWorker: Project: /home/sanjay/mean-stack/mean-course/tsconfig.json
Info 478  [14:55:25.249] Finishing updateGraphWorker: Project: /home/sanjay/mean-stack/mean-course/tsconfig.json Version: 88 structureChanged: false Elapsed: 0ms
Info 479  [14:55:27.445] Before ensureProjectForOpenFiles:
Info 480  [14:55:27.445] After ensureProjectForOpenFiles:
Info 481  [14:57:17.301] DirectoryWatcher:: Triggered with /home/sanjay/mean-stack/mean-course :: WatchInfo: /home/sanjay/mean-stack/mean-course 1 undefined Project: /home/sanjay/mean-stack/mean-course/tsconfig.json WatchType: Wild card directory
Info 482  [14:57:17.303] Elapsed:: 1ms DirectoryWatcher:: Triggered with /home/sanjay/mean-stack/mean-course :: WatchInfo: /home/sanjay/mean-stack/mean-course 1 undefined Project: /home/sanjay/mean-stack/mean-course/tsconfig.json WatchType: Wild card directory
Info 483  [14:57:17.595] Starting updateGraphWorker: Project: /home/sanjay/mean-stack/mean-course/tsconfig.json
Info 484  [14:57:17.595] Finishing updateGraphWorker: Project: /home/sanjay/mean-stack/mean-course/tsconfig.json Version: 89 structureChanged: false Elapsed: 0ms
Info 485  [14:57:19.802] Before ensureProjectForOpenFiles:
Info 486  [14:57:19.803] After ensureProjectForOpenFiles:
Info 487  [15:2:17.393] DirectoryWatcher:: Triggered with /home/sanjay/mean-stack/mean-course :: WatchInfo: /home/sanjay/mean-stack/mean-course 1 undefined Project: /home/sanjay/mean-stack/mean-course/tsconfig.json WatchType: Wild card directory
Info 488  [15:2:17.393] Elapsed:: 0ms DirectoryWatcher:: Triggered with /home/sanjay/mean-stack/mean-course :: WatchInfo: /home/sanjay/mean-stack/mean-course 1 undefined Project: /home/sanjay/mean-stack/mean-course/tsconfig.json WatchType: Wild card directory
Info 489  [15:2:17.688] Starting updateGraphWorker: Project: /home/sanjay/mean-stack/mean-course/tsconfig.json
Info 490  [15:2:17.688] Finishing updateGraphWorker: Project: /home/sanjay/mean-stack/mean-course/tsconfig.json Version: 90 structureChanged: false Elapsed: 0ms
Info 491  [15:2:19.893] Before ensureProjectForOpenFiles:
Info 492  [15:2:19.893] After ensureProjectForOpenFiles:
Info 493  [15:7:17.455] DirectoryWatcher:: Triggered with /home/sanjay/mean-stack/mean-course :: WatchInfo: /home/sanjay/mean-stack/mean-course 1 undefined Project: /home/sanjay/mean-stack/mean-course/tsconfig.json WatchType: Wild card directory
Info 494  [15:7:17.456] Elapsed:: 0ms DirectoryWatcher:: Triggered with /home/sanjay/mean-stack/mean-course :: WatchInfo: /home/sanjay/mean-stack/mean-course 1 undefined Project: /home/sanjay/mean-stack/mean-course/tsconfig.json WatchType: Wild card directory
Info 495  [15:7:17.750] Starting updateGraphWorker: Project: /home/sanjay/mean-stack/mean-course/tsconfig.json
Info 496  [15:7:17.750] Finishing updateGraphWorker: Project: /home/sanjay/mean-stack/mean-course/tsconfig.json Version: 91 structureChanged: false Elapsed: 0ms
Info 497  [15:7:19.956] Before ensureProjectForOpenFiles:
Info 498  [15:7:19.956] After ensureProjectForOpenFiles:
Info 499  [15:12:17.527] DirectoryWatcher:: Triggered with /home/sanjay/mean-stack/mean-course :: WatchInfo: /home/sanjay/mean-stack/mean-course 1 undefined Project: /home/sanjay/mean-stack/mean-course/tsconfig.json WatchType: Wild card directory
Info 500  [15:12:17.527] Elapsed:: 0ms DirectoryWatcher:: Triggered with /home/sanjay/mean-stack/mean-course :: WatchInfo: /home/sanjay/mean-stack/mean-course 1 undefined Project: /home/sanjay/mean-stack/mean-course/tsconfig.json WatchType: Wild card directory
Info 501  [15:12:17.806] Starting updateGraphWorker: Project: /home/sanjay/mean-stack/mean-course/tsconfig.json
Info 502  [15:12:17.806] Finishing updateGraphWorker: Project: /home/sanjay/mean-stack/mean-course/tsconfig.json Version: 92 structureChanged: false Elapsed: 0ms
Info 503  [15:12:20.28] Before ensureProjectForOpenFiles:
Info 504  [15:12:20.28] After ensureProjectForOpenFiles:
Info 505  [15:17:17.562] DirectoryWatcher:: Triggered with /home/sanjay/mean-stack/mean-course :: WatchInfo: /home/sanjay/mean-stack/mean-course 1 undefined Project: /home/sanjay/mean-stack/mean-course/tsconfig.json WatchType: Wild card directory
Info 506  [15:17:17.563] Elapsed:: 0ms DirectoryWatcher:: Triggered with /home/sanjay/mean-stack/mean-course :: WatchInfo: /home/sanjay/mean-stack/mean-course 1 undefined Project: /home/sanjay/mean-stack/mean-course/tsconfig.json WatchType: Wild card directory
Info 507  [15:17:17.846] Starting updateGraphWorker: Project: /home/sanjay/mean-stack/mean-course/tsconfig.json
Info 508  [15:17:17.846] Finishing updateGraphWorker: Project: /home/sanjay/mean-stack/mean-course/tsconfig.json Version: 93 structureChanged: false Elapsed: 0ms
Info 509  [15:17:20.63] Before ensureProjectForOpenFiles:
Info 510  [15:17:20.63] After ensureProjectForOpenFiles:
Info 511  [15:18:41.740] DirectoryWatcher:: Triggered with /home/sanjay/mean-stack/mean-course/~/.vscode-root/Backups/f614f228b5deffe738b4dbf725ad81dd/file :: WatchInfo: /home/sanjay/mean-stack/mean-course 1 undefined Project: /home/sanjay/mean-stack/mean-course/tsconfig.json WatchType: Wild card directory
Info 512  [15:18:41.740] Elapsed:: 0ms DirectoryWatcher:: Triggered with /home/sanjay/mean-stack/mean-course/~/.vscode-root/Backups/f614f228b5deffe738b4dbf725ad81dd/file :: WatchInfo: /home/sanjay/mean-stack/mean-course 1 undefined Project: /home/sanjay/mean-stack/mean-course/tsconfig.json WatchType: Wild card directory
Info 513  [15:18:41.741] DirectoryWatcher:: Triggered with /home/sanjay/mean-stack/mean-course/~/.vscode-root/Backups/f614f228b5deffe738b4dbf725ad81dd/file :: WatchInfo: /home/sanjay/mean-stack/mean-course 1 undefined Project: /home/sanjay/mean-stack/mean-course/tsconfig.json WatchType: Wild card directory
Info 514  [15:18:41.741] Elapsed:: 0ms DirectoryWatcher:: Triggered with /home/sanjay/mean-stack/mean-course/~/.vscode-root/Backups/f614f228b5deffe738b4dbf725ad81dd/file :: WatchInfo: /home/sanjay/mean-stack/mean-course 1 undefined Project: /home/sanjay/mean-stack/mean-course/tsconfig.json WatchType: Wild card directory
Info 515  [15:18:41.742] DirectoryWatcher:: Triggered with /home/sanjay/mean-stack/mean-course/~/.vscode-root/Backups/f614f228b5deffe738b4dbf725ad81dd :: WatchInfo: /home/sanjay/mean-stack/mean-course 1 undefined Project: /home/sanjay/mean-stack/mean-course/tsconfig.json WatchType: Wild card directory
Info 516  [15:18:41.742] Elapsed:: 0ms DirectoryWatcher:: Triggered with /home/sanjay/mean-stack/mean-course/~/.vscode-root/Backups/f614f228b5deffe738b4dbf725ad81dd :: WatchInfo: /home/sanjay/mean-stack/mean-course 1 undefined Project: /home/sanjay/mean-stack/mean-course/tsconfig.json WatchType: Wild card directory
Info 517  [15:18:42.13] Starting updateGraphWorker: Project: /home/sanjay/mean-stack/mean-course/tsconfig.json
Info 518  [15:18:42.13] Finishing updateGraphWorker: Project: /home/sanjay/mean-stack/mean-course/tsconfig.json Version: 94 structureChanged: false Elapsed: 0ms
