Looking for git in: git
Using git 2.20.1 from git
> git rev-parse --show-toplevel
> git rev-parse --git-dir
Open repository: /home/sanjay/mean-stack/mean-course
> git status -z -u
> git check-ignore -v -z --stdin
> git symbolic-ref --short HEAD
> git rev-parse master
> git rev-parse --symbolic-full-name master@{u}
> git rev-list --left-right master...refs/remotes/origin/master
> git for-each-ref --sort -committerdate --format %(refname) %(objectname)
> git remote --verbose
> git config --get commit.template
> git show --textconv :src/app/post/post.service.ts
> git ls-files --stage -- /home/sanjay/mean-stack/mean-course/src/app/post/post.service.ts
> git cat-file -s 79cd6652c02c40edb75c10d14bf37c5d7697f861
> git status -z -u
> git symbolic-ref --short HEAD
> git rev-parse master
> git rev-parse --symbolic-full-name master@{u}
> git rev-list --left-right master...refs/remotes/origin/master
> git for-each-ref --sort -committerdate --format %(refname) %(objectname)
> git remote --verbose
> git config --get commit.template
> git check-ignore -v -z --stdin
> git check-ignore -v -z --stdin
> git show --textconv :backend/routes/posts.js
> git ls-files --stage -- /home/sanjay/mean-stack/mean-course/backend/routes/posts.js
> git cat-file -s c09fd80de1fc7ec339d069e1e1f25de10f5f3e87
> git status -z -u
> git symbolic-ref --short HEAD
> git rev-parse master
> git rev-parse --symbolic-full-name master@{u}
> git rev-list --left-right master...refs/remotes/origin/master
> git for-each-ref --sort -committerdate --format %(refname) %(objectname)
> git remote --verbose
> git config --get commit.template
> git status -z -u
> git symbolic-ref --short HEAD
> git rev-parse master
> git rev-parse --symbolic-full-name master@{u}
> git rev-list --left-right master...refs/remotes/origin/master
> git for-each-ref --sort -committerdate --format %(refname) %(objectname)
> git remote --verbose
> git config --get commit.template
> git status -z -u
> git symbolic-ref --short HEAD
> git rev-parse master
> git rev-parse --symbolic-full-name master@{u}
> git rev-list --left-right master...refs/remotes/origin/master
> git for-each-ref --sort -committerdate --format %(refname) %(objectname)
> git remote --verbose
> git config --get commit.template
> git status -z -u
> git symbolic-ref --short HEAD
> git rev-parse master
> git rev-parse --symbolic-full-name master@{u}
> git rev-list --left-right master...refs/remotes/origin/master
> git for-each-ref --sort -committerdate --format %(refname) %(objectname)
> git remote --verbose
> git config --get commit.template
> git status -z -u
> git symbolic-ref --short HEAD
> git rev-parse master
> git rev-parse --symbolic-full-name master@{u}
> git rev-list --left-right master...refs/remotes/origin/master
> git for-each-ref --sort -committerdate --format %(refname) %(objectname)
> git remote --verbose
> git config --get commit.template
> git status -z -u
> git symbolic-ref --short HEAD
> git rev-parse master
> git rev-parse --symbolic-full-name master@{u}
> git rev-list --left-right master...refs/remotes/origin/master
> git for-each-ref --sort -committerdate --format %(refname) %(objectname)
> git remote --verbose
> git config --get commit.template
> git status -z -u
> git symbolic-ref --short HEAD
> git rev-parse master
> git rev-parse --symbolic-full-name master@{u}
> git rev-list --left-right master...refs/remotes/origin/master
> git for-each-ref --sort -committerdate --format %(refname) %(objectname)
> git remote --verbose
> git config --get commit.template
> git status -z -u
> git symbolic-ref --short HEAD
> git rev-parse master
> git rev-parse --symbolic-full-name master@{u}
> git rev-list --left-right master...refs/remotes/origin/master
> git for-each-ref --sort -committerdate --format %(refname) %(objectname)
> git remote --verbose
> git config --get commit.template
> git check-ignore -v -z --stdin
> git check-ignore -v -z --stdin
> git show --textconv :backend/models/user.js
> git ls-files --stage -- /home/sanjay/mean-stack/mean-course/backend/models/user.js
> git cat-file -s ac18f9a2e80e386fa6e5b58917149752935b060b
> git show --textconv :backend/routes/user.js
> git ls-files --stage -- /home/sanjay/mean-stack/mean-course/backend/routes/user.js
> git cat-file -s e523a00cdeab7e47444853a99213bd7aa2b684da
> git show --textconv :backend/models/user.js
> git ls-files --stage -- /home/sanjay/mean-stack/mean-course/backend/models/user.js
> git cat-file -s ac18f9a2e80e386fa6e5b58917149752935b060b
> git show --textconv :backend/routes/user.js
> git ls-files --stage -- /home/sanjay/mean-stack/mean-course/backend/routes/user.js
> git cat-file -s e523a00cdeab7e47444853a99213bd7aa2b684da
> git show --textconv :backend/models/user.js
> git ls-files --stage -- /home/sanjay/mean-stack/mean-course/backend/models/user.js
> git cat-file -s ac18f9a2e80e386fa6e5b58917149752935b060b
> git show --textconv :backend/routes/user.js
> git ls-files --stage -- /home/sanjay/mean-stack/mean-course/backend/routes/user.js
> git cat-file -s e523a00cdeab7e47444853a99213bd7aa2b684da
> git show --textconv :backend/models/user.js
> git ls-files --stage -- /home/sanjay/mean-stack/mean-course/backend/models/user.js
> git cat-file -s ac18f9a2e80e386fa6e5b58917149752935b060b
> git show --textconv :backend/routes/user.js
> git ls-files --stage -- /home/sanjay/mean-stack/mean-course/backend/routes/user.js
> git cat-file -s e523a00cdeab7e47444853a99213bd7aa2b684da
> git show --textconv :backend/models/user.js
> git ls-files --stage -- /home/sanjay/mean-stack/mean-course/backend/models/user.js
> git cat-file -s ac18f9a2e80e386fa6e5b58917149752935b060b
> git show --textconv :backend/routes/user.js
> git ls-files --stage -- /home/sanjay/mean-stack/mean-course/backend/routes/user.js
> git cat-file -s e523a00cdeab7e47444853a99213bd7aa2b684da
> git status -z -u
> git symbolic-ref --short HEAD
> git rev-parse master
> git rev-parse --symbolic-full-name master@{u}
> git rev-list --left-right master...refs/remotes/origin/master
> git for-each-ref --sort -committerdate --format %(refname) %(objectname)
> git remote --verbose
> git config --get commit.template
> git show --textconv :src/app/auth/auth.service.ts
> git ls-files --stage -- /home/sanjay/mean-stack/mean-course/src/app/auth/auth.service.ts
> git cat-file -s 65adf10152ed656445bbb6a5048eb81abdc216fb
> git status -z -u
> git symbolic-ref --short HEAD
> git rev-parse master
> git rev-parse --symbolic-full-name master@{u}
> git rev-list --left-right master...refs/remotes/origin/master
> git for-each-ref --sort -committerdate --format %(refname) %(objectname)
> git remote --verbose
> git config --get commit.template
> git show --textconv :src/app/post/post-list/post-list.component.ts
> git ls-files --stage -- /home/sanjay/mean-stack/mean-course/src/app/post/post-list/post-list.component.ts
> git cat-file -s d46d278163096d92dedc0aa4bc1047617aff61ac
> git status -z -u
> git symbolic-ref --short HEAD
> git rev-parse master
> git rev-parse --symbolic-full-name master@{u}
> git rev-list --left-right master...refs/remotes/origin/master
> git for-each-ref --sort -committerdate --format %(refname) %(objectname)
> git remote --verbose
> git config --get commit.template
> git status -z -u
> git symbolic-ref --short HEAD
> git rev-parse master
> git rev-parse --symbolic-full-name master@{u}
> git rev-list --left-right master...refs/remotes/origin/master
> git for-each-ref --sort -committerdate --format %(refname) %(objectname)
> git remote --verbose
> git config --get commit.template
> git status -z -u
> git symbolic-ref --short HEAD
> git rev-parse master
> git rev-parse --symbolic-full-name master@{u}
> git rev-list --left-right master...refs/remotes/origin/master
> git for-each-ref --sort -committerdate --format %(refname) %(objectname)
> git remote --verbose
> git config --get commit.template
> git show --textconv :src/app/auth/auth.service.ts
> git ls-files --stage -- /home/sanjay/mean-stack/mean-course/src/app/auth/auth.service.ts
> git cat-file -s 65adf10152ed656445bbb6a5048eb81abdc216fb
> git status -z -u
> git symbolic-ref --short HEAD
> git rev-parse master
> git rev-parse --symbolic-full-name master@{u}
> git rev-list --left-right master...refs/remotes/origin/master
> git for-each-ref --sort -committerdate --format %(refname) %(objectname)
> git remote --verbose
> git config --get commit.template
> git status -z -u
> git symbolic-ref --short HEAD
> git rev-parse master
> git rev-parse --symbolic-full-name master@{u}
> git rev-list --left-right master...refs/remotes/origin/master
> git for-each-ref --sort -committerdate --format %(refname) %(objectname)
> git remote --verbose
> git config --get commit.template
> git show --textconv :src/app/post/post-list/post-list.component.ts
> git ls-files --stage -- /home/sanjay/mean-stack/mean-course/src/app/post/post-list/post-list.component.ts
> git cat-file -s d46d278163096d92dedc0aa4bc1047617aff61ac
> git show --textconv :src/app/auth/auth.service.ts
> git ls-files --stage -- /home/sanjay/mean-stack/mean-course/src/app/auth/auth.service.ts
> git cat-file -s 65adf10152ed656445bbb6a5048eb81abdc216fb
> git status -z -u
> git symbolic-ref --short HEAD
> git rev-parse master
> git rev-parse --symbolic-full-name master@{u}
> git rev-list --left-right master...refs/remotes/origin/master
> git for-each-ref --sort -committerdate --format %(refname) %(objectname)
> git remote --verbose
> git config --get commit.template
> git show --textconv :src/app/post/post-list/post-list.component.ts
> git ls-files --stage -- /home/sanjay/mean-stack/mean-course/src/app/post/post-list/post-list.component.ts
> git cat-file -s d46d278163096d92dedc0aa4bc1047617aff61ac
> git show --textconv :src/app/post/post.service.ts
> git ls-files --stage -- /home/sanjay/mean-stack/mean-course/src/app/post/post.service.ts
> git cat-file -s 79cd6652c02c40edb75c10d14bf37c5d7697f861
> git show --textconv :src/app/post/post-list/post-list.component.html
> git ls-files --stage -- /home/sanjay/mean-stack/mean-course/src/app/post/post-list/post-list.component.html
> git cat-file -s e946885ee0d93f610371e4cd2639af86e457041c
> git show --textconv :src/app/post/post.model.ts
> git ls-files --stage -- /home/sanjay/mean-stack/mean-course/src/app/post/post.model.ts
> git cat-file -s ce8f7aba50b30799a8bf433d39f9cac1dafa96d0
> git status -z -u
> git symbolic-ref --short HEAD
> git rev-parse master
> git rev-parse --symbolic-full-name master@{u}
> git rev-list --left-right master...refs/remotes/origin/master
> git for-each-ref --sort -committerdate --format %(refname) %(objectname)
> git remote --verbose
> git config --get commit.template
> git show --textconv :src/app/post/post.service.ts
> git ls-files --stage -- /home/sanjay/mean-stack/mean-course/src/app/post/post.service.ts
> git cat-file -s 79cd6652c02c40edb75c10d14bf37c5d7697f861
> git show --textconv :backend/routes/posts.js
> git ls-files --stage -- /home/sanjay/mean-stack/mean-course/backend/routes/posts.js
> git cat-file -s c09fd80de1fc7ec339d069e1e1f25de10f5f3e87
> git status -z -u
> git symbolic-ref --short HEAD
> git rev-parse master
> git rev-parse --symbolic-full-name master@{u}
> git rev-list --left-right master...refs/remotes/origin/master
> git for-each-ref --sort -committerdate --format %(refname) %(objectname)
> git remote --verbose
> git config --get commit.template
> git show --textconv :src/app/auth/auth.service.ts
> git ls-files --stage -- /home/sanjay/mean-stack/mean-course/src/app/auth/auth.service.ts
> git cat-file -s 65adf10152ed656445bbb6a5048eb81abdc216fb
> git show --textconv :src/app/post/post.service.ts
> git ls-files --stage -- /home/sanjay/mean-stack/mean-course/src/app/post/post.service.ts
> git cat-file -s 79cd6652c02c40edb75c10d14bf37c5d7697f861
> git show --textconv :src/app/post/post-list/post-list.component.html
> git ls-files --stage -- /home/sanjay/mean-stack/mean-course/src/app/post/post-list/post-list.component.html
> git cat-file -s e946885ee0d93f610371e4cd2639af86e457041c
> git check-ignore -v -z --stdin
> git show --textconv :src/app/post/post-create/post-create.component.ts
> git ls-files --stage -- /home/sanjay/mean-stack/mean-course/src/app/post/post-create/post-create.component.ts
> git cat-file -s 61f964d6d27a324ec345437caafd531abaea2b94
> git check-ignore -v -z --stdin
> git check-ignore -v -z --stdin
> git show --textconv :src/app/post/post.service.ts
> git ls-files --stage -- /home/sanjay/mean-stack/mean-course/src/app/post/post.service.ts
> git cat-file -s 79cd6652c02c40edb75c10d14bf37c5d7697f861
> git status -z -u
> git symbolic-ref --short HEAD
> git rev-parse master
> git rev-parse --symbolic-full-name master@{u}
> git rev-list --left-right master...refs/remotes/origin/master
> git for-each-ref --sort -committerdate --format %(refname) %(objectname)
> git remote --verbose
> git config --get commit.template
> git status -z -u
> git symbolic-ref --short HEAD
> git rev-parse master
> git rev-parse --symbolic-full-name master@{u}
> git rev-list --left-right master...refs/remotes/origin/master
> git for-each-ref --sort -committerdate --format %(refname) %(objectname)
> git remote --verbose
> git config --get commit.template
> git show --textconv :src/app/post/post-list/post-list.component.html
> git ls-files --stage -- /home/sanjay/mean-stack/mean-course/src/app/post/post-list/post-list.component.html
> git cat-file -s e946885ee0d93f610371e4cd2639af86e457041c
> git status -z -u
> git symbolic-ref --short HEAD
> git rev-parse master
> git rev-parse --symbolic-full-name master@{u}
> git rev-list --left-right master...refs/remotes/origin/master
> git for-each-ref --sort -committerdate --format %(refname) %(objectname)
> git remote --verbose
> git config --get commit.template
> git show --textconv :src/app/post/post-list/post-list.component.ts
> git ls-files --stage -- /home/sanjay/mean-stack/mean-course/src/app/post/post-list/post-list.component.ts
> git cat-file -s d46d278163096d92dedc0aa4bc1047617aff61ac
> git status -z -u
> git symbolic-ref --short HEAD
> git rev-parse master
> git rev-parse --symbolic-full-name master@{u}
> git rev-list --left-right master...refs/remotes/origin/master
> git for-each-ref --sort -committerdate --format %(refname) %(objectname)
> git remote --verbose
> git config --get commit.template
> git show --textconv :src/app/post/post.service.ts
> git ls-files --stage -- /home/sanjay/mean-stack/mean-course/src/app/post/post.service.ts
> git cat-file -s 79cd6652c02c40edb75c10d14bf37c5d7697f861
> git status -z -u
> git symbolic-ref --short HEAD
> git rev-parse master
> git rev-parse --symbolic-full-name master@{u}
> git rev-list --left-right master...refs/remotes/origin/master
> git for-each-ref --sort -committerdate --format %(refname) %(objectname)
> git remote --verbose
> git config --get commit.template
> git show --textconv :src/app/auth/auth.service.ts
> git ls-files --stage -- /home/sanjay/mean-stack/mean-course/src/app/auth/auth.service.ts
> git cat-file -s 65adf10152ed656445bbb6a5048eb81abdc216fb
> git status -z -u
> git symbolic-ref --short HEAD
> git rev-parse master
> git rev-parse --symbolic-full-name master@{u}
> git rev-list --left-right master...refs/remotes/origin/master
> git for-each-ref --sort -committerdate --format %(refname) %(objectname)
> git remote --verbose
> git config --get commit.template
> git show --textconv :src/app/post/post-list/post-list.component.ts
> git ls-files --stage -- /home/sanjay/mean-stack/mean-course/src/app/post/post-list/post-list.component.ts
> git cat-file -s d46d278163096d92dedc0aa4bc1047617aff61ac
> git status -z -u
> git symbolic-ref --short HEAD
> git rev-parse master
> git rev-parse --symbolic-full-name master@{u}
> git rev-list --left-right master...refs/remotes/origin/master
> git for-each-ref --sort -committerdate --format %(refname) %(objectname)
> git remote --verbose
> git config --get commit.template
> git status -z -u
> git symbolic-ref --short HEAD
> git rev-parse master
> git rev-parse --symbolic-full-name master@{u}
> git rev-list --left-right master...refs/remotes/origin/master
> git for-each-ref --sort -committerdate --format %(refname) %(objectname)
> git remote --verbose
> git config --get commit.template
