Initializing document watcher...
Detected change in configuration: {}
mean-course/src/app/post/post.service.ts: Using EditorConfig core...
src/app/post/post.service.ts: editor.action.trimTrailingWhitespace
mean-course/src/app/post/post-list/post-list.component.ts: {"insertSpaces":true,"tabSize":2}
mean-course/src/app/post/post-list/post-list.component.ts: {"insertSpaces":true,"tabSize":2}
mean-course/src/app/post/post-list/post-list.component.ts: {"insertSpaces":true,"tabSize":2}
mean-course/src/app/post/post-list/post-list.component.ts: {"insertSpaces":true,"tabSize":2}
mean-course/src/app/post/post-list/post-list.component.ts: Using EditorConfig core...
src/app/post/post-list/post-list.component.ts: editor.action.trimTrailingWhitespace
mean-course/src/app/post/post-list/post-list.component.ts: {"insertSpaces":true,"tabSize":2}
mean-course/src/app/post/post-list/post-list.component.ts: {"insertSpaces":true,"tabSize":2}
mean-course/src/app/post/post-list/post-list.component.ts: {"insertSpaces":true,"tabSize":2}
mean-course/src/app/post/post-list/post-list.component.ts: {"insertSpaces":true,"tabSize":2}
mean-course/src/app/post/post-list/post-list.component.ts: {"insertSpaces":true,"tabSize":2}
mean-course/src/app/post/post-list/post-list.component.ts: {"insertSpaces":true,"tabSize":2}
mean-course/src/app/post/post-list/post-list.component.ts: {"insertSpaces":true,"tabSize":2}
mean-course/src/app/post/post-list/post-list.component.ts: {"insertSpaces":true,"tabSize":2}
mean-course/src/app/post/post-list/post-list.component.ts: {"insertSpaces":true,"tabSize":2}
mean-course/src/app/post/post-list/post-list.component.ts: {"insertSpaces":true,"tabSize":2}
mean-course/src/app/post/post-list/post-list.component.ts: {"insertSpaces":true,"tabSize":2}
mean-course/src/app/post/post-list/post-list.component.ts: {"insertSpaces":true,"tabSize":2}
mean-course/src/app/post/post-list/post-list.component.ts: {"insertSpaces":true,"tabSize":2}
mean-course/src/app/post/post-list/post-list.component.ts: {"insertSpaces":true,"tabSize":2}
mean-course/src/app/post/post-list/post-list.component.ts: {"insertSpaces":true,"tabSize":2}
mean-course/src/app/post/post-list/post-list.component.ts: {"insertSpaces":true,"tabSize":2}
mean-course/src/app/post/post-list/post-list.component.ts: {"insertSpaces":true,"tabSize":2}
mean-course/src/app/post/post-list/post-list.component.ts: {"insertSpaces":true,"tabSize":2}
mean-course/src/app/post/post-list/post-list.component.ts: {"insertSpaces":true,"tabSize":2}
mean-course/src/app/post/post-list/post-list.component.ts: {"insertSpaces":true,"tabSize":2}
mean-course/src/app/post/post-list/post-list.component.ts: {"insertSpaces":true,"tabSize":2}
mean-course/src/app/post/post-list/post-list.component.ts: {"insertSpaces":true,"tabSize":2}
mean-course/src/app/post/post-list/post-list.component.ts: {"insertSpaces":true,"tabSize":2}
mean-course/src/app/post/post-list/post-list.component.ts: {"insertSpaces":true,"tabSize":2}
mean-course/src/app/post/post-list/post-list.component.ts: Using EditorConfig core...
src/app/post/post-list/post-list.component.ts: editor.action.trimTrailingWhitespace
mean-course/src/app/post/post-list/post-list.component.ts: {"insertSpaces":true,"tabSize":2}
mean-course/src/app/post/post-list/post-list.component.ts: {"insertSpaces":true,"tabSize":2}
mean-course/src/app/post/post-list/post-list.component.ts: {"insertSpaces":true,"tabSize":2}
mean-course/src/app/post/post-list/post-list.component.ts: Using EditorConfig core...
src/app/post/post-list/post-list.component.ts: editor.action.trimTrailingWhitespace
mean-course/src/app/post/post-list/post-list.component.ts: {"insertSpaces":true,"tabSize":2}
mean-course/src/app/post/post-list/post-list.component.html: {"insertSpaces":true,"tabSize":2}
mean-course/src/app/post/post-list/post-list.component.html: {"insertSpaces":true,"tabSize":2}
mean-course/src/app/post/post-list/post-list.component.html: {"insertSpaces":true,"tabSize":2}
mean-course/src/app/post/post-list/post-list.component.html: {"insertSpaces":true,"tabSize":2}
mean-course/src/app/post/post-list/post-list.component.html: {"insertSpaces":true,"tabSize":2}
mean-course/src/app/post/post-list/post-list.component.html: {"insertSpaces":true,"tabSize":2}
mean-course/src/app/post/post-list/post-list.component.html: {"insertSpaces":true,"tabSize":2}
mean-course/src/app/post/post-list/post-list.component.html: Using EditorConfig core...
src/app/post/post-list/post-list.component.html: editor.action.trimTrailingWhitespace
mean-course/src/app/post/post-list/post-list.component.html: {"insertSpaces":true,"tabSize":2}
mean-course/src/app/post/post-list/post-list.component.html: {"insertSpaces":true,"tabSize":2}
mean-course/backend/routes/posts.js: {"insertSpaces":true,"tabSize":2}
mean-course/backend/routes/posts.js: {"insertSpaces":true,"tabSize":2}
mean-course/backend/routes/posts.js: {"insertSpaces":true,"tabSize":2}
mean-course/backend/routes/posts.js: {"insertSpaces":true,"tabSize":2}
mean-course/backend/routes/posts.js: {"insertSpaces":true,"tabSize":2}
mean-course/backend/routes/posts.js: {"insertSpaces":true,"tabSize":2}
mean-course/backend/routes/posts.js: {"insertSpaces":true,"tabSize":2}
mean-course/backend/routes/posts.js: {"insertSpaces":true,"tabSize":2}
mean-course/backend/routes/posts.js: {"insertSpaces":true,"tabSize":2}
mean-course/backend/routes/posts.js: {"insertSpaces":true,"tabSize":2}
mean-course/backend/routes/posts.js: {"insertSpaces":true,"tabSize":2}
mean-course/backend/routes/posts.js: {"insertSpaces":true,"tabSize":2}
mean-course/backend/routes/posts.js: {"insertSpaces":true,"tabSize":2}
mean-course/backend/routes/posts.js: {"insertSpaces":true,"tabSize":2}
mean-course/backend/routes/posts.js: {"insertSpaces":true,"tabSize":2}
mean-course/backend/routes/posts.js: {"insertSpaces":true,"tabSize":2}
mean-course/backend/routes/posts.js: {"insertSpaces":true,"tabSize":2}
mean-course/backend/routes/posts.js: {"insertSpaces":true,"tabSize":2}
mean-course/backend/routes/posts.js: {"insertSpaces":true,"tabSize":2}
mean-course/backend/routes/posts.js: {"insertSpaces":true,"tabSize":2}
mean-course/backend/routes/posts.js: {"insertSpaces":true,"tabSize":2}
mean-course/backend/routes/posts.js: {"insertSpaces":true,"tabSize":2}
mean-course/backend/routes/posts.js: {"insertSpaces":true,"tabSize":2}
mean-course/backend/routes/posts.js: {"insertSpaces":true,"tabSize":2}
mean-course/backend/routes/posts.js: {"insertSpaces":true,"tabSize":2}
mean-course/backend/routes/posts.js: {"insertSpaces":true,"tabSize":2}
mean-course/backend/routes/posts.js: {"insertSpaces":true,"tabSize":2}
mean-course/backend/routes/posts.js: {"insertSpaces":true,"tabSize":2}
mean-course/backend/routes/posts.js: {"insertSpaces":true,"tabSize":2}
mean-course/backend/routes/posts.js: {"insertSpaces":true,"tabSize":2}
mean-course/backend/routes/posts.js: {"insertSpaces":true,"tabSize":2}
mean-course/backend/routes/posts.js: {"insertSpaces":true,"tabSize":2}
mean-course/backend/routes/posts.js: Using EditorConfig core...
backend/routes/posts.js: editor.action.trimTrailingWhitespace
mean-course/backend/routes/posts.js: {"insertSpaces":true,"tabSize":2}
mean-course/backend/routes/posts.js: {"insertSpaces":true,"tabSize":2}
mean-course/backend/routes/posts.js: {"insertSpaces":true,"tabSize":2}
mean-course/backend/routes/posts.js: {"insertSpaces":true,"tabSize":2}
mean-course/backend/routes/posts.js: {"insertSpaces":true,"tabSize":2}
mean-course/backend/routes/posts.js: {"insertSpaces":true,"tabSize":2}
mean-course/backend/routes/posts.js: {"insertSpaces":true,"tabSize":2}
mean-course/backend/routes/posts.js: {"insertSpaces":true,"tabSize":2}
mean-course/backend/routes/posts.js: {"insertSpaces":true,"tabSize":2}
mean-course/backend/routes/posts.js: {"insertSpaces":true,"tabSize":2}
mean-course/backend/routes/posts.js: {"insertSpaces":true,"tabSize":2}
mean-course/backend/routes/posts.js: Using EditorConfig core...
backend/routes/posts.js: editor.action.trimTrailingWhitespace
mean-course/src/app/post/post.service.ts: {"insertSpaces":true,"tabSize":2}
mean-course/src/app/post/post.service.ts: {"insertSpaces":true,"tabSize":2}
mean-course/src/app/post/post.service.ts: {"insertSpaces":true,"tabSize":2}
mean-course/src/app/post/post.service.ts: {"insertSpaces":true,"tabSize":2}
mean-course/src/app/post/post.service.ts: {"insertSpaces":true,"tabSize":2}
mean-course/src/app/post/post.service.ts: {"insertSpaces":true,"tabSize":2}
mean-course/src/app/post/post.service.ts: {"insertSpaces":true,"tabSize":2}
mean-course/src/app/post/post.service.ts: {"insertSpaces":true,"tabSize":2}
mean-course/src/app/post/post.service.ts: {"insertSpaces":true,"tabSize":2}
mean-course/src/app/post/post.service.ts: {"insertSpaces":true,"tabSize":2}
mean-course/src/app/post/post.service.ts: {"insertSpaces":true,"tabSize":2}
mean-course/src/app/post/post.service.ts: {"insertSpaces":true,"tabSize":2}
mean-course/src/app/post/post.service.ts: {"insertSpaces":true,"tabSize":2}
mean-course/src/app/post/post.service.ts: {"insertSpaces":true,"tabSize":2}
mean-course/src/app/post/post.service.ts: {"insertSpaces":true,"tabSize":2}
mean-course/src/app/post/post.service.ts: {"insertSpaces":true,"tabSize":2}
mean-course/src/app/post/post.service.ts: {"insertSpaces":true,"tabSize":2}
mean-course/src/app/post/post.service.ts: {"insertSpaces":true,"tabSize":2}
mean-course/src/app/post/post.service.ts: {"insertSpaces":true,"tabSize":2}
mean-course/src/app/post/post.service.ts: {"insertSpaces":true,"tabSize":2}
mean-course/src/app/post/post.service.ts: {"insertSpaces":true,"tabSize":2}
mean-course/src/app/post/post.service.ts: {"insertSpaces":true,"tabSize":2}
mean-course/src/app/post/post.service.ts: {"insertSpaces":true,"tabSize":2}
mean-course/src/app/post/post.service.ts: {"insertSpaces":true,"tabSize":2}
mean-course/src/app/post/post.service.ts: {"insertSpaces":true,"tabSize":2}
mean-course/src/app/post/post.service.ts: {"insertSpaces":true,"tabSize":2}
mean-course/src/app/post/post.service.ts: {"insertSpaces":true,"tabSize":2}
mean-course/src/app/post/post.service.ts: {"insertSpaces":true,"tabSize":2}
mean-course/src/app/post/post.service.ts: {"insertSpaces":true,"tabSize":2}
mean-course/src/app/post/post.service.ts: {"insertSpaces":true,"tabSize":2}
mean-course/src/app/post/post.service.ts: {"insertSpaces":true,"tabSize":2}
mean-course/src/app/post/post.service.ts: {"insertSpaces":true,"tabSize":2}
mean-course/src/app/post/post.service.ts: {"insertSpaces":true,"tabSize":2}
mean-course/src/app/post/post.service.ts: {"insertSpaces":true,"tabSize":2}
mean-course/src/app/post/post.service.ts: {"insertSpaces":true,"tabSize":2}
mean-course/src/app/post/post.service.ts: {"insertSpaces":true,"tabSize":2}
mean-course/src/app/post/post.service.ts: {"insertSpaces":true,"tabSize":2}
mean-course/src/app/post/post.service.ts: {"insertSpaces":true,"tabSize":2}
mean-course/src/app/post/post.service.ts: {"insertSpaces":true,"tabSize":2}
mean-course/src/app/post/post.service.ts: {"insertSpaces":true,"tabSize":2}
mean-course/src/app/post/post.service.ts: {"insertSpaces":true,"tabSize":2}
mean-course/src/app/post/post.service.ts: {"insertSpaces":true,"tabSize":2}
mean-course/src/app/post/post.service.ts: {"insertSpaces":true,"tabSize":2}
mean-course/src/app/post/post.service.ts: {"insertSpaces":true,"tabSize":2}
mean-course/src/app/post/post.service.ts: {"insertSpaces":true,"tabSize":2}
mean-course/src/app/post/post.service.ts: {"insertSpaces":true,"tabSize":2}
mean-course/src/app/post/post.service.ts: {"insertSpaces":true,"tabSize":2}
mean-course/src/app/post/post.service.ts: {"insertSpaces":true,"tabSize":2}
mean-course/src/app/post/post.service.ts: {"insertSpaces":true,"tabSize":2}
mean-course/src/app/post/post.service.ts: {"insertSpaces":true,"tabSize":2}
mean-course/src/app/post/post.service.ts: {"insertSpaces":true,"tabSize":2}
mean-course/src/app/post/post.service.ts: {"insertSpaces":true,"tabSize":2}
mean-course/src/app/post/post.service.ts: {"insertSpaces":true,"tabSize":2}
mean-course/src/app/post/post.service.ts: {"insertSpaces":true,"tabSize":2}
mean-course/src/app/post/post.service.ts: {"insertSpaces":true,"tabSize":2}
mean-course/src/app/post/post.service.ts: {"insertSpaces":true,"tabSize":2}
mean-course/src/app/post/post.service.ts: {"insertSpaces":true,"tabSize":2}
mean-course/src/app/post/post.service.ts: {"insertSpaces":true,"tabSize":2}
mean-course/src/app/post/post.service.ts: {"insertSpaces":true,"tabSize":2}
mean-course/src/app/post/post.service.ts: {"insertSpaces":true,"tabSize":2}
mean-course/src/app/post/post.service.ts: {"insertSpaces":true,"tabSize":2}
mean-course/src/app/post/post.service.ts: {"insertSpaces":true,"tabSize":2}
mean-course/src/app/post/post.service.ts: {"insertSpaces":true,"tabSize":2}
mean-course/src/app/post/post.service.ts: {"insertSpaces":true,"tabSize":2}
mean-course/src/app/post/post.service.ts: Using EditorConfig core...
src/app/post/post.service.ts: editor.action.trimTrailingWhitespace
mean-course/src/app/post/post-list/post-list.component.ts: {"insertSpaces":true,"tabSize":2}
mean-course/src/app/post/post-list/post-list.component.ts: {"insertSpaces":true,"tabSize":2}
mean-course/src/app/post/post-list/post-list.component.ts: {"insertSpaces":true,"tabSize":2}
mean-course/src/app/post/post-list/post-list.component.ts: {"insertSpaces":true,"tabSize":2}
mean-course/src/app/post/post-list/post-list.component.ts: {"insertSpaces":true,"tabSize":2}
mean-course/src/app/post/post-list/post-list.component.ts: {"insertSpaces":true,"tabSize":2}
mean-course/src/app/post/post-list/post-list.component.ts: {"insertSpaces":true,"tabSize":2}
mean-course/src/app/post/post-list/post-list.component.ts: {"insertSpaces":true,"tabSize":2}
mean-course/src/app/post/post-list/post-list.component.ts: {"insertSpaces":true,"tabSize":2}
mean-course/src/app/post/post-list/post-list.component.ts: {"insertSpaces":true,"tabSize":2}
mean-course/src/app/post/post-list/post-list.component.ts: {"insertSpaces":true,"tabSize":2}
mean-course/src/app/post/post-list/post-list.component.ts: {"insertSpaces":true,"tabSize":2}
mean-course/src/app/post/post-list/post-list.component.ts: {"insertSpaces":true,"tabSize":2}
mean-course/src/app/post/post-list/post-list.component.ts: {"insertSpaces":true,"tabSize":2}
mean-course/src/app/post/post-list/post-list.component.ts: {"insertSpaces":true,"tabSize":2}
mean-course/src/app/post/post-list/post-list.component.ts: {"insertSpaces":true,"tabSize":2}
mean-course/src/app/post/post-list/post-list.component.ts: {"insertSpaces":true,"tabSize":2}
mean-course/src/app/post/post-list/post-list.component.ts: {"insertSpaces":true,"tabSize":2}
mean-course/src/app/post/post-list/post-list.component.ts: {"insertSpaces":true,"tabSize":2}
mean-course/src/app/post/post-list/post-list.component.ts: {"insertSpaces":true,"tabSize":2}
mean-course/src/app/post/post-list/post-list.component.ts: {"insertSpaces":true,"tabSize":2}
mean-course/src/app/post/post-list/post-list.component.ts: {"insertSpaces":true,"tabSize":2}
mean-course/src/app/post/post-list/post-list.component.ts: {"insertSpaces":true,"tabSize":2}
mean-course/src/app/post/post-list/post-list.component.ts: {"insertSpaces":true,"tabSize":2}
mean-course/src/app/post/post-list/post-list.component.ts: {"insertSpaces":true,"tabSize":2}
mean-course/src/app/post/post-list/post-list.component.ts: {"insertSpaces":true,"tabSize":2}
mean-course/src/app/post/post-list/post-list.component.ts: {"insertSpaces":true,"tabSize":2}
mean-course/src/app/post/post-list/post-list.component.ts: {"insertSpaces":true,"tabSize":2}
mean-course/src/app/post/post-list/post-list.component.ts: {"insertSpaces":true,"tabSize":2}
mean-course/src/app/post/post-list/post-list.component.ts: {"insertSpaces":true,"tabSize":2}
mean-course/src/app/post/post-list/post-list.component.ts: Using EditorConfig core...
src/app/post/post-list/post-list.component.ts: editor.action.trimTrailingWhitespace
mean-course/src/app/post/post-list/post-list.component.ts: {"insertSpaces":true,"tabSize":2}
mean-course/src/app/post/post-list/post-list.component.ts: {"insertSpaces":true,"tabSize":2}
mean-course/src/app/post/post-list/post-list.component.ts: {"insertSpaces":true,"tabSize":2}
mean-course/src/app/post/post-list/post-list.component.ts: {"insertSpaces":true,"tabSize":2}
mean-course/src/app/post/post-list/post-list.component.ts: {"insertSpaces":true,"tabSize":2}
mean-course/src/app/post/post-list/post-list.component.ts: {"insertSpaces":true,"tabSize":2}
mean-course/src/app/post/post-list/post-list.component.ts: {"insertSpaces":true,"tabSize":2}
mean-course/src/app/post/post-list/post-list.component.ts: Using EditorConfig core...
src/app/post/post-list/post-list.component.ts: editor.action.trimTrailingWhitespace
mean-course/src/app/post/post-list/post-list.component.ts: {"insertSpaces":true,"tabSize":2}
mean-course/backend/routes/posts.js: {"insertSpaces":true,"tabSize":2}
mean-course/backend/routes/posts.js: Using EditorConfig core...
backend/routes/posts.js: editor.action.trimTrailingWhitespace
mean-course/backend/routes/posts.js: {"insertSpaces":true,"tabSize":2}
mean-course/backend/routes/posts.js: {"insertSpaces":true,"tabSize":2}
mean-course/backend/routes/posts.js: {"insertSpaces":true,"tabSize":2}
mean-course/backend/routes/posts.js: {"insertSpaces":true,"tabSize":2}
mean-course/backend/routes/posts.js: {"insertSpaces":true,"tabSize":2}
mean-course/src/app/auth/login/login.component.ts: {"insertSpaces":true,"tabSize":2}
mean-course/src/app/auth/login/login.component.html: {"insertSpaces":true,"tabSize":2}
mean-course/src/app/auth/login/login.component.ts: {"insertSpaces":true,"tabSize":2}
mean-course/src/app/auth/login/login.component.ts: {"insertSpaces":true,"tabSize":2}
mean-course/src/app/auth/login/login.component.ts: {"insertSpaces":true,"tabSize":2}
mean-course/src/app/auth/login/login.component.ts: {"insertSpaces":true,"tabSize":2}
mean-course/src/app/auth/login/login.component.ts: {"insertSpaces":true,"tabSize":2}
mean-course/src/app/auth/login/login.component.ts: {"insertSpaces":true,"tabSize":2}
mean-course/src/app/auth/login/login.component.ts: {"insertSpaces":true,"tabSize":2}
mean-course/src/app/auth/login/login.component.ts: {"insertSpaces":true,"tabSize":2}
mean-course/src/app/auth/login/login.component.ts: {"insertSpaces":true,"tabSize":2}
mean-course/src/app/auth/login/login.component.ts: {"insertSpaces":true,"tabSize":2}
mean-course/src/app/auth/login/login.component.ts: {"insertSpaces":true,"tabSize":2}
mean-course/src/app/auth/login/login.component.ts: {"insertSpaces":true,"tabSize":2}
mean-course/src/app/auth/login/login.component.ts: {"insertSpaces":true,"tabSize":2}
mean-course/src/app/auth/login/login.component.ts: {"insertSpaces":true,"tabSize":2}
mean-course/src/app/auth/login/login.component.ts: {"insertSpaces":true,"tabSize":2}
mean-course/src/app/auth/login/login.component.ts: {"insertSpaces":true,"tabSize":2}
mean-course/src/app/auth/login/login.component.ts: {"insertSpaces":true,"tabSize":2}
mean-course/src/app/auth/login/login.component.ts: Using EditorConfig core...
src/app/auth/login/login.component.ts: editor.action.trimTrailingWhitespace
src/app/auth/login/login.component.ts: insertFinalNewline(LF)
mean-course/src/app/auth/login/login.component.ts: {"insertSpaces":true,"tabSize":2}
mean-course/src/app/app-routing.module.ts: {"insertSpaces":true,"tabSize":2}
mean-course/src/app/app.module.ts: {"insertSpaces":true,"tabSize":2}
mean-course/src/app/app.module.ts: Using EditorConfig core...
src/app/app.module.ts: editor.action.trimTrailingWhitespace
mean-course/src/app/app.module.ts: {"insertSpaces":true,"tabSize":2}
mean-course/src/app/app.module.ts: {"insertSpaces":true,"tabSize":2}
mean-course/src/app/auth/login/login.component.html: {"insertSpaces":true,"tabSize":2}
mean-course/src/app/post/post-create/post-create.component.html: {"insertSpaces":true,"tabSize":2}
mean-course/src/app/auth/login/login.component.html: {"insertSpaces":true,"tabSize":2}
mean-course/src/app/auth/login/login.component.html: {"insertSpaces":true,"tabSize":2}
mean-course/src/app/auth/login/login.component.html: Using EditorConfig core...
src/app/auth/login/login.component.html: editor.action.trimTrailingWhitespace
mean-course/src/app/auth/login/login.component.html: {"insertSpaces":true,"tabSize":2}
mean-course/src/app/auth/login/login.component.html: Using EditorConfig core...
src/app/auth/login/login.component.html: editor.action.trimTrailingWhitespace
mean-course/src/app/auth/login/login.component.html: {"insertSpaces":true,"tabSize":2}
mean-course/src/app/header/header.component.ts: {"insertSpaces":true,"tabSize":2}
mean-course/src/app/header/header.component.html: {"insertSpaces":true,"tabSize":2}
mean-course/src/app/header/header.component.html: {"insertSpaces":true,"tabSize":2}
mean-course/src/app/header/header.component.html: {"insertSpaces":true,"tabSize":2}
mean-course/src/app/auth/login/login.component.ts: {"insertSpaces":true,"tabSize":2}
mean-course/src/app/auth/login/login.component.html: {"insertSpaces":true,"tabSize":2}
mean-course/src/app/auth/login/login.component.html: {"insertSpaces":true,"tabSize":2}
mean-course/src/app/auth/login/login.component.html: {"insertSpaces":true,"tabSize":2}
mean-course/src/app/auth/login/login.component.html: {"insertSpaces":true,"tabSize":2}
mean-course/src/app/auth/login/login.component.ts: {"insertSpaces":true,"tabSize":2}
mean-course/src/app/auth/login/login.component.html: {"insertSpaces":true,"tabSize":2}
mean-course/src/app/auth/login/login.component.ts: {"insertSpaces":true,"tabSize":2}
mean-course/src/app/auth/login/login.component.ts: {"insertSpaces":true,"tabSize":2}
mean-course/src/app/auth/login/login.component.ts: Using EditorConfig core...
src/app/auth/login/login.component.ts: editor.action.trimTrailingWhitespace
mean-course/src/app/auth/login/login.component.html: {"insertSpaces":true,"tabSize":2}
mean-course/src/app/auth/login/login.component.html: {"insertSpaces":true,"tabSize":2}
mean-course/src/app/auth/login/login.component.html: {"insertSpaces":true,"tabSize":2}
mean-course/src/app/auth/login/login.component.html: Using EditorConfig core...
src/app/auth/login/login.component.html: editor.action.trimTrailingWhitespace
mean-course/src/app/app.module.ts: {"insertSpaces":true,"tabSize":2}
mean-course/src/app/app.module.ts: Using EditorConfig core...
src/app/app.module.ts: editor.action.trimTrailingWhitespace
mean-course/src/app/app.module.ts: {"insertSpaces":true,"tabSize":2}
mean-course/src/app/app.module.ts: {"insertSpaces":true,"tabSize":2}
mean-course/src/app/app-routing.module.ts: {"insertSpaces":true,"tabSize":2}
mean-course/src/app/app-routing.module.ts: Using EditorConfig core...
src/app/app-routing.module.ts: editor.action.trimTrailingWhitespace
mean-course/src/app/app-routing.module.ts: {"insertSpaces":true,"tabSize":2}
mean-course/src/app/header/header.component.ts: {"insertSpaces":true,"tabSize":2}
mean-course/src/app/header/header.component.html: {"insertSpaces":true,"tabSize":2}
mean-course/src/app/header/header.component.html: Using EditorConfig core...
src/app/header/header.component.html: editor.action.trimTrailingWhitespace
src/app/header/header.component.html: insertFinalNewline(LF)
mean-course/src/app/header/header.component.html: {"insertSpaces":true,"tabSize":2}
mean-course/src/app/header/header.component.html: {"insertSpaces":true,"tabSize":2}
mean-course/src/app/header/header.component.html: {"insertSpaces":true,"tabSize":2}
mean-course/src/app/auth/login/login.component.ts: {"insertSpaces":true,"tabSize":2}
mean-course/src/app/auth/login/login.component.html: {"insertSpaces":true,"tabSize":2}
mean-course/src/app/auth/login/login.component.html: {"insertSpaces":true,"tabSize":2}
mean-course/src/app/header/header.component.css: {"insertSpaces":true,"tabSize":2}
mean-course/src/app/header/header.component.css: Using EditorConfig core...
src/app/header/header.component.css: editor.action.trimTrailingWhitespace
src/app/header/header.component.css: insertFinalNewline(LF)
mean-course/src/app/header/header.component.css: {"insertSpaces":true,"tabSize":2}
mean-course/src/app/auth/login/login.component.html: {"insertSpaces":true,"tabSize":2}
mean-course/src/app/auth/login/login.component.html: {"insertSpaces":true,"tabSize":2}
mean-course/src/app/auth/login/login.component.html: {"insertSpaces":true,"tabSize":2}
mean-course/src/app/auth/login/login.component.html: {"insertSpaces":true,"tabSize":2}
mean-course/src/app/auth/login/login.component.css: {"insertSpaces":true,"tabSize":2}
mean-course/src/app/auth/login/login.component.ts: {"insertSpaces":true,"tabSize":2}
mean-course/src/app/auth/login/login.component.ts: {"insertSpaces":true,"tabSize":2}
mean-course/src/app/auth/login/login.component.ts: {"insertSpaces":true,"tabSize":2}
mean-course/src/app/auth/login/login.component.ts: Using EditorConfig core...
src/app/auth/login/login.component.ts: editor.action.trimTrailingWhitespace
mean-course/src/app/post/post-create/post-create.component.css: {"insertSpaces":true,"tabSize":2}
mean-course/src/app/auth/login/login.component.css: {"insertSpaces":true,"tabSize":2}
mean-course/src/app/auth/login/login.component.css: Using EditorConfig core...
src/app/auth/login/login.component.css: editor.action.trimTrailingWhitespace
mean-course/src/app/auth/login/login.component.css: {"insertSpaces":true,"tabSize":2}
mean-course/src/app/auth/login/login.component.html: {"insertSpaces":true,"tabSize":2}
mean-course/src/app/auth/login/login.component.ts: {"insertSpaces":true,"tabSize":2}
mean-course/src/app/auth/login/login.component.ts: Using EditorConfig core...
src/app/auth/login/login.component.ts: editor.action.trimTrailingWhitespace
mean-course/src/app/auth/login/login.component.ts: {"insertSpaces":true,"tabSize":2}
mean-course/src/app/auth/login/login.component.html: {"insertSpaces":true,"tabSize":2}
mean-course/src/app/auth/login/login.component.html: Using EditorConfig core...
src/app/auth/login/login.component.html: editor.action.trimTrailingWhitespace
mean-course/src/app/auth/login/login.component.html: {"insertSpaces":true,"tabSize":2}
