[2020-07-23 16:34:55.642] [exthost] [info] extension host started
[2020-07-23 16:34:55.919] [exthost] [info] ExtensionService#_doActivateExtension vscode.extension-editing {"startup":false,"activationEvent":"onLanguage:typescript"}
[2020-07-23 16:34:55.919] [exthost] [info] ExtensionService#loadCommonJSModule /usr/share/code/resources/app/extensions/extension-editing/dist/extension
[2020-07-23 16:34:56.253] [exthost] [info] ExtensionService#_doActivateExtension vscode.typescript-language-features {"startup":false,"activationEvent":"onLanguage:typescript"}
[2020-07-23 16:34:56.253] [exthost] [info] ExtensionService#loadCommonJSModule /usr/share/code/resources/app/extensions/typescript-language-features/dist/extension
[2020-07-23 16:34:56.481] [exthost] [info] ExtensionService#_doActivateExtension Angular.ng-template {"startup":false,"activationEvent":"onLanguage:typescript"}
[2020-07-23 16:34:56.481] [exthost] [info] ExtensionService#loadCommonJSModule /root/.vscode/extensions/angular.ng-template-0.900.5/client
[2020-07-23 16:34:57.493] [exthost] [info] ExtensionService#_doActivateExtension vscode.debug-auto-launch {"startup":true,"activationEvent":"*"}
[2020-07-23 16:34:57.493] [exthost] [info] ExtensionService#loadCommonJSModule /usr/share/code/resources/app/extensions/debug-auto-launch/dist/extension
[2020-07-23 16:34:57.592] [exthost] [info] ExtensionService#_doActivateExtension vscode.emmet {"startup":true,"activationEvent":"*"}
[2020-07-23 16:34:57.592] [exthost] [info] ExtensionService#loadCommonJSModule /usr/share/code/resources/app/extensions/emmet/dist/extension
[2020-07-23 16:34:57.724] [exthost] [info] ExtensionService#_doActivateExtension vscode.git {"startup":true,"activationEvent":"*"}
[2020-07-23 16:34:57.724] [exthost] [info] ExtensionService#loadCommonJSModule /usr/share/code/resources/app/extensions/git/dist/main
[2020-07-23 16:34:57.988] [exthost] [info] ExtensionService#_doActivateExtension vscode.merge-conflict {"startup":true,"activationEvent":"*"}
[2020-07-23 16:34:57.988] [exthost] [info] ExtensionService#loadCommonJSModule /usr/share/code/resources/app/extensions/merge-conflict/dist/extension
[2020-07-23 16:34:58.062] [exthost] [info] ExtensionService#_doActivateExtension dbaeumer.vscode-eslint {"startup":true,"activationEvent":"*"}
[2020-07-23 16:34:58.062] [exthost] [info] ExtensionService#loadCommonJSModule /root/.vscode/extensions/dbaeumer.vscode-eslint-1.9.1/client/out/extension
[2020-07-23 16:34:58.131] [exthost] [info] ExtensionService#_doActivateExtension EditorConfig.EditorConfig {"startup":true,"activationEvent":"*"}
[2020-07-23 16:34:58.131] [exthost] [info] ExtensionService#loadCommonJSModule /root/.vscode/extensions/editorconfig.editorconfig-0.13.0/out/src/editorConfigMain
[2020-07-23 16:34:58.540] [exthost] [info] ExtensionService#_doActivateExtension esbenp.prettier-vscode {"startup":true,"activationEvent":"*"}
[2020-07-23 16:34:58.540] [exthost] [info] ExtensionService#loadCommonJSModule /root/.vscode/extensions/esbenp.prettier-vscode-3.20.0/dist/extension
[2020-07-23 16:34:59.120] [exthost] [info] ExtensionService#_doActivateExtension HookyQR.beautify {"startup":true,"activationEvent":"*"}
[2020-07-23 16:34:59.120] [exthost] [info] ExtensionService#loadCommonJSModule /root/.vscode/extensions/hookyqr.beautify-1.5.0/extension
[2020-07-23 16:35:01.054] [exthost] [info] ExtensionService#_doActivateExtension johnpapa.vscode-peacock {"startup":true,"activationEvent":"*"}
[2020-07-23 16:35:01.054] [exthost] [info] ExtensionService#loadCommonJSModule /root/.vscode/extensions/johnpapa.vscode-peacock-3.7.2/dist/extension
[2020-07-23 16:35:01.088] [exthost] [info] ExtensionService#_doActivateExtension nrwl.angular-console {"startup":true,"activationEvent":"*"}
[2020-07-23 16:35:01.088] [exthost] [info] ExtensionService#loadCommonJSModule /root/.vscode/extensions/nrwl.angular-console-12.0.0/main.js
[2020-07-23 16:35:02.668] [exthost] [info] ExtensionService#_doActivateExtension PKief.material-icon-theme {"startup":true,"activationEvent":"*"}
[2020-07-23 16:35:02.668] [exthost] [info] ExtensionService#loadCommonJSModule /root/.vscode/extensions/pkief.material-icon-theme-4.2.0/dist/extension
[2020-07-23 16:35:02.696] [exthost] [info] eager extensions activated
[2020-07-23 16:36:09.504] [exthost] [info] ExtensionService#_doActivateExtension vscode.configuration-editing {"startup":false,"activationEvent":"onLanguage:jsonc"}
[2020-07-23 16:36:09.504] [exthost] [info] ExtensionService#loadCommonJSModule /usr/share/code/resources/app/extensions/configuration-editing/dist/extension
[2020-07-23 16:36:09.587] [exthost] [info] ExtensionService#_doActivateExtension vscode.json-language-features {"startup":false,"activationEvent":"onLanguage:jsonc"}
[2020-07-23 16:36:09.587] [exthost] [info] ExtensionService#loadCommonJSModule /usr/share/code/resources/app/extensions/json-language-features/client/dist/jsonMain
[2020-07-23 18:50:29.662] [exthost] [info] ExtensionService#_doActivateExtension vscode.html-language-features {"startup":false,"activationEvent":"onLanguage:html"}
[2020-07-23 18:50:29.663] [exthost] [info] ExtensionService#loadCommonJSModule /usr/share/code/resources/app/extensions/html-language-features/client/dist/htmlMain
[2020-07-24 22:24:36.817] [exthost] [info] ExtensionService#_doActivateExtension vscode.css-language-features {"startup":false,"activationEvent":"onLanguage:css"}
[2020-07-24 22:24:36.817] [exthost] [info] ExtensionService#loadCommonJSModule /usr/share/code/resources/app/extensions/css-language-features/client/dist/cssMain
