Initializing document watcher...
mean-course/src/app/post/post-list/post-list.component.ts: {"insertSpaces":true,"tabSize":2}
mean-course/src/app/post/post-list/post-list.component.ts: {"insertSpaces":true,"tabSize":2}
mean-course/src/app/auth/auth.service.ts: {"insertSpaces":true,"tabSize":2}
mean-course/src/app/auth/auth.service.ts: {"insertSpaces":true,"tabSize":2}
mean-course/src/app/auth/auth.service.ts: {"insertSpaces":true,"tabSize":2}
mean-course/src/app/auth/auth.service.ts: {"insertSpaces":true,"tabSize":2}
mean-course/src/app/auth/auth.service.ts: {"insertSpaces":true,"tabSize":2}
mean-course/src/app/auth/auth.service.ts: {"insertSpaces":true,"tabSize":2}
mean-course/src/app/auth/auth.service.ts: {"insertSpaces":true,"tabSize":2}
mean-course/src/app/auth/auth.service.ts: Using EditorConfig core...
src/app/auth/auth.service.ts: editor.action.trimTrailingWhitespace
mean-course/src/app/auth/auth.service.ts: {"insertSpaces":true,"tabSize":2}
mean-course/src/app/auth/auth.service.ts: Using EditorConfig core...
src/app/auth/auth.service.ts: editor.action.trimTrailingWhitespace
mean-course/src/app/auth/auth.service.ts: {"insertSpaces":true,"tabSize":2}
mean-course/src/app/auth/auth.service.ts: {"insertSpaces":true,"tabSize":2}
mean-course/src/app/auth/auth.service.ts: {"insertSpaces":true,"tabSize":2}
mean-course/src/app/auth/auth.service.ts: {"insertSpaces":true,"tabSize":2}
mean-course/src/app/auth/auth.service.ts: Using EditorConfig core...
src/app/auth/auth.service.ts: editor.action.trimTrailingWhitespace
mean-course/src/app/auth/auth.service.ts: {"insertSpaces":true,"tabSize":2}
mean-course/src/app/auth/signup/signup.component.ts: {"insertSpaces":true,"tabSize":2}
mean-course/src/app/auth/signup/signup.component.ts: {"insertSpaces":true,"tabSize":2}
mean-course/src/app/auth/signup/signup.component.ts: {"insertSpaces":true,"tabSize":2}
mean-course/src/app/auth/signup/signup.component.ts: {"insertSpaces":true,"tabSize":2}
mean-course/src/app/auth/signup/signup.component.ts: {"insertSpaces":true,"tabSize":2}
mean-course/src/app/auth/signup/signup.component.ts: Using EditorConfig core...
src/app/auth/signup/signup.component.ts: editor.action.trimTrailingWhitespace
mean-course/src/app/auth/signup/signup.component.ts: {"insertSpaces":true,"tabSize":2}
mean-course/src/app/auth/signup/signup.component.ts: {"insertSpaces":true,"tabSize":2}
mean-course/src/app/auth/signup/signup.component.ts: {"insertSpaces":true,"tabSize":2}
mean-course/src/app/auth/signup/signup.component.ts: {"insertSpaces":true,"tabSize":2}
mean-course/src/app/auth/signup/signup.component.ts: Using EditorConfig core...
src/app/auth/signup/signup.component.ts: editor.action.trimTrailingWhitespace
mean-course/src/app/auth/signup/signup.component.ts: {"insertSpaces":true,"tabSize":2}
mean-course/src/app/auth/auth.service.ts: {"insertSpaces":true,"tabSize":2}
mean-course/src/app/auth/auth.service.ts: {"insertSpaces":true,"tabSize":2}
mean-course/src/app/auth/auth.service.ts: {"insertSpaces":true,"tabSize":2}
mean-course/src/app/auth/auth.service.ts: {"insertSpaces":true,"tabSize":2}
mean-course/src/app/auth/auth.service.ts: {"insertSpaces":true,"tabSize":2}
mean-course/src/app/auth/auth.service.ts: {"insertSpaces":true,"tabSize":2}
mean-course/src/app/auth/auth.service.ts: {"insertSpaces":true,"tabSize":2}
mean-course/src/app/auth/auth.service.ts: {"insertSpaces":true,"tabSize":2}
mean-course/src/app/auth/auth.service.ts: {"insertSpaces":true,"tabSize":2}
mean-course/src/app/auth/signup/signup.component.ts: {"insertSpaces":true,"tabSize":2}
mean-course/src/app/auth/signup/signup.component.ts: {"insertSpaces":true,"tabSize":2}
mean-course/src/app/auth/signup/signup.component.ts: {"insertSpaces":true,"tabSize":2}
mean-course/src/app/auth/signup/signup.component.ts: {"insertSpaces":true,"tabSize":2}
mean-course/src/app/auth/signup/signup.component.ts: {"insertSpaces":true,"tabSize":2}
mean-course/src/app/auth/signup/signup.component.ts: {"insertSpaces":true,"tabSize":2}
mean-course/src/app/auth/signup/signup.component.ts: {"insertSpaces":true,"tabSize":2}
mean-course/src/app/auth/signup/signup.component.ts: {"insertSpaces":true,"tabSize":2}
mean-course/src/app/auth/signup/signup.component.ts: {"insertSpaces":true,"tabSize":2}
mean-course/src/app/auth/signup/signup.component.ts: {"insertSpaces":true,"tabSize":2}
mean-course/src/app/auth/signup/signup.component.ts: {"insertSpaces":true,"tabSize":2}
mean-course/src/app/auth/signup/signup.component.ts: {"insertSpaces":true,"tabSize":2}
mean-course/src/app/auth/signup/signup.component.ts: {"insertSpaces":true,"tabSize":2}
mean-course/src/app/auth/signup/signup.component.ts: {"insertSpaces":true,"tabSize":2}
mean-course/src/app/auth/signup/signup.component.ts: {"insertSpaces":true,"tabSize":2}
mean-course/src/app/auth/signup/signup.component.ts: {"insertSpaces":true,"tabSize":2}
mean-course/src/app/auth/signup/signup.component.ts: {"insertSpaces":true,"tabSize":2}
mean-course/src/app/auth/signup/signup.component.ts: Using EditorConfig core...
src/app/auth/signup/signup.component.ts: editor.action.trimTrailingWhitespace
mean-course/src/app/auth/signup/signup.component.ts: {"insertSpaces":true,"tabSize":2}
mean-course/src/app/auth/signup/signup.component.ts: {"insertSpaces":true,"tabSize":2}
mean-course/src/app/auth/signup/signup.component.ts: {"insertSpaces":true,"tabSize":2}
mean-course/src/app/auth/signup/signup.component.ts: {"insertSpaces":true,"tabSize":2}
mean-course/src/app/auth/signup/signup.component.ts: {"insertSpaces":true,"tabSize":2}
mean-course/src/app/auth/signup/signup.component.ts: {"insertSpaces":true,"tabSize":2}
mean-course/src/app/auth/signup/signup.component.ts: {"insertSpaces":true,"tabSize":2}
mean-course/src/app/auth/signup/signup.component.ts: {"insertSpaces":true,"tabSize":2}
mean-course/src/app/auth/auth.service.ts: {"insertSpaces":true,"tabSize":2}
mean-course/src/app/auth/auth.service.ts: {"insertSpaces":true,"tabSize":2}
mean-course/src/app/auth/auth.service.ts: {"insertSpaces":true,"tabSize":2}
mean-course/src/app/auth/auth.service.ts: {"insertSpaces":true,"tabSize":2}
mean-course/src/app/auth/auth.service.ts: {"insertSpaces":true,"tabSize":2}
mean-course/src/app/auth/auth.service.ts: {"insertSpaces":true,"tabSize":2}
mean-course/src/app/auth/auth.service.ts: {"insertSpaces":true,"tabSize":2}
mean-course/src/app/auth/auth.service.ts: Using EditorConfig core...
src/app/auth/auth.service.ts: editor.action.trimTrailingWhitespace
mean-course/src/app/auth/auth.service.ts: Using EditorConfig core...
src/app/auth/auth.service.ts: editor.action.trimTrailingWhitespace
mean-course/src/app/auth/auth.service.ts: Using EditorConfig core...
src/app/auth/auth.service.ts: editor.action.trimTrailingWhitespace
mean-course/src/app/auth/signup/signup.component.ts: {"insertSpaces":true,"tabSize":2}
mean-course/src/app/auth/signup/signup.component.ts: Using EditorConfig core...
src/app/auth/signup/signup.component.ts: editor.action.trimTrailingWhitespace
mean-course/src/app/auth/signup/signup.component.ts: {"insertSpaces":true,"tabSize":2}
mean-course/src/app/auth/auth.service.ts: {"insertSpaces":true,"tabSize":2}
mean-course/src/app/auth/auth.service.ts: {"insertSpaces":true,"tabSize":2}
mean-course/src/app/auth/auth.service.ts: {"insertSpaces":true,"tabSize":2}
mean-course/src/app/auth/auth.service.ts: {"insertSpaces":true,"tabSize":2}
mean-course/src/app/auth/signup/signup.component.ts: {"insertSpaces":true,"tabSize":2}
mean-course/src/app/auth/signup/signup.component.ts: {"insertSpaces":true,"tabSize":2}
mean-course/src/app/auth/signup/signup.component.ts: {"insertSpaces":true,"tabSize":2}
mean-course/src/app/auth/login/login.component.ts: {"insertSpaces":true,"tabSize":2}
mean-course/src/app/auth/login/login.component.ts: {"insertSpaces":true,"tabSize":2}
mean-course/src/app/auth/login/login.component.ts: {"insertSpaces":true,"tabSize":2}
mean-course/src/app/auth/login/login.component.ts: {"insertSpaces":true,"tabSize":2}
mean-course/src/app/auth/signup/signup.component.ts: {"insertSpaces":true,"tabSize":2}
mean-course/src/app/auth/login/login.component.ts: {"insertSpaces":true,"tabSize":2}
mean-course/src/app/auth/signup/signup.component.ts: {"insertSpaces":true,"tabSize":2}
mean-course/src/app/auth/login/login.component.ts: {"insertSpaces":true,"tabSize":2}
mean-course/src/app/auth/login/login.component.ts: {"insertSpaces":true,"tabSize":2}
mean-course/src/app/auth/signup/signup.component.ts: {"insertSpaces":true,"tabSize":2}
mean-course/src/app/auth/login/login.component.ts: {"insertSpaces":true,"tabSize":2}
mean-course/src/app/auth/login/login.component.ts: Using EditorConfig core...
src/app/auth/login/login.component.ts: editor.action.trimTrailingWhitespace
mean-course/src/app/auth/login/login.component.ts: {"insertSpaces":true,"tabSize":2}
mean-course/src/app/auth/auth.service.ts: {"insertSpaces":true,"tabSize":2}
mean-course/src/app/auth/auth.service.ts: {"insertSpaces":true,"tabSize":2}
mean-course/src/app/auth/auth.service.ts: {"insertSpaces":true,"tabSize":2}
mean-course/src/app/auth/auth.service.ts: {"insertSpaces":true,"tabSize":2}
mean-course/src/app/auth/auth.service.ts: {"insertSpaces":true,"tabSize":2}
mean-course/src/app/auth/auth.service.ts: {"insertSpaces":true,"tabSize":2}
mean-course/src/app/auth/auth.service.ts: {"insertSpaces":true,"tabSize":2}
mean-course/src/app/auth/auth.service.ts: {"insertSpaces":true,"tabSize":2}
mean-course/src/app/auth/auth.service.ts: {"insertSpaces":true,"tabSize":2}
mean-course/src/app/auth/auth.service.ts: {"insertSpaces":true,"tabSize":2}
mean-course/src/app/auth/auth.service.ts: {"insertSpaces":true,"tabSize":2}
mean-course/src/app/auth/auth.service.ts: {"insertSpaces":true,"tabSize":2}
mean-course/src/app/auth/auth.service.ts: {"insertSpaces":true,"tabSize":2}
mean-course/src/app/auth/auth.service.ts: {"insertSpaces":true,"tabSize":2}
mean-course/src/app/auth/auth.service.ts: {"insertSpaces":true,"tabSize":2}
mean-course/src/app/auth/auth.service.ts: {"insertSpaces":true,"tabSize":2}
mean-course/src/app/auth/auth.service.ts: {"insertSpaces":true,"tabSize":2}
mean-course/src/app/auth/auth.service.ts: {"insertSpaces":true,"tabSize":2}
mean-course/src/app/auth/auth.service.ts: Using EditorConfig core...
src/app/auth/auth.service.ts: editor.action.trimTrailingWhitespace
mean-course/src/app/auth/auth.service.ts: {"insertSpaces":true,"tabSize":2}
mean-course/src/app/auth/auth.service.ts: {"insertSpaces":true,"tabSize":2}
mean-course/src/app/auth/auth.service.ts: Using EditorConfig core...
src/app/auth/auth.service.ts: editor.action.trimTrailingWhitespace
mean-course/src/app/auth/auth.service.ts: {"insertSpaces":true,"tabSize":2}
