Looking for git in: git
Using git 2.20.1 from git
> git rev-parse --show-toplevel
> git rev-parse --git-dir
Open repository: /home/sanjay/mean-stack/mean-course
> git status -z -u
> git check-ignore -v -z --stdin
> git symbolic-ref --short HEAD
> git rev-parse master
fatal: ambiguous argument 'master': unknown revision or path not in the working tree.
Use '--' to separate paths from revisions, like this:
'git <command> [<revision>...] -- [<file>...]'
> git for-each-ref --sort -committerdate --format %(refname) %(objectname)
> git remote --verbose
> git config --get commit.template
> git show --textconv :backend/routes/posts.js
> git ls-files --stage -- /home/sanjay/mean-stack/mean-course/backend/routes/posts.js
> git check-ignore -v -z --stdin
> git show --textconv :src/app/auth/auth.service.ts
> git ls-files --stage -- /home/sanjay/mean-stack/mean-course/src/app/auth/auth.service.ts
> git check-ignore -v -z --stdin
> git status -z -u
> git symbolic-ref --short HEAD
> git rev-parse master
fatal: ambiguous argument 'master': unknown revision or path not in the working tree.
Use '--' to separate paths from revisions, like this:
'git <command> [<revision>...] -- [<file>...]'
> git for-each-ref --sort -committerdate --format %(refname) %(objectname)
> git remote --verbose
> git config --get commit.template
> git show --textconv :backend/routes/user.js
> git ls-files --stage -- /home/sanjay/mean-stack/mean-course/backend/routes/user.js
> git show --textconv :src/app/auth/auth.service.ts
> git ls-files --stage -- /home/sanjay/mean-stack/mean-course/src/app/auth/auth.service.ts
> git show --textconv :src/app/auth/auth-interceptor.ts
> git ls-files --stage -- /home/sanjay/mean-stack/mean-course/src/app/auth/auth-interceptor.ts
> git log --format=%H%n%aN%n%aE%n%at%n%ct%n%P%n%B -z -n21 -- /home/sanjay/mean-stack/mean-course/src/app/auth/auth-interceptor.ts
fatal: your current branch 'master' does not have any commits yet
> git status -z -u
> git symbolic-ref --short HEAD
> git rev-parse master
fatal: ambiguous argument 'master': unknown revision or path not in the working tree.
Use '--' to separate paths from revisions, like this:
'git <command> [<revision>...] -- [<file>...]'
> git for-each-ref --sort -committerdate --format %(refname) %(objectname)
> git remote --verbose
> git config --get commit.template
> git log --format=%H%n%aN%n%aE%n%at%n%ct%n%P%n%B -z -n21 -- /home/sanjay/mean-stack/mean-course/src/app/auth/auth-interceptor.ts
fatal: your current branch 'master' does not have any commits yet
> git show --textconv :src/app/auth/auth.service.ts
> git ls-files --stage -- /home/sanjay/mean-stack/mean-course/src/app/auth/auth.service.ts
> git status -z -u
> git symbolic-ref --short HEAD
> git rev-parse master
fatal: ambiguous argument 'master': unknown revision or path not in the working tree.
Use '--' to separate paths from revisions, like this:
'git <command> [<revision>...] -- [<file>...]'
> git for-each-ref --sort -committerdate --format %(refname) %(objectname)
> git remote --verbose
> git config --get commit.template
> git status -z -u
> git symbolic-ref --short HEAD
> git rev-parse master
fatal: ambiguous argument 'master': unknown revision or path not in the working tree.
Use '--' to separate paths from revisions, like this:
'git <command> [<revision>...] -- [<file>...]'
> git for-each-ref --sort -committerdate --format %(refname) %(objectname)
> git remote --verbose
> git config --get commit.template
> git status -z -u
> git symbolic-ref --short HEAD
> git rev-parse master
fatal: ambiguous argument 'master': unknown revision or path not in the working tree.
Use '--' to separate paths from revisions, like this:
'git <command> [<revision>...] -- [<file>...]'
> git for-each-ref --sort -committerdate --format %(refname) %(objectname)
> git remote --verbose
> git config --get commit.template
> git show --textconv :src/app/auth/auth-interceptor.ts
> git ls-files --stage -- /home/sanjay/mean-stack/mean-course/src/app/auth/auth-interceptor.ts
> git status -z -u
> git symbolic-ref --short HEAD
> git rev-parse master
fatal: ambiguous argument 'master': unknown revision or path not in the working tree.
Use '--' to separate paths from revisions, like this:
'git <command> [<revision>...] -- [<file>...]'
> git for-each-ref --sort -committerdate --format %(refname) %(objectname)
> git remote --verbose
> git config --get commit.template
> git check-ignore -v -z --stdin
> git check-ignore -v -z --stdin
> git show --textconv :src/app/app.module.ts
> git ls-files --stage -- /home/sanjay/mean-stack/mean-course/src/app/app.module.ts
> git cat-file -s 2c3ba2995c8510c02ca812f90280146738f162cf
> git show --textconv :backend/app.js
> git ls-files --stage -- /home/sanjay/mean-stack/mean-course/backend/app.js
> git show --textconv :backend/models/post.js
> git ls-files --stage -- /home/sanjay/mean-stack/mean-course/backend/models/post.js
> git show --textconv :backend/app.js
> git ls-files --stage -- /home/sanjay/mean-stack/mean-course/backend/app.js
> git show --textconv :backend/routes/posts.js
> git ls-files --stage -- /home/sanjay/mean-stack/mean-course/backend/routes/posts.js
> git show --textconv :backend/routes/user.js
> git ls-files --stage -- /home/sanjay/mean-stack/mean-course/backend/routes/user.js
> git show --textconv :backend/middleware/check-auth.js
> git ls-files --stage -- /home/sanjay/mean-stack/mean-course/backend/middleware/check-auth.js
> git show --textconv :backend/models/user.js
> git ls-files --stage -- /home/sanjay/mean-stack/mean-course/backend/models/user.js
> git show --textconv :backend/middleware/check-auth.js
> git ls-files --stage -- /home/sanjay/mean-stack/mean-course/backend/middleware/check-auth.js
> git show --textconv :backend/routes/user.js
> git ls-files --stage -- /home/sanjay/mean-stack/mean-course/backend/routes/user.js
> git show --textconv :backend/middleware/check-auth.js
> git ls-files --stage -- /home/sanjay/mean-stack/mean-course/backend/middleware/check-auth.js
> git show --textconv :backend/routes/user.js
> git ls-files --stage -- /home/sanjay/mean-stack/mean-course/backend/routes/user.js
> git show --textconv :backend/routes/posts.js
> git ls-files --stage -- /home/sanjay/mean-stack/mean-course/backend/routes/posts.js
> git show --textconv :backend/app.js
> git ls-files --stage -- /home/sanjay/mean-stack/mean-course/backend/app.js
> git show --textconv :backend/models/post.js
> git ls-files --stage -- /home/sanjay/mean-stack/mean-course/backend/models/post.js
> git show --textconv :src/app/auth/auth.service.ts
> git ls-files --stage -- /home/sanjay/mean-stack/mean-course/src/app/auth/auth.service.ts
> git status -z -u
> git symbolic-ref --short HEAD
> git rev-parse master
fatal: ambiguous argument 'master': unknown revision or path not in the working tree.
Use '--' to separate paths from revisions, like this:
'git <command> [<revision>...] -- [<file>...]'
> git for-each-ref --sort -committerdate --format %(refname) %(objectname)
> git remote --verbose
> git config --get commit.template
> git status -z -u
> git symbolic-ref --short HEAD
> git rev-parse master
fatal: ambiguous argument 'master': unknown revision or path not in the working tree.
Use '--' to separate paths from revisions, like this:
'git <command> [<revision>...] -- [<file>...]'
> git for-each-ref --sort -committerdate --format %(refname) %(objectname)
> git remote --verbose
> git config --get commit.template
> git status -z -u
> git symbolic-ref --short HEAD
> git rev-parse master
fatal: ambiguous argument 'master': unknown revision or path not in the working tree.
Use '--' to separate paths from revisions, like this:
'git <command> [<revision>...] -- [<file>...]'
> git for-each-ref --sort -committerdate --format %(refname) %(objectname)
> git remote --verbose
> git config --get commit.template
> git show --textconv :src/app/auth/auth-interceptor.ts
> git ls-files --stage -- /home/sanjay/mean-stack/mean-course/src/app/auth/auth-interceptor.ts
> git status -z -u
> git symbolic-ref --short HEAD
> git rev-parse master
fatal: ambiguous argument 'master': unknown revision or path not in the working tree.
Use '--' to separate paths from revisions, like this:
'git <command> [<revision>...] -- [<file>...]'
> git for-each-ref --sort -committerdate --format %(refname) %(objectname)
> git remote --verbose
> git config --get commit.template
> git status -z -u
> git symbolic-ref --short HEAD
> git rev-parse master
fatal: ambiguous argument 'master': unknown revision or path not in the working tree.
Use '--' to separate paths from revisions, like this:
'git <command> [<revision>...] -- [<file>...]'
> git for-each-ref --sort -committerdate --format %(refname) %(objectname)
> git remote --verbose
> git config --get commit.template
> git status -z -u
> git symbolic-ref --short HEAD
> git rev-parse master
fatal: ambiguous argument 'master': unknown revision or path not in the working tree.
Use '--' to separate paths from revisions, like this:
'git <command> [<revision>...] -- [<file>...]'
> git for-each-ref --sort -committerdate --format %(refname) %(objectname)
> git remote --verbose
> git config --get commit.template
