Initializing document watcher...
mean-course/src/app/auth/auth.service.ts: {"insertSpaces":true,"tabSize":2}
mean-course/src/app/auth/auth.service.ts: {"insertSpaces":true,"tabSize":2}
mean-course/src/app/auth/auth.service.ts: {"insertSpaces":true,"tabSize":2}
mean-course/src/app/auth/auth.service.ts: {"insertSpaces":true,"tabSize":2}
mean-course/src/app/auth/auth.service.ts: {"insertSpaces":true,"tabSize":2}
mean-course/src/app/auth/auth.service.ts: {"insertSpaces":true,"tabSize":2}
mean-course/src/app/auth/auth.service.ts: {"insertSpaces":true,"tabSize":2}
mean-course/src/app/auth/auth.service.ts: {"insertSpaces":true,"tabSize":2}
mean-course/src/app/auth/auth.service.ts: Using EditorConfig core...
src/app/auth/auth.service.ts: editor.action.trimTrailingWhitespace
mean-course/src/app/auth/auth.service.ts: {"insertSpaces":true,"tabSize":2}
mean-course/src/app/auth/auth.service.ts: {"insertSpaces":true,"tabSize":2}
mean-course/src/app/auth/auth.service.ts: {"insertSpaces":true,"tabSize":2}
mean-course/src/app/auth/auth.service.ts: {"insertSpaces":true,"tabSize":2}
mean-course/src/app/auth/auth.service.ts: {"insertSpaces":true,"tabSize":2}
mean-course/backend/routes/user.js: {"insertSpaces":true,"tabSize":2}
mean-course/backend/routes/user.js: {"insertSpaces":true,"tabSize":2}
mean-course/backend/routes/user.js: {"insertSpaces":true,"tabSize":2}
mean-course/backend/routes/user.js: {"insertSpaces":true,"tabSize":2}
mean-course/src/app/auth/auth.service.ts: {"insertSpaces":true,"tabSize":2}
mean-course/src/app/auth/auth.service.ts: {"insertSpaces":true,"tabSize":2}
mean-course/src/app/auth/auth.service.ts: {"insertSpaces":true,"tabSize":2}
mean-course/src/app/auth/auth.service.ts: {"insertSpaces":true,"tabSize":2}
mean-course/src/app/auth/auth.service.ts: {"insertSpaces":true,"tabSize":2}
mean-course/src/app/auth/auth.service.ts: {"insertSpaces":true,"tabSize":2}
mean-course/src/app/auth/auth.service.ts: {"insertSpaces":true,"tabSize":2}
mean-course/src/app/auth/auth.service.ts: {"insertSpaces":true,"tabSize":2}
mean-course/src/app/auth/auth.service.ts: {"insertSpaces":true,"tabSize":2}
mean-course/src/app/auth/auth.service.ts: {"insertSpaces":true,"tabSize":2}
mean-course/src/app/auth/auth.service.ts: {"insertSpaces":true,"tabSize":2}
mean-course/src/app/auth/auth-interceptor.ts: {"insertSpaces":true,"tabSize":2}
mean-course/src/app/auth/auth-interceptor.ts: {"insertSpaces":true,"tabSize":2}
mean-course/src/app/auth/auth-interceptor.ts: {"insertSpaces":true,"tabSize":2}
mean-course/src/app/auth/auth-interceptor.ts: {"insertSpaces":true,"tabSize":2}
mean-course/src/app/auth/auth-interceptor.ts: {"insertSpaces":true,"tabSize":2}
mean-course/src/app/auth/auth-interceptor.ts: {"insertSpaces":true,"tabSize":2}
mean-course/src/app/auth/auth-interceptor.ts: {"insertSpaces":true,"tabSize":2}
mean-course/src/app/auth/auth-interceptor.ts: {"insertSpaces":true,"tabSize":2}
mean-course/src/app/auth/auth-interceptor.ts: {"insertSpaces":true,"tabSize":2}
mean-course/src/app/auth/auth-interceptor.ts: Using EditorConfig core...
src/app/auth/auth-interceptor.ts: editor.action.trimTrailingWhitespace
mean-course/src/app/auth/auth.service.ts: {"insertSpaces":true,"tabSize":2}
mean-course/src/app/auth/auth.service.ts: Using EditorConfig core...
src/app/auth/auth.service.ts: editor.action.trimTrailingWhitespace
mean-course/src/app/auth/auth.service.ts: Using EditorConfig core...
src/app/auth/auth.service.ts: editor.action.trimTrailingWhitespace
mean-course/src/app/auth/auth.service.ts: Using EditorConfig core...
src/app/auth/auth.service.ts: editor.action.trimTrailingWhitespace
mean-course/src/app/auth/auth.service.ts: {"insertSpaces":true,"tabSize":2}
mean-course/src/app/auth/auth-interceptor.ts: {"insertSpaces":true,"tabSize":2}
mean-course/src/app/auth/auth-interceptor.ts: {"insertSpaces":true,"tabSize":2}
mean-course/src/app/auth/auth-interceptor.ts: {"insertSpaces":true,"tabSize":2}
mean-course/src/app/auth/auth-interceptor.ts: {"insertSpaces":true,"tabSize":2}
mean-course/src/app/auth/auth-interceptor.ts: {"insertSpaces":true,"tabSize":2}
mean-course/src/app/auth/auth-interceptor.ts: {"insertSpaces":true,"tabSize":2}
mean-course/src/app/auth/auth-interceptor.ts: {"insertSpaces":true,"tabSize":2}
mean-course/src/app/auth/auth-interceptor.ts: {"insertSpaces":true,"tabSize":2}
mean-course/src/app/auth/auth-interceptor.ts: {"insertSpaces":true,"tabSize":2}
mean-course/src/app/auth/auth-interceptor.ts: {"insertSpaces":true,"tabSize":2}
mean-course/src/app/auth/auth-interceptor.ts: {"insertSpaces":true,"tabSize":2}
mean-course/src/app/auth/auth-interceptor.ts: {"insertSpaces":true,"tabSize":2}
mean-course/src/app/auth/auth-interceptor.ts: {"insertSpaces":true,"tabSize":2}
mean-course/src/app/auth/auth-interceptor.ts: {"insertSpaces":true,"tabSize":2}
mean-course/src/app/auth/auth-interceptor.ts: {"insertSpaces":true,"tabSize":2}
mean-course/src/app/auth/auth-interceptor.ts: {"insertSpaces":true,"tabSize":2}
mean-course/src/app/auth/auth-interceptor.ts: {"insertSpaces":true,"tabSize":2}
mean-course/src/app/auth/auth-interceptor.ts: {"insertSpaces":true,"tabSize":2}
mean-course/src/app/auth/auth-interceptor.ts: {"insertSpaces":true,"tabSize":2}
mean-course/src/app/auth/auth-interceptor.ts: {"insertSpaces":true,"tabSize":2}
mean-course/src/app/auth/auth-interceptor.ts: {"insertSpaces":true,"tabSize":2}
mean-course/src/app/auth/auth-interceptor.ts: {"insertSpaces":true,"tabSize":2}
mean-course/src/app/auth/auth-interceptor.ts: {"insertSpaces":true,"tabSize":2}
mean-course/src/app/auth/auth-interceptor.ts: {"insertSpaces":true,"tabSize":2}
mean-course/src/app/auth/auth-interceptor.ts: {"insertSpaces":true,"tabSize":2}
mean-course/src/app/auth/auth-interceptor.ts: {"insertSpaces":true,"tabSize":2}
mean-course/src/app/auth/auth-interceptor.ts: {"insertSpaces":true,"tabSize":2}
mean-course/src/app/auth/auth-interceptor.ts: {"insertSpaces":true,"tabSize":2}
mean-course/src/app/auth/auth-interceptor.ts: {"insertSpaces":true,"tabSize":2}
mean-course/src/app/auth/auth-interceptor.ts: {"insertSpaces":true,"tabSize":2}
mean-course/src/app/auth/auth-interceptor.ts: {"insertSpaces":true,"tabSize":2}
mean-course/src/app/auth/auth-interceptor.ts: {"insertSpaces":true,"tabSize":2}
mean-course/src/app/auth/auth-interceptor.ts: {"insertSpaces":true,"tabSize":2}
mean-course/src/app/auth/auth-interceptor.ts: {"insertSpaces":true,"tabSize":2}
mean-course/src/app/auth/auth-interceptor.ts: {"insertSpaces":true,"tabSize":2}
mean-course/src/app/auth/auth-interceptor.ts: {"insertSpaces":true,"tabSize":2}
mean-course/src/app/auth/auth-interceptor.ts: {"insertSpaces":true,"tabSize":2}
mean-course/src/app/auth/auth-interceptor.ts: {"insertSpaces":true,"tabSize":2}
mean-course/src/app/auth/auth-interceptor.ts: {"insertSpaces":true,"tabSize":2}
mean-course/src/app/auth/auth-interceptor.ts: {"insertSpaces":true,"tabSize":2}
mean-course/src/app/auth/auth-interceptor.ts: {"insertSpaces":true,"tabSize":2}
mean-course/src/app/auth/auth-interceptor.ts: {"insertSpaces":true,"tabSize":2}
mean-course/src/app/auth/auth-interceptor.ts: {"insertSpaces":true,"tabSize":2}
mean-course/src/app/auth/auth-interceptor.ts: {"insertSpaces":true,"tabSize":2}
mean-course/src/app/auth/auth-interceptor.ts: {"insertSpaces":true,"tabSize":2}
mean-course/src/app/auth/auth-interceptor.ts: Using EditorConfig core...
src/app/auth/auth-interceptor.ts: editor.action.trimTrailingWhitespace
mean-course/src/app/auth/auth-interceptor.ts: {"insertSpaces":true,"tabSize":2}
mean-course/src/app/app.module.ts: {"insertSpaces":true,"tabSize":2}
mean-course/src/app/app.module.ts: {"insertSpaces":true,"tabSize":2}
mean-course/src/app/app.module.ts: {"insertSpaces":true,"tabSize":2}
mean-course/src/app/app.module.ts: {"insertSpaces":true,"tabSize":2}
mean-course/src/app/app.module.ts: {"insertSpaces":true,"tabSize":2}
mean-course/src/app/app.module.ts: {"insertSpaces":true,"tabSize":2}
mean-course/src/app/app.module.ts: {"insertSpaces":true,"tabSize":2}
mean-course/src/app/app.module.ts: {"insertSpaces":true,"tabSize":2}
mean-course/src/app/app.module.ts: {"insertSpaces":true,"tabSize":2}
mean-course/src/app/app.module.ts: {"insertSpaces":true,"tabSize":2}
mean-course/src/app/app.module.ts: {"insertSpaces":true,"tabSize":2}
mean-course/src/app/app.module.ts: {"insertSpaces":true,"tabSize":2}
mean-course/src/app/app.module.ts: {"insertSpaces":true,"tabSize":2}
mean-course/src/app/app.module.ts: {"insertSpaces":true,"tabSize":2}
mean-course/src/app/app.module.ts: {"insertSpaces":true,"tabSize":2}
mean-course/src/app/app.module.ts: {"insertSpaces":true,"tabSize":2}
mean-course/backend/app.js: {"insertSpaces":true,"tabSize":2}
mean-course/backend/app.js: {"insertSpaces":true,"tabSize":2}
mean-course/backend/app.js: {"insertSpaces":true,"tabSize":2}
mean-course/backend/app.js: {"insertSpaces":true,"tabSize":2}
mean-course/backend/app.js: {"insertSpaces":true,"tabSize":2}
mean-course/backend/app.js: {"insertSpaces":true,"tabSize":2}
mean-course/backend/app.js: {"insertSpaces":true,"tabSize":2}
mean-course/backend/app.js: {"insertSpaces":true,"tabSize":2}
mean-course/backend/app.js: {"insertSpaces":true,"tabSize":2}
mean-course/backend/app.js: {"insertSpaces":true,"tabSize":2}
mean-course/backend/models/post.js: {"insertSpaces":true,"tabSize":2}
mean-course/backend/app.js: {"insertSpaces":true,"tabSize":2}
mean-course/backend/routes/posts.js: {"insertSpaces":true,"tabSize":2}
mean-course/backend/routes/user.js: {"insertSpaces":true,"tabSize":2}
mean-course/backend/middleware/check-auth.js: {"insertSpaces":true,"tabSize":2}
mean-course/backend/models/user.js: {"insertSpaces":true,"tabSize":2}
mean-course/backend/models/user.js: {"insertSpaces":true,"tabSize":2}
mean-course/backend/middleware/check-auth.js: {"insertSpaces":true,"tabSize":2}
mean-course/backend/routes/user.js: {"insertSpaces":true,"tabSize":2}
mean-course/backend/middleware/check-auth.js: {"insertSpaces":true,"tabSize":2}
mean-course/backend/routes/user.js: {"insertSpaces":true,"tabSize":2}
mean-course/backend/routes/posts.js: {"insertSpaces":true,"tabSize":2}
mean-course/backend/routes/posts.js: {"insertSpaces":true,"tabSize":2}
mean-course/backend/routes/posts.js: {"insertSpaces":true,"tabSize":2}
mean-course/backend/app.js: {"insertSpaces":true,"tabSize":2}
mean-course/backend/models/post.js: {"insertSpaces":true,"tabSize":2}
mean-course/src/app/auth/auth.service.ts: {"insertSpaces":true,"tabSize":2}
mean-course/src/app/auth/auth.service.ts: {"insertSpaces":true,"tabSize":2}
mean-course/src/app/auth/auth.service.ts: {"insertSpaces":true,"tabSize":2}
mean-course/src/app/auth/auth.service.ts: {"insertSpaces":true,"tabSize":2}
mean-course/src/app/auth/auth.service.ts: {"insertSpaces":true,"tabSize":2}
mean-course/src/app/auth/auth-interceptor.ts: {"insertSpaces":true,"tabSize":2}
mean-course/src/app/auth/auth-interceptor.ts: Using EditorConfig core...
src/app/auth/auth-interceptor.ts: editor.action.trimTrailingWhitespace
mean-course/src/app/auth/auth-interceptor.ts: {"insertSpaces":true,"tabSize":2}
mean-course/src/app/auth/auth-interceptor.ts: Using EditorConfig core...
src/app/auth/auth-interceptor.ts: editor.action.trimTrailingWhitespace
mean-course/src/app/auth/auth-interceptor.ts: {"insertSpaces":true,"tabSize":2}
