[Info  - 9:34:46 PM] Angular language server process ID: 3332
[Info  - 9:34:46 PM] Using typescript v3.7.4 from /root/.vscode/extensions/angular.ng-template-0.900.5/node_modules/typescript/lib/tsserverlibrary.js
[Info  - 9:34:46 PM] Using @angular/language-service v9.0.0-rc.9 from /root/.vscode/extensions/angular.ng-template-0.900.5/server/node_modules/@angular/language-service/bundles/language-service.umd.js
[Info  - 9:34:46 PM] Log file: /home/sanjay/mean-stack/mean-course/~/.vscode-root/logs/20200726T212337/exthost1/Angular.ng-template/nglangsvc.log
Warning: Can't resolve all parameters for AuthService in /home/sanjay/mean-stack/mean-course/src/app/auth/auth.service.ts: (?). This will become an error in Angular v6.x
Warning: Can't resolve all parameters for AuthService in /home/sanjay/mean-stack/mean-course/src/app/auth/auth.service.ts: (?). This will become an error in Angular v6.x
Warning: Can't resolve all parameters for AuthService in /home/sanjay/mean-stack/mean-course/src/app/auth/auth.service.ts: (?). This will become an error in Angular v6.x
Warning: Can't resolve all parameters for AuthService in /home/sanjay/mean-stack/mean-course/src/app/auth/auth.service.ts: (?). This will become an error in Angular v6.x
Warning: Can't resolve all parameters for AuthService in /home/sanjay/mean-stack/mean-course/src/app/auth/auth.service.ts: (?). This will become an error in Angular v6.x
Warning: Can't resolve all parameters for AuthService in /home/sanjay/mean-stack/mean-course/src/app/auth/auth.service.ts: (?). This will become an error in Angular v6.x
Warning: Can't resolve all parameters for AuthService in /home/sanjay/mean-stack/mean-course/src/app/auth/auth.service.ts: (?). This will become an error in Angular v6.x
Warning: Can't resolve all parameters for AuthService in /home/sanjay/mean-stack/mean-course/src/app/auth/auth.service.ts: (?). This will become an error in Angular v6.x
Warning: Can't resolve all parameters for AuthService in /home/sanjay/mean-stack/mean-course/src/app/auth/auth.service.ts: (?). This will become an error in Angular v6.x
Warning: Can't resolve all parameters for AuthService in /home/sanjay/mean-stack/mean-course/src/app/auth/auth.service.ts: (?). This will become an error in Angular v6.x
Warning: Can't resolve all parameters for AuthService in /home/sanjay/mean-stack/mean-course/src/app/auth/auth.service.ts: (?). This will become an error in Angular v6.x
Warning: Can't resolve all parameters for AuthService in /home/sanjay/mean-stack/mean-course/src/app/auth/auth.service.ts: (?). This will become an error in Angular v6.x
Warning: Can't resolve all parameters for AuthService in /home/sanjay/mean-stack/mean-course/src/app/auth/auth.service.ts: (?). This will become an error in Angular v6.x
Warning: Can't resolve all parameters for AuthService in /home/sanjay/mean-stack/mean-course/src/app/auth/auth.service.ts: (?, ?). This will become an error in Angular v6.x
Warning: Can't resolve all parameters for AuthService in /home/sanjay/mean-stack/mean-course/src/app/auth/auth.service.ts: (?, ?). This will become an error in Angular v6.x
Warning: Can't resolve all parameters for AuthService in /home/sanjay/mean-stack/mean-course/src/app/auth/auth.service.ts: (?, ?). This will become an error in Angular v6.x
Warning: Can't resolve all parameters for AuthService in /home/sanjay/mean-stack/mean-course/src/app/auth/auth.service.ts: (?, ?). This will become an error in Angular v6.x
Warning: Can't resolve all parameters for AuthService in /home/sanjay/mean-stack/mean-course/src/app/auth/auth.service.ts: (?, ?). This will become an error in Angular v6.x
Warning: Can't resolve all parameters for AuthService in /home/sanjay/mean-stack/mean-course/src/app/auth/auth.service.ts: (?). This will become an error in Angular v6.x
Warning: Can't resolve all parameters for AuthService in /home/sanjay/mean-stack/mean-course/src/app/auth/auth.service.ts: (?). This will become an error in Angular v6.x
Warning: Can't resolve all parameters for AuthService in /home/sanjay/mean-stack/mean-course/src/app/auth/auth.service.ts: (?). This will become an error in Angular v6.x
Warning: Can't resolve all parameters for AuthService in /home/sanjay/mean-stack/mean-course/src/app/auth/auth.service.ts: (?). This will become an error in Angular v6.x
Warning: Can't resolve all parameters for AuthService in /home/sanjay/mean-stack/mean-course/src/app/auth/auth.service.ts: (?). This will become an error in Angular v6.x
Warning: Can't resolve all parameters for AuthService in /home/sanjay/mean-stack/mean-course/src/app/auth/auth.service.ts: (?). This will become an error in Angular v6.x
Warning: Can't resolve all parameters for AuthService in /home/sanjay/mean-stack/mean-course/src/app/auth/auth.service.ts: (?). This will become an error in Angular v6.x
Warning: Can't resolve all parameters for AuthService in /home/sanjay/mean-stack/mean-course/src/app/auth/auth.service.ts: (?). This will become an error in Angular v6.x
