Initializing document watcher...
mean-course/src/app/auth/auth.service.ts: {"insertSpaces":true,"tabSize":2}
mean-course/src/app/auth/auth.service.ts: {"insertSpaces":true,"tabSize":2}
mean-course/src/app/auth/auth.service.ts: {"insertSpaces":true,"tabSize":2}
mean-course/backend/middleware/check-auth.js: {"insertSpaces":true,"tabSize":2}
mean-course/backend/middleware/check-auth.js: {"insertSpaces":true,"tabSize":2}
mean-course/backend/middleware/check-auth.js: {"insertSpaces":true,"tabSize":2}
mean-course/src/app/auth/auth.service.ts: {"insertSpaces":true,"tabSize":2}
mean-course/src/app/auth/auth.service.ts: {"insertSpaces":true,"tabSize":2}
mean-course/src/app/auth/auth.service.ts: {"insertSpaces":true,"tabSize":2}
mean-course/src/app/auth/auth.service.ts: {"insertSpaces":true,"tabSize":2}
mean-course/src/app/auth/auth.service.ts: {"insertSpaces":true,"tabSize":2}
mean-course/src/app/auth/auth.service.ts: {"insertSpaces":true,"tabSize":2}
mean-course/src/app/auth/auth.service.ts: {"insertSpaces":true,"tabSize":2}
mean-course/src/app/auth/auth.service.ts: {"insertSpaces":true,"tabSize":2}
mean-course/src/app/auth/auth.service.ts: {"insertSpaces":true,"tabSize":2}
mean-course/src/app/auth/auth.service.ts: {"insertSpaces":true,"tabSize":2}
mean-course/src/app/auth/auth.service.ts: {"insertSpaces":true,"tabSize":2}
mean-course/src/app/auth/auth.service.ts: {"insertSpaces":true,"tabSize":2}
mean-course/src/app/auth/auth.service.ts: {"insertSpaces":true,"tabSize":2}
mean-course/src/app/auth/auth.service.ts: Using EditorConfig core...
src/app/auth/auth.service.ts: editor.action.trimTrailingWhitespace
mean-course/src/app/auth/auth.service.ts: {"insertSpaces":true,"tabSize":2}
mean-course/backend/models/user.js: {"insertSpaces":true,"tabSize":2}
mean-course/backend/models/user.js: {"insertSpaces":true,"tabSize":2}
mean-course/backend/app.js: {"insertSpaces":true,"tabSize":2}
mean-course/backend/routes/user.js: {"insertSpaces":true,"tabSize":2}
mean-course/backend/routes/user.js: {"insertSpaces":true,"tabSize":2}
mean-course/backend/routes/user.js: {"insertSpaces":true,"tabSize":2}
mean-course/src/app/auth/auth.service.ts: {"insertSpaces":true,"tabSize":2}
mean-course/src/app/auth/auth.service.ts: {"insertSpaces":true,"tabSize":2}
mean-course/src/app/auth/auth.service.ts: {"insertSpaces":true,"tabSize":2}
mean-course/src/app/auth/auth.service.ts: {"insertSpaces":true,"tabSize":2}
mean-course/src/app/auth/auth.service.ts: Using EditorConfig core...
src/app/auth/auth.service.ts: editor.action.trimTrailingWhitespace
mean-course/src/app/auth/auth.service.ts: {"insertSpaces":true,"tabSize":2}
mean-course/src/app/auth/auth.service.ts: {"insertSpaces":true,"tabSize":2}
mean-course/src/app/auth/auth.service.ts: {"insertSpaces":true,"tabSize":2}
mean-course/src/app/auth/auth.service.ts: Using EditorConfig core...
src/app/auth/auth.service.ts: editor.action.trimTrailingWhitespace
mean-course/src/app/auth/auth.service.ts: Using EditorConfig core...
src/app/auth/auth.service.ts: editor.action.trimTrailingWhitespace
mean-course/src/app/auth/auth.service.ts: {"insertSpaces":true,"tabSize":2}
mean-course/src/app/auth/auth.service.ts: {"insertSpaces":true,"tabSize":2}
mean-course/src/app/auth/auth.service.ts: {"insertSpaces":true,"tabSize":2}
mean-course/src/app/auth/auth.service.ts: {"insertSpaces":true,"tabSize":2}
mean-course/src/app/auth/auth.service.ts: Using EditorConfig core...
src/app/auth/auth.service.ts: editor.action.trimTrailingWhitespace
mean-course/src/app/auth/auth.service.ts: {"insertSpaces":true,"tabSize":2}
mean-course/src/app/auth/auth.service.ts: {"insertSpaces":true,"tabSize":2}
mean-course/src/app/post/post.service.ts: {"insertSpaces":true,"tabSize":2}
mean-course/src/app/post/post.service.ts: {"insertSpaces":true,"tabSize":2}
mean-course/src/app/post/post.service.ts: {"insertSpaces":true,"tabSize":2}
mean-course/src/app/auth/auth-interceptor.ts: {"insertSpaces":true,"tabSize":2}
mean-course/src/app/auth/auth-interceptor.ts: {"insertSpaces":true,"tabSize":2}
mean-course/src/app/auth/auth-interceptor.ts: {"insertSpaces":true,"tabSize":2}
mean-course/src/app/auth/auth-interceptor.ts: {"insertSpaces":true,"tabSize":2}
mean-course/src/app/auth/auth-interceptor.ts: {"insertSpaces":true,"tabSize":2}
mean-course/src/app/auth/auth-interceptor.ts: {"insertSpaces":true,"tabSize":2}
mean-course/src/app/auth/auth-interceptor.ts: {"insertSpaces":true,"tabSize":2}
mean-course/src/app/auth/auth-interceptor.ts: {"insertSpaces":true,"tabSize":2}
mean-course/src/app/auth/auth-interceptor.ts: {"insertSpaces":true,"tabSize":2}
mean-course/src/app/auth/auth-interceptor.ts: {"insertSpaces":true,"tabSize":2}
mean-course/src/app/auth/auth-interceptor.ts: {"insertSpaces":true,"tabSize":2}
mean-course/src/app/auth/auth-interceptor.ts: {"insertSpaces":true,"tabSize":2}
mean-course/src/app/auth/auth-interceptor.ts: {"insertSpaces":true,"tabSize":2}
mean-course/src/app/auth/auth-interceptor.ts: {"insertSpaces":true,"tabSize":2}
mean-course/src/app/auth/auth-interceptor.ts: {"insertSpaces":true,"tabSize":2}
mean-course/src/app/auth/auth-interceptor.ts: {"insertSpaces":true,"tabSize":2}
mean-course/src/app/auth/auth-interceptor.ts: {"insertSpaces":true,"tabSize":2}
mean-course/src/app/auth/auth-interceptor.ts: {"insertSpaces":true,"tabSize":2}
mean-course/src/app/auth/auth-interceptor.ts: {"insertSpaces":true,"tabSize":2}
mean-course/src/app/auth/auth-interceptor.ts: {"insertSpaces":true,"tabSize":2}
mean-course/src/app/auth/auth-interceptor.ts: {"insertSpaces":true,"tabSize":2}
mean-course/src/app/auth/auth-interceptor.ts: {"insertSpaces":true,"tabSize":2}
mean-course/src/app/auth/auth-interceptor.ts: {"insertSpaces":true,"tabSize":2}
mean-course/src/app/auth/auth-interceptor.ts: {"insertSpaces":true,"tabSize":2}
mean-course/src/app/auth/auth-interceptor.ts: {"insertSpaces":true,"tabSize":2}
mean-course/src/app/auth/auth-interceptor.ts: {"insertSpaces":true,"tabSize":2}
mean-course/src/app/auth/auth-interceptor.ts: {"insertSpaces":true,"tabSize":2}
mean-course/src/app/auth/auth-interceptor.ts: {"insertSpaces":true,"tabSize":2}
mean-course/src/app/auth/auth-interceptor.ts: {"insertSpaces":true,"tabSize":2}
mean-course/src/app/auth/auth-interceptor.ts: {"insertSpaces":true,"tabSize":2}
mean-course/src/app/auth/auth-interceptor.ts: {"insertSpaces":true,"tabSize":2}
mean-course/src/app/auth/auth-interceptor.ts: {"insertSpaces":true,"tabSize":2}
mean-course/src/app/auth/auth-interceptor.ts: {"insertSpaces":true,"tabSize":2}
mean-course/src/app/auth/auth-interceptor.ts: {"insertSpaces":true,"tabSize":2}
mean-course/src/app/auth/auth-interceptor.ts: {"insertSpaces":true,"tabSize":2}
mean-course/src/app/auth/auth-interceptor.ts: {"insertSpaces":true,"tabSize":2}
mean-course/src/app/auth/auth-interceptor.ts: {"insertSpaces":true,"tabSize":2}
mean-course/src/app/auth/auth-interceptor.ts: {"insertSpaces":true,"tabSize":2}
mean-course/src/app/auth/auth-interceptor.ts: {"insertSpaces":true,"tabSize":2}
mean-course/src/app/auth/auth-interceptor.ts: {"insertSpaces":true,"tabSize":2}
mean-course/src/app/auth/auth-interceptor.ts: {"insertSpaces":true,"tabSize":2}
mean-course/src/app/auth/auth-interceptor.ts: {"insertSpaces":true,"tabSize":2}
mean-course/src/app/auth/auth-interceptor.ts: {"insertSpaces":true,"tabSize":2}
mean-course/src/app/auth/auth-interceptor.ts: {"insertSpaces":true,"tabSize":2}
mean-course/src/app/auth/auth-interceptor.ts: {"insertSpaces":true,"tabSize":2}
mean-course/src/app/auth/auth-interceptor.ts: {"insertSpaces":true,"tabSize":2}
mean-course/src/app/auth/auth-interceptor.ts: {"insertSpaces":true,"tabSize":2}
mean-course/src/app/auth/auth-interceptor.ts: {"insertSpaces":true,"tabSize":2}
mean-course/src/app/auth/auth-interceptor.ts: Using EditorConfig core...
src/app/auth/auth-interceptor.ts: editor.action.trimTrailingWhitespace
src/app/auth/auth-interceptor.ts: insertFinalNewline(LF)
mean-course/src/app/auth/auth-interceptor.ts: {"insertSpaces":true,"tabSize":2}
mean-course/src/app/auth/auth-interceptor.ts: {"insertSpaces":true,"tabSize":2}
mean-course/src/app/auth/auth-interceptor.ts: {"insertSpaces":true,"tabSize":2}
mean-course/src/app/auth/auth-interceptor.ts: {"insertSpaces":true,"tabSize":2}
mean-course/src/app/auth/auth-interceptor.ts: {"insertSpaces":true,"tabSize":2}
mean-course/src/app/auth/auth-interceptor.ts: {"insertSpaces":true,"tabSize":2}
mean-course/src/app/auth/auth-interceptor.ts: {"insertSpaces":true,"tabSize":2}
mean-course/src/app/auth/auth-interceptor.ts: {"insertSpaces":true,"tabSize":2}
mean-course/src/app/auth/auth-interceptor.ts: {"insertSpaces":true,"tabSize":2}
mean-course/src/app/auth/auth-interceptor.ts: {"insertSpaces":true,"tabSize":2}
mean-course/src/app/auth/auth-interceptor.ts: {"insertSpaces":true,"tabSize":2}
mean-course/src/app/auth/auth-interceptor.ts: {"insertSpaces":true,"tabSize":2}
mean-course/src/app/auth/auth-interceptor.ts: {"insertSpaces":true,"tabSize":2}
mean-course/src/app/auth/auth-interceptor.ts: {"insertSpaces":true,"tabSize":2}
mean-course/src/app/auth/auth-interceptor.ts: {"insertSpaces":true,"tabSize":2}
mean-course/src/app/auth/auth-interceptor.ts: {"insertSpaces":true,"tabSize":2}
mean-course/src/app/auth/auth-interceptor.ts: {"insertSpaces":true,"tabSize":2}
mean-course/src/app/auth/auth-interceptor.ts: {"insertSpaces":true,"tabSize":2}
mean-course/src/app/auth/auth-interceptor.ts: {"insertSpaces":true,"tabSize":2}
mean-course/src/app/auth/auth-interceptor.ts: {"insertSpaces":true,"tabSize":2}
mean-course/src/app/auth/auth-interceptor.ts: {"insertSpaces":true,"tabSize":2}
mean-course/src/app/auth/auth-interceptor.ts: {"insertSpaces":true,"tabSize":2}
mean-course/src/app/auth/auth-interceptor.ts: {"insertSpaces":true,"tabSize":2}
mean-course/src/app/auth/auth-interceptor.ts: {"insertSpaces":true,"tabSize":2}
mean-course/src/app/auth/auth-interceptor.ts: {"insertSpaces":true,"tabSize":2}
mean-course/src/app/auth/auth-interceptor.ts: {"insertSpaces":true,"tabSize":2}
mean-course/src/app/auth/auth-interceptor.ts: {"insertSpaces":true,"tabSize":2}
mean-course/src/app/auth/auth-interceptor.ts: Using EditorConfig core...
src/app/auth/auth-interceptor.ts: editor.action.trimTrailingWhitespace
mean-course/src/app/auth/auth-interceptor.ts: {"insertSpaces":true,"tabSize":2}
mean-course/src/app/auth/auth-interceptor.ts: {"insertSpaces":true,"tabSize":2}
mean-course/src/app/auth/auth-interceptor.ts: {"insertSpaces":true,"tabSize":2}
mean-course/src/app/auth/auth-interceptor.ts: Using EditorConfig core...
src/app/auth/auth-interceptor.ts: editor.action.trimTrailingWhitespace
mean-course/src/app/auth/auth-interceptor.ts: {"insertSpaces":true,"tabSize":2}
mean-course/src/app/app.module.ts: {"insertSpaces":true,"tabSize":2}
mean-course/src/app/app.module.ts: {"insertSpaces":true,"tabSize":2}
mean-course/src/app/app.module.ts: {"insertSpaces":true,"tabSize":2}
mean-course/src/app/app.module.ts: {"insertSpaces":true,"tabSize":2}
mean-course/src/app/app.module.ts: {"insertSpaces":true,"tabSize":2}
mean-course/src/app/app.module.ts: {"insertSpaces":true,"tabSize":2}
mean-course/src/app/app.module.ts: {"insertSpaces":true,"tabSize":2}
mean-course/src/app/app.module.ts: Using EditorConfig core...
src/app/app.module.ts: editor.action.trimTrailingWhitespace
mean-course/src/app/app.module.ts: {"insertSpaces":true,"tabSize":2}
mean-course/src/app/app.module.ts: {"insertSpaces":true,"tabSize":2}
mean-course/src/app/app.module.ts: Using EditorConfig core...
src/app/app.module.ts: editor.action.trimTrailingWhitespace
mean-course/src/app/app.module.ts: {"insertSpaces":true,"tabSize":2}
mean-course/src/app/auth/auth.service.ts: {"insertSpaces":true,"tabSize":2}
mean-course/src/app/post/post.service.ts: {"insertSpaces":true,"tabSize":2}
mean-course/src/app/auth/auth-interceptor.ts: {"insertSpaces":true,"tabSize":2}
mean-course/src/app/auth/auth-interceptor.ts: Using EditorConfig core...
src/app/auth/auth-interceptor.ts: editor.action.trimTrailingWhitespace
mean-course/src/app/auth/auth-interceptor.ts: {"insertSpaces":true,"tabSize":2}
mean-course/backend/app.js: {"insertSpaces":true,"tabSize":2}
mean-course/backend/app.js: {"insertSpaces":true,"tabSize":2}
mean-course/backend/app.js: {"insertSpaces":true,"tabSize":2}
mean-course/backend/app.js: Using EditorConfig core...
backend/app.js: editor.action.trimTrailingWhitespace
mean-course/backend/app.js: {"insertSpaces":true,"tabSize":2}
mean-course/backend/app.js: {"insertSpaces":true,"tabSize":2}
mean-course/backend/app.js: {"insertSpaces":true,"tabSize":2}
