Initializing document watcher...
mean-course/src/app/error.interceptor.ts: {"insertSpaces":true,"tabSize":2}
mean-course/src/app/error.interceptor.ts: {"insertSpaces":true,"tabSize":2}
mean-course/src/app/error.interceptor.ts: {"insertSpaces":true,"tabSize":2}
mean-course/src/app/error-interceptor.ts: {"insertSpaces":true,"tabSize":2}
mean-course/src/app/error-interceptor.ts: {"insertSpaces":true,"tabSize":2}
mean-course/src/app/auth/auth-interceptor.ts: {"insertSpaces":true,"tabSize":2}
mean-course/src/app/error-interceptor.ts: {"insertSpaces":true,"tabSize":2}
mean-course/src/app/error-interceptor.ts: {"insertSpaces":true,"tabSize":2}
mean-course/src/app/error-interceptor.ts: {"insertSpaces":true,"tabSize":2}
mean-course/src/app/error-interceptor.ts: {"insertSpaces":true,"tabSize":2}
mean-course/src/app/error-interceptor.ts: {"insertSpaces":true,"tabSize":2}
mean-course/src/app/error-interceptor.ts: {"insertSpaces":true,"tabSize":2}
mean-course/src/app/error-interceptor.ts: {"insertSpaces":true,"tabSize":2}
mean-course/src/app/error-interceptor.ts: {"insertSpaces":true,"tabSize":2}
mean-course/src/app/error-interceptor.ts: {"insertSpaces":true,"tabSize":2}
mean-course/src/app/error-interceptor.ts: {"insertSpaces":true,"tabSize":2}
mean-course/src/app/error-interceptor.ts: {"insertSpaces":true,"tabSize":2}
mean-course/src/app/error-interceptor.ts: {"insertSpaces":true,"tabSize":2}
mean-course/src/app/error-interceptor.ts: {"insertSpaces":true,"tabSize":2}
mean-course/src/app/error-interceptor.ts: {"insertSpaces":true,"tabSize":2}
mean-course/src/app/error-interceptor.ts: {"insertSpaces":true,"tabSize":2}
mean-course/src/app/error-interceptor.ts: {"insertSpaces":true,"tabSize":2}
mean-course/src/app/error-interceptor.ts: {"insertSpaces":true,"tabSize":2}
mean-course/src/app/error-interceptor.ts: {"insertSpaces":true,"tabSize":2}
mean-course/src/app/error-interceptor.ts: {"insertSpaces":true,"tabSize":2}
mean-course/src/app/error-interceptor.ts: {"insertSpaces":true,"tabSize":2}
mean-course/src/app/error-interceptor.ts: {"insertSpaces":true,"tabSize":2}
mean-course/src/app/error-interceptor.ts: {"insertSpaces":true,"tabSize":2}
mean-course/src/app/error-interceptor.ts: {"insertSpaces":true,"tabSize":2}
mean-course/src/app/error-interceptor.ts: {"insertSpaces":true,"tabSize":2}
mean-course/src/app/error-interceptor.ts: {"insertSpaces":true,"tabSize":2}
mean-course/src/app/error-interceptor.ts: Using EditorConfig core...
src/app/error-interceptor.ts: editor.action.trimTrailingWhitespace
mean-course/src/app/error-interceptor.ts: {"insertSpaces":true,"tabSize":2}
mean-course/src/app/app.module.ts: {"insertSpaces":true,"tabSize":2}
mean-course/src/app/app.module.ts: {"insertSpaces":true,"tabSize":2}
mean-course/src/app/error-interceptor.ts: {"insertSpaces":true,"tabSize":2}
mean-course/src/app/app.module.ts: {"insertSpaces":true,"tabSize":2}
mean-course/src/app/app.module.ts: {"insertSpaces":true,"tabSize":2}
mean-course/src/app/app.module.ts: {"insertSpaces":true,"tabSize":2}
mean-course/src/app/app.module.ts: Using EditorConfig core...
src/app/app.module.ts: editor.action.trimTrailingWhitespace
mean-course/src/app/error-interceptor.ts: {"insertSpaces":true,"tabSize":2}
mean-course/src/app/error-interceptor.ts: Using EditorConfig core...
src/app/error-interceptor.ts: editor.action.trimTrailingWhitespace
mean-course/src/app/app.module.ts: {"insertSpaces":true,"tabSize":2}
mean-course/src/app/app.module.ts: {"insertSpaces":true,"tabSize":2}
mean-course/src/app/app.module.ts: {"insertSpaces":true,"tabSize":2}
mean-course/src/app/error-interceptor.ts: {"insertSpaces":true,"tabSize":2}
mean-course/src/app/error-interceptor.ts: Using EditorConfig core...
src/app/error-interceptor.ts: editor.action.trimTrailingWhitespace
mean-course/src/app/error-interceptor.ts: {"insertSpaces":true,"tabSize":2}
mean-course/src/app/error-interceptor.ts: Using EditorConfig core...
src/app/error-interceptor.ts: editor.action.trimTrailingWhitespace
mean-course/src/app/error-interceptor.ts: {"insertSpaces":true,"tabSize":2}
mean-course/src/app/error-interceptor.ts: {"insertSpaces":true,"tabSize":2}
mean-course/src/app/error-interceptor.ts: Using EditorConfig core...
src/app/error-interceptor.ts: editor.action.trimTrailingWhitespace
mean-course/src/app/error-interceptor.ts: {"insertSpaces":true,"tabSize":2}
mean-course/src/app/error-interceptor.ts: Using EditorConfig core...
src/app/error-interceptor.ts: editor.action.trimTrailingWhitespace
mean-course/src/app/error-interceptor.ts: {"insertSpaces":true,"tabSize":2}
mean-course/src/app/error-interceptor.ts: {"insertSpaces":true,"tabSize":2}
mean-course/src/app/app.module.ts: {"insertSpaces":true,"tabSize":2}
mean-course/src/app/app.module.ts: {"insertSpaces":true,"tabSize":2}
mean-course/src/app/app.module.ts: {"insertSpaces":true,"tabSize":2}
mean-course/src/app/error-interceptor.ts: {"insertSpaces":true,"tabSize":2}
mean-course/src/app/app.module.ts: {"insertSpaces":true,"tabSize":2}
mean-course/src/app/app.module.ts: {"insertSpaces":true,"tabSize":2}
mean-course/src/app/app.module.ts: {"insertSpaces":true,"tabSize":2}
mean-course/src/app/app.module.ts: {"insertSpaces":true,"tabSize":2}
mean-course/src/app/app.module.ts: {"insertSpaces":true,"tabSize":2}
mean-course/src/app/app.module.ts: {"insertSpaces":true,"tabSize":2}
mean-course/src/app/app.module.ts: {"insertSpaces":true,"tabSize":2}
mean-course/src/app/app.module.ts: Using EditorConfig core...
src/app/app.module.ts: editor.action.trimTrailingWhitespace
mean-course/src/app/error-interceptor.ts: {"insertSpaces":true,"tabSize":2}
mean-course/src/app/error-interceptor.ts: {"insertSpaces":true,"tabSize":2}
mean-course/src/app/error-interceptor.ts: {"insertSpaces":true,"tabSize":2}
mean-course/src/app/error-interceptor.ts: {"insertSpaces":true,"tabSize":2}
mean-course/src/app/error-interceptor.ts: {"insertSpaces":true,"tabSize":2}
mean-course/src/app/error-interceptor.ts: {"insertSpaces":true,"tabSize":2}
mean-course/src/app/error-interceptor.ts: {"insertSpaces":true,"tabSize":2}
mean-course/src/app/error-interceptor.ts: {"insertSpaces":true,"tabSize":2}
mean-course/src/app/error-interceptor.ts: {"insertSpaces":true,"tabSize":2}
mean-course/src/app/error-interceptor.ts: {"insertSpaces":true,"tabSize":2}
mean-course/src/app/error-interceptor.ts: {"insertSpaces":true,"tabSize":2}
mean-course/src/app/error-interceptor.ts: {"insertSpaces":true,"tabSize":2}
mean-course/src/app/error-interceptor.ts: {"insertSpaces":true,"tabSize":2}
mean-course/src/app/error/error.component.ts: {"insertSpaces":true,"tabSize":2}
mean-course/src/app/error/error.component.ts: {"insertSpaces":true,"tabSize":2}
mean-course/src/app/error/error.component.html: {"insertSpaces":true,"tabSize":2}
mean-course/src/app/error/error.component.ts: {"insertSpaces":true,"tabSize":2}
mean-course/src/app/error/error.component.ts: {"insertSpaces":true,"tabSize":2}
mean-course/src/app/error/error.component.ts: {"insertSpaces":true,"tabSize":2}
mean-course/src/app/error/error.component.ts: {"insertSpaces":true,"tabSize":2}
mean-course/src/app/error/error.component.ts: {"insertSpaces":true,"tabSize":2}
mean-course/src/app/error/error.component.ts: {"insertSpaces":true,"tabSize":2}
mean-course/src/app/error/error.component.ts: {"insertSpaces":true,"tabSize":2}
mean-course/src/app/error/error.component.ts: {"insertSpaces":true,"tabSize":2}
mean-course/src/app/error/error.component.ts: {"insertSpaces":true,"tabSize":2}
mean-course/src/app/error/error.component.ts: {"insertSpaces":true,"tabSize":2}
mean-course/src/app/error/error.component.ts: {"insertSpaces":true,"tabSize":2}
mean-course/src/app/error/error.component.ts: Using EditorConfig core...
src/app/error/error.component.ts: editor.action.trimTrailingWhitespace
src/app/error/error.component.ts: insertFinalNewline(LF)
mean-course/src/app/error/error.component.html: {"insertSpaces":true,"tabSize":2}
mean-course/src/app/error/error.component.html: {"insertSpaces":true,"tabSize":2}
mean-course/src/app/error/error.component.html: {"insertSpaces":true,"tabSize":2}
mean-course/src/app/error/error.component.html: {"insertSpaces":true,"tabSize":2}
mean-course/src/app/error/error.component.html: {"insertSpaces":true,"tabSize":2}
mean-course/src/app/error/error.component.html: {"insertSpaces":true,"tabSize":2}
mean-course/src/app/error/error.component.html: {"insertSpaces":true,"tabSize":2}
mean-course/src/app/error/error.component.html: {"insertSpaces":true,"tabSize":2}
mean-course/src/app/error/error.component.ts: {"insertSpaces":true,"tabSize":2}
mean-course/src/app/error/error.component.ts: {"insertSpaces":true,"tabSize":2}
mean-course/src/app/error/error.component.ts: {"insertSpaces":true,"tabSize":2}
mean-course/src/app/error/error.component.ts: {"insertSpaces":true,"tabSize":2}
mean-course/src/app/error/error.component.ts: {"insertSpaces":true,"tabSize":2}
mean-course/src/app/error/error.component.ts: {"insertSpaces":true,"tabSize":2}
mean-course/src/app/app.module.ts: {"insertSpaces":true,"tabSize":2}
mean-course/src/app/app.module.ts: Using EditorConfig core...
src/app/app.module.ts: editor.action.trimTrailingWhitespace
mean-course/src/app/app.module.ts: {"insertSpaces":true,"tabSize":2}
mean-course/src/app/app.module.ts: {"insertSpaces":true,"tabSize":2}
mean-course/src/app/error-interceptor.ts: {"insertSpaces":true,"tabSize":2}
mean-course/src/app/error-interceptor.ts: Using EditorConfig core...
src/app/error-interceptor.ts: editor.action.trimTrailingWhitespace
mean-course/src/app/app.module.ts: {"insertSpaces":true,"tabSize":2}
mean-course/src/app/app.module.ts: Using EditorConfig core...
src/app/app.module.ts: editor.action.trimTrailingWhitespace
mean-course/src/app/error/error.component.html: {"insertSpaces":true,"tabSize":2}
mean-course/src/app/error/error.component.html: Using EditorConfig core...
src/app/error/error.component.html: editor.action.trimTrailingWhitespace
src/app/error/error.component.html: insertFinalNewline(LF)
mean-course/src/app/error/error.component.ts: {"insertSpaces":true,"tabSize":2}
mean-course/src/app/error/error.component.ts: Using EditorConfig core...
src/app/error/error.component.ts: editor.action.trimTrailingWhitespace
mean-course/src/app/app.module.ts: {"insertSpaces":true,"tabSize":2}
mean-course/src/app/app.module.ts: {"insertSpaces":true,"tabSize":2}
mean-course/src/app/app.module.ts: {"insertSpaces":true,"tabSize":2}
mean-course/src/app/app.module.ts: Using EditorConfig core...
src/app/app.module.ts: editor.action.trimTrailingWhitespace
mean-course/src/app/app.module.ts: {"insertSpaces":true,"tabSize":2}
mean-course/src/app/app.module.ts: {"insertSpaces":true,"tabSize":2}
mean-course/src/app/error-interceptor.ts: {"insertSpaces":true,"tabSize":2}
mean-course/src/app/error-interceptor.ts: {"insertSpaces":true,"tabSize":2}
mean-course/src/app/error-interceptor.ts: {"insertSpaces":true,"tabSize":2}
mean-course/src/app/error-interceptor.ts: {"insertSpaces":true,"tabSize":2}
mean-course/src/app/error-interceptor.ts: {"insertSpaces":true,"tabSize":2}
mean-course/src/app/error-interceptor.ts: Using EditorConfig core...
src/app/error-interceptor.ts: editor.action.trimTrailingWhitespace
mean-course/src/app/error-interceptor.ts: {"insertSpaces":true,"tabSize":2}
mean-course/src/app/app.module.ts: {"insertSpaces":true,"tabSize":2}
mean-course/src/app/error-interceptor.ts: {"insertSpaces":true,"tabSize":2}
mean-course/src/app/error-interceptor.ts: {"insertSpaces":true,"tabSize":2}
mean-course/src/app/error-interceptor.ts: {"insertSpaces":true,"tabSize":2}
mean-course/src/app/app.module.ts: {"insertSpaces":true,"tabSize":2}
mean-course/src/app/app.module.ts: Using EditorConfig core...
src/app/app.module.ts: editor.action.trimTrailingWhitespace
mean-course/src/app/app.module.ts: {"insertSpaces":true,"tabSize":2}
mean-course/src/app/app.module.ts: {"insertSpaces":true,"tabSize":2}
mean-course/src/app/app.module.ts: Using EditorConfig core...
src/app/app.module.ts: editor.action.trimTrailingWhitespace
