Looking for git in: git
Using git 2.20.1 from git
> git rev-parse --show-toplevel
> git rev-parse --git-dir
Open repository: /home/sanjay/mean-stack/mean-course
> git status -z -u
> git check-ignore -v -z --stdin
> git symbolic-ref --short HEAD
> git rev-parse master
> git rev-parse --symbolic-full-name master@{u}
> git rev-list --left-right master...refs/remotes/origin/master
> git for-each-ref --sort -committerdate --format %(refname) %(objectname)
> git remote --verbose
> git config --get commit.template
> git show --textconv :src/app/auth/auth.service.ts
> git ls-files --stage -- /home/sanjay/mean-stack/mean-course/src/app/auth/auth.service.ts
> git cat-file -s 65adf10152ed656445bbb6a5048eb81abdc216fb
> git check-ignore -v -z --stdin
> git check-ignore -v -z --stdin
> git check-ignore -v -z --stdin
> git show --textconv :src/app/error.interceptor.ts
> git ls-files --stage -- /home/sanjay/mean-stack/mean-course/src/app/error.interceptor.ts
> git check-ignore -v -z --stdin
> git status -z -u
> git symbolic-ref --short HEAD
> git rev-parse master
> git rev-parse --symbolic-full-name master@{u}
> git rev-list --left-right master...refs/remotes/origin/master
> git for-each-ref --sort -committerdate --format %(refname) %(objectname)
> git remote --verbose
> git config --get commit.template
> git show --textconv :src/app/error-interceptor.ts
> git ls-files --stage -- /home/sanjay/mean-stack/mean-course/src/app/error-interceptor.ts
> git check-ignore -v -z --stdin
> git status -z -u
> git symbolic-ref --short HEAD
> git rev-parse master
> git rev-parse --symbolic-full-name master@{u}
> git rev-list --left-right master...refs/remotes/origin/master
> git for-each-ref --sort -committerdate --format %(refname) %(objectname)
> git remote --verbose
> git config --get commit.template
> git show --textconv :src/app/auth/auth-interceptor.ts
> git ls-files --stage -- /home/sanjay/mean-stack/mean-course/src/app/auth/auth-interceptor.ts
> git cat-file -s 0947eadbb9a1e1f2f805a929ab9ed78a66acab5b
> git show --textconv :src/app/error-interceptor.ts
> git ls-files --stage -- /home/sanjay/mean-stack/mean-course/src/app/error-interceptor.ts
> git status -z -u
> git symbolic-ref --short HEAD
> git rev-parse master
> git rev-parse --symbolic-full-name master@{u}
> git rev-list --left-right master...refs/remotes/origin/master
> git for-each-ref --sort -committerdate --format %(refname) %(objectname)
> git remote --verbose
> git config --get commit.template
> git show --textconv :src/app/app.module.ts
> git ls-files --stage -- /home/sanjay/mean-stack/mean-course/src/app/app.module.ts
> git cat-file -s b22b3049f406a2c3ba52deeaabd7168a30f4699c
> git show --textconv :src/app/error-interceptor.ts
> git ls-files --stage -- /home/sanjay/mean-stack/mean-course/src/app/error-interceptor.ts
> git show --textconv :src/app/app.module.ts
> git ls-files --stage -- /home/sanjay/mean-stack/mean-course/src/app/app.module.ts
> git cat-file -s b22b3049f406a2c3ba52deeaabd7168a30f4699c
> git status -z -u
> git symbolic-ref --short HEAD
> git rev-parse master
> git rev-parse --symbolic-full-name master@{u}
> git rev-list --left-right master...refs/remotes/origin/master
> git for-each-ref --sort -committerdate --format %(refname) %(objectname)
> git remote --verbose
> git config --get commit.template
> git show --textconv :src/app/error-interceptor.ts
> git ls-files --stage -- /home/sanjay/mean-stack/mean-course/src/app/error-interceptor.ts
> git status -z -u
> git symbolic-ref --short HEAD
> git rev-parse master
> git rev-parse --symbolic-full-name master@{u}
> git rev-list --left-right master...refs/remotes/origin/master
> git for-each-ref --sort -committerdate --format %(refname) %(objectname)
> git remote --verbose
> git config --get commit.template
> git show --textconv :src/app/app.module.ts
> git ls-files --stage -- /home/sanjay/mean-stack/mean-course/src/app/app.module.ts
> git cat-file -s b22b3049f406a2c3ba52deeaabd7168a30f4699c
> git show --textconv :src/app/error-interceptor.ts
> git ls-files --stage -- /home/sanjay/mean-stack/mean-course/src/app/error-interceptor.ts
> git status -z -u
> git symbolic-ref --short HEAD
> git rev-parse master
> git rev-parse --symbolic-full-name master@{u}
> git rev-list --left-right master...refs/remotes/origin/master
> git for-each-ref --sort -committerdate --format %(refname) %(objectname)
> git remote --verbose
> git config --get commit.template
> git status -z -u
> git symbolic-ref --short HEAD
> git rev-parse master
> git rev-parse --symbolic-full-name master@{u}
> git rev-list --left-right master...refs/remotes/origin/master
> git for-each-ref --sort -committerdate --format %(refname) %(objectname)
> git remote --verbose
> git config --get commit.template
> git status -z -u
> git symbolic-ref --short HEAD
> git rev-parse master
> git rev-parse --symbolic-full-name master@{u}
> git rev-list --left-right master...refs/remotes/origin/master
> git for-each-ref --sort -committerdate --format %(refname) %(objectname)
> git remote --verbose
> git config --get commit.template
> git status -z -u
> git symbolic-ref --short HEAD
> git rev-parse master
> git rev-parse --symbolic-full-name master@{u}
> git rev-list --left-right master...refs/remotes/origin/master
> git for-each-ref --sort -committerdate --format %(refname) %(objectname)
> git remote --verbose
> git config --get commit.template
> git show --textconv :src/app/app.module.ts
> git ls-files --stage -- /home/sanjay/mean-stack/mean-course/src/app/app.module.ts
> git cat-file -s b22b3049f406a2c3ba52deeaabd7168a30f4699c
> git show --textconv :src/app/error-interceptor.ts
> git ls-files --stage -- /home/sanjay/mean-stack/mean-course/src/app/error-interceptor.ts
> git show --textconv :src/app/app.module.ts
> git ls-files --stage -- /home/sanjay/mean-stack/mean-course/src/app/app.module.ts
> git cat-file -s b22b3049f406a2c3ba52deeaabd7168a30f4699c
> git status -z -u
> git symbolic-ref --short HEAD
> git rev-parse master
> git rev-parse --symbolic-full-name master@{u}
> git rev-list --left-right master...refs/remotes/origin/master
> git for-each-ref --sort -committerdate --format %(refname) %(objectname)
> git remote --verbose
> git config --get commit.template
> git show --textconv :src/app/error-interceptor.ts
> git ls-files --stage -- /home/sanjay/mean-stack/mean-course/src/app/error-interceptor.ts
> git check-ignore -v -z --stdin
> git status -z -u
> git symbolic-ref --short HEAD
> git rev-parse master
> git rev-parse --symbolic-full-name master@{u}
> git rev-list --left-right master...refs/remotes/origin/master
> git for-each-ref --sort -committerdate --format %(refname) %(objectname)
> git remote --verbose
> git config --get commit.template
> git show --textconv :src/app/error/error.component.ts
> git ls-files --stage -- /home/sanjay/mean-stack/mean-course/src/app/error/error.component.ts
> git check-ignore -v -z --stdin
> git status -z -u
> git symbolic-ref --short HEAD
> git rev-parse master
> git rev-parse --symbolic-full-name master@{u}
> git rev-list --left-right master...refs/remotes/origin/master
> git for-each-ref --sort -committerdate --format %(refname) %(objectname)
> git remote --verbose
> git config --get commit.template
> git show --textconv :src/app/error/error.component.html
> git ls-files --stage -- /home/sanjay/mean-stack/mean-course/src/app/error/error.component.html
> git check-ignore -v -z --stdin
> git status -z -u
> git symbolic-ref --short HEAD
> git rev-parse master
> git rev-parse --symbolic-full-name master@{u}
> git rev-list --left-right master...refs/remotes/origin/master
> git for-each-ref --sort -committerdate --format %(refname) %(objectname)
> git remote --verbose
> git config --get commit.template
> git show --textconv :src/app/error/error.component.ts
> git ls-files --stage -- /home/sanjay/mean-stack/mean-course/src/app/error/error.component.ts
> git status -z -u
> git symbolic-ref --short HEAD
> git rev-parse master
> git rev-parse --symbolic-full-name master@{u}
> git rev-list --left-right master...refs/remotes/origin/master
> git for-each-ref --sort -committerdate --format %(refname) %(objectname)
> git remote --verbose
> git config --get commit.template
> git show --textconv :src/app/error/error.component.html
> git ls-files --stage -- /home/sanjay/mean-stack/mean-course/src/app/error/error.component.html
> git show --textconv :src/app/error/error.component.ts
> git ls-files --stage -- /home/sanjay/mean-stack/mean-course/src/app/error/error.component.ts
> git show --textconv :src/app/app.module.ts
> git ls-files --stage -- /home/sanjay/mean-stack/mean-course/src/app/app.module.ts
> git cat-file -s b22b3049f406a2c3ba52deeaabd7168a30f4699c
> git status -z -u
> git symbolic-ref --short HEAD
> git rev-parse master
> git rev-parse --symbolic-full-name master@{u}
> git rev-list --left-right master...refs/remotes/origin/master
> git for-each-ref --sort -committerdate --format %(refname) %(objectname)
> git remote --verbose
> git config --get commit.template
> git show --textconv :src/app/error-interceptor.ts
> git ls-files --stage -- /home/sanjay/mean-stack/mean-course/src/app/error-interceptor.ts
> git status -z -u
> git symbolic-ref --short HEAD
> git rev-parse master
> git rev-parse --symbolic-full-name master@{u}
> git rev-list --left-right master...refs/remotes/origin/master
> git for-each-ref --sort -committerdate --format %(refname) %(objectname)
> git remote --verbose
> git config --get commit.template
> git show --textconv :src/app/app.module.ts
> git ls-files --stage -- /home/sanjay/mean-stack/mean-course/src/app/app.module.ts
> git cat-file -s b22b3049f406a2c3ba52deeaabd7168a30f4699c
> git status -z -u
> git symbolic-ref --short HEAD
> git rev-parse master
> git rev-parse --symbolic-full-name master@{u}
> git rev-list --left-right master...refs/remotes/origin/master
> git for-each-ref --sort -committerdate --format %(refname) %(objectname)
> git remote --verbose
> git config --get commit.template
> git show --textconv :src/app/error/error.component.html
> git ls-files --stage -- /home/sanjay/mean-stack/mean-course/src/app/error/error.component.html
> git status -z -u
> git symbolic-ref --short HEAD
> git rev-parse master
> git rev-parse --symbolic-full-name master@{u}
> git rev-list --left-right master...refs/remotes/origin/master
> git for-each-ref --sort -committerdate --format %(refname) %(objectname)
> git remote --verbose
> git config --get commit.template
> git show --textconv :src/app/error/error.component.ts
> git ls-files --stage -- /home/sanjay/mean-stack/mean-course/src/app/error/error.component.ts
> git show --textconv :src/app/app.module.ts
> git ls-files --stage -- /home/sanjay/mean-stack/mean-course/src/app/app.module.ts
> git cat-file -s b22b3049f406a2c3ba52deeaabd7168a30f4699c
> git status -z -u
> git symbolic-ref --short HEAD
> git rev-parse master
> git rev-parse --symbolic-full-name master@{u}
> git rev-list --left-right master...refs/remotes/origin/master
> git for-each-ref --sort -committerdate --format %(refname) %(objectname)
> git remote --verbose
> git config --get commit.template
> git status -z -u
> git symbolic-ref --short HEAD
> git rev-parse master
> git rev-parse --symbolic-full-name master@{u}
> git rev-list --left-right master...refs/remotes/origin/master
> git for-each-ref --sort -committerdate --format %(refname) %(objectname)
> git remote --verbose
> git config --get commit.template
> git check-ignore -v -z --stdin
> git show --textconv :src/app/error-interceptor.ts
> git ls-files --stage -- /home/sanjay/mean-stack/mean-course/src/app/error-interceptor.ts
> git status -z -u
> git symbolic-ref --short HEAD
> git rev-parse master
> git rev-parse --symbolic-full-name master@{u}
> git rev-list --left-right master...refs/remotes/origin/master
> git for-each-ref --sort -committerdate --format %(refname) %(objectname)
> git remote --verbose
> git config --get commit.template
> git show --textconv :src/app/app.module.ts
> git ls-files --stage -- /home/sanjay/mean-stack/mean-course/src/app/app.module.ts
> git cat-file -s b22b3049f406a2c3ba52deeaabd7168a30f4699c
> git show --textconv :src/app/error-interceptor.ts
> git ls-files --stage -- /home/sanjay/mean-stack/mean-course/src/app/error-interceptor.ts
> git show --textconv :src/app/app.module.ts
> git ls-files --stage -- /home/sanjay/mean-stack/mean-course/src/app/app.module.ts
> git cat-file -s b22b3049f406a2c3ba52deeaabd7168a30f4699c
> git status -z -u
> git symbolic-ref --short HEAD
> git rev-parse master
> git rev-parse --symbolic-full-name master@{u}
> git rev-list --left-right master...refs/remotes/origin/master
> git for-each-ref --sort -committerdate --format %(refname) %(objectname)
> git remote --verbose
> git config --get commit.template
> git status -z -u
> git symbolic-ref --short HEAD
> git rev-parse master
> git rev-parse --symbolic-full-name master@{u}
> git rev-list --left-right master...refs/remotes/origin/master
> git for-each-ref --sort -committerdate --format %(refname) %(objectname)
> git remote --verbose
> git config --get commit.template
