[Info  - 3:25:03 PM] ESLint server stopped.
[Info  - 3:25:04 PM] ESLint server running in node v10.11.0
[Info  - 3:25:04 PM] ESLint server is running.
[Info  - 3:25:05 PM] 
Failed to load the ESLint library for the document /home/sanjay/mean-stack/mean-course/backend/routes/user.js

To use ESLint please install eslint by running npm install eslint in the workspace folder mean-course
or globally using 'npm install -g eslint'. You need to reopen the workspace after installing eslint.

If you are using yarn or pnpm instead of npm set the setting `eslint.packageManager` to either `yarn` or `pnpm`
Alternatively you can disable ESLint for the workspace folder mean-course by executing the 'Disable ESLint' command.
[Info  - 3:25:12 PM] 
Failed to load the ESLint library for the document /home/sanjay/mean-stack/mean-course/backend/routes/posts.js

To use ESLint please install eslint by running npm install eslint in the workspace folder mean-course
or globally using 'npm install -g eslint'. You need to reopen the workspace after installing eslint.

If you are using yarn or pnpm instead of npm set the setting `eslint.packageManager` to either `yarn` or `pnpm`
Alternatively you can disable ESLint for the workspace folder mean-course by executing the 'Disable ESLint' command.
[Info  - 3:25:20 PM] 
Failed to load the ESLint library for the document /home/sanjay/mean-stack/mean-course/backend/app.js

To use ESLint please install eslint by running npm install eslint in the workspace folder mean-course
or globally using 'npm install -g eslint'. You need to reopen the workspace after installing eslint.

If you are using yarn or pnpm instead of npm set the setting `eslint.packageManager` to either `yarn` or `pnpm`
Alternatively you can disable ESLint for the workspace folder mean-course by executing the 'Disable ESLint' command.
[Info  - 3:33:22 PM] 
Failed to load the ESLint library for the document /home/sanjay/mean-stack/mean-course/backend/models/user.js

To use ESLint please install eslint by running npm install eslint in the workspace folder mean-course
or globally using 'npm install -g eslint'. You need to reopen the workspace after installing eslint.

If you are using yarn or pnpm instead of npm set the setting `eslint.packageManager` to either `yarn` or `pnpm`
Alternatively you can disable ESLint for the workspace folder mean-course by executing the 'Disable ESLint' command.
[Info  - 3:33:25 PM] 
Failed to load the ESLint library for the document /home/sanjay/mean-stack/mean-course/backend/models/post.js

To use ESLint please install eslint by running npm install eslint in the workspace folder mean-course
or globally using 'npm install -g eslint'. You need to reopen the workspace after installing eslint.

If you are using yarn or pnpm instead of npm set the setting `eslint.packageManager` to either `yarn` or `pnpm`
Alternatively you can disable ESLint for the workspace folder mean-course by executing the 'Disable ESLint' command.
[Info  - 6:48:14 PM] ESLint server stopped.
