Initializing document watcher...
mean-course/src/app/auth/auth-routing.module.ts: {"insertSpaces":true,"tabSize":2}
mean-course/src/app/app-routing.module.ts: {"insertSpaces":true,"tabSize":2}
mean-course/src/app/auth/auth-routing.module.ts: {"insertSpaces":true,"tabSize":2}
mean-course/src/app/auth/auth-routing.module.ts: {"insertSpaces":true,"tabSize":2}
mean-course/src/app/auth/auth-routing.module.ts: {"insertSpaces":true,"tabSize":2}
mean-course/src/app/auth/auth-routing.module.ts: {"insertSpaces":true,"tabSize":2}
mean-course/src/app/auth/auth-routing.module.ts: Using EditorConfig core...
src/app/auth/auth-routing.module.ts: editor.action.trimTrailingWhitespace
mean-course/src/app/auth/auth-routing.module.ts: {"insertSpaces":true,"tabSize":2}
mean-course/src/app/header/header.component.html: {"insertSpaces":true,"tabSize":2}
mean-course/src/app/header/header.component.html: Using EditorConfig core...
src/app/header/header.component.html: editor.action.trimTrailingWhitespace
mean-course/src/app/header/header.component.html: {"insertSpaces":true,"tabSize":2}
mean-course/src/app/header/header.component.html: Using EditorConfig core...
src/app/header/header.component.html: editor.action.trimTrailingWhitespace
mean-course/src/app/header/header.component.html: {"insertSpaces":true,"tabSize":2}
mean-course/angular.json: {"insertSpaces":true,"tabSize":2}
mean-course/angular.json: {"insertSpaces":true,"tabSize":2}
mean-course/src/app/header/header.component.html: {"insertSpaces":true,"tabSize":2}
mean-course/src/app/header/header.component.html: {"insertSpaces":true,"tabSize":2}
mean-course/src/app/auth/auth.module.ts: {"insertSpaces":true,"tabSize":2}
mean-course/src/app/auth/auth-routing.module.ts: {"insertSpaces":true,"tabSize":2}
mean-course/src/app/app-routing.module.ts: {"insertSpaces":true,"tabSize":2}
mean-course/src/app/app-routing.module.ts: {"insertSpaces":true,"tabSize":2}
mean-course/src/app/app-routing.module.ts: {"insertSpaces":true,"tabSize":2}
mean-course/src/app/app-routing.module.ts: {"insertSpaces":true,"tabSize":2}
mean-course/src/app/app-routing.module.ts: {"insertSpaces":true,"tabSize":2}
mean-course/src/app/app-routing.module.ts: {"insertSpaces":true,"tabSize":2}
mean-course/src/app/app-routing.module.ts: {"insertSpaces":true,"tabSize":2}
mean-course/src/app/app-routing.module.ts: {"insertSpaces":true,"tabSize":2}
mean-course/src/app/app-routing.module.ts: {"insertSpaces":true,"tabSize":2}
mean-course/src/app/app-routing.module.ts: {"insertSpaces":true,"tabSize":2}
mean-course/src/app/app-routing.module.ts: {"insertSpaces":true,"tabSize":2}
mean-course/src/app/app-routing.module.ts: {"insertSpaces":true,"tabSize":2}
mean-course/src/app/app-routing.module.ts: {"insertSpaces":true,"tabSize":2}
mean-course/src/app/app-routing.module.ts: {"insertSpaces":true,"tabSize":2}
mean-course/src/app/app-routing.module.ts: Using EditorConfig core...
src/app/app-routing.module.ts: editor.action.trimTrailingWhitespace
mean-course/src/app/app-routing.module.ts: {"insertSpaces":true,"tabSize":2}
mean-course/src/app/app-routing.module.ts: {"insertSpaces":true,"tabSize":2}
mean-course/src/app/app-routing.module.ts: {"insertSpaces":true,"tabSize":2}
mean-course/src/app/app-routing.module.ts: {"insertSpaces":true,"tabSize":2}
