[2020-07-26 13:00:18.686] [exthost] [info] extension host started
[2020-07-26 13:00:18.762] [exthost] [info] ExtensionService#_doActivateExtension vscode.emmet {"startup":false,"activationEvent":"onLanguage:html"}
[2020-07-26 13:00:18.762] [exthost] [info] ExtensionService#loadCommonJSModule /usr/share/code/resources/app/extensions/emmet/dist/extension
[2020-07-26 13:00:18.941] [exthost] [info] ExtensionService#_doActivateExtension vscode.html-language-features {"startup":false,"activationEvent":"onLanguage:html"}
[2020-07-26 13:00:18.941] [exthost] [info] ExtensionService#loadCommonJSModule /usr/share/code/resources/app/extensions/html-language-features/client/dist/htmlMain
[2020-07-26 13:00:19.137] [exthost] [info] ExtensionService#_doActivateExtension Angular.ng-template {"startup":false,"activationEvent":"onLanguage:html"}
[2020-07-26 13:00:19.137] [exthost] [info] ExtensionService#loadCommonJSModule /root/.vscode/extensions/angular.ng-template-0.900.5/client
[2020-07-26 13:00:19.789] [exthost] [info] ExtensionService#_doActivateExtension vscode.debug-auto-launch {"startup":true,"activationEvent":"*"}
[2020-07-26 13:00:19.789] [exthost] [info] ExtensionService#loadCommonJSModule /usr/share/code/resources/app/extensions/debug-auto-launch/dist/extension
[2020-07-26 13:00:19.914] [exthost] [info] ExtensionService#_doActivateExtension vscode.git {"startup":true,"activationEvent":"*"}
[2020-07-26 13:00:19.914] [exthost] [info] ExtensionService#loadCommonJSModule /usr/share/code/resources/app/extensions/git/dist/main
[2020-07-26 13:00:20.096] [exthost] [info] ExtensionService#_doActivateExtension vscode.merge-conflict {"startup":true,"activationEvent":"*"}
[2020-07-26 13:00:20.096] [exthost] [info] ExtensionService#loadCommonJSModule /usr/share/code/resources/app/extensions/merge-conflict/dist/extension
[2020-07-26 13:00:20.185] [exthost] [info] ExtensionService#_doActivateExtension dbaeumer.vscode-eslint {"startup":true,"activationEvent":"*"}
[2020-07-26 13:00:20.185] [exthost] [info] ExtensionService#loadCommonJSModule /root/.vscode/extensions/dbaeumer.vscode-eslint-1.9.1/client/out/extension
[2020-07-26 13:00:20.300] [exthost] [info] ExtensionService#_doActivateExtension EditorConfig.EditorConfig {"startup":true,"activationEvent":"*"}
[2020-07-26 13:00:20.300] [exthost] [info] ExtensionService#loadCommonJSModule /root/.vscode/extensions/editorconfig.editorconfig-0.13.0/out/src/editorConfigMain
[2020-07-26 13:00:21.548] [exthost] [info] ExtensionService#_doActivateExtension esbenp.prettier-vscode {"startup":true,"activationEvent":"*"}
[2020-07-26 13:00:21.548] [exthost] [info] ExtensionService#loadCommonJSModule /root/.vscode/extensions/esbenp.prettier-vscode-3.20.0/dist/extension
[2020-07-26 13:00:22.002] [exthost] [info] ExtensionService#_doActivateExtension HookyQR.beautify {"startup":true,"activationEvent":"*"}
[2020-07-26 13:00:22.002] [exthost] [info] ExtensionService#loadCommonJSModule /root/.vscode/extensions/hookyqr.beautify-1.5.0/extension
[2020-07-26 13:00:23.284] [exthost] [info] ExtensionService#_doActivateExtension johnpapa.vscode-peacock {"startup":true,"activationEvent":"*"}
[2020-07-26 13:00:23.284] [exthost] [info] ExtensionService#loadCommonJSModule /root/.vscode/extensions/johnpapa.vscode-peacock-3.7.2/dist/extension
[2020-07-26 13:00:23.360] [exthost] [info] ExtensionService#_doActivateExtension nrwl.angular-console {"startup":true,"activationEvent":"*"}
[2020-07-26 13:00:23.360] [exthost] [info] ExtensionService#loadCommonJSModule /root/.vscode/extensions/nrwl.angular-console-12.0.0/main.js
[2020-07-26 13:00:25.277] [exthost] [info] ExtensionService#_doActivateExtension PKief.material-icon-theme {"startup":true,"activationEvent":"*"}
[2020-07-26 13:00:25.277] [exthost] [info] ExtensionService#loadCommonJSModule /root/.vscode/extensions/pkief.material-icon-theme-4.2.0/dist/extension
[2020-07-26 13:00:25.322] [exthost] [info] eager extensions activated
[2020-07-26 15:25:03.925] [exthost] [info] ExtensionService#_doActivateExtension vscode.typescript-language-features {"startup":false,"activationEvent":"onLanguage:javascript"}
[2020-07-26 15:25:03.925] [exthost] [info] ExtensionService#loadCommonJSModule /usr/share/code/resources/app/extensions/typescript-language-features/dist/extension
[2020-07-26 15:25:30.437] [exthost] [info] ExtensionService#_doActivateExtension vscode.extension-editing {"startup":false,"activationEvent":"onLanguage:typescript"}
[2020-07-26 15:25:30.437] [exthost] [info] ExtensionService#loadCommonJSModule /usr/share/code/resources/app/extensions/extension-editing/dist/extension
[2020-07-26 15:28:22.251] [exthost] [error] [vscode.typescript-language-features] provider FAILED
[2020-07-26 15:28:22.252] [exthost] [error] Error: <main> TypeScript Server Error (3.5.2)
Cannot read property 'emitNode' of undefined
TypeError: Cannot read property 'emitNode' of undefined
    at Object.getCommentRange (tsserver.js:64119:29)
    at emitNodeList (tsserver.js:87243:51)
    at emitList (tsserver.js:87122:13)
    at Object.writeList (tsserver.js:84565:13)
    at tsserver.js:108005:29
    at Object.mapToDisplayParts (tsserver.js:97541:13)
    at itemInfoForParameters (tsserver.js:108002:41)
    at getSignatureHelpItem (tsserver.js:107968:95)
    at tsserver.js:107941:79
    at Array.map (<anonymous>)
    at createSignatureHelpItems (tsserver.js:107941:36)
    at tsserver.js:107533:23
    at Object.runWithCancellationToken (tsserver.js:31649:28)
    at Object.getSignatureHelpItems (tsserver.js:107531:32)
    at Object.getSignatureHelpItems (tsserver.js:122260:37)
    at IOSession.Session.getSignatureHelpItems (tsserver.js:131218:62)
    at Session.handlers.ts.createMapFromTemplate._a.(anonymous function) (tsserver.js:130118:61)
    at tsserver.js:131665:88
    at IOSession.Session.executeWithRequestId (tsserver.js:131656:28)
    at IOSession.Session.executeCommand (tsserver.js:131665:33)
    at IOSession.Session.onMessage (tsserver.js:131687:35)
    at Interface.<anonymous> (tsserver.js:132978:27)
    at Interface.emit (events.js:182:13)
    at Interface._onLine (readline.js:290:10)
    at Interface._normalWrite (readline.js:433:12)
    at Socket.ondata (readline.js:149:10)
    at Socket.emit (events.js:182:13)
    at addChunk (_stream_readable.js:283:12)
    at readableAddChunk (_stream_readable.js:264:11)
    at Socket.Readable.push (_stream_readable.js:219:10)
    at Pipe.onStreamRead [as onread] (internal/stream_base_commons.js:94:17)
	at Function.create (/usr/share/code/resources/app/extensions/typescript-language-features/dist/extension.js:53:63436)
	at h.dispatchResponse (/usr/share/code/resources/app/extensions/typescript-language-features/dist/extension.js:53:56618)
	at h.dispatchMessage (/usr/share/code/resources/app/extensions/typescript-language-features/dist/extension.js:53:55516)
	at constructor._reader.onData.e (/usr/share/code/resources/app/extensions/typescript-language-features/dist/extension.js:53:54992)
	at u.fire (/usr/share/code/resources/app/out/vs/workbench/services/extensions/node/extensionHostProcess.js:48:468)
	at t.Reader.onLengthData (/usr/share/code/resources/app/extensions/typescript-language-features/dist/extension.js:53:61656)
	at Socket.t.Reader.constructor.e.on.e (/usr/share/code/resources/app/extensions/typescript-language-features/dist/extension.js:53:61304)
	at Socket.emit (events.js:182:13)
	at addChunk (_stream_readable.js:283:12)
	at readableAddChunk (_stream_readable.js:264:11)
	at Socket.Readable.push (_stream_readable.js:219:10)
	at Pipe.onStreamRead [as onread] (internal/stream_base_commons.js:94:17)
[2020-07-26 15:30:03.638] [exthost] [error] [vscode.typescript-language-features] provider FAILED
[2020-07-26 15:30:03.639] [exthost] [error] Error: <main> TypeScript Server Error (3.5.2)
Cannot read property 'emitNode' of undefined
TypeError: Cannot read property 'emitNode' of undefined
    at Object.getCommentRange (tsserver.js:64119:29)
    at emitNodeList (tsserver.js:87243:51)
    at emitList (tsserver.js:87122:13)
    at Object.writeList (tsserver.js:84565:13)
    at tsserver.js:108005:29
    at Object.mapToDisplayParts (tsserver.js:97541:13)
    at itemInfoForParameters (tsserver.js:108002:41)
    at getSignatureHelpItem (tsserver.js:107968:95)
    at tsserver.js:107941:79
    at Array.map (<anonymous>)
    at createSignatureHelpItems (tsserver.js:107941:36)
    at tsserver.js:107533:23
    at Object.runWithCancellationToken (tsserver.js:31649:28)
    at Object.getSignatureHelpItems (tsserver.js:107531:32)
    at Object.getSignatureHelpItems (tsserver.js:122260:37)
    at IOSession.Session.getSignatureHelpItems (tsserver.js:131218:62)
    at Session.handlers.ts.createMapFromTemplate._a.(anonymous function) (tsserver.js:130118:61)
    at tsserver.js:131665:88
    at IOSession.Session.executeWithRequestId (tsserver.js:131656:28)
    at IOSession.Session.executeCommand (tsserver.js:131665:33)
    at IOSession.Session.onMessage (tsserver.js:131687:35)
    at Interface.<anonymous> (tsserver.js:132978:27)
    at Interface.emit (events.js:182:13)
    at Interface._onLine (readline.js:290:10)
    at Interface._normalWrite (readline.js:433:12)
    at Socket.ondata (readline.js:149:10)
    at Socket.emit (events.js:182:13)
    at addChunk (_stream_readable.js:283:12)
    at readableAddChunk (_stream_readable.js:264:11)
    at Socket.Readable.push (_stream_readable.js:219:10)
    at Pipe.onStreamRead [as onread] (internal/stream_base_commons.js:94:17)
	at Function.create (/usr/share/code/resources/app/extensions/typescript-language-features/dist/extension.js:53:63436)
	at h.dispatchResponse (/usr/share/code/resources/app/extensions/typescript-language-features/dist/extension.js:53:56618)
	at h.dispatchMessage (/usr/share/code/resources/app/extensions/typescript-language-features/dist/extension.js:53:55516)
	at constructor._reader.onData.e (/usr/share/code/resources/app/extensions/typescript-language-features/dist/extension.js:53:54992)
	at u.fire (/usr/share/code/resources/app/out/vs/workbench/services/extensions/node/extensionHostProcess.js:48:468)
	at t.Reader.onLengthData (/usr/share/code/resources/app/extensions/typescript-language-features/dist/extension.js:53:61656)
	at Socket.t.Reader.constructor.e.on.e (/usr/share/code/resources/app/extensions/typescript-language-features/dist/extension.js:53:61304)
	at Socket.emit (events.js:182:13)
	at addChunk (_stream_readable.js:283:12)
	at readableAddChunk (_stream_readable.js:264:11)
	at Socket.Readable.push (_stream_readable.js:219:10)
	at Pipe.onStreamRead [as onread] (internal/stream_base_commons.js:94:17)
[2020-07-26 15:30:13.179] [exthost] [error] [vscode.typescript-language-features] provider FAILED
[2020-07-26 15:30:13.179] [exthost] [error] Error: <main> TypeScript Server Error (3.5.2)
Cannot read property 'emitNode' of undefined
TypeError: Cannot read property 'emitNode' of undefined
    at Object.getCommentRange (tsserver.js:64119:29)
    at emitNodeList (tsserver.js:87243:51)
    at emitList (tsserver.js:87122:13)
    at Object.writeList (tsserver.js:84565:13)
    at tsserver.js:108005:29
    at Object.mapToDisplayParts (tsserver.js:97541:13)
    at itemInfoForParameters (tsserver.js:108002:41)
    at getSignatureHelpItem (tsserver.js:107968:95)
    at tsserver.js:107941:79
    at Array.map (<anonymous>)
    at createSignatureHelpItems (tsserver.js:107941:36)
    at tsserver.js:107533:23
    at Object.runWithCancellationToken (tsserver.js:31649:28)
    at Object.getSignatureHelpItems (tsserver.js:107531:32)
    at Object.getSignatureHelpItems (tsserver.js:122260:37)
    at IOSession.Session.getSignatureHelpItems (tsserver.js:131218:62)
    at Session.handlers.ts.createMapFromTemplate._a.(anonymous function) (tsserver.js:130118:61)
    at tsserver.js:131665:88
    at IOSession.Session.executeWithRequestId (tsserver.js:131656:28)
    at IOSession.Session.executeCommand (tsserver.js:131665:33)
    at IOSession.Session.onMessage (tsserver.js:131687:35)
    at Interface.<anonymous> (tsserver.js:132978:27)
    at Interface.emit (events.js:182:13)
    at Interface._onLine (readline.js:290:10)
    at Interface._normalWrite (readline.js:433:12)
    at Socket.ondata (readline.js:149:10)
    at Socket.emit (events.js:182:13)
    at addChunk (_stream_readable.js:283:12)
    at readableAddChunk (_stream_readable.js:264:11)
    at Socket.Readable.push (_stream_readable.js:219:10)
    at Pipe.onStreamRead [as onread] (internal/stream_base_commons.js:94:17)
	at Function.create (/usr/share/code/resources/app/extensions/typescript-language-features/dist/extension.js:53:63436)
	at h.dispatchResponse (/usr/share/code/resources/app/extensions/typescript-language-features/dist/extension.js:53:56618)
	at h.dispatchMessage (/usr/share/code/resources/app/extensions/typescript-language-features/dist/extension.js:53:55516)
	at constructor._reader.onData.e (/usr/share/code/resources/app/extensions/typescript-language-features/dist/extension.js:53:54992)
	at u.fire (/usr/share/code/resources/app/out/vs/workbench/services/extensions/node/extensionHostProcess.js:48:468)
	at t.Reader.onLengthData (/usr/share/code/resources/app/extensions/typescript-language-features/dist/extension.js:53:61656)
	at Socket.t.Reader.constructor.e.on.e (/usr/share/code/resources/app/extensions/typescript-language-features/dist/extension.js:53:61304)
	at Socket.emit (events.js:182:13)
	at addChunk (_stream_readable.js:283:12)
	at readableAddChunk (_stream_readable.js:264:11)
	at Socket.Readable.push (_stream_readable.js:219:10)
	at Pipe.onStreamRead [as onread] (internal/stream_base_commons.js:94:17)
[2020-07-26 15:31:52.784] [exthost] [error] [vscode.typescript-language-features] provider FAILED
[2020-07-26 15:31:52.785] [exthost] [error] Error: <main> TypeScript Server Error (3.5.2)
Cannot read property 'emitNode' of undefined
TypeError: Cannot read property 'emitNode' of undefined
    at Object.getCommentRange (tsserver.js:64119:29)
    at emitNodeList (tsserver.js:87243:51)
    at emitList (tsserver.js:87122:13)
    at Object.writeList (tsserver.js:84565:13)
    at tsserver.js:108005:29
    at Object.mapToDisplayParts (tsserver.js:97541:13)
    at itemInfoForParameters (tsserver.js:108002:41)
    at getSignatureHelpItem (tsserver.js:107968:95)
    at tsserver.js:107941:79
    at Array.map (<anonymous>)
    at createSignatureHelpItems (tsserver.js:107941:36)
    at tsserver.js:107533:23
    at Object.runWithCancellationToken (tsserver.js:31649:28)
    at Object.getSignatureHelpItems (tsserver.js:107531:32)
    at Object.getSignatureHelpItems (tsserver.js:122260:37)
    at IOSession.Session.getSignatureHelpItems (tsserver.js:131218:62)
    at Session.handlers.ts.createMapFromTemplate._a.(anonymous function) (tsserver.js:130118:61)
    at tsserver.js:131665:88
    at IOSession.Session.executeWithRequestId (tsserver.js:131656:28)
    at IOSession.Session.executeCommand (tsserver.js:131665:33)
    at IOSession.Session.onMessage (tsserver.js:131687:35)
    at Interface.<anonymous> (tsserver.js:132978:27)
    at Interface.emit (events.js:182:13)
    at Interface._onLine (readline.js:290:10)
    at Interface._normalWrite (readline.js:433:12)
    at Socket.ondata (readline.js:149:10)
    at Socket.emit (events.js:182:13)
    at addChunk (_stream_readable.js:283:12)
    at readableAddChunk (_stream_readable.js:264:11)
    at Socket.Readable.push (_stream_readable.js:219:10)
    at Pipe.onStreamRead [as onread] (internal/stream_base_commons.js:94:17)
	at Function.create (/usr/share/code/resources/app/extensions/typescript-language-features/dist/extension.js:53:63436)
	at h.dispatchResponse (/usr/share/code/resources/app/extensions/typescript-language-features/dist/extension.js:53:56618)
	at h.dispatchMessage (/usr/share/code/resources/app/extensions/typescript-language-features/dist/extension.js:53:55516)
	at constructor._reader.onData.e (/usr/share/code/resources/app/extensions/typescript-language-features/dist/extension.js:53:54992)
	at u.fire (/usr/share/code/resources/app/out/vs/workbench/services/extensions/node/extensionHostProcess.js:48:468)
	at t.Reader.onLengthData (/usr/share/code/resources/app/extensions/typescript-language-features/dist/extension.js:53:61656)
	at Socket.t.Reader.constructor.e.on.e (/usr/share/code/resources/app/extensions/typescript-language-features/dist/extension.js:53:61304)
	at Socket.emit (events.js:182:13)
	at addChunk (_stream_readable.js:283:12)
	at readableAddChunk (_stream_readable.js:264:11)
	at Socket.Readable.push (_stream_readable.js:219:10)
	at Pipe.onStreamRead [as onread] (internal/stream_base_commons.js:94:17)
[2020-07-26 15:31:57.207] [exthost] [error] [vscode.typescript-language-features] provider FAILED
[2020-07-26 15:31:57.207] [exthost] [error] Error: <main> TypeScript Server Error (3.5.2)
Cannot read property 'emitNode' of undefined
TypeError: Cannot read property 'emitNode' of undefined
    at Object.getCommentRange (tsserver.js:64119:29)
    at emitNodeList (tsserver.js:87243:51)
    at emitList (tsserver.js:87122:13)
    at Object.writeList (tsserver.js:84565:13)
    at tsserver.js:108005:29
    at Object.mapToDisplayParts (tsserver.js:97541:13)
    at itemInfoForParameters (tsserver.js:108002:41)
    at getSignatureHelpItem (tsserver.js:107968:95)
    at tsserver.js:107941:79
    at Array.map (<anonymous>)
    at createSignatureHelpItems (tsserver.js:107941:36)
    at tsserver.js:107533:23
    at Object.runWithCancellationToken (tsserver.js:31649:28)
    at Object.getSignatureHelpItems (tsserver.js:107531:32)
    at Object.getSignatureHelpItems (tsserver.js:122260:37)
    at IOSession.Session.getSignatureHelpItems (tsserver.js:131218:62)
    at Session.handlers.ts.createMapFromTemplate._a.(anonymous function) (tsserver.js:130118:61)
    at tsserver.js:131665:88
    at IOSession.Session.executeWithRequestId (tsserver.js:131656:28)
    at IOSession.Session.executeCommand (tsserver.js:131665:33)
    at IOSession.Session.onMessage (tsserver.js:131687:35)
    at Interface.<anonymous> (tsserver.js:132978:27)
    at Interface.emit (events.js:182:13)
    at Interface._onLine (readline.js:290:10)
    at Interface._normalWrite (readline.js:433:12)
    at Socket.ondata (readline.js:149:10)
    at Socket.emit (events.js:182:13)
    at addChunk (_stream_readable.js:283:12)
    at readableAddChunk (_stream_readable.js:264:11)
    at Socket.Readable.push (_stream_readable.js:219:10)
    at Pipe.onStreamRead [as onread] (internal/stream_base_commons.js:94:17)
	at Function.create (/usr/share/code/resources/app/extensions/typescript-language-features/dist/extension.js:53:63436)
	at h.dispatchResponse (/usr/share/code/resources/app/extensions/typescript-language-features/dist/extension.js:53:56618)
	at h.dispatchMessage (/usr/share/code/resources/app/extensions/typescript-language-features/dist/extension.js:53:55516)
	at constructor._reader.onData.e (/usr/share/code/resources/app/extensions/typescript-language-features/dist/extension.js:53:54992)
	at u.fire (/usr/share/code/resources/app/out/vs/workbench/services/extensions/node/extensionHostProcess.js:48:468)
	at t.Reader.onLengthData (/usr/share/code/resources/app/extensions/typescript-language-features/dist/extension.js:53:61656)
	at Socket.t.Reader.constructor.e.on.e (/usr/share/code/resources/app/extensions/typescript-language-features/dist/extension.js:53:61304)
	at Socket.emit (events.js:182:13)
	at addChunk (_stream_readable.js:283:12)
	at readableAddChunk (_stream_readable.js:264:11)
	at Socket.Readable.push (_stream_readable.js:219:10)
	at Pipe.onStreamRead [as onread] (internal/stream_base_commons.js:94:17)
[2020-07-26 15:32:00.425] [exthost] [error] [vscode.typescript-language-features] provider FAILED
[2020-07-26 15:32:00.426] [exthost] [error] Error: <main> TypeScript Server Error (3.5.2)
Cannot read property 'emitNode' of undefined
TypeError: Cannot read property 'emitNode' of undefined
    at Object.getCommentRange (tsserver.js:64119:29)
    at emitNodeList (tsserver.js:87243:51)
    at emitList (tsserver.js:87122:13)
    at Object.writeList (tsserver.js:84565:13)
    at tsserver.js:108005:29
    at Object.mapToDisplayParts (tsserver.js:97541:13)
    at itemInfoForParameters (tsserver.js:108002:41)
    at getSignatureHelpItem (tsserver.js:107968:95)
    at tsserver.js:107941:79
    at Array.map (<anonymous>)
    at createSignatureHelpItems (tsserver.js:107941:36)
    at tsserver.js:107533:23
    at Object.runWithCancellationToken (tsserver.js:31649:28)
    at Object.getSignatureHelpItems (tsserver.js:107531:32)
    at Object.getSignatureHelpItems (tsserver.js:122260:37)
    at IOSession.Session.getSignatureHelpItems (tsserver.js:131218:62)
    at Session.handlers.ts.createMapFromTemplate._a.(anonymous function) (tsserver.js:130118:61)
    at tsserver.js:131665:88
    at IOSession.Session.executeWithRequestId (tsserver.js:131656:28)
    at IOSession.Session.executeCommand (tsserver.js:131665:33)
    at IOSession.Session.onMessage (tsserver.js:131687:35)
    at Interface.<anonymous> (tsserver.js:132978:27)
    at Interface.emit (events.js:182:13)
    at Interface._onLine (readline.js:290:10)
    at Interface._normalWrite (readline.js:433:12)
    at Socket.ondata (readline.js:149:10)
    at Socket.emit (events.js:182:13)
    at addChunk (_stream_readable.js:283:12)
    at readableAddChunk (_stream_readable.js:264:11)
    at Socket.Readable.push (_stream_readable.js:219:10)
    at Pipe.onStreamRead [as onread] (internal/stream_base_commons.js:94:17)
	at Function.create (/usr/share/code/resources/app/extensions/typescript-language-features/dist/extension.js:53:63436)
	at h.dispatchResponse (/usr/share/code/resources/app/extensions/typescript-language-features/dist/extension.js:53:56618)
	at h.dispatchMessage (/usr/share/code/resources/app/extensions/typescript-language-features/dist/extension.js:53:55516)
	at constructor._reader.onData.e (/usr/share/code/resources/app/extensions/typescript-language-features/dist/extension.js:53:54992)
	at u.fire (/usr/share/code/resources/app/out/vs/workbench/services/extensions/node/extensionHostProcess.js:48:468)
	at t.Reader.onLengthData (/usr/share/code/resources/app/extensions/typescript-language-features/dist/extension.js:53:61656)
	at Socket.t.Reader.constructor.e.on.e (/usr/share/code/resources/app/extensions/typescript-language-features/dist/extension.js:53:61304)
	at Socket.emit (events.js:182:13)
	at addChunk (_stream_readable.js:283:12)
	at readableAddChunk (_stream_readable.js:264:11)
	at Socket.Readable.push (_stream_readable.js:219:10)
	at Pipe.onStreamRead [as onread] (internal/stream_base_commons.js:94:17)
[2020-07-26 15:32:03.156] [exthost] [error] [vscode.typescript-language-features] provider FAILED
[2020-07-26 15:32:03.156] [exthost] [error] Error: <main> TypeScript Server Error (3.5.2)
Cannot read property 'emitNode' of undefined
TypeError: Cannot read property 'emitNode' of undefined
    at Object.getCommentRange (tsserver.js:64119:29)
    at emitNodeList (tsserver.js:87243:51)
    at emitList (tsserver.js:87122:13)
    at Object.writeList (tsserver.js:84565:13)
    at tsserver.js:108005:29
    at Object.mapToDisplayParts (tsserver.js:97541:13)
    at itemInfoForParameters (tsserver.js:108002:41)
    at getSignatureHelpItem (tsserver.js:107968:95)
    at tsserver.js:107941:79
    at Array.map (<anonymous>)
    at createSignatureHelpItems (tsserver.js:107941:36)
    at tsserver.js:107533:23
    at Object.runWithCancellationToken (tsserver.js:31649:28)
    at Object.getSignatureHelpItems (tsserver.js:107531:32)
    at Object.getSignatureHelpItems (tsserver.js:122260:37)
    at IOSession.Session.getSignatureHelpItems (tsserver.js:131218:62)
    at Session.handlers.ts.createMapFromTemplate._a.(anonymous function) (tsserver.js:130118:61)
    at tsserver.js:131665:88
    at IOSession.Session.executeWithRequestId (tsserver.js:131656:28)
    at IOSession.Session.executeCommand (tsserver.js:131665:33)
    at IOSession.Session.onMessage (tsserver.js:131687:35)
    at Interface.<anonymous> (tsserver.js:132978:27)
    at Interface.emit (events.js:182:13)
    at Interface._onLine (readline.js:290:10)
    at Interface._normalWrite (readline.js:433:12)
    at Socket.ondata (readline.js:149:10)
    at Socket.emit (events.js:182:13)
    at addChunk (_stream_readable.js:283:12)
    at readableAddChunk (_stream_readable.js:264:11)
    at Socket.Readable.push (_stream_readable.js:219:10)
    at Pipe.onStreamRead [as onread] (internal/stream_base_commons.js:94:17)
	at Function.create (/usr/share/code/resources/app/extensions/typescript-language-features/dist/extension.js:53:63436)
	at h.dispatchResponse (/usr/share/code/resources/app/extensions/typescript-language-features/dist/extension.js:53:56618)
	at h.dispatchMessage (/usr/share/code/resources/app/extensions/typescript-language-features/dist/extension.js:53:55516)
	at constructor._reader.onData.e (/usr/share/code/resources/app/extensions/typescript-language-features/dist/extension.js:53:54992)
	at u.fire (/usr/share/code/resources/app/out/vs/workbench/services/extensions/node/extensionHostProcess.js:48:468)
	at t.Reader.onLengthData (/usr/share/code/resources/app/extensions/typescript-language-features/dist/extension.js:53:61656)
	at Socket.t.Reader.constructor.e.on.e (/usr/share/code/resources/app/extensions/typescript-language-features/dist/extension.js:53:61304)
	at Socket.emit (events.js:182:13)
	at addChunk (_stream_readable.js:283:12)
	at readableAddChunk (_stream_readable.js:264:11)
	at Socket.Readable.push (_stream_readable.js:219:10)
	at Pipe.onStreamRead [as onread] (internal/stream_base_commons.js:94:17)
[2020-07-26 15:33:29.371] [exthost] [info] ExtensionService#_doActivateExtension vscode.configuration-editing {"startup":false,"activationEvent":"onLanguage:jsonc"}
[2020-07-26 15:33:29.371] [exthost] [info] ExtensionService#loadCommonJSModule /usr/share/code/resources/app/extensions/configuration-editing/dist/extension
[2020-07-26 15:33:29.556] [exthost] [info] ExtensionService#_doActivateExtension vscode.json-language-features {"startup":false,"activationEvent":"onLanguage:jsonc"}
[2020-07-26 15:33:29.557] [exthost] [info] ExtensionService#loadCommonJSModule /usr/share/code/resources/app/extensions/json-language-features/client/dist/jsonMain
[2020-07-26 18:25:36.478] [exthost] [error] [vscode.typescript-language-features] provider FAILED
[2020-07-26 18:25:36.478] [exthost] [error] Error: <main> TypeScript Server Error (3.5.2)
Cannot read property 'emitNode' of undefined
TypeError: Cannot read property 'emitNode' of undefined
    at Object.getCommentRange (tsserver.js:64119:29)
    at emitNodeList (tsserver.js:87243:51)
    at emitList (tsserver.js:87122:13)
    at Object.writeList (tsserver.js:84565:13)
    at tsserver.js:108005:29
    at Object.mapToDisplayParts (tsserver.js:97541:13)
    at itemInfoForParameters (tsserver.js:108002:41)
    at getSignatureHelpItem (tsserver.js:107968:95)
    at tsserver.js:107941:79
    at Array.map (<anonymous>)
    at createSignatureHelpItems (tsserver.js:107941:36)
    at tsserver.js:107533:23
    at Object.runWithCancellationToken (tsserver.js:31649:28)
    at Object.getSignatureHelpItems (tsserver.js:107531:32)
    at Object.getSignatureHelpItems (tsserver.js:122260:37)
    at IOSession.Session.getSignatureHelpItems (tsserver.js:131218:62)
    at Session.handlers.ts.createMapFromTemplate._a.(anonymous function) (tsserver.js:130118:61)
    at tsserver.js:131665:88
    at IOSession.Session.executeWithRequestId (tsserver.js:131656:28)
    at IOSession.Session.executeCommand (tsserver.js:131665:33)
    at IOSession.Session.onMessage (tsserver.js:131687:35)
    at Interface.<anonymous> (tsserver.js:132978:27)
    at Interface.emit (events.js:182:13)
    at Interface._onLine (readline.js:290:10)
    at Interface._normalWrite (readline.js:433:12)
    at Socket.ondata (readline.js:149:10)
    at Socket.emit (events.js:182:13)
    at addChunk (_stream_readable.js:283:12)
    at readableAddChunk (_stream_readable.js:264:11)
    at Socket.Readable.push (_stream_readable.js:219:10)
    at Pipe.onStreamRead [as onread] (internal/stream_base_commons.js:94:17)
	at Function.create (/usr/share/code/resources/app/extensions/typescript-language-features/dist/extension.js:53:63436)
	at h.dispatchResponse (/usr/share/code/resources/app/extensions/typescript-language-features/dist/extension.js:53:56618)
	at h.dispatchMessage (/usr/share/code/resources/app/extensions/typescript-language-features/dist/extension.js:53:55516)
	at constructor._reader.onData.e (/usr/share/code/resources/app/extensions/typescript-language-features/dist/extension.js:53:54992)
	at u.fire (/usr/share/code/resources/app/out/vs/workbench/services/extensions/node/extensionHostProcess.js:48:468)
	at t.Reader.onLengthData (/usr/share/code/resources/app/extensions/typescript-language-features/dist/extension.js:53:61656)
	at Socket.t.Reader.constructor.e.on.e (/usr/share/code/resources/app/extensions/typescript-language-features/dist/extension.js:53:61304)
	at Socket.emit (events.js:182:13)
	at addChunk (_stream_readable.js:283:12)
	at readableAddChunk (_stream_readable.js:264:11)
	at Socket.Readable.push (_stream_readable.js:219:10)
	at Pipe.onStreamRead [as onread] (internal/stream_base_commons.js:94:17)
[2020-07-26 18:25:40.585] [exthost] [error] [vscode.typescript-language-features] provider FAILED
[2020-07-26 18:25:40.585] [exthost] [error] Error: <main> TypeScript Server Error (3.5.2)
Cannot read property 'emitNode' of undefined
TypeError: Cannot read property 'emitNode' of undefined
    at Object.getCommentRange (tsserver.js:64119:29)
    at emitNodeList (tsserver.js:87243:51)
    at emitList (tsserver.js:87122:13)
    at Object.writeList (tsserver.js:84565:13)
    at tsserver.js:108005:29
    at Object.mapToDisplayParts (tsserver.js:97541:13)
    at itemInfoForParameters (tsserver.js:108002:41)
    at getSignatureHelpItem (tsserver.js:107968:95)
    at tsserver.js:107941:79
    at Array.map (<anonymous>)
    at createSignatureHelpItems (tsserver.js:107941:36)
    at tsserver.js:107533:23
    at Object.runWithCancellationToken (tsserver.js:31649:28)
    at Object.getSignatureHelpItems (tsserver.js:107531:32)
    at Object.getSignatureHelpItems (tsserver.js:122260:37)
    at IOSession.Session.getSignatureHelpItems (tsserver.js:131218:62)
    at Session.handlers.ts.createMapFromTemplate._a.(anonymous function) (tsserver.js:130118:61)
    at tsserver.js:131665:88
    at IOSession.Session.executeWithRequestId (tsserver.js:131656:28)
    at IOSession.Session.executeCommand (tsserver.js:131665:33)
    at IOSession.Session.onMessage (tsserver.js:131687:35)
    at Interface.<anonymous> (tsserver.js:132978:27)
    at Interface.emit (events.js:182:13)
    at Interface._onLine (readline.js:290:10)
    at Interface._normalWrite (readline.js:433:12)
    at Socket.ondata (readline.js:149:10)
    at Socket.emit (events.js:182:13)
    at addChunk (_stream_readable.js:283:12)
    at readableAddChunk (_stream_readable.js:264:11)
    at Socket.Readable.push (_stream_readable.js:219:10)
    at Pipe.onStreamRead [as onread] (internal/stream_base_commons.js:94:17)
	at Function.create (/usr/share/code/resources/app/extensions/typescript-language-features/dist/extension.js:53:63436)
	at h.dispatchResponse (/usr/share/code/resources/app/extensions/typescript-language-features/dist/extension.js:53:56618)
	at h.dispatchMessage (/usr/share/code/resources/app/extensions/typescript-language-features/dist/extension.js:53:55516)
	at constructor._reader.onData.e (/usr/share/code/resources/app/extensions/typescript-language-features/dist/extension.js:53:54992)
	at u.fire (/usr/share/code/resources/app/out/vs/workbench/services/extensions/node/extensionHostProcess.js:48:468)
	at t.Reader.onLengthData (/usr/share/code/resources/app/extensions/typescript-language-features/dist/extension.js:53:61656)
	at Socket.t.Reader.constructor.e.on.e (/usr/share/code/resources/app/extensions/typescript-language-features/dist/extension.js:53:61304)
	at Socket.emit (events.js:182:13)
	at addChunk (_stream_readable.js:283:12)
	at readableAddChunk (_stream_readable.js:264:11)
	at Socket.Readable.push (_stream_readable.js:219:10)
	at Pipe.onStreamRead [as onread] (internal/stream_base_commons.js:94:17)
[2020-07-26 18:25:41.958] [exthost] [error] [vscode.typescript-language-features] provider FAILED
[2020-07-26 18:25:41.958] [exthost] [error] Error: <main> TypeScript Server Error (3.5.2)
Cannot read property 'emitNode' of undefined
TypeError: Cannot read property 'emitNode' of undefined
    at Object.getCommentRange (tsserver.js:64119:29)
    at emitNodeList (tsserver.js:87243:51)
    at emitList (tsserver.js:87122:13)
    at Object.writeList (tsserver.js:84565:13)
    at tsserver.js:108005:29
    at Object.mapToDisplayParts (tsserver.js:97541:13)
    at itemInfoForParameters (tsserver.js:108002:41)
    at getSignatureHelpItem (tsserver.js:107968:95)
    at tsserver.js:107941:79
    at Array.map (<anonymous>)
    at createSignatureHelpItems (tsserver.js:107941:36)
    at tsserver.js:107533:23
    at Object.runWithCancellationToken (tsserver.js:31649:28)
    at Object.getSignatureHelpItems (tsserver.js:107531:32)
    at Object.getSignatureHelpItems (tsserver.js:122260:37)
    at IOSession.Session.getSignatureHelpItems (tsserver.js:131218:62)
    at Session.handlers.ts.createMapFromTemplate._a.(anonymous function) (tsserver.js:130118:61)
    at tsserver.js:131665:88
    at IOSession.Session.executeWithRequestId (tsserver.js:131656:28)
    at IOSession.Session.executeCommand (tsserver.js:131665:33)
    at IOSession.Session.onMessage (tsserver.js:131687:35)
    at Interface.<anonymous> (tsserver.js:132978:27)
    at Interface.emit (events.js:182:13)
    at Interface._onLine (readline.js:290:10)
    at Interface._normalWrite (readline.js:433:12)
    at Socket.ondata (readline.js:149:10)
    at Socket.emit (events.js:182:13)
    at addChunk (_stream_readable.js:283:12)
    at readableAddChunk (_stream_readable.js:264:11)
    at Socket.Readable.push (_stream_readable.js:219:10)
    at Pipe.onStreamRead [as onread] (internal/stream_base_commons.js:94:17)
	at Function.create (/usr/share/code/resources/app/extensions/typescript-language-features/dist/extension.js:53:63436)
	at h.dispatchResponse (/usr/share/code/resources/app/extensions/typescript-language-features/dist/extension.js:53:56618)
	at h.dispatchMessage (/usr/share/code/resources/app/extensions/typescript-language-features/dist/extension.js:53:55516)
	at constructor._reader.onData.e (/usr/share/code/resources/app/extensions/typescript-language-features/dist/extension.js:53:54992)
	at u.fire (/usr/share/code/resources/app/out/vs/workbench/services/extensions/node/extensionHostProcess.js:48:468)
	at t.Reader.onLengthData (/usr/share/code/resources/app/extensions/typescript-language-features/dist/extension.js:53:61656)
	at Socket.t.Reader.constructor.e.on.e (/usr/share/code/resources/app/extensions/typescript-language-features/dist/extension.js:53:61304)
	at Socket.emit (events.js:182:13)
	at addChunk (_stream_readable.js:283:12)
	at readableAddChunk (_stream_readable.js:264:11)
	at Socket.Readable.push (_stream_readable.js:219:10)
	at Pipe.onStreamRead [as onread] (internal/stream_base_commons.js:94:17)
[2020-07-26 18:25:50.547] [exthost] [error] [vscode.typescript-language-features] provider FAILED
[2020-07-26 18:25:50.547] [exthost] [error] Error: <main> TypeScript Server Error (3.5.2)
Cannot read property 'emitNode' of undefined
TypeError: Cannot read property 'emitNode' of undefined
    at Object.getCommentRange (tsserver.js:64119:29)
    at emitNodeList (tsserver.js:87243:51)
    at emitList (tsserver.js:87122:13)
    at Object.writeList (tsserver.js:84565:13)
    at tsserver.js:108005:29
    at Object.mapToDisplayParts (tsserver.js:97541:13)
    at itemInfoForParameters (tsserver.js:108002:41)
    at getSignatureHelpItem (tsserver.js:107968:95)
    at tsserver.js:107941:79
    at Array.map (<anonymous>)
    at createSignatureHelpItems (tsserver.js:107941:36)
    at tsserver.js:107533:23
    at Object.runWithCancellationToken (tsserver.js:31649:28)
    at Object.getSignatureHelpItems (tsserver.js:107531:32)
    at Object.getSignatureHelpItems (tsserver.js:122260:37)
    at IOSession.Session.getSignatureHelpItems (tsserver.js:131218:62)
    at Session.handlers.ts.createMapFromTemplate._a.(anonymous function) (tsserver.js:130118:61)
    at tsserver.js:131665:88
    at IOSession.Session.executeWithRequestId (tsserver.js:131656:28)
    at IOSession.Session.executeCommand (tsserver.js:131665:33)
    at IOSession.Session.onMessage (tsserver.js:131687:35)
    at Interface.<anonymous> (tsserver.js:132978:27)
    at Interface.emit (events.js:182:13)
    at Interface._onLine (readline.js:290:10)
    at Interface._normalWrite (readline.js:433:12)
    at Socket.ondata (readline.js:149:10)
    at Socket.emit (events.js:182:13)
    at addChunk (_stream_readable.js:283:12)
    at readableAddChunk (_stream_readable.js:264:11)
    at Socket.Readable.push (_stream_readable.js:219:10)
    at Pipe.onStreamRead [as onread] (internal/stream_base_commons.js:94:17)
	at Function.create (/usr/share/code/resources/app/extensions/typescript-language-features/dist/extension.js:53:63436)
	at h.dispatchResponse (/usr/share/code/resources/app/extensions/typescript-language-features/dist/extension.js:53:56618)
	at h.dispatchMessage (/usr/share/code/resources/app/extensions/typescript-language-features/dist/extension.js:53:55516)
	at constructor._reader.onData.e (/usr/share/code/resources/app/extensions/typescript-language-features/dist/extension.js:53:54992)
	at u.fire (/usr/share/code/resources/app/out/vs/workbench/services/extensions/node/extensionHostProcess.js:48:468)
	at t.Reader.onLengthData (/usr/share/code/resources/app/extensions/typescript-language-features/dist/extension.js:53:61656)
	at Socket.t.Reader.constructor.e.on.e (/usr/share/code/resources/app/extensions/typescript-language-features/dist/extension.js:53:61304)
	at Socket.emit (events.js:182:13)
	at addChunk (_stream_readable.js:283:12)
	at readableAddChunk (_stream_readable.js:264:11)
	at Socket.Readable.push (_stream_readable.js:219:10)
	at Pipe.onStreamRead [as onread] (internal/stream_base_commons.js:94:17)
[2020-07-26 18:26:24.840] [exthost] [error] [vscode.typescript-language-features] provider FAILED
[2020-07-26 18:26:24.840] [exthost] [error] Error: <main> TypeScript Server Error (3.5.2)
Cannot read property 'emitNode' of undefined
TypeError: Cannot read property 'emitNode' of undefined
    at Object.getCommentRange (tsserver.js:64119:29)
    at emitNodeList (tsserver.js:87243:51)
    at emitList (tsserver.js:87122:13)
    at Object.writeList (tsserver.js:84565:13)
    at tsserver.js:108005:29
    at Object.mapToDisplayParts (tsserver.js:97541:13)
    at itemInfoForParameters (tsserver.js:108002:41)
    at getSignatureHelpItem (tsserver.js:107968:95)
    at tsserver.js:107941:79
    at Array.map (<anonymous>)
    at createSignatureHelpItems (tsserver.js:107941:36)
    at tsserver.js:107533:23
    at Object.runWithCancellationToken (tsserver.js:31649:28)
    at Object.getSignatureHelpItems (tsserver.js:107531:32)
    at Object.getSignatureHelpItems (tsserver.js:122260:37)
    at IOSession.Session.getSignatureHelpItems (tsserver.js:131218:62)
    at Session.handlers.ts.createMapFromTemplate._a.(anonymous function) (tsserver.js:130118:61)
    at tsserver.js:131665:88
    at IOSession.Session.executeWithRequestId (tsserver.js:131656:28)
    at IOSession.Session.executeCommand (tsserver.js:131665:33)
    at IOSession.Session.onMessage (tsserver.js:131687:35)
    at Interface.<anonymous> (tsserver.js:132978:27)
    at Interface.emit (events.js:182:13)
    at Interface._onLine (readline.js:290:10)
    at Interface._normalWrite (readline.js:433:12)
    at Socket.ondata (readline.js:149:10)
    at Socket.emit (events.js:182:13)
    at addChunk (_stream_readable.js:283:12)
    at readableAddChunk (_stream_readable.js:264:11)
    at Socket.Readable.push (_stream_readable.js:219:10)
    at Pipe.onStreamRead [as onread] (internal/stream_base_commons.js:94:17)
	at Function.create (/usr/share/code/resources/app/extensions/typescript-language-features/dist/extension.js:53:63436)
	at h.dispatchResponse (/usr/share/code/resources/app/extensions/typescript-language-features/dist/extension.js:53:56618)
	at h.dispatchMessage (/usr/share/code/resources/app/extensions/typescript-language-features/dist/extension.js:53:55516)
	at constructor._reader.onData.e (/usr/share/code/resources/app/extensions/typescript-language-features/dist/extension.js:53:54992)
	at u.fire (/usr/share/code/resources/app/out/vs/workbench/services/extensions/node/extensionHostProcess.js:48:468)
	at t.Reader.onLengthData (/usr/share/code/resources/app/extensions/typescript-language-features/dist/extension.js:53:61656)
	at Socket.t.Reader.constructor.e.on.e (/usr/share/code/resources/app/extensions/typescript-language-features/dist/extension.js:53:61304)
	at Socket.emit (events.js:182:13)
	at addChunk (_stream_readable.js:283:12)
	at readableAddChunk (_stream_readable.js:264:11)
	at Socket.Readable.push (_stream_readable.js:219:10)
	at Pipe.onStreamRead [as onread] (internal/stream_base_commons.js:94:17)
